[0.061s] DEBUG:colcon:Command line arguments: ['/usr/bin/colcon', 'build', '--packages-select', 'robot_controller']
[0.061s] DEBUG:colcon:Parsed command line arguments: Namespace(log_base=None, log_level=None, verb_name='build', build_base='build', install_base='install', merge_install=False, symlink_install=False, test_result_base=None, continue_on_error=False, executor='parallel', parallel_workers=16, event_handlers=None, ignore_user_meta=False, metas=['./colcon.meta'], base_paths=['.'], packages_ignore=None, packages_ignore_regex=None, paths=None, packages_up_to=None, packages_up_to_regex=None, packages_above=None, packages_above_and_dependencies=None, packages_above_depth=None, packages_select_by_dep=None, packages_skip_by_dep=None, packages_skip_up_to=None, packages_select_build_failed=False, packages_skip_build_finished=False, packages_select_test_failures=False, packages_skip_test_passed=False, packages_select=['robot_controller'], packages_skip=None, packages_select_regex=None, packages_skip_regex=None, packages_start=None, packages_end=None, allow_overriding=[], cmake_args=None, cmake_target=None, cmake_target_skip_unavailable=False, cmake_clean_cache=False, cmake_clean_first=False, cmake_force_configure=False, ament_cmake_args=None, catkin_cmake_args=None, catkin_skip_building_tests=False, verb_parser=<colcon_defaults.argument_parser.defaults.DefaultArgumentsDecorator object at 0x764adb839210>, verb_extension=<colcon_core.verb.build.BuildVerb object at 0x764adb838c10>, main=<bound method BuildVerb.main of <colcon_core.verb.build.BuildVerb object at 0x764adb838c10>>)
[0.149s] Level 1:colcon.colcon_core.package_discovery:discover_packages(colcon_meta) check parameters
[0.150s] Level 1:colcon.colcon_core.package_discovery:discover_packages(recursive) check parameters
[0.150s] Level 1:colcon.colcon_core.package_discovery:discover_packages(ignore) check parameters
[0.150s] Level 1:colcon.colcon_core.package_discovery:discover_packages(path) check parameters
[0.150s] Level 1:colcon.colcon_core.package_discovery:discover_packages(colcon_meta) discover
[0.150s] Level 1:colcon.colcon_core.package_discovery:discover_packages(recursive) discover
[0.150s] INFO:colcon.colcon_core.package_discovery:Crawling recursively for packages in '/home/charbel/mpo500_ws'
[0.150s] Level 1:colcon.colcon_core.package_identification:_identify(.) by extensions ['ignore', 'ignore_ament_install']
[0.150s] Level 1:colcon.colcon_core.package_identification:_identify(.) by extension 'ignore'
[0.150s] Level 1:colcon.colcon_core.package_identification:_identify(.) by extension 'ignore_ament_install'
[0.150s] Level 1:colcon.colcon_core.package_identification:_identify(.) by extensions ['colcon_pkg']
[0.150s] Level 1:colcon.colcon_core.package_identification:_identify(.) by extension 'colcon_pkg'
[0.150s] Level 1:colcon.colcon_core.package_identification:_identify(.) by extensions ['colcon_meta']
[0.150s] Level 1:colcon.colcon_core.package_identification:_identify(.) by extension 'colcon_meta'
[0.150s] Level 1:colcon.colcon_core.package_identification:_identify(.) by extensions ['ros']
[0.150s] Level 1:colcon.colcon_core.package_identification:_identify(.) by extension 'ros'
[0.157s] Level 1:colcon.colcon_core.package_identification:_identify(.) by extensions ['cmake', 'python']
[0.157s] Level 1:colcon.colcon_core.package_identification:_identify(.) by extension 'cmake'
[0.157s] Level 1:colcon.colcon_core.package_identification:_identify(.) by extension 'python'
[0.157s] Level 1:colcon.colcon_core.package_identification:_identify(.) by extensions ['python_setup_py']
[0.157s] Level 1:colcon.colcon_core.package_identification:_identify(.) by extension 'python_setup_py'
[0.157s] Level 1:colcon.colcon_core.package_identification:_identify(build) by extensions ['ignore', 'ignore_ament_install']
[0.157s] Level 1:colcon.colcon_core.package_identification:_identify(build) by extension 'ignore'
[0.157s] Level 1:colcon.colcon_core.package_identification:_identify(build) ignored
[0.158s] Level 1:colcon.colcon_core.package_identification:_identify(install) by extensions ['ignore', 'ignore_ament_install']
[0.158s] Level 1:colcon.colcon_core.package_identification:_identify(install) by extension 'ignore'
[0.158s] Level 1:colcon.colcon_core.package_identification:_identify(install) ignored
[0.158s] Level 1:colcon.colcon_core.package_identification:_identify(log) by extensions ['ignore', 'ignore_ament_install']
[0.158s] Level 1:colcon.colcon_core.package_identification:_identify(log) by extension 'ignore'
[0.158s] Level 1:colcon.colcon_core.package_identification:_identify(log) ignored
[0.158s] Level 1:colcon.colcon_core.package_identification:_identify(src) by extensions ['ignore', 'ignore_ament_install']
[0.158s] Level 1:colcon.colcon_core.package_identification:_identify(src) by extension 'ignore'
[0.158s] Level 1:colcon.colcon_core.package_identification:_identify(src) by extension 'ignore_ament_install'
[0.158s] Level 1:colcon.colcon_core.package_identification:_identify(src) by extensions ['colcon_pkg']
[0.158s] Level 1:colcon.colcon_core.package_identification:_identify(src) by extension 'colcon_pkg'
[0.158s] Level 1:colcon.colcon_core.package_identification:_identify(src) by extensions ['colcon_meta']
[0.158s] Level 1:colcon.colcon_core.package_identification:_identify(src) by extension 'colcon_meta'
[0.158s] Level 1:colcon.colcon_core.package_identification:_identify(src) by extensions ['ros']
[0.158s] Level 1:colcon.colcon_core.package_identification:_identify(src) by extension 'ros'
[0.158s] Level 1:colcon.colcon_core.package_identification:_identify(src) by extensions ['cmake', 'python']
[0.158s] Level 1:colcon.colcon_core.package_identification:_identify(src) by extension 'cmake'
[0.158s] Level 1:colcon.colcon_core.package_identification:_identify(src) by extension 'python'
[0.158s] Level 1:colcon.colcon_core.package_identification:_identify(src) by extensions ['python_setup_py']
[0.158s] Level 1:colcon.colcon_core.package_identification:_identify(src) by extension 'python_setup_py'
[0.158s] Level 1:colcon.colcon_core.package_identification:_identify(src/build) by extensions ['ignore', 'ignore_ament_install']
[0.158s] Level 1:colcon.colcon_core.package_identification:_identify(src/build) by extension 'ignore'
[0.158s] Level 1:colcon.colcon_core.package_identification:_identify(src/build) ignored
[0.158s] Level 1:colcon.colcon_core.package_identification:_identify(src/install) by extensions ['ignore', 'ignore_ament_install']
[0.158s] Level 1:colcon.colcon_core.package_identification:_identify(src/install) by extension 'ignore'
[0.158s] Level 1:colcon.colcon_core.package_identification:_identify(src/install) ignored
[0.158s] Level 1:colcon.colcon_core.package_identification:_identify(src/log) by extensions ['ignore', 'ignore_ament_install']
[0.158s] Level 1:colcon.colcon_core.package_identification:_identify(src/log) by extension 'ignore'
[0.158s] Level 1:colcon.colcon_core.package_identification:_identify(src/log) ignored
[0.158s] Level 1:colcon.colcon_core.package_identification:_identify(src/neo_common2) by extensions ['ignore', 'ignore_ament_install']
[0.158s] Level 1:colcon.colcon_core.package_identification:_identify(src/neo_common2) by extension 'ignore'
[0.159s] Level 1:colcon.colcon_core.package_identification:_identify(src/neo_common2) by extension 'ignore_ament_install'
[0.159s] Level 1:colcon.colcon_core.package_identification:_identify(src/neo_common2) by extensions ['colcon_pkg']
[0.159s] Level 1:colcon.colcon_core.package_identification:_identify(src/neo_common2) by extension 'colcon_pkg'
[0.159s] Level 1:colcon.colcon_core.package_identification:_identify(src/neo_common2) by extensions ['colcon_meta']
[0.159s] Level 1:colcon.colcon_core.package_identification:_identify(src/neo_common2) by extension 'colcon_meta'
[0.159s] Level 1:colcon.colcon_core.package_identification:_identify(src/neo_common2) by extensions ['ros']
[0.159s] Level 1:colcon.colcon_core.package_identification:_identify(src/neo_common2) by extension 'ros'
[0.160s] DEBUG:colcon.colcon_core.package_identification:Package 'src/neo_common2' with type 'ros.ament_cmake' and name 'neo_common2'
[0.160s] Level 1:colcon.colcon_core.package_identification:_identify(src/neo_kinematics_mecanum2) by extensions ['ignore', 'ignore_ament_install']
[0.160s] Level 1:colcon.colcon_core.package_identification:_identify(src/neo_kinematics_mecanum2) by extension 'ignore'
[0.160s] Level 1:colcon.colcon_core.package_identification:_identify(src/neo_kinematics_mecanum2) by extension 'ignore_ament_install'
[0.160s] Level 1:colcon.colcon_core.package_identification:_identify(src/neo_kinematics_mecanum2) by extensions ['colcon_pkg']
[0.160s] Level 1:colcon.colcon_core.package_identification:_identify(src/neo_kinematics_mecanum2) by extension 'colcon_pkg'
[0.160s] Level 1:colcon.colcon_core.package_identification:_identify(src/neo_kinematics_mecanum2) by extensions ['colcon_meta']
[0.160s] Level 1:colcon.colcon_core.package_identification:_identify(src/neo_kinematics_mecanum2) by extension 'colcon_meta'
[0.160s] Level 1:colcon.colcon_core.package_identification:_identify(src/neo_kinematics_mecanum2) by extensions ['ros']
[0.160s] Level 1:colcon.colcon_core.package_identification:_identify(src/neo_kinematics_mecanum2) by extension 'ros'
[0.161s] DEBUG:colcon.colcon_core.package_identification:Package 'src/neo_kinematics_mecanum2' with type 'ros.ament_cmake' and name 'neo_kinematics_mecanum2'
[0.161s] Level 1:colcon.colcon_core.package_identification:_identify(src/neo_mpo_500-2) by extensions ['ignore', 'ignore_ament_install']
[0.161s] Level 1:colcon.colcon_core.package_identification:_identify(src/neo_mpo_500-2) by extension 'ignore'
[0.161s] Level 1:colcon.colcon_core.package_identification:_identify(src/neo_mpo_500-2) by extension 'ignore_ament_install'
[0.161s] Level 1:colcon.colcon_core.package_identification:_identify(src/neo_mpo_500-2) by extensions ['colcon_pkg']
[0.161s] Level 1:colcon.colcon_core.package_identification:_identify(src/neo_mpo_500-2) by extension 'colcon_pkg'
[0.161s] Level 1:colcon.colcon_core.package_identification:_identify(src/neo_mpo_500-2) by extensions ['colcon_meta']
[0.161s] Level 1:colcon.colcon_core.package_identification:_identify(src/neo_mpo_500-2) by extension 'colcon_meta'
[0.161s] Level 1:colcon.colcon_core.package_identification:_identify(src/neo_mpo_500-2) by extensions ['ros']
[0.161s] Level 1:colcon.colcon_core.package_identification:_identify(src/neo_mpo_500-2) by extension 'ros'
[0.162s] DEBUG:colcon.colcon_core.package_identification:Package 'src/neo_mpo_500-2' with type 'ros.ament_cmake' and name 'neo_mpo_500-2'
[0.162s] Level 1:colcon.colcon_core.package_identification:_identify(src/neo_msgs2) by extensions ['ignore', 'ignore_ament_install']
[0.162s] Level 1:colcon.colcon_core.package_identification:_identify(src/neo_msgs2) by extension 'ignore'
[0.162s] Level 1:colcon.colcon_core.package_identification:_identify(src/neo_msgs2) by extension 'ignore_ament_install'
[0.162s] Level 1:colcon.colcon_core.package_identification:_identify(src/neo_msgs2) by extensions ['colcon_pkg']
[0.162s] Level 1:colcon.colcon_core.package_identification:_identify(src/neo_msgs2) by extension 'colcon_pkg'
[0.162s] Level 1:colcon.colcon_core.package_identification:_identify(src/neo_msgs2) by extensions ['colcon_meta']
[0.162s] Level 1:colcon.colcon_core.package_identification:_identify(src/neo_msgs2) by extension 'colcon_meta'
[0.162s] Level 1:colcon.colcon_core.package_identification:_identify(src/neo_msgs2) by extensions ['ros']
[0.162s] Level 1:colcon.colcon_core.package_identification:_identify(src/neo_msgs2) by extension 'ros'
[0.162s] DEBUG:colcon.colcon_core.package_identification:Package 'src/neo_msgs2' with type 'ros.ament_cmake' and name 'neo_msgs2'
[0.162s] Level 1:colcon.colcon_core.package_identification:_identify(src/neo_nav2_bringup) by extensions ['ignore', 'ignore_ament_install']
[0.162s] Level 1:colcon.colcon_core.package_identification:_identify(src/neo_nav2_bringup) by extension 'ignore'
[0.162s] Level 1:colcon.colcon_core.package_identification:_identify(src/neo_nav2_bringup) by extension 'ignore_ament_install'
[0.162s] Level 1:colcon.colcon_core.package_identification:_identify(src/neo_nav2_bringup) by extensions ['colcon_pkg']
[0.162s] Level 1:colcon.colcon_core.package_identification:_identify(src/neo_nav2_bringup) by extension 'colcon_pkg'
[0.162s] Level 1:colcon.colcon_core.package_identification:_identify(src/neo_nav2_bringup) by extensions ['colcon_meta']
[0.162s] Level 1:colcon.colcon_core.package_identification:_identify(src/neo_nav2_bringup) by extension 'colcon_meta'
[0.162s] Level 1:colcon.colcon_core.package_identification:_identify(src/neo_nav2_bringup) by extensions ['ros']
[0.162s] Level 1:colcon.colcon_core.package_identification:_identify(src/neo_nav2_bringup) by extension 'ros'
[0.163s] DEBUG:colcon.colcon_core.package_identification:Package 'src/neo_nav2_bringup' with type 'ros.ament_cmake' and name 'neo_nav2_bringup'
[0.163s] Level 1:colcon.colcon_core.package_identification:_identify(src/neo_relayboard_v2-2) by extensions ['ignore', 'ignore_ament_install']
[0.163s] Level 1:colcon.colcon_core.package_identification:_identify(src/neo_relayboard_v2-2) by extension 'ignore'
[0.163s] Level 1:colcon.colcon_core.package_identification:_identify(src/neo_relayboard_v2-2) by extension 'ignore_ament_install'
[0.163s] Level 1:colcon.colcon_core.package_identification:_identify(src/neo_relayboard_v2-2) by extensions ['colcon_pkg']
[0.163s] Level 1:colcon.colcon_core.package_identification:_identify(src/neo_relayboard_v2-2) by extension 'colcon_pkg'
[0.163s] Level 1:colcon.colcon_core.package_identification:_identify(src/neo_relayboard_v2-2) by extensions ['colcon_meta']
[0.163s] Level 1:colcon.colcon_core.package_identification:_identify(src/neo_relayboard_v2-2) by extension 'colcon_meta'
[0.163s] Level 1:colcon.colcon_core.package_identification:_identify(src/neo_relayboard_v2-2) by extensions ['ros']
[0.163s] Level 1:colcon.colcon_core.package_identification:_identify(src/neo_relayboard_v2-2) by extension 'ros'
[0.164s] DEBUG:colcon.colcon_core.package_identification:Package 'src/neo_relayboard_v2-2' with type 'ros.ament_cmake' and name 'neo_relayboard_v2-2'
[0.164s] Level 1:colcon.colcon_core.package_identification:_identify(src/neo_simulation2) by extensions ['ignore', 'ignore_ament_install']
[0.164s] Level 1:colcon.colcon_core.package_identification:_identify(src/neo_simulation2) by extension 'ignore'
[0.164s] Level 1:colcon.colcon_core.package_identification:_identify(src/neo_simulation2) by extension 'ignore_ament_install'
[0.164s] Level 1:colcon.colcon_core.package_identification:_identify(src/neo_simulation2) by extensions ['colcon_pkg']
[0.164s] Level 1:colcon.colcon_core.package_identification:_identify(src/neo_simulation2) by extension 'colcon_pkg'
[0.164s] Level 1:colcon.colcon_core.package_identification:_identify(src/neo_simulation2) by extensions ['colcon_meta']
[0.164s] Level 1:colcon.colcon_core.package_identification:_identify(src/neo_simulation2) by extension 'colcon_meta'
[0.164s] Level 1:colcon.colcon_core.package_identification:_identify(src/neo_simulation2) by extensions ['ros']
[0.164s] Level 1:colcon.colcon_core.package_identification:_identify(src/neo_simulation2) by extension 'ros'
[0.164s] DEBUG:colcon.colcon_core.package_identification:Package 'src/neo_simulation2' with type 'ros.ament_cmake' and name 'neo_simulation2'
[0.164s] Level 1:colcon.colcon_core.package_identification:_identify(src/neo_srvs2) by extensions ['ignore', 'ignore_ament_install']
[0.164s] Level 1:colcon.colcon_core.package_identification:_identify(src/neo_srvs2) by extension 'ignore'
[0.164s] Level 1:colcon.colcon_core.package_identification:_identify(src/neo_srvs2) by extension 'ignore_ament_install'
[0.164s] Level 1:colcon.colcon_core.package_identification:_identify(src/neo_srvs2) by extensions ['colcon_pkg']
[0.164s] Level 1:colcon.colcon_core.package_identification:_identify(src/neo_srvs2) by extension 'colcon_pkg'
[0.164s] Level 1:colcon.colcon_core.package_identification:_identify(src/neo_srvs2) by extensions ['colcon_meta']
[0.165s] Level 1:colcon.colcon_core.package_identification:_identify(src/neo_srvs2) by extension 'colcon_meta'
[0.165s] Level 1:colcon.colcon_core.package_identification:_identify(src/neo_srvs2) by extensions ['ros']
[0.165s] Level 1:colcon.colcon_core.package_identification:_identify(src/neo_srvs2) by extension 'ros'
[0.165s] DEBUG:colcon.colcon_core.package_identification:Package 'src/neo_srvs2' with type 'ros.ament_cmake' and name 'neo_srvs2'
[0.165s] Level 1:colcon.colcon_core.package_identification:_identify(src/neo_teleop2) by extensions ['ignore', 'ignore_ament_install']
[0.165s] Level 1:colcon.colcon_core.package_identification:_identify(src/neo_teleop2) by extension 'ignore'
[0.165s] Level 1:colcon.colcon_core.package_identification:_identify(src/neo_teleop2) by extension 'ignore_ament_install'
[0.165s] Level 1:colcon.colcon_core.package_identification:_identify(src/neo_teleop2) by extensions ['colcon_pkg']
[0.165s] Level 1:colcon.colcon_core.package_identification:_identify(src/neo_teleop2) by extension 'colcon_pkg'
[0.165s] Level 1:colcon.colcon_core.package_identification:_identify(src/neo_teleop2) by extensions ['colcon_meta']
[0.165s] Level 1:colcon.colcon_core.package_identification:_identify(src/neo_teleop2) by extension 'colcon_meta'
[0.165s] Level 1:colcon.colcon_core.package_identification:_identify(src/neo_teleop2) by extensions ['ros']
[0.165s] Level 1:colcon.colcon_core.package_identification:_identify(src/neo_teleop2) by extension 'ros'
[0.166s] DEBUG:colcon.colcon_core.package_identification:Package 'src/neo_teleop2' with type 'ros.ament_cmake' and name 'neo_teleop2'
[0.166s] Level 1:colcon.colcon_core.package_identification:_identify(src/robot_controller) by extensions ['ignore', 'ignore_ament_install']
[0.166s] Level 1:colcon.colcon_core.package_identification:_identify(src/robot_controller) by extension 'ignore'
[0.166s] Level 1:colcon.colcon_core.package_identification:_identify(src/robot_controller) by extension 'ignore_ament_install'
[0.166s] Level 1:colcon.colcon_core.package_identification:_identify(src/robot_controller) by extensions ['colcon_pkg']
[0.166s] Level 1:colcon.colcon_core.package_identification:_identify(src/robot_controller) by extension 'colcon_pkg'
[0.166s] Level 1:colcon.colcon_core.package_identification:_identify(src/robot_controller) by extensions ['colcon_meta']
[0.166s] Level 1:colcon.colcon_core.package_identification:_identify(src/robot_controller) by extension 'colcon_meta'
[0.166s] Level 1:colcon.colcon_core.package_identification:_identify(src/robot_controller) by extensions ['ros']
[0.166s] Level 1:colcon.colcon_core.package_identification:_identify(src/robot_controller) by extension 'ros'
[0.166s] DEBUG:colcon.colcon_core.package_identification:Package 'src/robot_controller' with type 'ros.ament_cmake' and name 'robot_controller'
[0.166s] Level 1:colcon.colcon_core.package_identification:_identify(src/topic_publisher) by extensions ['ignore', 'ignore_ament_install']
[0.166s] Level 1:colcon.colcon_core.package_identification:_identify(src/topic_publisher) by extension 'ignore'
[0.166s] Level 1:colcon.colcon_core.package_identification:_identify(src/topic_publisher) by extension 'ignore_ament_install'
[0.166s] Level 1:colcon.colcon_core.package_identification:_identify(src/topic_publisher) by extensions ['colcon_pkg']
[0.166s] Level 1:colcon.colcon_core.package_identification:_identify(src/topic_publisher) by extension 'colcon_pkg'
[0.166s] Level 1:colcon.colcon_core.package_identification:_identify(src/topic_publisher) by extensions ['colcon_meta']
[0.166s] Level 1:colcon.colcon_core.package_identification:_identify(src/topic_publisher) by extension 'colcon_meta'
[0.166s] Level 1:colcon.colcon_core.package_identification:_identify(src/topic_publisher) by extensions ['ros']
[0.166s] Level 1:colcon.colcon_core.package_identification:_identify(src/topic_publisher) by extension 'ros'
[0.167s] DEBUG:colcon.colcon_core.package_identification:Package 'src/topic_publisher' with type 'ros.ament_cmake' and name 'topic_publisher'
[0.167s] Level 1:colcon.colcon_core.package_identification:_identify(src/topic_subscriber) by extensions ['ignore', 'ignore_ament_install']
[0.167s] Level 1:colcon.colcon_core.package_identification:_identify(src/topic_subscriber) by extension 'ignore'
[0.167s] Level 1:colcon.colcon_core.package_identification:_identify(src/topic_subscriber) by extension 'ignore_ament_install'
[0.167s] Level 1:colcon.colcon_core.package_identification:_identify(src/topic_subscriber) by extensions ['colcon_pkg']
[0.167s] Level 1:colcon.colcon_core.package_identification:_identify(src/topic_subscriber) by extension 'colcon_pkg'
[0.167s] Level 1:colcon.colcon_core.package_identification:_identify(src/topic_subscriber) by extensions ['colcon_meta']
[0.167s] Level 1:colcon.colcon_core.package_identification:_identify(src/topic_subscriber) by extension 'colcon_meta'
[0.167s] Level 1:colcon.colcon_core.package_identification:_identify(src/topic_subscriber) by extensions ['ros']
[0.167s] Level 1:colcon.colcon_core.package_identification:_identify(src/topic_subscriber) by extension 'ros'
[0.167s] DEBUG:colcon.colcon_core.package_identification:Package 'src/topic_subscriber' with type 'ros.ament_cmake' and name 'topic_subscriber'
[0.168s] Level 1:colcon.colcon_core.package_discovery:discover_packages(recursive) using defaults
[0.168s] Level 1:colcon.colcon_core.package_discovery:discover_packages(ignore) discover
[0.168s] Level 1:colcon.colcon_core.package_discovery:discover_packages(ignore) using defaults
[0.168s] Level 1:colcon.colcon_core.package_discovery:discover_packages(path) discover
[0.168s] Level 1:colcon.colcon_core.package_discovery:discover_packages(path) using defaults
[0.180s] INFO:colcon.colcon_core.package_selection:Skipping not selected package 'neo_common2' in 'src/neo_common2'
[0.180s] INFO:colcon.colcon_core.package_selection:Skipping not selected package 'neo_kinematics_mecanum2' in 'src/neo_kinematics_mecanum2'
[0.180s] INFO:colcon.colcon_core.package_selection:Skipping not selected package 'neo_msgs2' in 'src/neo_msgs2'
[0.180s] INFO:colcon.colcon_core.package_selection:Skipping not selected package 'neo_nav2_bringup' in 'src/neo_nav2_bringup'
[0.180s] INFO:colcon.colcon_core.package_selection:Skipping not selected package 'neo_teleop2' in 'src/neo_teleop2'
[0.180s] INFO:colcon.colcon_core.package_selection:Skipping not selected package 'topic_publisher' in 'src/topic_publisher'
[0.181s] INFO:colcon.colcon_core.package_selection:Skipping not selected package 'topic_subscriber' in 'src/topic_subscriber'
[0.181s] INFO:colcon.colcon_core.package_selection:Skipping not selected package 'neo_mpo_500-2' in 'src/neo_mpo_500-2'
[0.181s] INFO:colcon.colcon_core.package_selection:Skipping not selected package 'neo_simulation2' in 'src/neo_simulation2'
[0.181s] INFO:colcon.colcon_core.package_selection:Skipping not selected package 'neo_srvs2' in 'src/neo_srvs2'
[0.181s] INFO:colcon.colcon_core.package_selection:Skipping not selected package 'neo_relayboard_v2-2' in 'src/neo_relayboard_v2-2'
[0.181s] Level 1:colcon.colcon_core.package_discovery:discover_packages(prefix_path) check parameters
[0.181s] Level 1:colcon.colcon_core.package_discovery:discover_packages(prefix_path) discover
[0.181s] WARNING:colcon.colcon_ros.prefix_path.ament:The path '/home/charbel/mpo500_ws/install/topic_subscriber' in the environment variable AMENT_PREFIX_PATH doesn't exist
[0.181s] WARNING:colcon.colcon_ros.prefix_path.ament:The path '/home/charbel/mpo500_ws/install/topic_publisher' in the environment variable AMENT_PREFIX_PATH doesn't exist
[0.181s] WARNING:colcon.colcon_ros.prefix_path.ament:The path '/home/charbel/mpo500_ws/install/robot_controller' in the environment variable AMENT_PREFIX_PATH doesn't exist
[0.181s] WARNING:colcon.colcon_ros.prefix_path.ament:The path '/home/charbel/mpo500_ws/install/neo_teleop2' in the environment variable AMENT_PREFIX_PATH doesn't exist
[0.181s] WARNING:colcon.colcon_ros.prefix_path.ament:The path '/home/charbel/mpo500_ws/install/neo_relayboard_v2-2' in the environment variable AMENT_PREFIX_PATH doesn't exist
[0.181s] WARNING:colcon.colcon_ros.prefix_path.ament:The path '/home/charbel/mpo500_ws/install/neo_srvs2' in the environment variable AMENT_PREFIX_PATH doesn't exist
[0.181s] WARNING:colcon.colcon_ros.prefix_path.ament:The path '/home/charbel/mpo500_ws/install/neo_simulation2' in the environment variable AMENT_PREFIX_PATH doesn't exist
[0.181s] WARNING:colcon.colcon_ros.prefix_path.ament:The path '/home/charbel/mpo500_ws/install/neo_mpo_500-2' in the environment variable AMENT_PREFIX_PATH doesn't exist
[0.181s] WARNING:colcon.colcon_ros.prefix_path.ament:The path '/home/charbel/mpo500_ws/install/neo_nav2_bringup' in the environment variable AMENT_PREFIX_PATH doesn't exist
[0.181s] WARNING:colcon.colcon_ros.prefix_path.ament:The path '/home/charbel/mpo500_ws/install/neo_msgs2' in the environment variable AMENT_PREFIX_PATH doesn't exist
[0.181s] WARNING:colcon.colcon_ros.prefix_path.ament:The path '/home/charbel/mpo500_ws/install/neo_kinematics_mecanum2' in the environment variable AMENT_PREFIX_PATH doesn't exist
[0.181s] WARNING:colcon.colcon_ros.prefix_path.ament:The path '/home/charbel/mpo500_ws/install/neo_common2' in the environment variable AMENT_PREFIX_PATH doesn't exist
[0.182s] WARNING:colcon.colcon_ros.prefix_path.catkin:The path '/home/charbel/mpo500_ws/install/topic_subscriber' in the environment variable CMAKE_PREFIX_PATH doesn't exist
[0.182s] WARNING:colcon.colcon_ros.prefix_path.catkin:The path '/home/charbel/mpo500_ws/install/topic_publisher' in the environment variable CMAKE_PREFIX_PATH doesn't exist
[0.182s] WARNING:colcon.colcon_ros.prefix_path.catkin:The path '/home/charbel/mpo500_ws/install/robot_controller' in the environment variable CMAKE_PREFIX_PATH doesn't exist
[0.182s] WARNING:colcon.colcon_ros.prefix_path.catkin:The path '/home/charbel/mpo500_ws/install/neo_teleop2' in the environment variable CMAKE_PREFIX_PATH doesn't exist
[0.182s] WARNING:colcon.colcon_ros.prefix_path.catkin:The path '/home/charbel/mpo500_ws/install/neo_relayboard_v2-2' in the environment variable CMAKE_PREFIX_PATH doesn't exist
[0.182s] WARNING:colcon.colcon_ros.prefix_path.catkin:The path '/home/charbel/mpo500_ws/install/neo_srvs2' in the environment variable CMAKE_PREFIX_PATH doesn't exist
[0.182s] WARNING:colcon.colcon_ros.prefix_path.catkin:The path '/home/charbel/mpo500_ws/install/neo_simulation2' in the environment variable CMAKE_PREFIX_PATH doesn't exist
[0.182s] WARNING:colcon.colcon_ros.prefix_path.catkin:The path '/home/charbel/mpo500_ws/install/neo_mpo_500-2' in the environment variable CMAKE_PREFIX_PATH doesn't exist
[0.182s] WARNING:colcon.colcon_ros.prefix_path.catkin:The path '/home/charbel/mpo500_ws/install/neo_nav2_bringup' in the environment variable CMAKE_PREFIX_PATH doesn't exist
[0.182s] WARNING:colcon.colcon_ros.prefix_path.catkin:The path '/home/charbel/mpo500_ws/install/neo_msgs2' in the environment variable CMAKE_PREFIX_PATH doesn't exist
[0.182s] WARNING:colcon.colcon_ros.prefix_path.catkin:The path '/home/charbel/mpo500_ws/install/neo_kinematics_mecanum2' in the environment variable CMAKE_PREFIX_PATH doesn't exist
[0.182s] WARNING:colcon.colcon_ros.prefix_path.catkin:The path '/home/charbel/mpo500_ws/install/neo_common2' in the environment variable CMAKE_PREFIX_PATH doesn't exist
[0.182s] DEBUG:colcon.colcon_installed_package_information.package_discovery:Found 0 installed packages in /home/charbel/mpo500_ws/install
[0.183s] DEBUG:colcon.colcon_installed_package_information.package_discovery:Found 336 installed packages in /opt/ros/humble
[0.189s] Level 1:colcon.colcon_core.package_discovery:discover_packages(prefix_path) using defaults
[0.215s] Level 5:colcon.colcon_core.verb:set package 'robot_controller' build argument 'cmake_args' from command line to 'None'
[0.215s] Level 5:colcon.colcon_core.verb:set package 'robot_controller' build argument 'cmake_target' from command line to 'None'
[0.215s] Level 5:colcon.colcon_core.verb:set package 'robot_controller' build argument 'cmake_target_skip_unavailable' from command line to 'False'
[0.215s] Level 5:colcon.colcon_core.verb:set package 'robot_controller' build argument 'cmake_clean_cache' from command line to 'False'
[0.215s] Level 5:colcon.colcon_core.verb:set package 'robot_controller' build argument 'cmake_clean_first' from command line to 'False'
[0.215s] Level 5:colcon.colcon_core.verb:set package 'robot_controller' build argument 'cmake_force_configure' from command line to 'False'
[0.215s] Level 5:colcon.colcon_core.verb:set package 'robot_controller' build argument 'ament_cmake_args' from command line to 'None'
[0.215s] Level 5:colcon.colcon_core.verb:set package 'robot_controller' build argument 'catkin_cmake_args' from command line to 'None'
[0.215s] Level 5:colcon.colcon_core.verb:set package 'robot_controller' build argument 'catkin_skip_building_tests' from command line to 'False'
[0.215s] DEBUG:colcon.colcon_core.verb:Building package 'robot_controller' with the following arguments: {'ament_cmake_args': None, 'build_base': '/home/charbel/mpo500_ws/build/robot_controller', 'catkin_cmake_args': None, 'catkin_skip_building_tests': False, 'cmake_args': None, 'cmake_clean_cache': False, 'cmake_clean_first': False, 'cmake_force_configure': False, 'cmake_target': None, 'cmake_target_skip_unavailable': False, 'install_base': '/home/charbel/mpo500_ws/install/robot_controller', 'merge_install': False, 'path': '/home/charbel/mpo500_ws/src/robot_controller', 'symlink_install': False, 'test_result_base': None}
[0.215s] INFO:colcon.colcon_core.executor:Executing jobs using 'parallel' executor
[0.216s] DEBUG:colcon.colcon_parallel_executor.executor.parallel:run_until_complete
[0.216s] INFO:colcon.colcon_ros.task.ament_cmake.build:Building ROS package in '/home/charbel/mpo500_ws/src/robot_controller' with build type 'ament_cmake'
[0.216s] INFO:colcon.colcon_cmake.task.cmake.build:Building CMake package in '/home/charbel/mpo500_ws/src/robot_controller'
[0.218s] INFO:colcon.colcon_core.plugin_system:Skipping extension 'colcon_core.shell.bat': Not used on non-Windows systems
[0.218s] INFO:colcon.colcon_core.shell:Skip shell extension 'powershell' for command environment: Not usable outside of PowerShell
[0.218s] DEBUG:colcon.colcon_core.shell:Skip shell extension 'dsv' for command environment
[0.224s] DEBUG:colcon.colcon_core.event_handler.log_command:Invoking command in '/home/charbel/mpo500_ws/build/robot_controller': CMAKE_PREFIX_PATH=${CMAKE_PREFIX_PATH}:/opt/ros/humble /usr/bin/cmake /home/charbel/mpo500_ws/src/robot_controller -DCMAKE_INSTALL_PREFIX=/home/charbel/mpo500_ws/install/robot_controller
[1.415s] DEBUG:colcon.colcon_core.event_handler.log_command:Invoked command in '/home/charbel/mpo500_ws/build/robot_controller' returned '0': CMAKE_PREFIX_PATH=${CMAKE_PREFIX_PATH}:/opt/ros/humble /usr/bin/cmake /home/charbel/mpo500_ws/src/robot_controller -DCMAKE_INSTALL_PREFIX=/home/charbel/mpo500_ws/install/robot_controller
[1.415s] DEBUG:colcon.colcon_core.event_handler.log_command:Invoking command in '/home/charbel/mpo500_ws/build/robot_controller': CMAKE_PREFIX_PATH=${CMAKE_PREFIX_PATH}:/opt/ros/humble /usr/bin/cmake --build /home/charbel/mpo500_ws/build/robot_controller -- -j16 -l16
[6.829s] DEBUG:colcon.colcon_core.event_handler.log_command:Invoked command in '/home/charbel/mpo500_ws/build/robot_controller' returned '0': CMAKE_PREFIX_PATH=${CMAKE_PREFIX_PATH}:/opt/ros/humble /usr/bin/cmake --build /home/charbel/mpo500_ws/build/robot_controller -- -j16 -l16
[6.892s] DEBUG:colcon.colcon_core.event_handler.log_command:Invoking command in '/home/charbel/mpo500_ws/build/robot_controller': CMAKE_PREFIX_PATH=${CMAKE_PREFIX_PATH}:/opt/ros/humble /usr/bin/cmake --install /home/charbel/mpo500_ws/build/robot_controller
[6.913s] Level 1:colcon.colcon_core.environment:create_environment_scripts_only(robot_controller)
[6.913s] DEBUG:colcon.colcon_core.event_handler.log_command:Invoked command in '/home/charbel/mpo500_ws/build/robot_controller' returned '0': CMAKE_PREFIX_PATH=${CMAKE_PREFIX_PATH}:/opt/ros/humble /usr/bin/cmake --install /home/charbel/mpo500_ws/build/robot_controller
[6.915s] Level 1:colcon.colcon_core.environment:checking '/home/charbel/mpo500_ws/install/robot_controller' for CMake module files
[6.915s] Level 1:colcon.colcon_core.environment:checking '/home/charbel/mpo500_ws/install/robot_controller' for CMake config files
[6.915s] Level 1:colcon.colcon_core.shell:create_environment_hook('robot_controller', 'cmake_prefix_path')
[6.915s] INFO:colcon.colcon_core.shell:Creating environment hook '/home/charbel/mpo500_ws/install/robot_controller/share/robot_controller/hook/cmake_prefix_path.ps1'
[6.916s] INFO:colcon.colcon_core.shell:Creating environment descriptor '/home/charbel/mpo500_ws/install/robot_controller/share/robot_controller/hook/cmake_prefix_path.dsv'
[6.916s] INFO:colcon.colcon_core.shell:Creating environment hook '/home/charbel/mpo500_ws/install/robot_controller/share/robot_controller/hook/cmake_prefix_path.sh'
[6.917s] Level 1:colcon.colcon_core.environment:checking '/home/charbel/mpo500_ws/install/robot_controller/lib'
[6.917s] Level 1:colcon.colcon_core.environment:checking '/home/charbel/mpo500_ws/install/robot_controller/bin'
[6.917s] Level 1:colcon.colcon_core.environment:checking '/home/charbel/mpo500_ws/install/robot_controller/lib/pkgconfig/robot_controller.pc'
[6.918s] Level 1:colcon.colcon_core.environment:checking '/home/charbel/mpo500_ws/install/robot_controller/lib/python3.10/site-packages'
[6.918s] Level 1:colcon.colcon_core.environment:checking '/home/charbel/mpo500_ws/install/robot_controller/bin'
[6.918s] INFO:colcon.colcon_core.shell:Creating package script '/home/charbel/mpo500_ws/install/robot_controller/share/robot_controller/package.ps1'
[6.919s] INFO:colcon.colcon_core.shell:Creating package descriptor '/home/charbel/mpo500_ws/install/robot_controller/share/robot_controller/package.dsv'
[6.920s] INFO:colcon.colcon_core.shell:Creating package script '/home/charbel/mpo500_ws/install/robot_controller/share/robot_controller/package.sh'
[6.921s] INFO:colcon.colcon_core.shell:Creating package script '/home/charbel/mpo500_ws/install/robot_controller/share/robot_controller/package.bash'
[6.921s] INFO:colcon.colcon_core.shell:Creating package script '/home/charbel/mpo500_ws/install/robot_controller/share/robot_controller/package.zsh'
[6.922s] Level 1:colcon.colcon_core.environment:create_file_with_runtime_dependencies(/home/charbel/mpo500_ws/install/robot_controller/share/colcon-core/packages/robot_controller)
[7.032s] Level 1:colcon.colcon_core.environment:create_environment_scripts_only(robot_controller)
[7.033s] Level 1:colcon.colcon_core.environment:checking '/home/charbel/mpo500_ws/install/robot_controller' for CMake module files
[7.036s] Level 1:colcon.colcon_core.environment:checking '/home/charbel/mpo500_ws/install/robot_controller' for CMake config files
[7.037s] Level 1:colcon.colcon_core.shell:create_environment_hook('robot_controller', 'cmake_prefix_path')
[7.038s] INFO:colcon.colcon_core.shell:Creating environment hook '/home/charbel/mpo500_ws/install/robot_controller/share/robot_controller/hook/cmake_prefix_path.ps1'
[7.039s] INFO:colcon.colcon_core.shell:Creating environment descriptor '/home/charbel/mpo500_ws/install/robot_controller/share/robot_controller/hook/cmake_prefix_path.dsv'
[7.041s] INFO:colcon.colcon_core.shell:Creating environment hook '/home/charbel/mpo500_ws/install/robot_controller/share/robot_controller/hook/cmake_prefix_path.sh'
[7.043s] Level 1:colcon.colcon_core.environment:checking '/home/charbel/mpo500_ws/install/robot_controller/lib'
[7.043s] Level 1:colcon.colcon_core.environment:checking '/home/charbel/mpo500_ws/install/robot_controller/bin'
[7.043s] Level 1:colcon.colcon_core.environment:checking '/home/charbel/mpo500_ws/install/robot_controller/lib/pkgconfig/robot_controller.pc'
[7.044s] Level 1:colcon.colcon_core.environment:checking '/home/charbel/mpo500_ws/install/robot_controller/lib/python3.10/site-packages'
[7.045s] Level 1:colcon.colcon_core.environment:checking '/home/charbel/mpo500_ws/install/robot_controller/bin'
[7.047s] INFO:colcon.colcon_core.shell:Creating package script '/home/charbel/mpo500_ws/install/robot_controller/share/robot_controller/package.ps1'
[7.048s] INFO:colcon.colcon_core.shell:Creating package descriptor '/home/charbel/mpo500_ws/install/robot_controller/share/robot_controller/package.dsv'
[7.050s] INFO:colcon.colcon_core.shell:Creating package script '/home/charbel/mpo500_ws/install/robot_controller/share/robot_controller/package.sh'
[7.052s] INFO:colcon.colcon_core.shell:Creating package script '/home/charbel/mpo500_ws/install/robot_controller/share/robot_controller/package.bash'
[7.053s] INFO:colcon.colcon_core.shell:Creating package script '/home/charbel/mpo500_ws/install/robot_controller/share/robot_controller/package.zsh'
[7.054s] Level 1:colcon.colcon_core.environment:create_file_with_runtime_dependencies(/home/charbel/mpo500_ws/install/robot_controller/share/colcon-core/packages/robot_controller)
[7.055s] DEBUG:colcon.colcon_parallel_executor.executor.parallel:closing loop
[7.055s] DEBUG:colcon.colcon_parallel_executor.executor.parallel:loop closed
[7.057s] DEBUG:colcon.colcon_parallel_executor.executor.parallel:run_until_complete finished with '0'
[7.057s] DEBUG:colcon.colcon_core.event_reactor:joining thread
[7.071s] INFO:colcon.colcon_core.plugin_system:Skipping extension 'colcon_notification.desktop_notification.terminal_notifier': Not used on non-Darwin systems
[7.071s] INFO:colcon.colcon_core.plugin_system:Skipping extension 'colcon_notification.desktop_notification.win32': Not used on non-Windows systems
[7.071s] INFO:colcon.colcon_notification.desktop_notification:Sending desktop notification using 'notify2'
[7.096s] DEBUG:colcon.colcon_core.event_reactor:joined thread
[7.096s] INFO:colcon.colcon_core.shell:Creating prefix script '/home/charbel/mpo500_ws/install/local_setup.ps1'
[7.097s] INFO:colcon.colcon_core.shell:Creating prefix util module '/home/charbel/mpo500_ws/install/_local_setup_util_ps1.py'
[7.098s] INFO:colcon.colcon_core.shell:Creating prefix chain script '/home/charbel/mpo500_ws/install/setup.ps1'
[7.099s] INFO:colcon.colcon_core.shell:Creating prefix script '/home/charbel/mpo500_ws/install/local_setup.sh'
[7.099s] INFO:colcon.colcon_core.shell:Creating prefix util module '/home/charbel/mpo500_ws/install/_local_setup_util_sh.py'
[7.099s] INFO:colcon.colcon_core.shell:Creating prefix chain script '/home/charbel/mpo500_ws/install/setup.sh'
[7.100s] INFO:colcon.colcon_core.shell:Creating prefix script '/home/charbel/mpo500_ws/install/local_setup.bash'
[7.100s] INFO:colcon.colcon_core.shell:Creating prefix chain script '/home/charbel/mpo500_ws/install/setup.bash'
[7.101s] INFO:colcon.colcon_core.shell:Creating prefix script '/home/charbel/mpo500_ws/install/local_setup.zsh'
[7.101s] INFO:colcon.colcon_core.shell:Creating prefix chain script '/home/charbel/mpo500_ws/install/setup.zsh'
