[0.361s] DEBUG:colcon:Command line arguments: ['/usr/bin/colcon', 'build', '--packages-select', 'topic_subscriber/']
[0.361s] DEBUG:colcon:Parsed command line arguments: Namespace(log_base=None, log_level=None, verb_name='build', build_base='build', install_base='install', merge_install=False, symlink_install=False, test_result_base=None, continue_on_error=False, executor='parallel', parallel_workers=16, event_handlers=None, ignore_user_meta=False, metas=['./colcon.meta'], base_paths=['.'], packages_ignore=None, packages_ignore_regex=None, paths=None, packages_up_to=None, packages_up_to_regex=None, packages_above=None, packages_above_and_dependencies=None, packages_above_depth=None, packages_select_by_dep=None, packages_skip_by_dep=None, packages_skip_up_to=None, packages_select_build_failed=False, packages_skip_build_finished=False, packages_select_test_failures=False, packages_skip_test_passed=False, packages_select=['topic_subscriber/'], packages_skip=None, packages_select_regex=None, packages_skip_regex=None, packages_start=None, packages_end=None, allow_overriding=[], cmake_args=None, cmake_target=None, cmake_target_skip_unavailable=False, cmake_clean_cache=False, cmake_clean_first=False, cmake_force_configure=False, ament_cmake_args=None, catkin_cmake_args=None, catkin_skip_building_tests=False, verb_parser=<colcon_defaults.argument_parser.defaults.DefaultArgumentsDecorator object at 0x70ed42149060>, verb_extension=<colcon_core.verb.build.BuildVerb object at 0x70ed42148a60>, main=<bound method BuildVerb.main of <colcon_core.verb.build.BuildVerb object at 0x70ed42148a60>>)
[0.860s] Level 1:colcon.colcon_core.package_discovery:discover_packages(colcon_meta) check parameters
[0.860s] Level 1:colcon.colcon_core.package_discovery:discover_packages(recursive) check parameters
[0.860s] Level 1:colcon.colcon_core.package_discovery:discover_packages(ignore) check parameters
[0.860s] Level 1:colcon.colcon_core.package_discovery:discover_packages(path) check parameters
[0.860s] Level 1:colcon.colcon_core.package_discovery:discover_packages(colcon_meta) discover
[0.860s] Level 1:colcon.colcon_core.package_discovery:discover_packages(recursive) discover
[0.860s] INFO:colcon.colcon_core.package_discovery:Crawling recursively for packages in '/home/charbel/mpo500_ws/src'
[0.860s] Level 1:colcon.colcon_core.package_identification:_identify(.) by extensions ['ignore', 'ignore_ament_install']
[0.861s] Level 1:colcon.colcon_core.package_identification:_identify(.) by extension 'ignore'
[0.861s] Level 1:colcon.colcon_core.package_identification:_identify(.) by extension 'ignore_ament_install'
[0.861s] Level 1:colcon.colcon_core.package_identification:_identify(.) by extensions ['colcon_pkg']
[0.861s] Level 1:colcon.colcon_core.package_identification:_identify(.) by extension 'colcon_pkg'
[0.861s] Level 1:colcon.colcon_core.package_identification:_identify(.) by extensions ['colcon_meta']
[0.861s] Level 1:colcon.colcon_core.package_identification:_identify(.) by extension 'colcon_meta'
[0.861s] Level 1:colcon.colcon_core.package_identification:_identify(.) by extensions ['ros']
[0.861s] Level 1:colcon.colcon_core.package_identification:_identify(.) by extension 'ros'
[0.868s] Level 1:colcon.colcon_core.package_identification:_identify(.) by extensions ['cmake', 'python']
[0.868s] Level 1:colcon.colcon_core.package_identification:_identify(.) by extension 'cmake'
[0.868s] Level 1:colcon.colcon_core.package_identification:_identify(.) by extension 'python'
[0.868s] Level 1:colcon.colcon_core.package_identification:_identify(.) by extensions ['python_setup_py']
[0.868s] Level 1:colcon.colcon_core.package_identification:_identify(.) by extension 'python_setup_py'
[0.868s] Level 1:colcon.colcon_core.package_identification:_identify(build) by extensions ['ignore', 'ignore_ament_install']
[0.868s] Level 1:colcon.colcon_core.package_identification:_identify(build) by extension 'ignore'
[0.868s] Level 1:colcon.colcon_core.package_identification:_identify(build) ignored
[0.868s] Level 1:colcon.colcon_core.package_identification:_identify(install) by extensions ['ignore', 'ignore_ament_install']
[0.868s] Level 1:colcon.colcon_core.package_identification:_identify(install) by extension 'ignore'
[0.868s] Level 1:colcon.colcon_core.package_identification:_identify(install) ignored
[0.868s] Level 1:colcon.colcon_core.package_identification:_identify(log) by extensions ['ignore', 'ignore_ament_install']
[0.869s] Level 1:colcon.colcon_core.package_identification:_identify(log) by extension 'ignore'
[0.869s] Level 1:colcon.colcon_core.package_identification:_identify(log) ignored
[0.869s] Level 1:colcon.colcon_core.package_identification:_identify(neo_common2) by extensions ['ignore', 'ignore_ament_install']
[0.869s] Level 1:colcon.colcon_core.package_identification:_identify(neo_common2) by extension 'ignore'
[0.869s] Level 1:colcon.colcon_core.package_identification:_identify(neo_common2) by extension 'ignore_ament_install'
[0.869s] Level 1:colcon.colcon_core.package_identification:_identify(neo_common2) by extensions ['colcon_pkg']
[0.869s] Level 1:colcon.colcon_core.package_identification:_identify(neo_common2) by extension 'colcon_pkg'
[0.869s] Level 1:colcon.colcon_core.package_identification:_identify(neo_common2) by extensions ['colcon_meta']
[0.869s] Level 1:colcon.colcon_core.package_identification:_identify(neo_common2) by extension 'colcon_meta'
[0.869s] Level 1:colcon.colcon_core.package_identification:_identify(neo_common2) by extensions ['ros']
[0.869s] Level 1:colcon.colcon_core.package_identification:_identify(neo_common2) by extension 'ros'
[0.871s] DEBUG:colcon.colcon_core.package_identification:Package 'neo_common2' with type 'ros.ament_cmake' and name 'neo_common2'
[0.871s] Level 1:colcon.colcon_core.package_identification:_identify(neo_kinematics_mecanum2) by extensions ['ignore', 'ignore_ament_install']
[0.871s] Level 1:colcon.colcon_core.package_identification:_identify(neo_kinematics_mecanum2) by extension 'ignore'
[0.871s] Level 1:colcon.colcon_core.package_identification:_identify(neo_kinematics_mecanum2) by extension 'ignore_ament_install'
[0.871s] Level 1:colcon.colcon_core.package_identification:_identify(neo_kinematics_mecanum2) by extensions ['colcon_pkg']
[0.871s] Level 1:colcon.colcon_core.package_identification:_identify(neo_kinematics_mecanum2) by extension 'colcon_pkg'
[0.871s] Level 1:colcon.colcon_core.package_identification:_identify(neo_kinematics_mecanum2) by extensions ['colcon_meta']
[0.871s] Level 1:colcon.colcon_core.package_identification:_identify(neo_kinematics_mecanum2) by extension 'colcon_meta'
[0.871s] Level 1:colcon.colcon_core.package_identification:_identify(neo_kinematics_mecanum2) by extensions ['ros']
[0.871s] Level 1:colcon.colcon_core.package_identification:_identify(neo_kinematics_mecanum2) by extension 'ros'
[0.872s] DEBUG:colcon.colcon_core.package_identification:Package 'neo_kinematics_mecanum2' with type 'ros.ament_cmake' and name 'neo_kinematics_mecanum2'
[0.872s] Level 1:colcon.colcon_core.package_identification:_identify(neo_mpo_500-2) by extensions ['ignore', 'ignore_ament_install']
[0.872s] Level 1:colcon.colcon_core.package_identification:_identify(neo_mpo_500-2) by extension 'ignore'
[0.872s] Level 1:colcon.colcon_core.package_identification:_identify(neo_mpo_500-2) by extension 'ignore_ament_install'
[0.872s] Level 1:colcon.colcon_core.package_identification:_identify(neo_mpo_500-2) by extensions ['colcon_pkg']
[0.872s] Level 1:colcon.colcon_core.package_identification:_identify(neo_mpo_500-2) by extension 'colcon_pkg'
[0.872s] Level 1:colcon.colcon_core.package_identification:_identify(neo_mpo_500-2) by extensions ['colcon_meta']
[0.872s] Level 1:colcon.colcon_core.package_identification:_identify(neo_mpo_500-2) by extension 'colcon_meta'
[0.872s] Level 1:colcon.colcon_core.package_identification:_identify(neo_mpo_500-2) by extensions ['ros']
[0.872s] Level 1:colcon.colcon_core.package_identification:_identify(neo_mpo_500-2) by extension 'ros'
[0.873s] DEBUG:colcon.colcon_core.package_identification:Package 'neo_mpo_500-2' with type 'ros.ament_cmake' and name 'neo_mpo_500-2'
[0.873s] Level 1:colcon.colcon_core.package_identification:_identify(neo_msgs2) by extensions ['ignore', 'ignore_ament_install']
[0.873s] Level 1:colcon.colcon_core.package_identification:_identify(neo_msgs2) by extension 'ignore'
[0.873s] Level 1:colcon.colcon_core.package_identification:_identify(neo_msgs2) by extension 'ignore_ament_install'
[0.873s] Level 1:colcon.colcon_core.package_identification:_identify(neo_msgs2) by extensions ['colcon_pkg']
[0.873s] Level 1:colcon.colcon_core.package_identification:_identify(neo_msgs2) by extension 'colcon_pkg'
[0.873s] Level 1:colcon.colcon_core.package_identification:_identify(neo_msgs2) by extensions ['colcon_meta']
[0.873s] Level 1:colcon.colcon_core.package_identification:_identify(neo_msgs2) by extension 'colcon_meta'
[0.873s] Level 1:colcon.colcon_core.package_identification:_identify(neo_msgs2) by extensions ['ros']
[0.873s] Level 1:colcon.colcon_core.package_identification:_identify(neo_msgs2) by extension 'ros'
[0.874s] DEBUG:colcon.colcon_core.package_identification:Package 'neo_msgs2' with type 'ros.ament_cmake' and name 'neo_msgs2'
[0.874s] Level 1:colcon.colcon_core.package_identification:_identify(neo_nav2_bringup) by extensions ['ignore', 'ignore_ament_install']
[0.874s] Level 1:colcon.colcon_core.package_identification:_identify(neo_nav2_bringup) by extension 'ignore'
[0.874s] Level 1:colcon.colcon_core.package_identification:_identify(neo_nav2_bringup) by extension 'ignore_ament_install'
[0.874s] Level 1:colcon.colcon_core.package_identification:_identify(neo_nav2_bringup) by extensions ['colcon_pkg']
[0.874s] Level 1:colcon.colcon_core.package_identification:_identify(neo_nav2_bringup) by extension 'colcon_pkg'
[0.874s] Level 1:colcon.colcon_core.package_identification:_identify(neo_nav2_bringup) by extensions ['colcon_meta']
[0.874s] Level 1:colcon.colcon_core.package_identification:_identify(neo_nav2_bringup) by extension 'colcon_meta'
[0.874s] Level 1:colcon.colcon_core.package_identification:_identify(neo_nav2_bringup) by extensions ['ros']
[0.874s] Level 1:colcon.colcon_core.package_identification:_identify(neo_nav2_bringup) by extension 'ros'
[0.874s] DEBUG:colcon.colcon_core.package_identification:Package 'neo_nav2_bringup' with type 'ros.ament_cmake' and name 'neo_nav2_bringup'
[0.875s] Level 1:colcon.colcon_core.package_identification:_identify(neo_relayboard_v2-2) by extensions ['ignore', 'ignore_ament_install']
[0.875s] Level 1:colcon.colcon_core.package_identification:_identify(neo_relayboard_v2-2) by extension 'ignore'
[0.875s] Level 1:colcon.colcon_core.package_identification:_identify(neo_relayboard_v2-2) by extension 'ignore_ament_install'
[0.875s] Level 1:colcon.colcon_core.package_identification:_identify(neo_relayboard_v2-2) by extensions ['colcon_pkg']
[0.875s] Level 1:colcon.colcon_core.package_identification:_identify(neo_relayboard_v2-2) by extension 'colcon_pkg'
[0.875s] Level 1:colcon.colcon_core.package_identification:_identify(neo_relayboard_v2-2) by extensions ['colcon_meta']
[0.875s] Level 1:colcon.colcon_core.package_identification:_identify(neo_relayboard_v2-2) by extension 'colcon_meta'
[0.875s] Level 1:colcon.colcon_core.package_identification:_identify(neo_relayboard_v2-2) by extensions ['ros']
[0.875s] Level 1:colcon.colcon_core.package_identification:_identify(neo_relayboard_v2-2) by extension 'ros'
[0.875s] DEBUG:colcon.colcon_core.package_identification:Package 'neo_relayboard_v2-2' with type 'ros.ament_cmake' and name 'neo_relayboard_v2-2'
[0.875s] Level 1:colcon.colcon_core.package_identification:_identify(neo_simulation2) by extensions ['ignore', 'ignore_ament_install']
[0.875s] Level 1:colcon.colcon_core.package_identification:_identify(neo_simulation2) by extension 'ignore'
[0.875s] Level 1:colcon.colcon_core.package_identification:_identify(neo_simulation2) by extension 'ignore_ament_install'
[0.875s] Level 1:colcon.colcon_core.package_identification:_identify(neo_simulation2) by extensions ['colcon_pkg']
[0.875s] Level 1:colcon.colcon_core.package_identification:_identify(neo_simulation2) by extension 'colcon_pkg'
[0.876s] Level 1:colcon.colcon_core.package_identification:_identify(neo_simulation2) by extensions ['colcon_meta']
[0.876s] Level 1:colcon.colcon_core.package_identification:_identify(neo_simulation2) by extension 'colcon_meta'
[0.876s] Level 1:colcon.colcon_core.package_identification:_identify(neo_simulation2) by extensions ['ros']
[0.876s] Level 1:colcon.colcon_core.package_identification:_identify(neo_simulation2) by extension 'ros'
[0.876s] DEBUG:colcon.colcon_core.package_identification:Package 'neo_simulation2' with type 'ros.ament_cmake' and name 'neo_simulation2'
[0.876s] Level 1:colcon.colcon_core.package_identification:_identify(neo_srvs2) by extensions ['ignore', 'ignore_ament_install']
[0.876s] Level 1:colcon.colcon_core.package_identification:_identify(neo_srvs2) by extension 'ignore'
[0.876s] Level 1:colcon.colcon_core.package_identification:_identify(neo_srvs2) by extension 'ignore_ament_install'
[0.876s] Level 1:colcon.colcon_core.package_identification:_identify(neo_srvs2) by extensions ['colcon_pkg']
[0.876s] Level 1:colcon.colcon_core.package_identification:_identify(neo_srvs2) by extension 'colcon_pkg'
[0.876s] Level 1:colcon.colcon_core.package_identification:_identify(neo_srvs2) by extensions ['colcon_meta']
[0.876s] Level 1:colcon.colcon_core.package_identification:_identify(neo_srvs2) by extension 'colcon_meta'
[0.876s] Level 1:colcon.colcon_core.package_identification:_identify(neo_srvs2) by extensions ['ros']
[0.876s] Level 1:colcon.colcon_core.package_identification:_identify(neo_srvs2) by extension 'ros'
[0.877s] DEBUG:colcon.colcon_core.package_identification:Package 'neo_srvs2' with type 'ros.ament_cmake' and name 'neo_srvs2'
[0.877s] Level 1:colcon.colcon_core.package_identification:_identify(neo_teleop2) by extensions ['ignore', 'ignore_ament_install']
[0.877s] Level 1:colcon.colcon_core.package_identification:_identify(neo_teleop2) by extension 'ignore'
[0.877s] Level 1:colcon.colcon_core.package_identification:_identify(neo_teleop2) by extension 'ignore_ament_install'
[0.877s] Level 1:colcon.colcon_core.package_identification:_identify(neo_teleop2) by extensions ['colcon_pkg']
[0.877s] Level 1:colcon.colcon_core.package_identification:_identify(neo_teleop2) by extension 'colcon_pkg'
[0.877s] Level 1:colcon.colcon_core.package_identification:_identify(neo_teleop2) by extensions ['colcon_meta']
[0.877s] Level 1:colcon.colcon_core.package_identification:_identify(neo_teleop2) by extension 'colcon_meta'
[0.877s] Level 1:colcon.colcon_core.package_identification:_identify(neo_teleop2) by extensions ['ros']
[0.877s] Level 1:colcon.colcon_core.package_identification:_identify(neo_teleop2) by extension 'ros'
[0.878s] DEBUG:colcon.colcon_core.package_identification:Package 'neo_teleop2' with type 'ros.ament_cmake' and name 'neo_teleop2'
[0.878s] Level 1:colcon.colcon_core.package_identification:_identify(topic_publisher) by extensions ['ignore', 'ignore_ament_install']
[0.878s] Level 1:colcon.colcon_core.package_identification:_identify(topic_publisher) by extension 'ignore'
[0.878s] Level 1:colcon.colcon_core.package_identification:_identify(topic_publisher) by extension 'ignore_ament_install'
[0.878s] Level 1:colcon.colcon_core.package_identification:_identify(topic_publisher) by extensions ['colcon_pkg']
[0.878s] Level 1:colcon.colcon_core.package_identification:_identify(topic_publisher) by extension 'colcon_pkg'
[0.878s] Level 1:colcon.colcon_core.package_identification:_identify(topic_publisher) by extensions ['colcon_meta']
[0.878s] Level 1:colcon.colcon_core.package_identification:_identify(topic_publisher) by extension 'colcon_meta'
[0.878s] Level 1:colcon.colcon_core.package_identification:_identify(topic_publisher) by extensions ['ros']
[0.878s] Level 1:colcon.colcon_core.package_identification:_identify(topic_publisher) by extension 'ros'
[0.878s] DEBUG:colcon.colcon_core.package_identification:Package 'topic_publisher' with type 'ros.ament_cmake' and name 'topic_publisher'
[0.878s] Level 1:colcon.colcon_core.package_identification:_identify(topic_subscriber) by extensions ['ignore', 'ignore_ament_install']
[0.878s] Level 1:colcon.colcon_core.package_identification:_identify(topic_subscriber) by extension 'ignore'
[0.878s] Level 1:colcon.colcon_core.package_identification:_identify(topic_subscriber) by extension 'ignore_ament_install'
[0.878s] Level 1:colcon.colcon_core.package_identification:_identify(topic_subscriber) by extensions ['colcon_pkg']
[0.878s] Level 1:colcon.colcon_core.package_identification:_identify(topic_subscriber) by extension 'colcon_pkg'
[0.878s] Level 1:colcon.colcon_core.package_identification:_identify(topic_subscriber) by extensions ['colcon_meta']
[0.878s] Level 1:colcon.colcon_core.package_identification:_identify(topic_subscriber) by extension 'colcon_meta'
[0.878s] Level 1:colcon.colcon_core.package_identification:_identify(topic_subscriber) by extensions ['ros']
[0.878s] Level 1:colcon.colcon_core.package_identification:_identify(topic_subscriber) by extension 'ros'
[0.879s] DEBUG:colcon.colcon_core.package_identification:Package 'topic_subscriber' with type 'ros.ament_cmake' and name 'topic_subscriber'
[0.879s] Level 1:colcon.colcon_core.package_discovery:discover_packages(recursive) using defaults
[0.879s] Level 1:colcon.colcon_core.package_discovery:discover_packages(ignore) discover
[0.879s] Level 1:colcon.colcon_core.package_discovery:discover_packages(ignore) using defaults
[0.879s] Level 1:colcon.colcon_core.package_discovery:discover_packages(path) discover
[0.879s] Level 1:colcon.colcon_core.package_discovery:discover_packages(path) using defaults
[0.879s] WARNING:colcon.colcon_core.package_selection:ignoring unknown package 'topic_subscriber/' in --packages-select
[0.896s] INFO:colcon.colcon_core.package_selection:Skipping not selected package 'neo_common2' in 'neo_common2'
[0.896s] INFO:colcon.colcon_core.package_selection:Skipping not selected package 'neo_kinematics_mecanum2' in 'neo_kinematics_mecanum2'
[0.896s] INFO:colcon.colcon_core.package_selection:Skipping not selected package 'neo_msgs2' in 'neo_msgs2'
[0.896s] INFO:colcon.colcon_core.package_selection:Skipping not selected package 'neo_nav2_bringup' in 'neo_nav2_bringup'
[0.896s] INFO:colcon.colcon_core.package_selection:Skipping not selected package 'neo_teleop2' in 'neo_teleop2'
[0.896s] INFO:colcon.colcon_core.package_selection:Skipping not selected package 'topic_publisher' in 'topic_publisher'
[0.896s] INFO:colcon.colcon_core.package_selection:Skipping not selected package 'topic_subscriber' in 'topic_subscriber'
[0.896s] INFO:colcon.colcon_core.package_selection:Skipping not selected package 'neo_mpo_500-2' in 'neo_mpo_500-2'
[0.896s] INFO:colcon.colcon_core.package_selection:Skipping not selected package 'neo_simulation2' in 'neo_simulation2'
[0.896s] INFO:colcon.colcon_core.package_selection:Skipping not selected package 'neo_srvs2' in 'neo_srvs2'
[0.896s] INFO:colcon.colcon_core.package_selection:Skipping not selected package 'neo_relayboard_v2-2' in 'neo_relayboard_v2-2'
[0.896s] Level 1:colcon.colcon_core.package_discovery:discover_packages(prefix_path) check parameters
[0.897s] Level 1:colcon.colcon_core.package_discovery:discover_packages(prefix_path) discover
[0.899s] DEBUG:colcon.colcon_installed_package_information.package_discovery:Found 10 installed packages in /home/charbel/mpo500_ws/install
[0.900s] DEBUG:colcon.colcon_installed_package_information.package_discovery:Found 336 installed packages in /opt/ros/humble
[0.906s] Level 1:colcon.colcon_core.package_discovery:discover_packages(prefix_path) using defaults
[0.934s] INFO:colcon.colcon_core.executor:Executing jobs using 'parallel' executor
[0.935s] DEBUG:colcon.colcon_parallel_executor.executor.parallel:run_until_complete
[0.935s] DEBUG:colcon.colcon_parallel_executor.executor.parallel:closing loop
[0.935s] DEBUG:colcon.colcon_parallel_executor.executor.parallel:loop closed
[0.935s] DEBUG:colcon.colcon_parallel_executor.executor.parallel:run_until_complete finished with '0'
[0.935s] DEBUG:colcon.colcon_core.event_reactor:joining thread
[0.939s] INFO:colcon.colcon_core.plugin_system:Skipping extension 'colcon_notification.desktop_notification.terminal_notifier': Not used on non-Darwin systems
[0.939s] INFO:colcon.colcon_core.plugin_system:Skipping extension 'colcon_notification.desktop_notification.win32': Not used on non-Windows systems
[0.939s] INFO:colcon.colcon_notification.desktop_notification:Sending desktop notification using 'notify2'
[0.949s] DEBUG:colcon.colcon_core.event_reactor:joined thread
[0.951s] INFO:colcon.colcon_core.plugin_system:Skipping extension 'colcon_core.shell.bat': Not used on non-Windows systems
[0.951s] INFO:colcon.colcon_core.shell:Creating prefix script '/home/charbel/mpo500_ws/src/install/local_setup.ps1'
[0.952s] INFO:colcon.colcon_core.shell:Creating prefix util module '/home/charbel/mpo500_ws/src/install/_local_setup_util_ps1.py'
[0.953s] INFO:colcon.colcon_core.shell:Creating prefix chain script '/home/charbel/mpo500_ws/src/install/setup.ps1'
[0.954s] INFO:colcon.colcon_core.shell:Creating prefix script '/home/charbel/mpo500_ws/src/install/local_setup.sh'
[0.955s] INFO:colcon.colcon_core.shell:Creating prefix util module '/home/charbel/mpo500_ws/src/install/_local_setup_util_sh.py'
[0.955s] INFO:colcon.colcon_core.shell:Creating prefix chain script '/home/charbel/mpo500_ws/src/install/setup.sh'
[0.956s] INFO:colcon.colcon_core.shell:Creating prefix script '/home/charbel/mpo500_ws/src/install/local_setup.bash'
[0.957s] INFO:colcon.colcon_core.shell:Creating prefix chain script '/home/charbel/mpo500_ws/src/install/setup.bash'
[0.958s] INFO:colcon.colcon_core.shell:Creating prefix script '/home/charbel/mpo500_ws/src/install/local_setup.zsh'
[0.959s] INFO:colcon.colcon_core.shell:Creating prefix chain script '/home/charbel/mpo500_ws/src/install/setup.zsh'
