[0.326s] DEBUG:colcon:Command line arguments: ['/usr/bin/colcon', 'build', '--packages-select', 'topic_subscriber']
[0.326s] DEBUG:colcon:Parsed command line arguments: Namespace(log_base=None, log_level=None, verb_name='build', build_base='build', install_base='install', merge_install=False, symlink_install=False, test_result_base=None, continue_on_error=False, executor='parallel', parallel_workers=16, event_handlers=None, ignore_user_meta=False, metas=['./colcon.meta'], base_paths=['.'], packages_ignore=None, packages_ignore_regex=None, paths=None, packages_up_to=None, packages_up_to_regex=None, packages_above=None, packages_above_and_dependencies=None, packages_above_depth=None, packages_select_by_dep=None, packages_skip_by_dep=None, packages_skip_up_to=None, packages_select_build_failed=False, packages_skip_build_finished=False, packages_select_test_failures=False, packages_skip_test_passed=False, packages_select=['topic_subscriber'], packages_skip=None, packages_select_regex=None, packages_skip_regex=None, packages_start=None, packages_end=None, allow_overriding=[], cmake_args=None, cmake_target=None, cmake_target_skip_unavailable=False, cmake_clean_cache=False, cmake_clean_first=False, cmake_force_configure=False, ament_cmake_args=None, catkin_cmake_args=None, catkin_skip_building_tests=False, verb_parser=<colcon_defaults.argument_parser.defaults.DefaultArgumentsDecorator object at 0x786c47b31060>, verb_extension=<colcon_core.verb.build.BuildVerb object at 0x786c47b30a60>, main=<bound method BuildVerb.main of <colcon_core.verb.build.BuildVerb object at 0x786c47b30a60>>)
[0.587s] Level 1:colcon.colcon_core.package_discovery:discover_packages(colcon_meta) check parameters
[0.587s] Level 1:colcon.colcon_core.package_discovery:discover_packages(recursive) check parameters
[0.587s] Level 1:colcon.colcon_core.package_discovery:discover_packages(ignore) check parameters
[0.587s] Level 1:colcon.colcon_core.package_discovery:discover_packages(path) check parameters
[0.587s] Level 1:colcon.colcon_core.package_discovery:discover_packages(colcon_meta) discover
[0.587s] Level 1:colcon.colcon_core.package_discovery:discover_packages(recursive) discover
[0.587s] INFO:colcon.colcon_core.package_discovery:Crawling recursively for packages in '/home/charbel/mpo500_ws/src'
[0.587s] Level 1:colcon.colcon_core.package_identification:_identify(.) by extensions ['ignore', 'ignore_ament_install']
[0.587s] Level 1:colcon.colcon_core.package_identification:_identify(.) by extension 'ignore'
[0.587s] Level 1:colcon.colcon_core.package_identification:_identify(.) by extension 'ignore_ament_install'
[0.587s] Level 1:colcon.colcon_core.package_identification:_identify(.) by extensions ['colcon_pkg']
[0.587s] Level 1:colcon.colcon_core.package_identification:_identify(.) by extension 'colcon_pkg'
[0.587s] Level 1:colcon.colcon_core.package_identification:_identify(.) by extensions ['colcon_meta']
[0.587s] Level 1:colcon.colcon_core.package_identification:_identify(.) by extension 'colcon_meta'
[0.587s] Level 1:colcon.colcon_core.package_identification:_identify(.) by extensions ['ros']
[0.587s] Level 1:colcon.colcon_core.package_identification:_identify(.) by extension 'ros'
[0.595s] Level 1:colcon.colcon_core.package_identification:_identify(.) by extensions ['cmake', 'python']
[0.595s] Level 1:colcon.colcon_core.package_identification:_identify(.) by extension 'cmake'
[0.595s] Level 1:colcon.colcon_core.package_identification:_identify(.) by extension 'python'
[0.595s] Level 1:colcon.colcon_core.package_identification:_identify(.) by extensions ['python_setup_py']
[0.595s] Level 1:colcon.colcon_core.package_identification:_identify(.) by extension 'python_setup_py'
[0.595s] Level 1:colcon.colcon_core.package_identification:_identify(build) by extensions ['ignore', 'ignore_ament_install']
[0.595s] Level 1:colcon.colcon_core.package_identification:_identify(build) by extension 'ignore'
[0.595s] Level 1:colcon.colcon_core.package_identification:_identify(build) ignored
[0.595s] Level 1:colcon.colcon_core.package_identification:_identify(install) by extensions ['ignore', 'ignore_ament_install']
[0.595s] Level 1:colcon.colcon_core.package_identification:_identify(install) by extension 'ignore'
[0.595s] Level 1:colcon.colcon_core.package_identification:_identify(install) ignored
[0.595s] Level 1:colcon.colcon_core.package_identification:_identify(log) by extensions ['ignore', 'ignore_ament_install']
[0.595s] Level 1:colcon.colcon_core.package_identification:_identify(log) by extension 'ignore'
[0.595s] Level 1:colcon.colcon_core.package_identification:_identify(log) ignored
[0.595s] Level 1:colcon.colcon_core.package_identification:_identify(neo_common2) by extensions ['ignore', 'ignore_ament_install']
[0.595s] Level 1:colcon.colcon_core.package_identification:_identify(neo_common2) by extension 'ignore'
[0.595s] Level 1:colcon.colcon_core.package_identification:_identify(neo_common2) by extension 'ignore_ament_install'
[0.596s] Level 1:colcon.colcon_core.package_identification:_identify(neo_common2) by extensions ['colcon_pkg']
[0.596s] Level 1:colcon.colcon_core.package_identification:_identify(neo_common2) by extension 'colcon_pkg'
[0.596s] Level 1:colcon.colcon_core.package_identification:_identify(neo_common2) by extensions ['colcon_meta']
[0.596s] Level 1:colcon.colcon_core.package_identification:_identify(neo_common2) by extension 'colcon_meta'
[0.596s] Level 1:colcon.colcon_core.package_identification:_identify(neo_common2) by extensions ['ros']
[0.596s] Level 1:colcon.colcon_core.package_identification:_identify(neo_common2) by extension 'ros'
[0.597s] DEBUG:colcon.colcon_core.package_identification:Package 'neo_common2' with type 'ros.ament_cmake' and name 'neo_common2'
[0.597s] Level 1:colcon.colcon_core.package_identification:_identify(neo_kinematics_mecanum2) by extensions ['ignore', 'ignore_ament_install']
[0.597s] Level 1:colcon.colcon_core.package_identification:_identify(neo_kinematics_mecanum2) by extension 'ignore'
[0.597s] Level 1:colcon.colcon_core.package_identification:_identify(neo_kinematics_mecanum2) by extension 'ignore_ament_install'
[0.597s] Level 1:colcon.colcon_core.package_identification:_identify(neo_kinematics_mecanum2) by extensions ['colcon_pkg']
[0.597s] Level 1:colcon.colcon_core.package_identification:_identify(neo_kinematics_mecanum2) by extension 'colcon_pkg'
[0.597s] Level 1:colcon.colcon_core.package_identification:_identify(neo_kinematics_mecanum2) by extensions ['colcon_meta']
[0.597s] Level 1:colcon.colcon_core.package_identification:_identify(neo_kinematics_mecanum2) by extension 'colcon_meta'
[0.597s] Level 1:colcon.colcon_core.package_identification:_identify(neo_kinematics_mecanum2) by extensions ['ros']
[0.597s] Level 1:colcon.colcon_core.package_identification:_identify(neo_kinematics_mecanum2) by extension 'ros'
[0.598s] DEBUG:colcon.colcon_core.package_identification:Package 'neo_kinematics_mecanum2' with type 'ros.ament_cmake' and name 'neo_kinematics_mecanum2'
[0.598s] Level 1:colcon.colcon_core.package_identification:_identify(neo_mpo_500-2) by extensions ['ignore', 'ignore_ament_install']
[0.598s] Level 1:colcon.colcon_core.package_identification:_identify(neo_mpo_500-2) by extension 'ignore'
[0.598s] Level 1:colcon.colcon_core.package_identification:_identify(neo_mpo_500-2) by extension 'ignore_ament_install'
[0.598s] Level 1:colcon.colcon_core.package_identification:_identify(neo_mpo_500-2) by extensions ['colcon_pkg']
[0.598s] Level 1:colcon.colcon_core.package_identification:_identify(neo_mpo_500-2) by extension 'colcon_pkg'
[0.598s] Level 1:colcon.colcon_core.package_identification:_identify(neo_mpo_500-2) by extensions ['colcon_meta']
[0.598s] Level 1:colcon.colcon_core.package_identification:_identify(neo_mpo_500-2) by extension 'colcon_meta'
[0.598s] Level 1:colcon.colcon_core.package_identification:_identify(neo_mpo_500-2) by extensions ['ros']
[0.598s] Level 1:colcon.colcon_core.package_identification:_identify(neo_mpo_500-2) by extension 'ros'
[0.599s] DEBUG:colcon.colcon_core.package_identification:Package 'neo_mpo_500-2' with type 'ros.ament_cmake' and name 'neo_mpo_500-2'
[0.599s] Level 1:colcon.colcon_core.package_identification:_identify(neo_msgs2) by extensions ['ignore', 'ignore_ament_install']
[0.599s] Level 1:colcon.colcon_core.package_identification:_identify(neo_msgs2) by extension 'ignore'
[0.599s] Level 1:colcon.colcon_core.package_identification:_identify(neo_msgs2) by extension 'ignore_ament_install'
[0.599s] Level 1:colcon.colcon_core.package_identification:_identify(neo_msgs2) by extensions ['colcon_pkg']
[0.599s] Level 1:colcon.colcon_core.package_identification:_identify(neo_msgs2) by extension 'colcon_pkg'
[0.599s] Level 1:colcon.colcon_core.package_identification:_identify(neo_msgs2) by extensions ['colcon_meta']
[0.599s] Level 1:colcon.colcon_core.package_identification:_identify(neo_msgs2) by extension 'colcon_meta'
[0.599s] Level 1:colcon.colcon_core.package_identification:_identify(neo_msgs2) by extensions ['ros']
[0.599s] Level 1:colcon.colcon_core.package_identification:_identify(neo_msgs2) by extension 'ros'
[0.599s] DEBUG:colcon.colcon_core.package_identification:Package 'neo_msgs2' with type 'ros.ament_cmake' and name 'neo_msgs2'
[0.599s] Level 1:colcon.colcon_core.package_identification:_identify(neo_nav2_bringup) by extensions ['ignore', 'ignore_ament_install']
[0.599s] Level 1:colcon.colcon_core.package_identification:_identify(neo_nav2_bringup) by extension 'ignore'
[0.599s] Level 1:colcon.colcon_core.package_identification:_identify(neo_nav2_bringup) by extension 'ignore_ament_install'
[0.599s] Level 1:colcon.colcon_core.package_identification:_identify(neo_nav2_bringup) by extensions ['colcon_pkg']
[0.599s] Level 1:colcon.colcon_core.package_identification:_identify(neo_nav2_bringup) by extension 'colcon_pkg'
[0.599s] Level 1:colcon.colcon_core.package_identification:_identify(neo_nav2_bringup) by extensions ['colcon_meta']
[0.599s] Level 1:colcon.colcon_core.package_identification:_identify(neo_nav2_bringup) by extension 'colcon_meta'
[0.599s] Level 1:colcon.colcon_core.package_identification:_identify(neo_nav2_bringup) by extensions ['ros']
[0.599s] Level 1:colcon.colcon_core.package_identification:_identify(neo_nav2_bringup) by extension 'ros'
[0.600s] DEBUG:colcon.colcon_core.package_identification:Package 'neo_nav2_bringup' with type 'ros.ament_cmake' and name 'neo_nav2_bringup'
[0.600s] Level 1:colcon.colcon_core.package_identification:_identify(neo_relayboard_v2-2) by extensions ['ignore', 'ignore_ament_install']
[0.600s] Level 1:colcon.colcon_core.package_identification:_identify(neo_relayboard_v2-2) by extension 'ignore'
[0.600s] Level 1:colcon.colcon_core.package_identification:_identify(neo_relayboard_v2-2) by extension 'ignore_ament_install'
[0.600s] Level 1:colcon.colcon_core.package_identification:_identify(neo_relayboard_v2-2) by extensions ['colcon_pkg']
[0.600s] Level 1:colcon.colcon_core.package_identification:_identify(neo_relayboard_v2-2) by extension 'colcon_pkg'
[0.600s] Level 1:colcon.colcon_core.package_identification:_identify(neo_relayboard_v2-2) by extensions ['colcon_meta']
[0.600s] Level 1:colcon.colcon_core.package_identification:_identify(neo_relayboard_v2-2) by extension 'colcon_meta'
[0.600s] Level 1:colcon.colcon_core.package_identification:_identify(neo_relayboard_v2-2) by extensions ['ros']
[0.600s] Level 1:colcon.colcon_core.package_identification:_identify(neo_relayboard_v2-2) by extension 'ros'
[0.601s] DEBUG:colcon.colcon_core.package_identification:Package 'neo_relayboard_v2-2' with type 'ros.ament_cmake' and name 'neo_relayboard_v2-2'
[0.601s] Level 1:colcon.colcon_core.package_identification:_identify(neo_simulation2) by extensions ['ignore', 'ignore_ament_install']
[0.601s] Level 1:colcon.colcon_core.package_identification:_identify(neo_simulation2) by extension 'ignore'
[0.601s] Level 1:colcon.colcon_core.package_identification:_identify(neo_simulation2) by extension 'ignore_ament_install'
[0.601s] Level 1:colcon.colcon_core.package_identification:_identify(neo_simulation2) by extensions ['colcon_pkg']
[0.601s] Level 1:colcon.colcon_core.package_identification:_identify(neo_simulation2) by extension 'colcon_pkg'
[0.601s] Level 1:colcon.colcon_core.package_identification:_identify(neo_simulation2) by extensions ['colcon_meta']
[0.601s] Level 1:colcon.colcon_core.package_identification:_identify(neo_simulation2) by extension 'colcon_meta'
[0.601s] Level 1:colcon.colcon_core.package_identification:_identify(neo_simulation2) by extensions ['ros']
[0.601s] Level 1:colcon.colcon_core.package_identification:_identify(neo_simulation2) by extension 'ros'
[0.601s] DEBUG:colcon.colcon_core.package_identification:Package 'neo_simulation2' with type 'ros.ament_cmake' and name 'neo_simulation2'
[0.601s] Level 1:colcon.colcon_core.package_identification:_identify(neo_srvs2) by extensions ['ignore', 'ignore_ament_install']
[0.601s] Level 1:colcon.colcon_core.package_identification:_identify(neo_srvs2) by extension 'ignore'
[0.601s] Level 1:colcon.colcon_core.package_identification:_identify(neo_srvs2) by extension 'ignore_ament_install'
[0.601s] Level 1:colcon.colcon_core.package_identification:_identify(neo_srvs2) by extensions ['colcon_pkg']
[0.601s] Level 1:colcon.colcon_core.package_identification:_identify(neo_srvs2) by extension 'colcon_pkg'
[0.602s] Level 1:colcon.colcon_core.package_identification:_identify(neo_srvs2) by extensions ['colcon_meta']
[0.602s] Level 1:colcon.colcon_core.package_identification:_identify(neo_srvs2) by extension 'colcon_meta'
[0.602s] Level 1:colcon.colcon_core.package_identification:_identify(neo_srvs2) by extensions ['ros']
[0.602s] Level 1:colcon.colcon_core.package_identification:_identify(neo_srvs2) by extension 'ros'
[0.602s] DEBUG:colcon.colcon_core.package_identification:Package 'neo_srvs2' with type 'ros.ament_cmake' and name 'neo_srvs2'
[0.602s] Level 1:colcon.colcon_core.package_identification:_identify(neo_teleop2) by extensions ['ignore', 'ignore_ament_install']
[0.602s] Level 1:colcon.colcon_core.package_identification:_identify(neo_teleop2) by extension 'ignore'
[0.602s] Level 1:colcon.colcon_core.package_identification:_identify(neo_teleop2) by extension 'ignore_ament_install'
[0.602s] Level 1:colcon.colcon_core.package_identification:_identify(neo_teleop2) by extensions ['colcon_pkg']
[0.602s] Level 1:colcon.colcon_core.package_identification:_identify(neo_teleop2) by extension 'colcon_pkg'
[0.602s] Level 1:colcon.colcon_core.package_identification:_identify(neo_teleop2) by extensions ['colcon_meta']
[0.602s] Level 1:colcon.colcon_core.package_identification:_identify(neo_teleop2) by extension 'colcon_meta'
[0.602s] Level 1:colcon.colcon_core.package_identification:_identify(neo_teleop2) by extensions ['ros']
[0.602s] Level 1:colcon.colcon_core.package_identification:_identify(neo_teleop2) by extension 'ros'
[0.603s] DEBUG:colcon.colcon_core.package_identification:Package 'neo_teleop2' with type 'ros.ament_cmake' and name 'neo_teleop2'
[0.603s] Level 1:colcon.colcon_core.package_identification:_identify(topic_publisher) by extensions ['ignore', 'ignore_ament_install']
[0.603s] Level 1:colcon.colcon_core.package_identification:_identify(topic_publisher) by extension 'ignore'
[0.603s] Level 1:colcon.colcon_core.package_identification:_identify(topic_publisher) by extension 'ignore_ament_install'
[0.603s] Level 1:colcon.colcon_core.package_identification:_identify(topic_publisher) by extensions ['colcon_pkg']
[0.603s] Level 1:colcon.colcon_core.package_identification:_identify(topic_publisher) by extension 'colcon_pkg'
[0.603s] Level 1:colcon.colcon_core.package_identification:_identify(topic_publisher) by extensions ['colcon_meta']
[0.603s] Level 1:colcon.colcon_core.package_identification:_identify(topic_publisher) by extension 'colcon_meta'
[0.603s] Level 1:colcon.colcon_core.package_identification:_identify(topic_publisher) by extensions ['ros']
[0.603s] Level 1:colcon.colcon_core.package_identification:_identify(topic_publisher) by extension 'ros'
[0.603s] DEBUG:colcon.colcon_core.package_identification:Package 'topic_publisher' with type 'ros.ament_cmake' and name 'topic_publisher'
[0.603s] Level 1:colcon.colcon_core.package_identification:_identify(topic_subscriber) by extensions ['ignore', 'ignore_ament_install']
[0.603s] Level 1:colcon.colcon_core.package_identification:_identify(topic_subscriber) by extension 'ignore'
[0.603s] Level 1:colcon.colcon_core.package_identification:_identify(topic_subscriber) by extension 'ignore_ament_install'
[0.603s] Level 1:colcon.colcon_core.package_identification:_identify(topic_subscriber) by extensions ['colcon_pkg']
[0.603s] Level 1:colcon.colcon_core.package_identification:_identify(topic_subscriber) by extension 'colcon_pkg'
[0.603s] Level 1:colcon.colcon_core.package_identification:_identify(topic_subscriber) by extensions ['colcon_meta']
[0.603s] Level 1:colcon.colcon_core.package_identification:_identify(topic_subscriber) by extension 'colcon_meta'
[0.603s] Level 1:colcon.colcon_core.package_identification:_identify(topic_subscriber) by extensions ['ros']
[0.603s] Level 1:colcon.colcon_core.package_identification:_identify(topic_subscriber) by extension 'ros'
[0.604s] DEBUG:colcon.colcon_core.package_identification:Package 'topic_subscriber' with type 'ros.ament_cmake' and name 'topic_subscriber'
[0.604s] Level 1:colcon.colcon_core.package_discovery:discover_packages(recursive) using defaults
[0.604s] Level 1:colcon.colcon_core.package_discovery:discover_packages(ignore) discover
[0.604s] Level 1:colcon.colcon_core.package_discovery:discover_packages(ignore) using defaults
[0.604s] Level 1:colcon.colcon_core.package_discovery:discover_packages(path) discover
[0.604s] Level 1:colcon.colcon_core.package_discovery:discover_packages(path) using defaults
[0.617s] INFO:colcon.colcon_core.package_selection:Skipping not selected package 'neo_common2' in 'neo_common2'
[0.617s] INFO:colcon.colcon_core.package_selection:Skipping not selected package 'neo_kinematics_mecanum2' in 'neo_kinematics_mecanum2'
[0.617s] INFO:colcon.colcon_core.package_selection:Skipping not selected package 'neo_msgs2' in 'neo_msgs2'
[0.617s] INFO:colcon.colcon_core.package_selection:Skipping not selected package 'neo_nav2_bringup' in 'neo_nav2_bringup'
[0.617s] INFO:colcon.colcon_core.package_selection:Skipping not selected package 'neo_teleop2' in 'neo_teleop2'
[0.617s] INFO:colcon.colcon_core.package_selection:Skipping not selected package 'topic_publisher' in 'topic_publisher'
[0.617s] INFO:colcon.colcon_core.package_selection:Skipping not selected package 'neo_mpo_500-2' in 'neo_mpo_500-2'
[0.617s] INFO:colcon.colcon_core.package_selection:Skipping not selected package 'neo_simulation2' in 'neo_simulation2'
[0.617s] INFO:colcon.colcon_core.package_selection:Skipping not selected package 'neo_srvs2' in 'neo_srvs2'
[0.617s] INFO:colcon.colcon_core.package_selection:Skipping not selected package 'neo_relayboard_v2-2' in 'neo_relayboard_v2-2'
[0.617s] Level 1:colcon.colcon_core.package_discovery:discover_packages(prefix_path) check parameters
[0.617s] Level 1:colcon.colcon_core.package_discovery:discover_packages(prefix_path) discover
[0.618s] DEBUG:colcon.colcon_installed_package_information.package_discovery:Found 10 installed packages in /home/charbel/mpo500_ws/install
[0.619s] DEBUG:colcon.colcon_installed_package_information.package_discovery:Found 336 installed packages in /opt/ros/humble
[0.626s] Level 1:colcon.colcon_core.package_discovery:discover_packages(prefix_path) using defaults
[0.912s] Level 5:colcon.colcon_core.verb:set package 'topic_subscriber' build argument 'cmake_args' from command line to 'None'
[0.912s] Level 5:colcon.colcon_core.verb:set package 'topic_subscriber' build argument 'cmake_target' from command line to 'None'
[0.912s] Level 5:colcon.colcon_core.verb:set package 'topic_subscriber' build argument 'cmake_target_skip_unavailable' from command line to 'False'
[0.912s] Level 5:colcon.colcon_core.verb:set package 'topic_subscriber' build argument 'cmake_clean_cache' from command line to 'False'
[0.913s] Level 5:colcon.colcon_core.verb:set package 'topic_subscriber' build argument 'cmake_clean_first' from command line to 'False'
[0.913s] Level 5:colcon.colcon_core.verb:set package 'topic_subscriber' build argument 'cmake_force_configure' from command line to 'False'
[0.913s] Level 5:colcon.colcon_core.verb:set package 'topic_subscriber' build argument 'ament_cmake_args' from command line to 'None'
[0.913s] Level 5:colcon.colcon_core.verb:set package 'topic_subscriber' build argument 'catkin_cmake_args' from command line to 'None'
[0.913s] Level 5:colcon.colcon_core.verb:set package 'topic_subscriber' build argument 'catkin_skip_building_tests' from command line to 'False'
[0.913s] DEBUG:colcon.colcon_core.verb:Building package 'topic_subscriber' with the following arguments: {'ament_cmake_args': None, 'build_base': '/home/charbel/mpo500_ws/src/build/topic_subscriber', 'catkin_cmake_args': None, 'catkin_skip_building_tests': False, 'cmake_args': None, 'cmake_clean_cache': False, 'cmake_clean_first': False, 'cmake_force_configure': False, 'cmake_target': None, 'cmake_target_skip_unavailable': False, 'install_base': '/home/charbel/mpo500_ws/src/install/topic_subscriber', 'merge_install': False, 'path': '/home/charbel/mpo500_ws/src/topic_subscriber', 'symlink_install': False, 'test_result_base': None}
[0.913s] INFO:colcon.colcon_core.executor:Executing jobs using 'parallel' executor
[0.913s] DEBUG:colcon.colcon_parallel_executor.executor.parallel:run_until_complete
[0.913s] INFO:colcon.colcon_ros.task.ament_cmake.build:Building ROS package in '/home/charbel/mpo500_ws/src/topic_subscriber' with build type 'ament_cmake'
[0.914s] INFO:colcon.colcon_cmake.task.cmake.build:Building CMake package in '/home/charbel/mpo500_ws/src/topic_subscriber'
[0.915s] INFO:colcon.colcon_core.plugin_system:Skipping extension 'colcon_core.shell.bat': Not used on non-Windows systems
[0.916s] INFO:colcon.colcon_core.shell:Skip shell extension 'powershell' for command environment: Not usable outside of PowerShell
[0.916s] DEBUG:colcon.colcon_core.shell:Skip shell extension 'dsv' for command environment
[0.922s] DEBUG:colcon.colcon_core.event_handler.log_command:Invoking command in '/home/charbel/mpo500_ws/src/build/topic_subscriber': CMAKE_PREFIX_PATH=${CMAKE_PREFIX_PATH}:/opt/ros/humble /usr/bin/cmake /home/charbel/mpo500_ws/src/topic_subscriber -DCMAKE_INSTALL_PREFIX=/home/charbel/mpo500_ws/src/install/topic_subscriber
[2.513s] DEBUG:colcon.colcon_core.event_handler.log_command:Invoked command in '/home/charbel/mpo500_ws/src/build/topic_subscriber' returned '0': CMAKE_PREFIX_PATH=${CMAKE_PREFIX_PATH}:/opt/ros/humble /usr/bin/cmake /home/charbel/mpo500_ws/src/topic_subscriber -DCMAKE_INSTALL_PREFIX=/home/charbel/mpo500_ws/src/install/topic_subscriber
[2.514s] DEBUG:colcon.colcon_core.event_handler.log_command:Invoking command in '/home/charbel/mpo500_ws/src/build/topic_subscriber': CMAKE_PREFIX_PATH=${CMAKE_PREFIX_PATH}:/opt/ros/humble /usr/bin/cmake --build /home/charbel/mpo500_ws/src/build/topic_subscriber -- -j16 -l16
[2.548s] DEBUG:colcon.colcon_core.event_handler.log_command:Invoked command in '/home/charbel/mpo500_ws/src/build/topic_subscriber' returned '0': CMAKE_PREFIX_PATH=${CMAKE_PREFIX_PATH}:/opt/ros/humble /usr/bin/cmake --build /home/charbel/mpo500_ws/src/build/topic_subscriber -- -j16 -l16
[2.596s] DEBUG:colcon.colcon_core.event_handler.log_command:Invoking command in '/home/charbel/mpo500_ws/src/build/topic_subscriber': CMAKE_PREFIX_PATH=${CMAKE_PREFIX_PATH}:/opt/ros/humble /usr/bin/cmake --install /home/charbel/mpo500_ws/src/build/topic_subscriber
[2.604s] Level 1:colcon.colcon_core.environment:create_environment_scripts_only(topic_subscriber)
[2.604s] DEBUG:colcon.colcon_core.event_handler.log_command:Invoked command in '/home/charbel/mpo500_ws/src/build/topic_subscriber' returned '0': CMAKE_PREFIX_PATH=${CMAKE_PREFIX_PATH}:/opt/ros/humble /usr/bin/cmake --install /home/charbel/mpo500_ws/src/build/topic_subscriber
[2.607s] Level 1:colcon.colcon_core.environment:checking '/home/charbel/mpo500_ws/src/install/topic_subscriber' for CMake module files
[2.607s] Level 1:colcon.colcon_core.environment:checking '/home/charbel/mpo500_ws/src/install/topic_subscriber' for CMake config files
[2.607s] Level 1:colcon.colcon_core.shell:create_environment_hook('topic_subscriber', 'cmake_prefix_path')
[2.607s] INFO:colcon.colcon_core.shell:Creating environment hook '/home/charbel/mpo500_ws/src/install/topic_subscriber/share/topic_subscriber/hook/cmake_prefix_path.ps1'
[2.608s] INFO:colcon.colcon_core.shell:Creating environment descriptor '/home/charbel/mpo500_ws/src/install/topic_subscriber/share/topic_subscriber/hook/cmake_prefix_path.dsv'
[2.608s] INFO:colcon.colcon_core.shell:Creating environment hook '/home/charbel/mpo500_ws/src/install/topic_subscriber/share/topic_subscriber/hook/cmake_prefix_path.sh'
[2.609s] Level 1:colcon.colcon_core.environment:checking '/home/charbel/mpo500_ws/src/install/topic_subscriber/bin'
[2.609s] Level 1:colcon.colcon_core.environment:checking '/home/charbel/mpo500_ws/src/install/topic_subscriber/lib/pkgconfig/topic_subscriber.pc'
[2.609s] Level 1:colcon.colcon_core.environment:checking '/home/charbel/mpo500_ws/src/install/topic_subscriber/lib/python3.10/site-packages'
[2.610s] Level 1:colcon.colcon_core.environment:checking '/home/charbel/mpo500_ws/src/install/topic_subscriber/bin'
[2.610s] INFO:colcon.colcon_core.shell:Creating package script '/home/charbel/mpo500_ws/src/install/topic_subscriber/share/topic_subscriber/package.ps1'
[2.610s] INFO:colcon.colcon_core.shell:Creating package descriptor '/home/charbel/mpo500_ws/src/install/topic_subscriber/share/topic_subscriber/package.dsv'
[2.611s] INFO:colcon.colcon_core.shell:Creating package script '/home/charbel/mpo500_ws/src/install/topic_subscriber/share/topic_subscriber/package.sh'
[2.611s] INFO:colcon.colcon_core.shell:Creating package script '/home/charbel/mpo500_ws/src/install/topic_subscriber/share/topic_subscriber/package.bash'
[2.612s] INFO:colcon.colcon_core.shell:Creating package script '/home/charbel/mpo500_ws/src/install/topic_subscriber/share/topic_subscriber/package.zsh'
[2.613s] Level 1:colcon.colcon_core.environment:create_file_with_runtime_dependencies(/home/charbel/mpo500_ws/src/install/topic_subscriber/share/colcon-core/packages/topic_subscriber)
[2.632s] Level 1:colcon.colcon_core.environment:create_environment_scripts_only(topic_subscriber)
[2.632s] Level 1:colcon.colcon_core.environment:checking '/home/charbel/mpo500_ws/src/install/topic_subscriber' for CMake module files
[2.633s] Level 1:colcon.colcon_core.environment:checking '/home/charbel/mpo500_ws/src/install/topic_subscriber' for CMake config files
[2.633s] Level 1:colcon.colcon_core.shell:create_environment_hook('topic_subscriber', 'cmake_prefix_path')
[2.633s] INFO:colcon.colcon_core.shell:Creating environment hook '/home/charbel/mpo500_ws/src/install/topic_subscriber/share/topic_subscriber/hook/cmake_prefix_path.ps1'
[2.634s] INFO:colcon.colcon_core.shell:Creating environment descriptor '/home/charbel/mpo500_ws/src/install/topic_subscriber/share/topic_subscriber/hook/cmake_prefix_path.dsv'
[2.634s] INFO:colcon.colcon_core.shell:Creating environment hook '/home/charbel/mpo500_ws/src/install/topic_subscriber/share/topic_subscriber/hook/cmake_prefix_path.sh'
[2.634s] Level 1:colcon.colcon_core.environment:checking '/home/charbel/mpo500_ws/src/install/topic_subscriber/bin'
[2.634s] Level 1:colcon.colcon_core.environment:checking '/home/charbel/mpo500_ws/src/install/topic_subscriber/lib/pkgconfig/topic_subscriber.pc'
[2.635s] Level 1:colcon.colcon_core.environment:checking '/home/charbel/mpo500_ws/src/install/topic_subscriber/lib/python3.10/site-packages'
[2.635s] Level 1:colcon.colcon_core.environment:checking '/home/charbel/mpo500_ws/src/install/topic_subscriber/bin'
[2.635s] INFO:colcon.colcon_core.shell:Creating package script '/home/charbel/mpo500_ws/src/install/topic_subscriber/share/topic_subscriber/package.ps1'
[2.636s] INFO:colcon.colcon_core.shell:Creating package descriptor '/home/charbel/mpo500_ws/src/install/topic_subscriber/share/topic_subscriber/package.dsv'
[2.636s] INFO:colcon.colcon_core.shell:Creating package script '/home/charbel/mpo500_ws/src/install/topic_subscriber/share/topic_subscriber/package.sh'
[2.637s] INFO:colcon.colcon_core.shell:Creating package script '/home/charbel/mpo500_ws/src/install/topic_subscriber/share/topic_subscriber/package.bash'
[2.637s] INFO:colcon.colcon_core.shell:Creating package script '/home/charbel/mpo500_ws/src/install/topic_subscriber/share/topic_subscriber/package.zsh'
[2.638s] Level 1:colcon.colcon_core.environment:create_file_with_runtime_dependencies(/home/charbel/mpo500_ws/src/install/topic_subscriber/share/colcon-core/packages/topic_subscriber)
[2.638s] DEBUG:colcon.colcon_parallel_executor.executor.parallel:closing loop
[2.638s] DEBUG:colcon.colcon_parallel_executor.executor.parallel:loop closed
[2.639s] DEBUG:colcon.colcon_parallel_executor.executor.parallel:run_until_complete finished with '0'
[2.639s] DEBUG:colcon.colcon_core.event_reactor:joining thread
[2.646s] INFO:colcon.colcon_core.plugin_system:Skipping extension 'colcon_notification.desktop_notification.terminal_notifier': Not used on non-Darwin systems
[2.647s] INFO:colcon.colcon_core.plugin_system:Skipping extension 'colcon_notification.desktop_notification.win32': Not used on non-Windows systems
[2.647s] INFO:colcon.colcon_notification.desktop_notification:Sending desktop notification using 'notify2'
[2.657s] DEBUG:colcon.colcon_core.event_reactor:joined thread
[2.657s] INFO:colcon.colcon_core.shell:Creating prefix script '/home/charbel/mpo500_ws/src/install/local_setup.ps1'
[2.658s] INFO:colcon.colcon_core.shell:Creating prefix util module '/home/charbel/mpo500_ws/src/install/_local_setup_util_ps1.py'
[2.659s] INFO:colcon.colcon_core.shell:Creating prefix chain script '/home/charbel/mpo500_ws/src/install/setup.ps1'
[2.659s] INFO:colcon.colcon_core.shell:Creating prefix script '/home/charbel/mpo500_ws/src/install/local_setup.sh'
[2.660s] INFO:colcon.colcon_core.shell:Creating prefix util module '/home/charbel/mpo500_ws/src/install/_local_setup_util_sh.py'
[2.660s] INFO:colcon.colcon_core.shell:Creating prefix chain script '/home/charbel/mpo500_ws/src/install/setup.sh'
[2.661s] INFO:colcon.colcon_core.shell:Creating prefix script '/home/charbel/mpo500_ws/src/install/local_setup.bash'
[2.661s] INFO:colcon.colcon_core.shell:Creating prefix chain script '/home/charbel/mpo500_ws/src/install/setup.bash'
[2.662s] INFO:colcon.colcon_core.shell:Creating prefix script '/home/charbel/mpo500_ws/src/install/local_setup.zsh'
[2.662s] INFO:colcon.colcon_core.shell:Creating prefix chain script '/home/charbel/mpo500_ws/src/install/setup.zsh'
