[0.008s] Invoking command in '/home/charbel/mpo500_ws/src/build/topic_publisher': CMAKE_PREFIX_PATH=${CMAKE_PREFIX_PATH}:/opt/ros/humble /usr/bin/cmake /home/charbel/mpo500_ws/src/topic_publisher -DCMAKE_INSTALL_PREFIX=/home/charbel/mpo500_ws/src/install/topic_publisher
[0.269s] -- The C compiler identification is GNU 11.4.0
[0.269s] -- The CXX compiler identification is GNU 11.4.0
[0.273s] -- Detecting C compiler ABI info
[0.377s] -- Detecting C compiler ABI info - done
[0.385s] -- Check for working C compiler: /usr/bin/cc - skipped
[0.386s] -- Detecting C compile features
[0.386s] -- Detecting C compile features - done
[0.389s] -- Detecting CXX compiler ABI info
[0.502s] -- Detecting CXX compiler ABI info - done
[0.507s] -- Check for working CXX compiler: /usr/bin/c++ - skipped
[0.507s] -- Detecting CXX compile features
[0.507s] -- Detecting CXX compile features - done
[0.512s] -- Found ament_cmake: 1.3.10 (/opt/ros/humble/share/ament_cmake/cmake)
[0.640s] -- Found Python3: /usr/bin/python3 (found version "3.10.12") found components: Interpreter 
[0.727s] -- Found rclcpp: 16.0.10 (/opt/ros/humble/share/rclcpp/cmake)
[0.772s] -- Found rosidl_generator_c: 3.1.5 (/opt/ros/humble/share/rosidl_generator_c/cmake)
[0.777s] -- Found rosidl_adapter: 3.1.5 (/opt/ros/humble/share/rosidl_adapter/cmake)
[0.784s] -- Found rosidl_generator_cpp: 3.1.5 (/opt/ros/humble/share/rosidl_generator_cpp/cmake)
[0.795s] -- Using all available rosidl_typesupport_c: rosidl_typesupport_fastrtps_c;rosidl_typesupport_introspection_c
[0.809s] -- Using all available rosidl_typesupport_cpp: rosidl_typesupport_fastrtps_cpp;rosidl_typesupport_introspection_cpp
[0.847s] -- Found rmw_implementation_cmake: 6.1.2 (/opt/ros/humble/share/rmw_implementation_cmake/cmake)
[0.849s] -- Found rmw_fastrtps_cpp: 6.2.7 (/opt/ros/humble/share/rmw_fastrtps_cpp/cmake)
[0.951s] -- Found OpenSSL: /usr/lib/x86_64-linux-gnu/libcrypto.so (found version "3.0.2")  
[0.977s] -- Found FastRTPS: /opt/ros/humble/include  
[1.017s] -- Using RMW implementation 'rmw_fastrtps_cpp' as default
[1.027s] -- Looking for pthread.h
[1.125s] -- Looking for pthread.h - found
[1.125s] -- Performing Test CMAKE_HAVE_LIBC_PTHREAD
[1.242s] -- Performing Test CMAKE_HAVE_LIBC_PTHREAD - Success
[1.244s] -- Found Threads: TRUE  
[1.302s] -- Found ament_lint_auto: 0.12.11 (/opt/ros/humble/share/ament_lint_auto/cmake)
[1.366s] -- Added test 'lint_cmake' to check CMake code style
[1.368s] -- Added test 'xmllint' to check XML markup files
[1.369s] -- Configuring done
[1.371s] -- Generating done
[1.372s] -- Build files have been written to: /home/charbel/mpo500_ws/src/build/topic_publisher
[1.378s] Invoked command in '/home/charbel/mpo500_ws/src/build/topic_publisher' returned '0': CMAKE_PREFIX_PATH=${CMAKE_PREFIX_PATH}:/opt/ros/humble /usr/bin/cmake /home/charbel/mpo500_ws/src/topic_publisher -DCMAKE_INSTALL_PREFIX=/home/charbel/mpo500_ws/src/install/topic_publisher
[1.379s] Invoking command in '/home/charbel/mpo500_ws/src/build/topic_publisher': CMAKE_PREFIX_PATH=${CMAKE_PREFIX_PATH}:/opt/ros/humble /usr/bin/cmake --build /home/charbel/mpo500_ws/src/build/topic_publisher -- -j16 -l16
[1.417s] Invoked command in '/home/charbel/mpo500_ws/src/build/topic_publisher' returned '0': CMAKE_PREFIX_PATH=${CMAKE_PREFIX_PATH}:/opt/ros/humble /usr/bin/cmake --build /home/charbel/mpo500_ws/src/build/topic_publisher -- -j16 -l16
[1.468s] Invoking command in '/home/charbel/mpo500_ws/src/build/topic_publisher': CMAKE_PREFIX_PATH=${CMAKE_PREFIX_PATH}:/opt/ros/humble /usr/bin/cmake --install /home/charbel/mpo500_ws/src/build/topic_publisher
[1.473s] -- Install configuration: ""
[1.473s] -- Installing: /home/charbel/mpo500_ws/src/install/topic_publisher/share/ament_index/resource_index/package_run_dependencies/topic_publisher
[1.473s] -- Installing: /home/charbel/mpo500_ws/src/install/topic_publisher/share/ament_index/resource_index/parent_prefix_path/topic_publisher
[1.473s] -- Installing: /home/charbel/mpo500_ws/src/install/topic_publisher/share/topic_publisher/environment/ament_prefix_path.sh
[1.473s] -- Installing: /home/charbel/mpo500_ws/src/install/topic_publisher/share/topic_publisher/environment/ament_prefix_path.dsv
[1.473s] -- Installing: /home/charbel/mpo500_ws/src/install/topic_publisher/share/topic_publisher/environment/path.sh
[1.473s] -- Installing: /home/charbel/mpo500_ws/src/install/topic_publisher/share/topic_publisher/environment/path.dsv
[1.473s] -- Installing: /home/charbel/mpo500_ws/src/install/topic_publisher/share/topic_publisher/local_setup.bash
[1.474s] -- Installing: /home/charbel/mpo500_ws/src/install/topic_publisher/share/topic_publisher/local_setup.sh
[1.474s] -- Installing: /home/charbel/mpo500_ws/src/install/topic_publisher/share/topic_publisher/local_setup.zsh
[1.474s] -- Installing: /home/charbel/mpo500_ws/src/install/topic_publisher/share/topic_publisher/local_setup.dsv
[1.474s] -- Installing: /home/charbel/mpo500_ws/src/install/topic_publisher/share/topic_publisher/package.dsv
[1.474s] -- Installing: /home/charbel/mpo500_ws/src/install/topic_publisher/share/ament_index/resource_index/packages/topic_publisher
[1.474s] -- Installing: /home/charbel/mpo500_ws/src/install/topic_publisher/share/topic_publisher/cmake/topic_publisherConfig.cmake
[1.474s] -- Installing: /home/charbel/mpo500_ws/src/install/topic_publisher/share/topic_publisher/cmake/topic_publisherConfig-version.cmake
[1.474s] -- Installing: /home/charbel/mpo500_ws/src/install/topic_publisher/share/topic_publisher/package.xml
[1.475s] Invoked command in '/home/charbel/mpo500_ws/src/build/topic_publisher' returned '0': CMAKE_PREFIX_PATH=${CMAKE_PREFIX_PATH}:/opt/ros/humble /usr/bin/cmake --install /home/charbel/mpo500_ws/src/build/topic_publisher
