[0.020s] Invoking command in '/home/charbel/mpo500_ws/build/neo_msgs2': CMAKE_PREFIX_PATH=${CMAKE_PREFIX_PATH}:/opt/ros/humble /usr/bin/cmake /home/charbel/mpo500_ws/src/neo_msgs2 -DCMAKE_INSTALL_PREFIX=/home/charbel/mpo500_ws/install/neo_msgs2
[0.110s] -- The C compiler identification is GNU 11.4.0
[0.155s] -- The CXX compiler identification is GNU 11.4.0
[0.162s] -- Detecting C compiler ABI info
[0.206s] -- Detecting C compiler ABI info - done
[0.212s] -- Check for working C compiler: /usr/bin/cc - skipped
[0.212s] -- Detecting C compile features
[0.213s] -- Detecting C compile features - done
[0.215s] -- Detecting CXX compiler ABI info
[0.266s] -- Detecting CXX compiler ABI info - done
[0.271s] -- Check for working CXX compiler: /usr/bin/c++ - skipped
[0.271s] -- Detecting CXX compile features
[0.271s] -- Detecting CXX compile features - done
[0.272s] -- Found geometry_msgs: 4.2.4 (/opt/ros/humble/share/geometry_msgs/cmake)
[0.379s] -- Found Python3: /usr/bin/python3 (found version "3.10.12") found components: Interpreter 
[0.459s] -- Found rosidl_generator_c: 3.1.5 (/opt/ros/humble/share/rosidl_generator_c/cmake)
[0.462s] -- Found rosidl_adapter: 3.1.5 (/opt/ros/humble/share/rosidl_adapter/cmake)
[0.467s] -- Found rosidl_generator_cpp: 3.1.5 (/opt/ros/humble/share/rosidl_generator_cpp/cmake)
[0.475s] -- Using all available rosidl_typesupport_c: rosidl_typesupport_fastrtps_c;rosidl_typesupport_introspection_c
[0.485s] -- Using all available rosidl_typesupport_cpp: rosidl_typesupport_fastrtps_cpp;rosidl_typesupport_introspection_cpp
[0.510s] -- Found rosidl_default_generators: 1.2.0 (/opt/ros/humble/share/rosidl_default_generators/cmake)
[0.757s] -- Found ament_cmake_ros: 0.10.0 (/opt/ros/humble/share/ament_cmake_ros/cmake)
[1.055s] -- Using all available rosidl_typesupport_c: rosidl_typesupport_fastrtps_c;rosidl_typesupport_introspection_c
[1.210s] -- Using all available rosidl_typesupport_cpp: rosidl_typesupport_fastrtps_cpp;rosidl_typesupport_introspection_cpp
[1.230s] -- Found PythonInterp: /usr/bin/python3 (found suitable version "3.10.12", minimum required is "3.6") 
[1.232s] -- Found python_cmake_module: 0.10.0 (/opt/ros/humble/share/python_cmake_module/cmake)
[1.255s] -- Found PythonLibs: /usr/lib/x86_64-linux-gnu/libpython3.10.so (found suitable version "3.10.12", minimum required is "3.5") 
[1.255s] -- Using PYTHON_EXECUTABLE: /usr/bin/python3
[1.256s] -- Using PYTHON_INCLUDE_DIRS: /usr/include/python3.10
[1.256s] -- Using PYTHON_LIBRARIES: /usr/lib/x86_64-linux-gnu/libpython3.10.so
[1.271s] -- Found PythonExtra: .so  
[1.321s] -- Configuring done
[1.350s] -- Generating done
[1.352s] -- Build files have been written to: /home/charbel/mpo500_ws/build/neo_msgs2
[1.358s] Invoked command in '/home/charbel/mpo500_ws/build/neo_msgs2' returned '0': CMAKE_PREFIX_PATH=${CMAKE_PREFIX_PATH}:/opt/ros/humble /usr/bin/cmake /home/charbel/mpo500_ws/src/neo_msgs2 -DCMAKE_INSTALL_PREFIX=/home/charbel/mpo500_ws/install/neo_msgs2
[1.360s] Invoking command in '/home/charbel/mpo500_ws/build/neo_msgs2': CMAKE_PREFIX_PATH=${CMAKE_PREFIX_PATH}:/opt/ros/humble /usr/bin/cmake --build /home/charbel/mpo500_ws/build/neo_msgs2 -- -j16 -l16
[1.402s] [  1%] [34m[1mGenerating C code for ROS interfaces[0m
[1.411s] [  1%] [34m[1mGenerating C++ code for ROS interfaces[0m
[1.417s] [  1%] Built target ament_cmake_python_copy_neo_msgs2
[1.566s] running egg_info
[1.567s] creating neo_msgs2.egg-info
[1.567s] writing neo_msgs2.egg-info/PKG-INFO
[1.567s] writing dependency_links to neo_msgs2.egg-info/dependency_links.txt
[1.567s] writing top-level names to neo_msgs2.egg-info/top_level.txt
[1.567s] writing manifest file 'neo_msgs2.egg-info/SOURCES.txt'
[1.568s] reading manifest file 'neo_msgs2.egg-info/SOURCES.txt'
[1.569s] writing manifest file 'neo_msgs2.egg-info/SOURCES.txt'
[1.586s] [  1%] Built target ament_cmake_python_build_neo_msgs2_egg
[2.410s] [  2%] [32mBuilding C object CMakeFiles/neo_msgs2__rosidl_generator_c.dir/rosidl_generator_c/neo_msgs2/msg/detail/lcd_output__functions.c.o[0m
[2.410s] [  3%] [32mBuilding C object CMakeFiles/neo_msgs2__rosidl_generator_c.dir/rosidl_generator_c/neo_msgs2/msg/detail/io_board__functions.c.o[0m
[2.410s] [  4%] [32mBuilding C object CMakeFiles/neo_msgs2__rosidl_generator_c.dir/rosidl_generator_c/neo_msgs2/msg/detail/us_board__functions.c.o[0m
[2.410s] [  5%] [32mBuilding C object CMakeFiles/neo_msgs2__rosidl_generator_c.dir/rosidl_generator_c/neo_msgs2/msg/detail/safety_state__functions.c.o[0m
[2.410s] [  6%] [32mBuilding C object CMakeFiles/neo_msgs2__rosidl_generator_c.dir/rosidl_generator_c/neo_msgs2/msg/detail/safety_mode__functions.c.o[0m
[2.410s] [  6%] [32mBuilding C object CMakeFiles/neo_msgs2__rosidl_generator_c.dir/rosidl_generator_c/neo_msgs2/msg/detail/keypad__functions.c.o[0m
[2.411s] [  7%] [32mBuilding C object CMakeFiles/neo_msgs2__rosidl_generator_c.dir/rosidl_generator_c/neo_msgs2/msg/detail/kinematics_state__functions.c.o[0m
[2.411s] [  8%] [32mBuilding C object CMakeFiles/neo_msgs2__rosidl_generator_c.dir/rosidl_generator_c/neo_msgs2/msg/detail/us_board_v2__functions.c.o[0m
[2.413s] [ 10%] [32mBuilding C object CMakeFiles/neo_msgs2__rosidl_generator_c.dir/rosidl_generator_c/neo_msgs2/msg/detail/relay_board_v2__functions.c.o[0m
[2.413s] [ 10%] [32mBuilding C object CMakeFiles/neo_msgs2__rosidl_generator_c.dir/rosidl_generator_c/neo_msgs2/msg/detail/relay_board_v3__functions.c.o[0m
[2.413s] [ 11%] [32mBuilding C object CMakeFiles/neo_msgs2__rosidl_generator_c.dir/rosidl_generator_c/neo_msgs2/msg/detail/emergency_stop_state__functions.c.o[0m
[2.470s] [ 12%] [32m[1mLinking C shared library libneo_msgs2__rosidl_generator_c.so[0m
[2.503s] [ 12%] Built target neo_msgs2__rosidl_generator_c
[2.512s] [ 13%] [34m[1mGenerating C type support dispatch for ROS interfaces[0m
[2.514s] [ 15%] [34m[1mGenerating C type support for eProsima Fast-RTPS[0m
[2.514s] [ 15%] [34m[1mGenerating C introspection for ROS interfaces[0m
[2.680s] [ 15%] Built target neo_msgs2__cpp
[2.687s] [ 15%] [34m[1mGenerating C++ type support for eProsima Fast-RTPS[0m
[2.691s] [ 16%] [34m[1mGenerating C++ type support dispatch for ROS interfaces[0m
[2.691s] [ 17%] [34m[1mGenerating C++ introspection for ROS interfaces[0m
[3.261s] [ 19%] [32mBuilding CXX object CMakeFiles/neo_msgs2__rosidl_typesupport_c.dir/rosidl_typesupport_c/neo_msgs2/msg/relay_board_v2__type_support.cpp.o[0m
[3.261s] [ 19%] [32mBuilding CXX object CMakeFiles/neo_msgs2__rosidl_typesupport_c.dir/rosidl_typesupport_c/neo_msgs2/msg/lcd_output__type_support.cpp.o[0m
[3.261s] [ 20%] [32mBuilding CXX object CMakeFiles/neo_msgs2__rosidl_typesupport_c.dir/rosidl_typesupport_c/neo_msgs2/msg/us_board_v2__type_support.cpp.o[0m
[3.261s] [ 19%] [32mBuilding CXX object CMakeFiles/neo_msgs2__rosidl_typesupport_c.dir/rosidl_typesupport_c/neo_msgs2/msg/emergency_stop_state__type_support.cpp.o[0m
[3.263s] [ 21%] [32mBuilding CXX object CMakeFiles/neo_msgs2__rosidl_typesupport_c.dir/rosidl_typesupport_c/neo_msgs2/msg/keypad__type_support.cpp.o[0m
[3.263s] [ 23%] [32mBuilding CXX object CMakeFiles/neo_msgs2__rosidl_typesupport_c.dir/rosidl_typesupport_c/neo_msgs2/msg/safety_state__type_support.cpp.o[0m
[3.263s] [ 22%] [32mBuilding CXX object CMakeFiles/neo_msgs2__rosidl_typesupport_c.dir/rosidl_typesupport_c/neo_msgs2/msg/io_board__type_support.cpp.o[0m
[3.264s] [ 24%] [32mBuilding CXX object CMakeFiles/neo_msgs2__rosidl_typesupport_c.dir/rosidl_typesupport_c/neo_msgs2/msg/us_board__type_support.cpp.o[0m
[3.265s] [ 25%] [32mBuilding CXX object CMakeFiles/neo_msgs2__rosidl_typesupport_c.dir/rosidl_typesupport_c/neo_msgs2/msg/safety_mode__type_support.cpp.o[0m
[3.268s] [ 26%] [32mBuilding CXX object CMakeFiles/neo_msgs2__rosidl_typesupport_c.dir/rosidl_typesupport_c/neo_msgs2/msg/relay_board_v3__type_support.cpp.o[0m
[3.270s] [ 27%] [32mBuilding CXX object CMakeFiles/neo_msgs2__rosidl_typesupport_c.dir/rosidl_typesupport_c/neo_msgs2/msg/kinematics_state__type_support.cpp.o[0m
[3.306s] [ 28%] [32m[1mLinking CXX shared library libneo_msgs2__rosidl_typesupport_c.so[0m
[3.332s] [ 28%] Built target neo_msgs2__rosidl_typesupport_c
[3.591s] [ 30%] [32mBuilding CXX object CMakeFiles/neo_msgs2__rosidl_typesupport_fastrtps_cpp.dir/rosidl_typesupport_fastrtps_cpp/neo_msgs2/msg/detail/dds_fastrtps/relay_board_v2__type_support.cpp.o[0m
[3.591s] [ 30%] [32mBuilding CXX object CMakeFiles/neo_msgs2__rosidl_typesupport_fastrtps_cpp.dir/rosidl_typesupport_fastrtps_cpp/neo_msgs2/msg/detail/dds_fastrtps/emergency_stop_state__type_support.cpp.o[0m
[3.593s] [ 31%] [32mBuilding CXX object CMakeFiles/neo_msgs2__rosidl_typesupport_fastrtps_cpp.dir/rosidl_typesupport_fastrtps_cpp/neo_msgs2/msg/detail/dds_fastrtps/lcd_output__type_support.cpp.o[0m
[3.593s] [ 32%] [32mBuilding CXX object CMakeFiles/neo_msgs2__rosidl_typesupport_fastrtps_cpp.dir/rosidl_typesupport_fastrtps_cpp/neo_msgs2/msg/detail/dds_fastrtps/safety_mode__type_support.cpp.o[0m
[3.593s] [ 33%] [32mBuilding CXX object CMakeFiles/neo_msgs2__rosidl_typesupport_fastrtps_cpp.dir/rosidl_typesupport_fastrtps_cpp/neo_msgs2/msg/detail/dds_fastrtps/us_board__type_support.cpp.o[0m
[3.593s] [ 34%] [32mBuilding CXX object CMakeFiles/neo_msgs2__rosidl_typesupport_fastrtps_cpp.dir/rosidl_typesupport_fastrtps_cpp/neo_msgs2/msg/detail/dds_fastrtps/us_board_v2__type_support.cpp.o[0m
[3.593s] [ 35%] [32mBuilding CXX object CMakeFiles/neo_msgs2__rosidl_typesupport_fastrtps_cpp.dir/rosidl_typesupport_fastrtps_cpp/neo_msgs2/msg/detail/dds_fastrtps/keypad__type_support.cpp.o[0m
[3.593s] [ 36%] [32mBuilding CXX object CMakeFiles/neo_msgs2__rosidl_typesupport_fastrtps_cpp.dir/rosidl_typesupport_fastrtps_cpp/neo_msgs2/msg/detail/dds_fastrtps/io_board__type_support.cpp.o[0m
[3.593s] [ 37%] [32mBuilding CXX object CMakeFiles/neo_msgs2__rosidl_typesupport_fastrtps_cpp.dir/rosidl_typesupport_fastrtps_cpp/neo_msgs2/msg/detail/dds_fastrtps/safety_state__type_support.cpp.o[0m
[3.598s] [ 37%] [32mBuilding CXX object CMakeFiles/neo_msgs2__rosidl_typesupport_fastrtps_cpp.dir/rosidl_typesupport_fastrtps_cpp/neo_msgs2/msg/detail/dds_fastrtps/relay_board_v3__type_support.cpp.o[0m
[3.598s] [ 38%] [32mBuilding CXX object CMakeFiles/neo_msgs2__rosidl_typesupport_fastrtps_cpp.dir/rosidl_typesupport_fastrtps_cpp/neo_msgs2/msg/detail/dds_fastrtps/kinematics_state__type_support.cpp.o[0m
[3.862s] [ 39%] [32mBuilding CXX object CMakeFiles/neo_msgs2__rosidl_typesupport_cpp.dir/rosidl_typesupport_cpp/neo_msgs2/msg/emergency_stop_state__type_support.cpp.o[0m
[3.868s] [ 40%] [32mBuilding CXX object CMakeFiles/neo_msgs2__rosidl_typesupport_cpp.dir/rosidl_typesupport_cpp/neo_msgs2/msg/keypad__type_support.cpp.o[0m
[3.990s] [ 41%] [32mBuilding CXX object CMakeFiles/neo_msgs2__rosidl_typesupport_cpp.dir/rosidl_typesupport_cpp/neo_msgs2/msg/lcd_output__type_support.cpp.o[0m
[4.003s] [ 42%] [32mBuilding CXX object CMakeFiles/neo_msgs2__rosidl_typesupport_cpp.dir/rosidl_typesupport_cpp/neo_msgs2/msg/relay_board_v2__type_support.cpp.o[0m
[4.034s] [ 43%] [32mBuilding CXX object CMakeFiles/neo_msgs2__rosidl_typesupport_cpp.dir/rosidl_typesupport_cpp/neo_msgs2/msg/us_board__type_support.cpp.o[0m
[4.048s] [ 44%] [32mBuilding CXX object CMakeFiles/neo_msgs2__rosidl_typesupport_cpp.dir/rosidl_typesupport_cpp/neo_msgs2/msg/us_board_v2__type_support.cpp.o[0m
[4.108s] [ 45%] [32mBuilding CXX object CMakeFiles/neo_msgs2__rosidl_typesupport_cpp.dir/rosidl_typesupport_cpp/neo_msgs2/msg/io_board__type_support.cpp.o[0m
[4.132s] [ 45%] [32mBuilding CXX object CMakeFiles/neo_msgs2__rosidl_typesupport_cpp.dir/rosidl_typesupport_cpp/neo_msgs2/msg/safety_mode__type_support.cpp.o[0m
[4.137s] [ 46%] [32mBuilding CXX object CMakeFiles/neo_msgs2__rosidl_typesupport_cpp.dir/rosidl_typesupport_cpp/neo_msgs2/msg/safety_state__type_support.cpp.o[0m
[4.156s] [ 47%] [32mBuilding CXX object CMakeFiles/neo_msgs2__rosidl_typesupport_cpp.dir/rosidl_typesupport_cpp/neo_msgs2/msg/relay_board_v3__type_support.cpp.o[0m
[4.209s] [ 48%] [32mBuilding CXX object CMakeFiles/neo_msgs2__rosidl_typesupport_cpp.dir/rosidl_typesupport_cpp/neo_msgs2/msg/kinematics_state__type_support.cpp.o[0m
[4.222s] [ 49%] [32mBuilding C object CMakeFiles/neo_msgs2__rosidl_typesupport_introspection_c.dir/rosidl_typesupport_introspection_c/neo_msgs2/msg/detail/emergency_stop_state__type_support.c.o[0m
[4.223s] [ 50%] [32mBuilding C object CMakeFiles/neo_msgs2__rosidl_typesupport_introspection_c.dir/rosidl_typesupport_introspection_c/neo_msgs2/msg/detail/keypad__type_support.c.o[0m
[4.231s] [ 51%] [32mBuilding C object CMakeFiles/neo_msgs2__rosidl_typesupport_introspection_c.dir/rosidl_typesupport_introspection_c/neo_msgs2/msg/detail/lcd_output__type_support.c.o[0m
[4.291s] [ 52%] [32mBuilding C object CMakeFiles/neo_msgs2__rosidl_typesupport_introspection_c.dir/rosidl_typesupport_introspection_c/neo_msgs2/msg/detail/us_board__type_support.c.o[0m
[4.292s] [ 53%] [32mBuilding C object CMakeFiles/neo_msgs2__rosidl_typesupport_introspection_c.dir/rosidl_typesupport_introspection_c/neo_msgs2/msg/detail/relay_board_v2__type_support.c.o[0m
[4.301s] [ 55%] [32mBuilding C object CMakeFiles/neo_msgs2__rosidl_typesupport_introspection_c.dir/rosidl_typesupport_introspection_c/neo_msgs2/msg/detail/us_board_v2__type_support.c.o[0m
[4.305s] [ 55%] [32m[1mLinking CXX shared library libneo_msgs2__rosidl_typesupport_fastrtps_cpp.so[0m
[4.319s] [ 55%] [32mBuilding C object CMakeFiles/neo_msgs2__rosidl_typesupport_introspection_c.dir/rosidl_typesupport_introspection_c/neo_msgs2/msg/detail/io_board__type_support.c.o[0m
[4.336s] [ 56%] [32mBuilding C object CMakeFiles/neo_msgs2__rosidl_typesupport_introspection_c.dir/rosidl_typesupport_introspection_c/neo_msgs2/msg/detail/safety_mode__type_support.c.o[0m
[4.344s] [ 57%] [32mBuilding C object CMakeFiles/neo_msgs2__rosidl_typesupport_introspection_c.dir/rosidl_typesupport_introspection_c/neo_msgs2/msg/detail/safety_state__type_support.c.o[0m
[4.360s] [ 58%] [32mBuilding C object CMakeFiles/neo_msgs2__rosidl_typesupport_introspection_c.dir/rosidl_typesupport_introspection_c/neo_msgs2/msg/detail/relay_board_v3__type_support.c.o[0m
[4.369s] [ 59%] [32mBuilding C object CMakeFiles/neo_msgs2__rosidl_typesupport_introspection_c.dir/rosidl_typesupport_introspection_c/neo_msgs2/msg/detail/kinematics_state__type_support.c.o[0m
[4.402s] [ 60%] [32mBuilding CXX object CMakeFiles/neo_msgs2__rosidl_typesupport_fastrtps_c.dir/rosidl_typesupport_fastrtps_c/neo_msgs2/msg/detail/emergency_stop_state__type_support_c.cpp.o[0m
[4.403s] [ 61%] [32mBuilding CXX object CMakeFiles/neo_msgs2__rosidl_typesupport_fastrtps_c.dir/rosidl_typesupport_fastrtps_c/neo_msgs2/msg/detail/lcd_output__type_support_c.cpp.o[0m
[4.403s] [ 62%] [32m[1mLinking C shared library libneo_msgs2__rosidl_typesupport_introspection_c.so[0m
[4.405s] [ 63%] [32mBuilding CXX object CMakeFiles/neo_msgs2__rosidl_typesupport_fastrtps_c.dir/rosidl_typesupport_fastrtps_c/neo_msgs2/msg/detail/relay_board_v2__type_support_c.cpp.o[0m
[4.405s] [ 63%] [32mBuilding CXX object CMakeFiles/neo_msgs2__rosidl_typesupport_fastrtps_c.dir/rosidl_typesupport_fastrtps_c/neo_msgs2/msg/detail/us_board__type_support_c.cpp.o[0m
[4.405s] [ 64%] [32mBuilding CXX object CMakeFiles/neo_msgs2__rosidl_typesupport_fastrtps_c.dir/rosidl_typesupport_fastrtps_c/neo_msgs2/msg/detail/keypad__type_support_c.cpp.o[0m
[4.406s] [ 64%] Built target neo_msgs2__rosidl_typesupport_fastrtps_cpp
[4.412s] [ 65%] [32mBuilding CXX object CMakeFiles/neo_msgs2__rosidl_typesupport_fastrtps_c.dir/rosidl_typesupport_fastrtps_c/neo_msgs2/msg/detail/safety_mode__type_support_c.cpp.o[0m
[4.413s] [ 66%] [32mBuilding CXX object CMakeFiles/neo_msgs2__rosidl_typesupport_fastrtps_c.dir/rosidl_typesupport_fastrtps_c/neo_msgs2/msg/detail/us_board_v2__type_support_c.cpp.o[0m
[4.414s] [ 67%] [32mBuilding CXX object CMakeFiles/neo_msgs2__rosidl_typesupport_fastrtps_c.dir/rosidl_typesupport_fastrtps_c/neo_msgs2/msg/detail/io_board__type_support_c.cpp.o[0m
[4.417s] [ 68%] [32mBuilding CXX object CMakeFiles/neo_msgs2__rosidl_typesupport_fastrtps_c.dir/rosidl_typesupport_fastrtps_c/neo_msgs2/msg/detail/safety_state__type_support_c.cpp.o[0m
[4.419s] [ 69%] [32mBuilding CXX object CMakeFiles/neo_msgs2__rosidl_typesupport_fastrtps_c.dir/rosidl_typesupport_fastrtps_c/neo_msgs2/msg/detail/relay_board_v3__type_support_c.cpp.o[0m
[4.443s] [ 69%] Built target neo_msgs2__rosidl_typesupport_introspection_c
[4.447s] [ 70%] [32mBuilding CXX object CMakeFiles/neo_msgs2__rosidl_typesupport_fastrtps_c.dir/rosidl_typesupport_fastrtps_c/neo_msgs2/msg/detail/kinematics_state__type_support_c.cpp.o[0m
[4.448s] [ 71%] [32mBuilding CXX object CMakeFiles/neo_msgs2__rosidl_typesupport_introspection_cpp.dir/rosidl_typesupport_introspection_cpp/neo_msgs2/msg/detail/emergency_stop_state__type_support.cpp.o[0m
[4.464s] [ 71%] [32mBuilding CXX object CMakeFiles/neo_msgs2__rosidl_typesupport_introspection_cpp.dir/rosidl_typesupport_introspection_cpp/neo_msgs2/msg/detail/keypad__type_support.cpp.o[0m
[4.485s] [ 72%] [32mBuilding CXX object CMakeFiles/neo_msgs2__rosidl_typesupport_introspection_cpp.dir/rosidl_typesupport_introspection_cpp/neo_msgs2/msg/detail/lcd_output__type_support.cpp.o[0m
[4.510s] [ 73%] [32mBuilding CXX object CMakeFiles/neo_msgs2__rosidl_typesupport_introspection_cpp.dir/rosidl_typesupport_introspection_cpp/neo_msgs2/msg/detail/relay_board_v2__type_support.cpp.o[0m
[4.535s] [ 74%] [32m[1mLinking CXX shared library libneo_msgs2__rosidl_typesupport_cpp.so[0m
[4.631s] [ 74%] Built target neo_msgs2__rosidl_typesupport_cpp
[4.653s] [ 75%] [32mBuilding CXX object CMakeFiles/neo_msgs2__rosidl_typesupport_introspection_cpp.dir/rosidl_typesupport_introspection_cpp/neo_msgs2/msg/detail/us_board__type_support.cpp.o[0m
[4.745s] [ 76%] [32mBuilding CXX object CMakeFiles/neo_msgs2__rosidl_typesupport_introspection_cpp.dir/rosidl_typesupport_introspection_cpp/neo_msgs2/msg/detail/us_board_v2__type_support.cpp.o[0m
[4.753s] [ 77%] [32mBuilding CXX object CMakeFiles/neo_msgs2__rosidl_typesupport_introspection_cpp.dir/rosidl_typesupport_introspection_cpp/neo_msgs2/msg/detail/io_board__type_support.cpp.o[0m
[4.761s] [ 78%] [32mBuilding CXX object CMakeFiles/neo_msgs2__rosidl_typesupport_introspection_cpp.dir/rosidl_typesupport_introspection_cpp/neo_msgs2/msg/detail/safety_mode__type_support.cpp.o[0m
[4.778s] [ 79%] [32mBuilding CXX object CMakeFiles/neo_msgs2__rosidl_typesupport_introspection_cpp.dir/rosidl_typesupport_introspection_cpp/neo_msgs2/msg/detail/safety_state__type_support.cpp.o[0m
[4.786s] [ 80%] [32mBuilding CXX object CMakeFiles/neo_msgs2__rosidl_typesupport_introspection_cpp.dir/rosidl_typesupport_introspection_cpp/neo_msgs2/msg/detail/kinematics_state__type_support.cpp.o[0m
[4.788s] [ 81%] [32mBuilding CXX object CMakeFiles/neo_msgs2__rosidl_typesupport_introspection_cpp.dir/rosidl_typesupport_introspection_cpp/neo_msgs2/msg/detail/relay_board_v3__type_support.cpp.o[0m
[4.944s] [ 82%] [32m[1mLinking CXX shared library libneo_msgs2__rosidl_typesupport_fastrtps_c.so[0m
[5.030s] [ 82%] Built target neo_msgs2__rosidl_typesupport_fastrtps_c
[5.202s] [ 83%] [32m[1mLinking CXX shared library libneo_msgs2__rosidl_typesupport_introspection_cpp.so[0m
[5.259s] [ 83%] Built target neo_msgs2__rosidl_typesupport_introspection_cpp
[5.279s] [ 83%] Built target neo_msgs2
[5.296s] [ 84%] [34m[1mGenerating Python code for ROS interfaces[0m
[6.917s] [ 84%] Built target neo_msgs2__py
[6.937s] [ 85%] [32mBuilding C object CMakeFiles/neo_msgs2__rosidl_generator_py.dir/rosidl_generator_py/neo_msgs2/msg/_lcd_output_s.c.o[0m
[6.937s] [ 87%] [32mBuilding C object CMakeFiles/neo_msgs2__rosidl_generator_py.dir/rosidl_generator_py/neo_msgs2/msg/_relay_board_v2_s.c.o[0m
[6.937s] [ 87%] [32mBuilding C object CMakeFiles/neo_msgs2__rosidl_generator_py.dir/rosidl_generator_py/neo_msgs2/msg/_keypad_s.c.o[0m
[6.938s] [ 88%] [32mBuilding C object CMakeFiles/neo_msgs2__rosidl_generator_py.dir/rosidl_generator_py/neo_msgs2/msg/_us_board_s.c.o[0m
[6.939s] [ 89%] [32mBuilding C object CMakeFiles/neo_msgs2__rosidl_generator_py.dir/rosidl_generator_py/neo_msgs2/msg/_emergency_stop_state_s.c.o[0m
[6.939s] [ 90%] [32mBuilding C object CMakeFiles/neo_msgs2__rosidl_generator_py.dir/rosidl_generator_py/neo_msgs2/msg/_io_board_s.c.o[0m
[6.939s] [ 91%] [32mBuilding C object CMakeFiles/neo_msgs2__rosidl_generator_py.dir/rosidl_generator_py/neo_msgs2/msg/_relay_board_v3_s.c.o[0m
[6.939s] [ 93%] [32mBuilding C object CMakeFiles/neo_msgs2__rosidl_generator_py.dir/rosidl_generator_py/neo_msgs2/msg/_safety_state_s.c.o[0m
[6.939s] [ 93%] [32mBuilding C object CMakeFiles/neo_msgs2__rosidl_generator_py.dir/rosidl_generator_py/neo_msgs2/msg/_kinematics_state_s.c.o[0m
[6.940s] [ 93%] [32mBuilding C object CMakeFiles/neo_msgs2__rosidl_generator_py.dir/rosidl_generator_py/neo_msgs2/msg/_us_board_v2_s.c.o[0m
[6.940s] [ 94%] [32mBuilding C object CMakeFiles/neo_msgs2__rosidl_generator_py.dir/rosidl_generator_py/neo_msgs2/msg/_safety_mode_s.c.o[0m
[7.051s] [ 95%] [32m[1mLinking C shared library rosidl_generator_py/neo_msgs2/libneo_msgs2__rosidl_generator_py.so[0m
[7.088s] [ 95%] Built target neo_msgs2__rosidl_generator_py
[7.103s] [ 95%] [32mBuilding C object CMakeFiles/neo_msgs2__rosidl_typesupport_c__pyext.dir/rosidl_generator_py/neo_msgs2/_neo_msgs2_s.ep.rosidl_typesupport_c.c.o[0m
[7.106s] [ 96%] [32mBuilding C object CMakeFiles/neo_msgs2__rosidl_typesupport_introspection_c__pyext.dir/rosidl_generator_py/neo_msgs2/_neo_msgs2_s.ep.rosidl_typesupport_introspection_c.c.o[0m
[7.107s] [ 97%] [32mBuilding C object CMakeFiles/neo_msgs2__rosidl_typesupport_fastrtps_c__pyext.dir/rosidl_generator_py/neo_msgs2/_neo_msgs2_s.ep.rosidl_typesupport_fastrtps_c.c.o[0m
[7.185s] [ 98%] [32m[1mLinking C shared library rosidl_generator_py/neo_msgs2/neo_msgs2_s__rosidl_typesupport_c.cpython-310-x86_64-linux-gnu.so[0m
[7.186s] [ 99%] [32m[1mLinking C shared library rosidl_generator_py/neo_msgs2/neo_msgs2_s__rosidl_typesupport_introspection_c.cpython-310-x86_64-linux-gnu.so[0m
[7.187s] [100%] [32m[1mLinking C shared library rosidl_generator_py/neo_msgs2/neo_msgs2_s__rosidl_typesupport_fastrtps_c.cpython-310-x86_64-linux-gnu.so[0m
[7.214s] [100%] Built target neo_msgs2__rosidl_typesupport_c__pyext
[7.214s] [100%] Built target neo_msgs2__rosidl_typesupport_introspection_c__pyext
[7.224s] [100%] Built target neo_msgs2__rosidl_typesupport_fastrtps_c__pyext
[7.236s] Invoked command in '/home/charbel/mpo500_ws/build/neo_msgs2' returned '0': CMAKE_PREFIX_PATH=${CMAKE_PREFIX_PATH}:/opt/ros/humble /usr/bin/cmake --build /home/charbel/mpo500_ws/build/neo_msgs2 -- -j16 -l16
[7.460s] Invoking command in '/home/charbel/mpo500_ws/build/neo_msgs2': CMAKE_PREFIX_PATH=${CMAKE_PREFIX_PATH}:/opt/ros/humble /usr/bin/cmake --install /home/charbel/mpo500_ws/build/neo_msgs2
[7.466s] -- Install configuration: ""
[7.466s] -- Installing: /home/charbel/mpo500_ws/install/neo_msgs2/share/ament_index/resource_index/rosidl_interfaces/neo_msgs2
[7.466s] -- Installing: /home/charbel/mpo500_ws/install/neo_msgs2/include/neo_msgs2/neo_msgs2
[7.466s] -- Installing: /home/charbel/mpo500_ws/install/neo_msgs2/include/neo_msgs2/neo_msgs2/msg
[7.466s] -- Installing: /home/charbel/mpo500_ws/install/neo_msgs2/include/neo_msgs2/neo_msgs2/msg/lcd_output.h
[7.466s] -- Installing: /home/charbel/mpo500_ws/install/neo_msgs2/include/neo_msgs2/neo_msgs2/msg/safety_mode.h
[7.467s] -- Installing: /home/charbel/mpo500_ws/install/neo_msgs2/include/neo_msgs2/neo_msgs2/msg/relay_board_v2.h
[7.467s] -- Installing: /home/charbel/mpo500_ws/install/neo_msgs2/include/neo_msgs2/neo_msgs2/msg/detail
[7.467s] -- Installing: /home/charbel/mpo500_ws/install/neo_msgs2/include/neo_msgs2/neo_msgs2/msg/detail/relay_board_v2__functions.c
[7.467s] -- Installing: /home/charbel/mpo500_ws/install/neo_msgs2/include/neo_msgs2/neo_msgs2/msg/detail/us_board__struct.h
[7.467s] -- Installing: /home/charbel/mpo500_ws/install/neo_msgs2/include/neo_msgs2/neo_msgs2/msg/detail/safety_state__struct.h
[7.467s] -- Installing: /home/charbel/mpo500_ws/install/neo_msgs2/include/neo_msgs2/neo_msgs2/msg/detail/relay_board_v3__functions.c
[7.467s] -- Installing: /home/charbel/mpo500_ws/install/neo_msgs2/include/neo_msgs2/neo_msgs2/msg/detail/keypad__functions.h
[7.467s] -- Installing: /home/charbel/mpo500_ws/install/neo_msgs2/include/neo_msgs2/neo_msgs2/msg/detail/us_board__functions.c
[7.467s] -- Installing: /home/charbel/mpo500_ws/install/neo_msgs2/include/neo_msgs2/neo_msgs2/msg/detail/relay_board_v3__type_support.h
[7.467s] -- Installing: /home/charbel/mpo500_ws/install/neo_msgs2/include/neo_msgs2/neo_msgs2/msg/detail/us_board_v2__type_support.h
[7.467s] -- Installing: /home/charbel/mpo500_ws/install/neo_msgs2/include/neo_msgs2/neo_msgs2/msg/detail/io_board__struct.h
[7.467s] -- Installing: /home/charbel/mpo500_ws/install/neo_msgs2/include/neo_msgs2/neo_msgs2/msg/detail/kinematics_state__struct.h
[7.467s] -- Installing: /home/charbel/mpo500_ws/install/neo_msgs2/include/neo_msgs2/neo_msgs2/msg/detail/us_board_v2__functions.h
[7.467s] -- Installing: /home/charbel/mpo500_ws/install/neo_msgs2/include/neo_msgs2/neo_msgs2/msg/detail/emergency_stop_state__type_support.h
[7.467s] -- Installing: /home/charbel/mpo500_ws/install/neo_msgs2/include/neo_msgs2/neo_msgs2/msg/detail/us_board__functions.h
[7.467s] -- Installing: /home/charbel/mpo500_ws/install/neo_msgs2/include/neo_msgs2/neo_msgs2/msg/detail/safety_state__functions.h
[7.467s] -- Installing: /home/charbel/mpo500_ws/install/neo_msgs2/include/neo_msgs2/neo_msgs2/msg/detail/kinematics_state__functions.c
[7.467s] -- Installing: /home/charbel/mpo500_ws/install/neo_msgs2/include/neo_msgs2/neo_msgs2/msg/detail/us_board_v2__functions.c
[7.467s] -- Installing: /home/charbel/mpo500_ws/install/neo_msgs2/include/neo_msgs2/neo_msgs2/msg/detail/io_board__functions.c
[7.467s] -- Installing: /home/charbel/mpo500_ws/install/neo_msgs2/include/neo_msgs2/neo_msgs2/msg/detail/lcd_output__type_support.h
[7.467s] -- Installing: /home/charbel/mpo500_ws/install/neo_msgs2/include/neo_msgs2/neo_msgs2/msg/detail/relay_board_v2__functions.h
[7.468s] -- Installing: /home/charbel/mpo500_ws/install/neo_msgs2/include/neo_msgs2/neo_msgs2/msg/detail/emergency_stop_state__functions.c
[7.468s] -- Installing: /home/charbel/mpo500_ws/install/neo_msgs2/include/neo_msgs2/neo_msgs2/msg/detail/safety_mode__struct.h
[7.468s] -- Installing: /home/charbel/mpo500_ws/install/neo_msgs2/include/neo_msgs2/neo_msgs2/msg/detail/kinematics_state__functions.h
[7.468s] -- Installing: /home/charbel/mpo500_ws/install/neo_msgs2/include/neo_msgs2/neo_msgs2/msg/detail/safety_mode__functions.c
[7.468s] -- Installing: /home/charbel/mpo500_ws/install/neo_msgs2/include/neo_msgs2/neo_msgs2/msg/detail/io_board__functions.h
[7.468s] -- Installing: /home/charbel/mpo500_ws/install/neo_msgs2/include/neo_msgs2/neo_msgs2/msg/detail/emergency_stop_state__struct.h
[7.468s] -- Installing: /home/charbel/mpo500_ws/install/neo_msgs2/include/neo_msgs2/neo_msgs2/msg/detail/safety_state__type_support.h
[7.468s] -- Installing: /home/charbel/mpo500_ws/install/neo_msgs2/include/neo_msgs2/neo_msgs2/msg/detail/io_board__type_support.h
[7.468s] -- Installing: /home/charbel/mpo500_ws/install/neo_msgs2/include/neo_msgs2/neo_msgs2/msg/detail/us_board__type_support.h
[7.468s] -- Installing: /home/charbel/mpo500_ws/install/neo_msgs2/include/neo_msgs2/neo_msgs2/msg/detail/lcd_output__functions.c
[7.468s] -- Installing: /home/charbel/mpo500_ws/install/neo_msgs2/include/neo_msgs2/neo_msgs2/msg/detail/keypad__functions.c
[7.468s] -- Installing: /home/charbel/mpo500_ws/install/neo_msgs2/include/neo_msgs2/neo_msgs2/msg/detail/relay_board_v2__struct.h
[7.468s] -- Installing: /home/charbel/mpo500_ws/install/neo_msgs2/include/neo_msgs2/neo_msgs2/msg/detail/safety_mode__type_support.h
[7.468s] -- Installing: /home/charbel/mpo500_ws/install/neo_msgs2/include/neo_msgs2/neo_msgs2/msg/detail/keypad__struct.h
[7.468s] -- Installing: /home/charbel/mpo500_ws/install/neo_msgs2/include/neo_msgs2/neo_msgs2/msg/detail/lcd_output__functions.h
[7.468s] -- Installing: /home/charbel/mpo500_ws/install/neo_msgs2/include/neo_msgs2/neo_msgs2/msg/detail/keypad__type_support.h
[7.468s] -- Installing: /home/charbel/mpo500_ws/install/neo_msgs2/include/neo_msgs2/neo_msgs2/msg/detail/safety_state__functions.c
[7.468s] -- Installing: /home/charbel/mpo500_ws/install/neo_msgs2/include/neo_msgs2/neo_msgs2/msg/detail/lcd_output__struct.h
[7.468s] -- Installing: /home/charbel/mpo500_ws/install/neo_msgs2/include/neo_msgs2/neo_msgs2/msg/detail/safety_mode__functions.h
[7.468s] -- Installing: /home/charbel/mpo500_ws/install/neo_msgs2/include/neo_msgs2/neo_msgs2/msg/detail/emergency_stop_state__functions.h
[7.468s] -- Installing: /home/charbel/mpo500_ws/install/neo_msgs2/include/neo_msgs2/neo_msgs2/msg/detail/us_board_v2__struct.h
[7.468s] -- Installing: /home/charbel/mpo500_ws/install/neo_msgs2/include/neo_msgs2/neo_msgs2/msg/detail/kinematics_state__type_support.h
[7.468s] -- Installing: /home/charbel/mpo500_ws/install/neo_msgs2/include/neo_msgs2/neo_msgs2/msg/detail/relay_board_v2__type_support.h
[7.468s] -- Installing: /home/charbel/mpo500_ws/install/neo_msgs2/include/neo_msgs2/neo_msgs2/msg/detail/relay_board_v3__functions.h
[7.468s] -- Installing: /home/charbel/mpo500_ws/install/neo_msgs2/include/neo_msgs2/neo_msgs2/msg/detail/relay_board_v3__struct.h
[7.469s] -- Installing: /home/charbel/mpo500_ws/install/neo_msgs2/include/neo_msgs2/neo_msgs2/msg/us_board_v2.h
[7.469s] -- Installing: /home/charbel/mpo500_ws/install/neo_msgs2/include/neo_msgs2/neo_msgs2/msg/io_board.h
[7.469s] -- Installing: /home/charbel/mpo500_ws/install/neo_msgs2/include/neo_msgs2/neo_msgs2/msg/keypad.h
[7.469s] -- Installing: /home/charbel/mpo500_ws/install/neo_msgs2/include/neo_msgs2/neo_msgs2/msg/us_board.h
[7.469s] -- Installing: /home/charbel/mpo500_ws/install/neo_msgs2/include/neo_msgs2/neo_msgs2/msg/safety_state.h
[7.469s] -- Installing: /home/charbel/mpo500_ws/install/neo_msgs2/include/neo_msgs2/neo_msgs2/msg/relay_board_v3.h
[7.469s] -- Installing: /home/charbel/mpo500_ws/install/neo_msgs2/include/neo_msgs2/neo_msgs2/msg/kinematics_state.h
[7.469s] -- Installing: /home/charbel/mpo500_ws/install/neo_msgs2/include/neo_msgs2/neo_msgs2/msg/rosidl_generator_c__visibility_control.h
[7.469s] -- Installing: /home/charbel/mpo500_ws/install/neo_msgs2/include/neo_msgs2/neo_msgs2/msg/emergency_stop_state.h
[7.469s] -- Installing: /home/charbel/mpo500_ws/install/neo_msgs2/share/neo_msgs2/environment/library_path.sh
[7.469s] -- Installing: /home/charbel/mpo500_ws/install/neo_msgs2/share/neo_msgs2/environment/library_path.dsv
[7.469s] -- Installing: /home/charbel/mpo500_ws/install/neo_msgs2/lib/libneo_msgs2__rosidl_generator_c.so
[7.470s] -- Set runtime path of "/home/charbel/mpo500_ws/install/neo_msgs2/lib/libneo_msgs2__rosidl_generator_c.so" to ""
[7.470s] -- Up-to-date: /home/charbel/mpo500_ws/install/neo_msgs2/include/neo_msgs2/neo_msgs2
[7.470s] -- Up-to-date: /home/charbel/mpo500_ws/install/neo_msgs2/include/neo_msgs2/neo_msgs2/msg
[7.470s] -- Up-to-date: /home/charbel/mpo500_ws/install/neo_msgs2/include/neo_msgs2/neo_msgs2/msg/detail
[7.470s] -- Installing: /home/charbel/mpo500_ws/install/neo_msgs2/include/neo_msgs2/neo_msgs2/msg/detail/lcd_output__rosidl_typesupport_fastrtps_c.h
[7.470s] -- Installing: /home/charbel/mpo500_ws/install/neo_msgs2/include/neo_msgs2/neo_msgs2/msg/detail/emergency_stop_state__rosidl_typesupport_fastrtps_c.h
[7.470s] -- Installing: /home/charbel/mpo500_ws/install/neo_msgs2/include/neo_msgs2/neo_msgs2/msg/detail/relay_board_v3__rosidl_typesupport_fastrtps_c.h
[7.470s] -- Installing: /home/charbel/mpo500_ws/install/neo_msgs2/include/neo_msgs2/neo_msgs2/msg/detail/us_board__rosidl_typesupport_fastrtps_c.h
[7.470s] -- Installing: /home/charbel/mpo500_ws/install/neo_msgs2/include/neo_msgs2/neo_msgs2/msg/detail/relay_board_v2__rosidl_typesupport_fastrtps_c.h
[7.470s] -- Installing: /home/charbel/mpo500_ws/install/neo_msgs2/include/neo_msgs2/neo_msgs2/msg/detail/keypad__rosidl_typesupport_fastrtps_c.h
[7.471s] -- Installing: /home/charbel/mpo500_ws/install/neo_msgs2/include/neo_msgs2/neo_msgs2/msg/detail/io_board__rosidl_typesupport_fastrtps_c.h
[7.471s] -- Installing: /home/charbel/mpo500_ws/install/neo_msgs2/include/neo_msgs2/neo_msgs2/msg/detail/kinematics_state__rosidl_typesupport_fastrtps_c.h
[7.471s] -- Installing: /home/charbel/mpo500_ws/install/neo_msgs2/include/neo_msgs2/neo_msgs2/msg/detail/safety_state__rosidl_typesupport_fastrtps_c.h
[7.471s] -- Installing: /home/charbel/mpo500_ws/install/neo_msgs2/include/neo_msgs2/neo_msgs2/msg/detail/safety_mode__rosidl_typesupport_fastrtps_c.h
[7.471s] -- Installing: /home/charbel/mpo500_ws/install/neo_msgs2/include/neo_msgs2/neo_msgs2/msg/detail/us_board_v2__rosidl_typesupport_fastrtps_c.h
[7.471s] -- Installing: /home/charbel/mpo500_ws/install/neo_msgs2/include/neo_msgs2/neo_msgs2/msg/rosidl_typesupport_fastrtps_c__visibility_control.h
[7.471s] -- Installing: /home/charbel/mpo500_ws/install/neo_msgs2/lib/libneo_msgs2__rosidl_typesupport_fastrtps_c.so
[7.471s] -- Set runtime path of "/home/charbel/mpo500_ws/install/neo_msgs2/lib/libneo_msgs2__rosidl_typesupport_fastrtps_c.so" to ""
[7.471s] -- Up-to-date: /home/charbel/mpo500_ws/install/neo_msgs2/include/neo_msgs2/neo_msgs2
[7.471s] -- Up-to-date: /home/charbel/mpo500_ws/install/neo_msgs2/include/neo_msgs2/neo_msgs2/msg
[7.472s] -- Installing: /home/charbel/mpo500_ws/install/neo_msgs2/include/neo_msgs2/neo_msgs2/msg/safety_state.hpp
[7.472s] -- Installing: /home/charbel/mpo500_ws/install/neo_msgs2/include/neo_msgs2/neo_msgs2/msg/keypad.hpp
[7.472s] -- Installing: /home/charbel/mpo500_ws/install/neo_msgs2/include/neo_msgs2/neo_msgs2/msg/lcd_output.hpp
[7.472s] -- Installing: /home/charbel/mpo500_ws/install/neo_msgs2/include/neo_msgs2/neo_msgs2/msg/relay_board_v3.hpp
[7.472s] -- Installing: /home/charbel/mpo500_ws/install/neo_msgs2/include/neo_msgs2/neo_msgs2/msg/emergency_stop_state.hpp
[7.472s] -- Installing: /home/charbel/mpo500_ws/install/neo_msgs2/include/neo_msgs2/neo_msgs2/msg/io_board.hpp
[7.472s] -- Up-to-date: /home/charbel/mpo500_ws/install/neo_msgs2/include/neo_msgs2/neo_msgs2/msg/detail
[7.472s] -- Installing: /home/charbel/mpo500_ws/install/neo_msgs2/include/neo_msgs2/neo_msgs2/msg/detail/lcd_output__struct.hpp
[7.472s] -- Installing: /home/charbel/mpo500_ws/install/neo_msgs2/include/neo_msgs2/neo_msgs2/msg/detail/relay_board_v3__builder.hpp
[7.472s] -- Installing: /home/charbel/mpo500_ws/install/neo_msgs2/include/neo_msgs2/neo_msgs2/msg/detail/lcd_output__builder.hpp
[7.472s] -- Installing: /home/charbel/mpo500_ws/install/neo_msgs2/include/neo_msgs2/neo_msgs2/msg/detail/relay_board_v2__struct.hpp
[7.472s] -- Installing: /home/charbel/mpo500_ws/install/neo_msgs2/include/neo_msgs2/neo_msgs2/msg/detail/safety_mode__traits.hpp
[7.472s] -- Installing: /home/charbel/mpo500_ws/install/neo_msgs2/include/neo_msgs2/neo_msgs2/msg/detail/us_board_v2__builder.hpp
[7.472s] -- Installing: /home/charbel/mpo500_ws/install/neo_msgs2/include/neo_msgs2/neo_msgs2/msg/detail/relay_board_v3__traits.hpp
[7.472s] -- Installing: /home/charbel/mpo500_ws/install/neo_msgs2/include/neo_msgs2/neo_msgs2/msg/detail/keypad__builder.hpp
[7.472s] -- Installing: /home/charbel/mpo500_ws/install/neo_msgs2/include/neo_msgs2/neo_msgs2/msg/detail/us_board_v2__traits.hpp
[7.472s] -- Installing: /home/charbel/mpo500_ws/install/neo_msgs2/include/neo_msgs2/neo_msgs2/msg/detail/io_board__traits.hpp
[7.472s] -- Installing: /home/charbel/mpo500_ws/install/neo_msgs2/include/neo_msgs2/neo_msgs2/msg/detail/keypad__traits.hpp
[7.472s] -- Installing: /home/charbel/mpo500_ws/install/neo_msgs2/include/neo_msgs2/neo_msgs2/msg/detail/us_board__traits.hpp
[7.472s] -- Installing: /home/charbel/mpo500_ws/install/neo_msgs2/include/neo_msgs2/neo_msgs2/msg/detail/emergency_stop_state__struct.hpp
[7.472s] -- Installing: /home/charbel/mpo500_ws/install/neo_msgs2/include/neo_msgs2/neo_msgs2/msg/detail/relay_board_v3__struct.hpp
[7.472s] -- Installing: /home/charbel/mpo500_ws/install/neo_msgs2/include/neo_msgs2/neo_msgs2/msg/detail/us_board__struct.hpp
[7.473s] -- Installing: /home/charbel/mpo500_ws/install/neo_msgs2/include/neo_msgs2/neo_msgs2/msg/detail/us_board_v2__struct.hpp
[7.473s] -- Installing: /home/charbel/mpo500_ws/install/neo_msgs2/include/neo_msgs2/neo_msgs2/msg/detail/safety_mode__struct.hpp
[7.473s] -- Installing: /home/charbel/mpo500_ws/install/neo_msgs2/include/neo_msgs2/neo_msgs2/msg/detail/kinematics_state__traits.hpp
[7.473s] -- Installing: /home/charbel/mpo500_ws/install/neo_msgs2/include/neo_msgs2/neo_msgs2/msg/detail/relay_board_v2__builder.hpp
[7.473s] -- Installing: /home/charbel/mpo500_ws/install/neo_msgs2/include/neo_msgs2/neo_msgs2/msg/detail/relay_board_v2__traits.hpp
[7.473s] -- Installing: /home/charbel/mpo500_ws/install/neo_msgs2/include/neo_msgs2/neo_msgs2/msg/detail/safety_state__struct.hpp
[7.473s] -- Installing: /home/charbel/mpo500_ws/install/neo_msgs2/include/neo_msgs2/neo_msgs2/msg/detail/safety_mode__builder.hpp
[7.474s] -- Installing: /home/charbel/mpo500_ws/install/neo_msgs2/include/neo_msgs2/neo_msgs2/msg/detail/io_board__struct.hpp
[7.474s] -- Installing: /home/charbel/mpo500_ws/install/neo_msgs2/include/neo_msgs2/neo_msgs2/msg/detail/lcd_output__traits.hpp
[7.474s] -- Installing: /home/charbel/mpo500_ws/install/neo_msgs2/include/neo_msgs2/neo_msgs2/msg/detail/us_board__builder.hpp
[7.474s] -- Installing: /home/charbel/mpo500_ws/install/neo_msgs2/include/neo_msgs2/neo_msgs2/msg/detail/io_board__builder.hpp
[7.474s] -- Installing: /home/charbel/mpo500_ws/install/neo_msgs2/include/neo_msgs2/neo_msgs2/msg/detail/keypad__struct.hpp
[7.474s] -- Installing: /home/charbel/mpo500_ws/install/neo_msgs2/include/neo_msgs2/neo_msgs2/msg/detail/emergency_stop_state__traits.hpp
[7.474s] -- Installing: /home/charbel/mpo500_ws/install/neo_msgs2/include/neo_msgs2/neo_msgs2/msg/detail/safety_state__traits.hpp
[7.474s] -- Installing: /home/charbel/mpo500_ws/install/neo_msgs2/include/neo_msgs2/neo_msgs2/msg/detail/kinematics_state__builder.hpp
[7.474s] -- Installing: /home/charbel/mpo500_ws/install/neo_msgs2/include/neo_msgs2/neo_msgs2/msg/detail/emergency_stop_state__builder.hpp
[7.474s] -- Installing: /home/charbel/mpo500_ws/install/neo_msgs2/include/neo_msgs2/neo_msgs2/msg/detail/kinematics_state__struct.hpp
[7.474s] -- Installing: /home/charbel/mpo500_ws/install/neo_msgs2/include/neo_msgs2/neo_msgs2/msg/detail/safety_state__builder.hpp
[7.474s] -- Installing: /home/charbel/mpo500_ws/install/neo_msgs2/include/neo_msgs2/neo_msgs2/msg/relay_board_v2.hpp
[7.474s] -- Installing: /home/charbel/mpo500_ws/install/neo_msgs2/include/neo_msgs2/neo_msgs2/msg/us_board_v2.hpp
[7.474s] -- Installing: /home/charbel/mpo500_ws/install/neo_msgs2/include/neo_msgs2/neo_msgs2/msg/safety_mode.hpp
[7.474s] -- Installing: /home/charbel/mpo500_ws/install/neo_msgs2/include/neo_msgs2/neo_msgs2/msg/us_board.hpp
[7.474s] -- Installing: /home/charbel/mpo500_ws/install/neo_msgs2/include/neo_msgs2/neo_msgs2/msg/kinematics_state.hpp
[7.474s] -- Up-to-date: /home/charbel/mpo500_ws/install/neo_msgs2/include/neo_msgs2/neo_msgs2
[7.474s] -- Up-to-date: /home/charbel/mpo500_ws/install/neo_msgs2/include/neo_msgs2/neo_msgs2/msg
[7.475s] -- Installing: /home/charbel/mpo500_ws/install/neo_msgs2/include/neo_msgs2/neo_msgs2/msg/rosidl_typesupport_fastrtps_cpp__visibility_control.h
[7.475s] -- Up-to-date: /home/charbel/mpo500_ws/install/neo_msgs2/include/neo_msgs2/neo_msgs2/msg/detail
[7.475s] -- Installing: /home/charbel/mpo500_ws/install/neo_msgs2/include/neo_msgs2/neo_msgs2/msg/detail/safety_state__rosidl_typesupport_fastrtps_cpp.hpp
[7.475s] -- Installing: /home/charbel/mpo500_ws/install/neo_msgs2/include/neo_msgs2/neo_msgs2/msg/detail/relay_board_v2__rosidl_typesupport_fastrtps_cpp.hpp
[7.475s] -- Installing: /home/charbel/mpo500_ws/install/neo_msgs2/include/neo_msgs2/neo_msgs2/msg/detail/relay_board_v3__rosidl_typesupport_fastrtps_cpp.hpp
[7.475s] -- Installing: /home/charbel/mpo500_ws/install/neo_msgs2/include/neo_msgs2/neo_msgs2/msg/detail/io_board__rosidl_typesupport_fastrtps_cpp.hpp
[7.475s] -- Installing: /home/charbel/mpo500_ws/install/neo_msgs2/include/neo_msgs2/neo_msgs2/msg/detail/dds_fastrtps
[7.475s] -- Installing: /home/charbel/mpo500_ws/install/neo_msgs2/include/neo_msgs2/neo_msgs2/msg/detail/us_board__rosidl_typesupport_fastrtps_cpp.hpp
[7.475s] -- Installing: /home/charbel/mpo500_ws/install/neo_msgs2/include/neo_msgs2/neo_msgs2/msg/detail/keypad__rosidl_typesupport_fastrtps_cpp.hpp
[7.475s] -- Installing: /home/charbel/mpo500_ws/install/neo_msgs2/include/neo_msgs2/neo_msgs2/msg/detail/us_board_v2__rosidl_typesupport_fastrtps_cpp.hpp
[7.475s] -- Installing: /home/charbel/mpo500_ws/install/neo_msgs2/include/neo_msgs2/neo_msgs2/msg/detail/safety_mode__rosidl_typesupport_fastrtps_cpp.hpp
[7.475s] -- Installing: /home/charbel/mpo500_ws/install/neo_msgs2/include/neo_msgs2/neo_msgs2/msg/detail/lcd_output__rosidl_typesupport_fastrtps_cpp.hpp
[7.475s] -- Installing: /home/charbel/mpo500_ws/install/neo_msgs2/include/neo_msgs2/neo_msgs2/msg/detail/kinematics_state__rosidl_typesupport_fastrtps_cpp.hpp
[7.475s] -- Installing: /home/charbel/mpo500_ws/install/neo_msgs2/include/neo_msgs2/neo_msgs2/msg/detail/emergency_stop_state__rosidl_typesupport_fastrtps_cpp.hpp
[7.475s] -- Installing: /home/charbel/mpo500_ws/install/neo_msgs2/lib/libneo_msgs2__rosidl_typesupport_fastrtps_cpp.so
[7.475s] -- Set runtime path of "/home/charbel/mpo500_ws/install/neo_msgs2/lib/libneo_msgs2__rosidl_typesupport_fastrtps_cpp.so" to ""
[7.475s] -- Up-to-date: /home/charbel/mpo500_ws/install/neo_msgs2/include/neo_msgs2/neo_msgs2
[7.475s] -- Up-to-date: /home/charbel/mpo500_ws/install/neo_msgs2/include/neo_msgs2/neo_msgs2/msg
[7.475s] -- Up-to-date: /home/charbel/mpo500_ws/install/neo_msgs2/include/neo_msgs2/neo_msgs2/msg/detail
[7.475s] -- Installing: /home/charbel/mpo500_ws/install/neo_msgs2/include/neo_msgs2/neo_msgs2/msg/detail/safety_mode__rosidl_typesupport_introspection_c.h
[7.475s] -- Installing: /home/charbel/mpo500_ws/install/neo_msgs2/include/neo_msgs2/neo_msgs2/msg/detail/safety_mode__type_support.c
[7.475s] -- Installing: /home/charbel/mpo500_ws/install/neo_msgs2/include/neo_msgs2/neo_msgs2/msg/detail/emergency_stop_state__type_support.c
[7.475s] -- Installing: /home/charbel/mpo500_ws/install/neo_msgs2/include/neo_msgs2/neo_msgs2/msg/detail/relay_board_v2__type_support.c
[7.475s] -- Installing: /home/charbel/mpo500_ws/install/neo_msgs2/include/neo_msgs2/neo_msgs2/msg/detail/lcd_output__rosidl_typesupport_introspection_c.h
[7.476s] -- Installing: /home/charbel/mpo500_ws/install/neo_msgs2/include/neo_msgs2/neo_msgs2/msg/detail/keypad__type_support.c
[7.476s] -- Installing: /home/charbel/mpo500_ws/install/neo_msgs2/include/neo_msgs2/neo_msgs2/msg/detail/emergency_stop_state__rosidl_typesupport_introspection_c.h
[7.476s] -- Installing: /home/charbel/mpo500_ws/install/neo_msgs2/include/neo_msgs2/neo_msgs2/msg/detail/us_board__rosidl_typesupport_introspection_c.h
[7.476s] -- Installing: /home/charbel/mpo500_ws/install/neo_msgs2/include/neo_msgs2/neo_msgs2/msg/detail/kinematics_state__rosidl_typesupport_introspection_c.h
[7.476s] -- Installing: /home/charbel/mpo500_ws/install/neo_msgs2/include/neo_msgs2/neo_msgs2/msg/detail/us_board_v2__type_support.c
[7.476s] -- Installing: /home/charbel/mpo500_ws/install/neo_msgs2/include/neo_msgs2/neo_msgs2/msg/detail/relay_board_v3__rosidl_typesupport_introspection_c.h
[7.476s] -- Installing: /home/charbel/mpo500_ws/install/neo_msgs2/include/neo_msgs2/neo_msgs2/msg/detail/kinematics_state__type_support.c
[7.476s] -- Installing: /home/charbel/mpo500_ws/install/neo_msgs2/include/neo_msgs2/neo_msgs2/msg/detail/lcd_output__type_support.c
[7.476s] -- Installing: /home/charbel/mpo500_ws/install/neo_msgs2/include/neo_msgs2/neo_msgs2/msg/detail/us_board__type_support.c
[7.476s] -- Installing: /home/charbel/mpo500_ws/install/neo_msgs2/include/neo_msgs2/neo_msgs2/msg/detail/io_board__type_support.c
[7.476s] -- Installing: /home/charbel/mpo500_ws/install/neo_msgs2/include/neo_msgs2/neo_msgs2/msg/detail/safety_state__type_support.c
[7.476s] -- Installing: /home/charbel/mpo500_ws/install/neo_msgs2/include/neo_msgs2/neo_msgs2/msg/detail/safety_state__rosidl_typesupport_introspection_c.h
[7.476s] -- Installing: /home/charbel/mpo500_ws/install/neo_msgs2/include/neo_msgs2/neo_msgs2/msg/detail/us_board_v2__rosidl_typesupport_introspection_c.h
[7.476s] -- Installing: /home/charbel/mpo500_ws/install/neo_msgs2/include/neo_msgs2/neo_msgs2/msg/detail/keypad__rosidl_typesupport_introspection_c.h
[7.476s] -- Installing: /home/charbel/mpo500_ws/install/neo_msgs2/include/neo_msgs2/neo_msgs2/msg/detail/io_board__rosidl_typesupport_introspection_c.h
[7.476s] -- Installing: /home/charbel/mpo500_ws/install/neo_msgs2/include/neo_msgs2/neo_msgs2/msg/detail/relay_board_v2__rosidl_typesupport_introspection_c.h
[7.476s] -- Installing: /home/charbel/mpo500_ws/install/neo_msgs2/include/neo_msgs2/neo_msgs2/msg/detail/relay_board_v3__type_support.c
[7.476s] -- Installing: /home/charbel/mpo500_ws/install/neo_msgs2/include/neo_msgs2/neo_msgs2/msg/rosidl_typesupport_introspection_c__visibility_control.h
[7.476s] -- Installing: /home/charbel/mpo500_ws/install/neo_msgs2/lib/libneo_msgs2__rosidl_typesupport_introspection_c.so
[7.476s] -- Set runtime path of "/home/charbel/mpo500_ws/install/neo_msgs2/lib/libneo_msgs2__rosidl_typesupport_introspection_c.so" to ""
[7.476s] -- Installing: /home/charbel/mpo500_ws/install/neo_msgs2/lib/libneo_msgs2__rosidl_typesupport_c.so
[7.476s] -- Set runtime path of "/home/charbel/mpo500_ws/install/neo_msgs2/lib/libneo_msgs2__rosidl_typesupport_c.so" to ""
[7.476s] -- Up-to-date: /home/charbel/mpo500_ws/install/neo_msgs2/include/neo_msgs2/neo_msgs2
[7.476s] -- Up-to-date: /home/charbel/mpo500_ws/install/neo_msgs2/include/neo_msgs2/neo_msgs2/msg
[7.477s] -- Up-to-date: /home/charbel/mpo500_ws/install/neo_msgs2/include/neo_msgs2/neo_msgs2/msg/detail
[7.477s] -- Installing: /home/charbel/mpo500_ws/install/neo_msgs2/include/neo_msgs2/neo_msgs2/msg/detail/relay_board_v2__rosidl_typesupport_introspection_cpp.hpp
[7.477s] -- Installing: /home/charbel/mpo500_ws/install/neo_msgs2/include/neo_msgs2/neo_msgs2/msg/detail/lcd_output__rosidl_typesupport_introspection_cpp.hpp
[7.477s] -- Installing: /home/charbel/mpo500_ws/install/neo_msgs2/include/neo_msgs2/neo_msgs2/msg/detail/safety_state__rosidl_typesupport_introspection_cpp.hpp
[7.477s] -- Installing: /home/charbel/mpo500_ws/install/neo_msgs2/include/neo_msgs2/neo_msgs2/msg/detail/us_board_v2__rosidl_typesupport_introspection_cpp.hpp
[7.477s] -- Installing: /home/charbel/mpo500_ws/install/neo_msgs2/include/neo_msgs2/neo_msgs2/msg/detail/kinematics_state__rosidl_typesupport_introspection_cpp.hpp
[7.477s] -- Installing: /home/charbel/mpo500_ws/install/neo_msgs2/include/neo_msgs2/neo_msgs2/msg/detail/safety_mode__type_support.cpp
[7.477s] -- Installing: /home/charbel/mpo500_ws/install/neo_msgs2/include/neo_msgs2/neo_msgs2/msg/detail/relay_board_v3__rosidl_typesupport_introspection_cpp.hpp
[7.477s] -- Installing: /home/charbel/mpo500_ws/install/neo_msgs2/include/neo_msgs2/neo_msgs2/msg/detail/io_board__rosidl_typesupport_introspection_cpp.hpp
[7.477s] -- Installing: /home/charbel/mpo500_ws/install/neo_msgs2/include/neo_msgs2/neo_msgs2/msg/detail/lcd_output__type_support.cpp
[7.477s] -- Installing: /home/charbel/mpo500_ws/install/neo_msgs2/include/neo_msgs2/neo_msgs2/msg/detail/io_board__type_support.cpp
[7.477s] -- Installing: /home/charbel/mpo500_ws/install/neo_msgs2/include/neo_msgs2/neo_msgs2/msg/detail/kinematics_state__type_support.cpp
[7.477s] -- Installing: /home/charbel/mpo500_ws/install/neo_msgs2/include/neo_msgs2/neo_msgs2/msg/detail/emergency_stop_state__type_support.cpp
[7.477s] -- Installing: /home/charbel/mpo500_ws/install/neo_msgs2/include/neo_msgs2/neo_msgs2/msg/detail/keypad__rosidl_typesupport_introspection_cpp.hpp
[7.477s] -- Installing: /home/charbel/mpo500_ws/install/neo_msgs2/include/neo_msgs2/neo_msgs2/msg/detail/us_board__rosidl_typesupport_introspection_cpp.hpp
[7.477s] -- Installing: /home/charbel/mpo500_ws/install/neo_msgs2/include/neo_msgs2/neo_msgs2/msg/detail/safety_mode__rosidl_typesupport_introspection_cpp.hpp
[7.477s] -- Installing: /home/charbel/mpo500_ws/install/neo_msgs2/include/neo_msgs2/neo_msgs2/msg/detail/relay_board_v3__type_support.cpp
[7.477s] -- Installing: /home/charbel/mpo500_ws/install/neo_msgs2/include/neo_msgs2/neo_msgs2/msg/detail/relay_board_v2__type_support.cpp
[7.477s] -- Installing: /home/charbel/mpo500_ws/install/neo_msgs2/include/neo_msgs2/neo_msgs2/msg/detail/us_board_v2__type_support.cpp
[7.477s] -- Installing: /home/charbel/mpo500_ws/install/neo_msgs2/include/neo_msgs2/neo_msgs2/msg/detail/us_board__type_support.cpp
[7.477s] -- Installing: /home/charbel/mpo500_ws/install/neo_msgs2/include/neo_msgs2/neo_msgs2/msg/detail/emergency_stop_state__rosidl_typesupport_introspection_cpp.hpp
[7.477s] -- Installing: /home/charbel/mpo500_ws/install/neo_msgs2/include/neo_msgs2/neo_msgs2/msg/detail/safety_state__type_support.cpp
[7.477s] -- Installing: /home/charbel/mpo500_ws/install/neo_msgs2/include/neo_msgs2/neo_msgs2/msg/detail/keypad__type_support.cpp
[7.477s] -- Installing: /home/charbel/mpo500_ws/install/neo_msgs2/lib/libneo_msgs2__rosidl_typesupport_introspection_cpp.so
[7.477s] -- Set runtime path of "/home/charbel/mpo500_ws/install/neo_msgs2/lib/libneo_msgs2__rosidl_typesupport_introspection_cpp.so" to ""
[7.477s] -- Installing: /home/charbel/mpo500_ws/install/neo_msgs2/lib/libneo_msgs2__rosidl_typesupport_cpp.so
[7.477s] -- Set runtime path of "/home/charbel/mpo500_ws/install/neo_msgs2/lib/libneo_msgs2__rosidl_typesupport_cpp.so" to ""
[7.477s] -- Installing: /home/charbel/mpo500_ws/install/neo_msgs2/share/neo_msgs2/environment/pythonpath.sh
[7.477s] -- Installing: /home/charbel/mpo500_ws/install/neo_msgs2/share/neo_msgs2/environment/pythonpath.dsv
[7.477s] -- Installing: /home/charbel/mpo500_ws/install/neo_msgs2/local/lib/python3.10/dist-packages/neo_msgs2-0.1.0-py3.10.egg-info
[7.478s] -- Installing: /home/charbel/mpo500_ws/install/neo_msgs2/local/lib/python3.10/dist-packages/neo_msgs2-0.1.0-py3.10.egg-info/SOURCES.txt
[7.478s] -- Installing: /home/charbel/mpo500_ws/install/neo_msgs2/local/lib/python3.10/dist-packages/neo_msgs2-0.1.0-py3.10.egg-info/PKG-INFO
[7.478s] -- Installing: /home/charbel/mpo500_ws/install/neo_msgs2/local/lib/python3.10/dist-packages/neo_msgs2-0.1.0-py3.10.egg-info/dependency_links.txt
[7.478s] -- Installing: /home/charbel/mpo500_ws/install/neo_msgs2/local/lib/python3.10/dist-packages/neo_msgs2-0.1.0-py3.10.egg-info/top_level.txt
[7.478s] -- Installing: /home/charbel/mpo500_ws/install/neo_msgs2/local/lib/python3.10/dist-packages/neo_msgs2
[7.478s] -- Installing: /home/charbel/mpo500_ws/install/neo_msgs2/local/lib/python3.10/dist-packages/neo_msgs2/neo_msgs2_s__rosidl_typesupport_introspection_c.cpython-310-x86_64-linux-gnu.so
[7.478s] -- Installing: /home/charbel/mpo500_ws/install/neo_msgs2/local/lib/python3.10/dist-packages/neo_msgs2/_neo_msgs2_s.ep.rosidl_typesupport_introspection_c.c
[7.478s] -- Installing: /home/charbel/mpo500_ws/install/neo_msgs2/local/lib/python3.10/dist-packages/neo_msgs2/_neo_msgs2_s.ep.rosidl_typesupport_c.c
[7.478s] -- Installing: /home/charbel/mpo500_ws/install/neo_msgs2/local/lib/python3.10/dist-packages/neo_msgs2/neo_msgs2_s__rosidl_typesupport_fastrtps_c.cpython-310-x86_64-linux-gnu.so
[7.478s] -- Installing: /home/charbel/mpo500_ws/install/neo_msgs2/local/lib/python3.10/dist-packages/neo_msgs2/neo_msgs2_s__rosidl_typesupport_c.cpython-310-x86_64-linux-gnu.so
[7.478s] -- Installing: /home/charbel/mpo500_ws/install/neo_msgs2/local/lib/python3.10/dist-packages/neo_msgs2/libneo_msgs2__rosidl_generator_py.so
[7.478s] -- Installing: /home/charbel/mpo500_ws/install/neo_msgs2/local/lib/python3.10/dist-packages/neo_msgs2/msg
[7.478s] -- Installing: /home/charbel/mpo500_ws/install/neo_msgs2/local/lib/python3.10/dist-packages/neo_msgs2/msg/_relay_board_v3_s.c
[7.478s] -- Installing: /home/charbel/mpo500_ws/install/neo_msgs2/local/lib/python3.10/dist-packages/neo_msgs2/msg/_us_board.py
[7.478s] -- Installing: /home/charbel/mpo500_ws/install/neo_msgs2/local/lib/python3.10/dist-packages/neo_msgs2/msg/_us_board_s.c
[7.478s] -- Installing: /home/charbel/mpo500_ws/install/neo_msgs2/local/lib/python3.10/dist-packages/neo_msgs2/msg/_relay_board_v2.py
[7.478s] -- Installing: /home/charbel/mpo500_ws/install/neo_msgs2/local/lib/python3.10/dist-packages/neo_msgs2/msg/_emergency_stop_state.py
[7.478s] -- Installing: /home/charbel/mpo500_ws/install/neo_msgs2/local/lib/python3.10/dist-packages/neo_msgs2/msg/_lcd_output_s.c
[7.478s] -- Installing: /home/charbel/mpo500_ws/install/neo_msgs2/local/lib/python3.10/dist-packages/neo_msgs2/msg/_safety_state.py
[7.478s] -- Installing: /home/charbel/mpo500_ws/install/neo_msgs2/local/lib/python3.10/dist-packages/neo_msgs2/msg/_kinematics_state_s.c
[7.478s] -- Installing: /home/charbel/mpo500_ws/install/neo_msgs2/local/lib/python3.10/dist-packages/neo_msgs2/msg/_io_board_s.c
[7.478s] -- Installing: /home/charbel/mpo500_ws/install/neo_msgs2/local/lib/python3.10/dist-packages/neo_msgs2/msg/_us_board_v2_s.c
[7.478s] -- Installing: /home/charbel/mpo500_ws/install/neo_msgs2/local/lib/python3.10/dist-packages/neo_msgs2/msg/_us_board_v2.py
[7.479s] -- Installing: /home/charbel/mpo500_ws/install/neo_msgs2/local/lib/python3.10/dist-packages/neo_msgs2/msg/_lcd_output.py
[7.479s] -- Installing: /home/charbel/mpo500_ws/install/neo_msgs2/local/lib/python3.10/dist-packages/neo_msgs2/msg/_safety_mode_s.c
[7.479s] -- Installing: /home/charbel/mpo500_ws/install/neo_msgs2/local/lib/python3.10/dist-packages/neo_msgs2/msg/_kinematics_state.py
[7.479s] -- Installing: /home/charbel/mpo500_ws/install/neo_msgs2/local/lib/python3.10/dist-packages/neo_msgs2/msg/_io_board.py
[7.479s] -- Installing: /home/charbel/mpo500_ws/install/neo_msgs2/local/lib/python3.10/dist-packages/neo_msgs2/msg/_safety_state_s.c
[7.479s] -- Installing: /home/charbel/mpo500_ws/install/neo_msgs2/local/lib/python3.10/dist-packages/neo_msgs2/msg/_relay_board_v2_s.c
[7.479s] -- Installing: /home/charbel/mpo500_ws/install/neo_msgs2/local/lib/python3.10/dist-packages/neo_msgs2/msg/_emergency_stop_state_s.c
[7.479s] -- Installing: /home/charbel/mpo500_ws/install/neo_msgs2/local/lib/python3.10/dist-packages/neo_msgs2/msg/_keypad.py
[7.479s] -- Installing: /home/charbel/mpo500_ws/install/neo_msgs2/local/lib/python3.10/dist-packages/neo_msgs2/msg/_keypad_s.c
[7.479s] -- Installing: /home/charbel/mpo500_ws/install/neo_msgs2/local/lib/python3.10/dist-packages/neo_msgs2/msg/_relay_board_v3.py
[7.479s] -- Installing: /home/charbel/mpo500_ws/install/neo_msgs2/local/lib/python3.10/dist-packages/neo_msgs2/msg/_safety_mode.py
[7.479s] -- Installing: /home/charbel/mpo500_ws/install/neo_msgs2/local/lib/python3.10/dist-packages/neo_msgs2/msg/__init__.py
[7.479s] -- Installing: /home/charbel/mpo500_ws/install/neo_msgs2/local/lib/python3.10/dist-packages/neo_msgs2/_neo_msgs2_s.ep.rosidl_typesupport_fastrtps_c.c
[7.479s] -- Installing: /home/charbel/mpo500_ws/install/neo_msgs2/local/lib/python3.10/dist-packages/neo_msgs2/__init__.py
[7.508s] Listing '/home/charbel/mpo500_ws/install/neo_msgs2/local/lib/python3.10/dist-packages/neo_msgs2'...
[7.508s] Compiling '/home/charbel/mpo500_ws/install/neo_msgs2/local/lib/python3.10/dist-packages/neo_msgs2/__init__.py'...
[7.508s] Listing '/home/charbel/mpo500_ws/install/neo_msgs2/local/lib/python3.10/dist-packages/neo_msgs2/msg'...
[7.508s] Compiling '/home/charbel/mpo500_ws/install/neo_msgs2/local/lib/python3.10/dist-packages/neo_msgs2/msg/__init__.py'...
[7.508s] Compiling '/home/charbel/mpo500_ws/install/neo_msgs2/local/lib/python3.10/dist-packages/neo_msgs2/msg/_emergency_stop_state.py'...
[7.508s] Compiling '/home/charbel/mpo500_ws/install/neo_msgs2/local/lib/python3.10/dist-packages/neo_msgs2/msg/_io_board.py'...
[7.508s] Compiling '/home/charbel/mpo500_ws/install/neo_msgs2/local/lib/python3.10/dist-packages/neo_msgs2/msg/_keypad.py'...
[7.508s] Compiling '/home/charbel/mpo500_ws/install/neo_msgs2/local/lib/python3.10/dist-packages/neo_msgs2/msg/_kinematics_state.py'...
[7.508s] Compiling '/home/charbel/mpo500_ws/install/neo_msgs2/local/lib/python3.10/dist-packages/neo_msgs2/msg/_lcd_output.py'...
[7.508s] Compiling '/home/charbel/mpo500_ws/install/neo_msgs2/local/lib/python3.10/dist-packages/neo_msgs2/msg/_relay_board_v2.py'...
[7.508s] Compiling '/home/charbel/mpo500_ws/install/neo_msgs2/local/lib/python3.10/dist-packages/neo_msgs2/msg/_relay_board_v3.py'...
[7.508s] Compiling '/home/charbel/mpo500_ws/install/neo_msgs2/local/lib/python3.10/dist-packages/neo_msgs2/msg/_safety_mode.py'...
[7.508s] Compiling '/home/charbel/mpo500_ws/install/neo_msgs2/local/lib/python3.10/dist-packages/neo_msgs2/msg/_safety_state.py'...
[7.508s] Compiling '/home/charbel/mpo500_ws/install/neo_msgs2/local/lib/python3.10/dist-packages/neo_msgs2/msg/_us_board.py'...
[7.508s] Compiling '/home/charbel/mpo500_ws/install/neo_msgs2/local/lib/python3.10/dist-packages/neo_msgs2/msg/_us_board_v2.py'...
[7.511s] -- Installing: /home/charbel/mpo500_ws/install/neo_msgs2/local/lib/python3.10/dist-packages/neo_msgs2/neo_msgs2_s__rosidl_typesupport_fastrtps_c.cpython-310-x86_64-linux-gnu.so
[7.511s] -- Set runtime path of "/home/charbel/mpo500_ws/install/neo_msgs2/local/lib/python3.10/dist-packages/neo_msgs2/neo_msgs2_s__rosidl_typesupport_fastrtps_c.cpython-310-x86_64-linux-gnu.so" to ""
[7.511s] -- Installing: /home/charbel/mpo500_ws/install/neo_msgs2/local/lib/python3.10/dist-packages/neo_msgs2/neo_msgs2_s__rosidl_typesupport_introspection_c.cpython-310-x86_64-linux-gnu.so
[7.511s] -- Set runtime path of "/home/charbel/mpo500_ws/install/neo_msgs2/local/lib/python3.10/dist-packages/neo_msgs2/neo_msgs2_s__rosidl_typesupport_introspection_c.cpython-310-x86_64-linux-gnu.so" to ""
[7.511s] -- Installing: /home/charbel/mpo500_ws/install/neo_msgs2/local/lib/python3.10/dist-packages/neo_msgs2/neo_msgs2_s__rosidl_typesupport_c.cpython-310-x86_64-linux-gnu.so
[7.511s] -- Set runtime path of "/home/charbel/mpo500_ws/install/neo_msgs2/local/lib/python3.10/dist-packages/neo_msgs2/neo_msgs2_s__rosidl_typesupport_c.cpython-310-x86_64-linux-gnu.so" to ""
[7.511s] -- Installing: /home/charbel/mpo500_ws/install/neo_msgs2/lib/libneo_msgs2__rosidl_generator_py.so
[7.511s] -- Set runtime path of "/home/charbel/mpo500_ws/install/neo_msgs2/lib/libneo_msgs2__rosidl_generator_py.so" to ""
[7.511s] -- Installing: /home/charbel/mpo500_ws/install/neo_msgs2/share/neo_msgs2/msg/EmergencyStopState.idl
[7.511s] -- Installing: /home/charbel/mpo500_ws/install/neo_msgs2/share/neo_msgs2/msg/Keypad.idl
[7.512s] -- Installing: /home/charbel/mpo500_ws/install/neo_msgs2/share/neo_msgs2/msg/LCDOutput.idl
[7.512s] -- Installing: /home/charbel/mpo500_ws/install/neo_msgs2/share/neo_msgs2/msg/RelayBoardV2.idl
[7.512s] -- Installing: /home/charbel/mpo500_ws/install/neo_msgs2/share/neo_msgs2/msg/USBoard.idl
[7.512s] -- Installing: /home/charbel/mpo500_ws/install/neo_msgs2/share/neo_msgs2/msg/USBoardV2.idl
[7.512s] -- Installing: /home/charbel/mpo500_ws/install/neo_msgs2/share/neo_msgs2/msg/IOBoard.idl
[7.512s] -- Installing: /home/charbel/mpo500_ws/install/neo_msgs2/share/neo_msgs2/msg/SafetyMode.idl
[7.512s] -- Installing: /home/charbel/mpo500_ws/install/neo_msgs2/share/neo_msgs2/msg/SafetyState.idl
[7.512s] -- Installing: /home/charbel/mpo500_ws/install/neo_msgs2/share/neo_msgs2/msg/RelayBoardV3.idl
[7.512s] -- Installing: /home/charbel/mpo500_ws/install/neo_msgs2/share/neo_msgs2/msg/KinematicsState.idl
[7.512s] -- Installing: /home/charbel/mpo500_ws/install/neo_msgs2/share/neo_msgs2/msg/EmergencyStopState.msg
[7.512s] -- Installing: /home/charbel/mpo500_ws/install/neo_msgs2/share/neo_msgs2/msg/Keypad.msg
[7.512s] -- Installing: /home/charbel/mpo500_ws/install/neo_msgs2/share/neo_msgs2/msg/LCDOutput.msg
[7.512s] -- Installing: /home/charbel/mpo500_ws/install/neo_msgs2/share/neo_msgs2/msg/RelayBoardV2.msg
[7.512s] -- Installing: /home/charbel/mpo500_ws/install/neo_msgs2/share/neo_msgs2/msg/USBoard.msg
[7.512s] -- Installing: /home/charbel/mpo500_ws/install/neo_msgs2/share/neo_msgs2/msg/USBoardV2.msg
[7.512s] -- Installing: /home/charbel/mpo500_ws/install/neo_msgs2/share/neo_msgs2/msg/IOBoard.msg
[7.512s] -- Installing: /home/charbel/mpo500_ws/install/neo_msgs2/share/neo_msgs2/msg/SafetyMode.msg
[7.512s] -- Installing: /home/charbel/mpo500_ws/install/neo_msgs2/share/neo_msgs2/msg/SafetyState.msg
[7.512s] -- Installing: /home/charbel/mpo500_ws/install/neo_msgs2/share/neo_msgs2/msg/RelayBoardV3.msg
[7.513s] -- Installing: /home/charbel/mpo500_ws/install/neo_msgs2/share/neo_msgs2/msg/KinematicsState.msg
[7.513s] -- Installing: /home/charbel/mpo500_ws/install/neo_msgs2/share/ament_index/resource_index/package_run_dependencies/neo_msgs2
[7.513s] -- Installing: /home/charbel/mpo500_ws/install/neo_msgs2/share/ament_index/resource_index/parent_prefix_path/neo_msgs2
[7.513s] -- Installing: /home/charbel/mpo500_ws/install/neo_msgs2/share/neo_msgs2/environment/ament_prefix_path.sh
[7.513s] -- Installing: /home/charbel/mpo500_ws/install/neo_msgs2/share/neo_msgs2/environment/ament_prefix_path.dsv
[7.513s] -- Installing: /home/charbel/mpo500_ws/install/neo_msgs2/share/neo_msgs2/environment/path.sh
[7.513s] -- Installing: /home/charbel/mpo500_ws/install/neo_msgs2/share/neo_msgs2/environment/path.dsv
[7.513s] -- Installing: /home/charbel/mpo500_ws/install/neo_msgs2/share/neo_msgs2/local_setup.bash
[7.513s] -- Installing: /home/charbel/mpo500_ws/install/neo_msgs2/share/neo_msgs2/local_setup.sh
[7.513s] -- Installing: /home/charbel/mpo500_ws/install/neo_msgs2/share/neo_msgs2/local_setup.zsh
[7.513s] -- Installing: /home/charbel/mpo500_ws/install/neo_msgs2/share/neo_msgs2/local_setup.dsv
[7.513s] -- Installing: /home/charbel/mpo500_ws/install/neo_msgs2/share/neo_msgs2/package.dsv
[7.513s] -- Installing: /home/charbel/mpo500_ws/install/neo_msgs2/share/ament_index/resource_index/packages/neo_msgs2
[7.513s] -- Installing: /home/charbel/mpo500_ws/install/neo_msgs2/share/neo_msgs2/cmake/export_neo_msgs2__rosidl_generator_cExport.cmake
[7.513s] -- Installing: /home/charbel/mpo500_ws/install/neo_msgs2/share/neo_msgs2/cmake/export_neo_msgs2__rosidl_generator_cExport-noconfig.cmake
[7.513s] -- Installing: /home/charbel/mpo500_ws/install/neo_msgs2/share/neo_msgs2/cmake/export_neo_msgs2__rosidl_typesupport_fastrtps_cExport.cmake
[7.513s] -- Installing: /home/charbel/mpo500_ws/install/neo_msgs2/share/neo_msgs2/cmake/export_neo_msgs2__rosidl_typesupport_fastrtps_cExport-noconfig.cmake
[7.513s] -- Installing: /home/charbel/mpo500_ws/install/neo_msgs2/share/neo_msgs2/cmake/export_neo_msgs2__rosidl_generator_cppExport.cmake
[7.513s] -- Installing: /home/charbel/mpo500_ws/install/neo_msgs2/share/neo_msgs2/cmake/export_neo_msgs2__rosidl_typesupport_fastrtps_cppExport.cmake
[7.513s] -- Installing: /home/charbel/mpo500_ws/install/neo_msgs2/share/neo_msgs2/cmake/export_neo_msgs2__rosidl_typesupport_fastrtps_cppExport-noconfig.cmake
[7.513s] -- Installing: /home/charbel/mpo500_ws/install/neo_msgs2/share/neo_msgs2/cmake/neo_msgs2__rosidl_typesupport_introspection_cExport.cmake
[7.514s] -- Installing: /home/charbel/mpo500_ws/install/neo_msgs2/share/neo_msgs2/cmake/neo_msgs2__rosidl_typesupport_introspection_cExport-noconfig.cmake
[7.514s] -- Installing: /home/charbel/mpo500_ws/install/neo_msgs2/share/neo_msgs2/cmake/neo_msgs2__rosidl_typesupport_cExport.cmake
[7.514s] -- Installing: /home/charbel/mpo500_ws/install/neo_msgs2/share/neo_msgs2/cmake/neo_msgs2__rosidl_typesupport_cExport-noconfig.cmake
[7.514s] -- Installing: /home/charbel/mpo500_ws/install/neo_msgs2/share/neo_msgs2/cmake/neo_msgs2__rosidl_typesupport_introspection_cppExport.cmake
[7.514s] -- Installing: /home/charbel/mpo500_ws/install/neo_msgs2/share/neo_msgs2/cmake/neo_msgs2__rosidl_typesupport_introspection_cppExport-noconfig.cmake
[7.514s] -- Installing: /home/charbel/mpo500_ws/install/neo_msgs2/share/neo_msgs2/cmake/neo_msgs2__rosidl_typesupport_cppExport.cmake
[7.514s] -- Installing: /home/charbel/mpo500_ws/install/neo_msgs2/share/neo_msgs2/cmake/neo_msgs2__rosidl_typesupport_cppExport-noconfig.cmake
[7.514s] -- Installing: /home/charbel/mpo500_ws/install/neo_msgs2/share/neo_msgs2/cmake/export_neo_msgs2__rosidl_generator_pyExport.cmake
[7.514s] -- Installing: /home/charbel/mpo500_ws/install/neo_msgs2/share/neo_msgs2/cmake/export_neo_msgs2__rosidl_generator_pyExport-noconfig.cmake
[7.514s] -- Installing: /home/charbel/mpo500_ws/install/neo_msgs2/share/neo_msgs2/cmake/rosidl_cmake-extras.cmake
[7.514s] -- Installing: /home/charbel/mpo500_ws/install/neo_msgs2/share/neo_msgs2/cmake/ament_cmake_export_dependencies-extras.cmake
[7.514s] -- Installing: /home/charbel/mpo500_ws/install/neo_msgs2/share/neo_msgs2/cmake/ament_cmake_export_include_directories-extras.cmake
[7.514s] -- Installing: /home/charbel/mpo500_ws/install/neo_msgs2/share/neo_msgs2/cmake/ament_cmake_export_libraries-extras.cmake
[7.514s] -- Installing: /home/charbel/mpo500_ws/install/neo_msgs2/share/neo_msgs2/cmake/ament_cmake_export_targets-extras.cmake
[7.514s] -- Installing: /home/charbel/mpo500_ws/install/neo_msgs2/share/neo_msgs2/cmake/rosidl_cmake_export_typesupport_targets-extras.cmake
[7.514s] -- Installing: /home/charbel/mpo500_ws/install/neo_msgs2/share/neo_msgs2/cmake/rosidl_cmake_export_typesupport_libraries-extras.cmake
[7.514s] -- Installing: /home/charbel/mpo500_ws/install/neo_msgs2/share/neo_msgs2/cmake/neo_msgs2Config.cmake
[7.514s] -- Installing: /home/charbel/mpo500_ws/install/neo_msgs2/share/neo_msgs2/cmake/neo_msgs2Config-version.cmake
[7.514s] -- Installing: /home/charbel/mpo500_ws/install/neo_msgs2/share/neo_msgs2/package.xml
[7.517s] Invoked command in '/home/charbel/mpo500_ws/build/neo_msgs2' returned '0': CMAKE_PREFIX_PATH=${CMAKE_PREFIX_PATH}:/opt/ros/humble /usr/bin/cmake --install /home/charbel/mpo500_ws/build/neo_msgs2
