[0.034s] Invoking command in '/home/charbel/mpo500_ws/src/build/robot_controller': CMAKE_PREFIX_PATH=${CMAKE_PREFIX_PATH}:/opt/ros/humble /usr/bin/cmake --build /home/charbel/mpo500_ws/src/build/robot_controller -- -j16 -l16
[0.084s] [35m[1mConsolidate compiler generated dependencies of target robot_controller_node[0m
[0.097s] [ 33%] [32mBuilding CXX object CMakeFiles/robot_controller_node.dir/src/robot_controller.cpp.o[0m
[5.793s] [ 66%] [32m[1mLinking CXX executable robot_controller_node[0m
[6.074s] [100%] Built target robot_controller_node
[6.083s] Invoked command in '/home/charbel/mpo500_ws/src/build/robot_controller' returned '0': CMAKE_PREFIX_PATH=${CMAKE_PREFIX_PATH}:/opt/ros/humble /usr/bin/cmake --build /home/charbel/mpo500_ws/src/build/robot_controller -- -j16 -l16
[6.122s] Invoking command in '/home/charbel/mpo500_ws/src/build/robot_controller': CMAKE_PREFIX_PATH=${CMAKE_PREFIX_PATH}:/opt/ros/humble /usr/bin/cmake --install /home/charbel/mpo500_ws/src/build/robot_controller
[6.133s] -- Install configuration: ""
[6.133s] -- Installing: /home/charbel/mpo500_ws/src/install/robot_controller/lib/robot_controller/robot_controller_node
[6.137s] -- Set runtime path of "/home/charbel/mpo500_ws/src/install/robot_controller/lib/robot_controller/robot_controller_node" to ""
[6.137s] -- Up-to-date: /home/charbel/mpo500_ws/src/install/robot_controller/share/robot_controller//launch
[6.137s] -- Up-to-date: /home/charbel/mpo500_ws/src/install/robot_controller/share/robot_controller//launch/robot_controller.launch.py
[6.137s] -- Up-to-date: /home/charbel/mpo500_ws/src/install/robot_controller/share/ament_index/resource_index/package_run_dependencies/robot_controller
[6.138s] -- Up-to-date: /home/charbel/mpo500_ws/src/install/robot_controller/share/ament_index/resource_index/parent_prefix_path/robot_controller
[6.138s] -- Up-to-date: /home/charbel/mpo500_ws/src/install/robot_controller/share/robot_controller/environment/ament_prefix_path.sh
[6.138s] -- Up-to-date: /home/charbel/mpo500_ws/src/install/robot_controller/share/robot_controller/environment/ament_prefix_path.dsv
[6.138s] -- Up-to-date: /home/charbel/mpo500_ws/src/install/robot_controller/share/robot_controller/environment/path.sh
[6.138s] -- Up-to-date: /home/charbel/mpo500_ws/src/install/robot_controller/share/robot_controller/environment/path.dsv
[6.138s] -- Up-to-date: /home/charbel/mpo500_ws/src/install/robot_controller/share/robot_controller/local_setup.bash
[6.138s] -- Up-to-date: /home/charbel/mpo500_ws/src/install/robot_controller/share/robot_controller/local_setup.sh
[6.138s] -- Up-to-date: /home/charbel/mpo500_ws/src/install/robot_controller/share/robot_controller/local_setup.zsh
[6.138s] -- Up-to-date: /home/charbel/mpo500_ws/src/install/robot_controller/share/robot_controller/local_setup.dsv
[6.138s] -- Installing: /home/charbel/mpo500_ws/src/install/robot_controller/share/robot_controller/package.dsv
[6.138s] -- Up-to-date: /home/charbel/mpo500_ws/src/install/robot_controller/share/ament_index/resource_index/packages/robot_controller
[6.138s] -- Up-to-date: /home/charbel/mpo500_ws/src/install/robot_controller/share/robot_controller/cmake/robot_controllerConfig.cmake
[6.138s] -- Up-to-date: /home/charbel/mpo500_ws/src/install/robot_controller/share/robot_controller/cmake/robot_controllerConfig-version.cmake
[6.138s] -- Up-to-date: /home/charbel/mpo500_ws/src/install/robot_controller/share/robot_controller/package.xml
[6.141s] Invoked command in '/home/charbel/mpo500_ws/src/build/robot_controller' returned '0': CMAKE_PREFIX_PATH=${CMAKE_PREFIX_PATH}:/opt/ros/humble /usr/bin/cmake --install /home/charbel/mpo500_ws/src/build/robot_controller
