[0.008s] Invoking command in '/home/charbel/mpo500_ws/build/neo_srvs2': CMAKE_PREFIX_PATH=/home/charbel/mpo500_ws/install/neo_msgs2:/home/charbel/mpo500_ws/install/topic_subscriber:/home/charbel/mpo500_ws/install/topic_publisher:/home/charbel/mpo500_ws/install/robot_controller:/home/charbel/mpo500_ws/install/neo_teleop2:/home/charbel/mpo500_ws/install/neo_relayboard_v2-2:/home/charbel/mpo500_ws/install/neo_srvs2:/home/charbel/mpo500_ws/install/neo_simulation2:/home/charbel/mpo500_ws/install/neo_mpo_500-2:/home/charbel/mpo500_ws/install/neo_nav2_bringup:/home/charbel/mpo500_ws/install/neo_kinematics_mecanum2:/home/charbel/mpo500_ws/install/neo_common2:/opt/ros/humble LD_LIBRARY_PATH=/home/charbel/mpo500_ws/install/neo_msgs2/lib:/home/charbel/mpo500_ws/install/neo_relayboard_v2-2/lib:/home/charbel/mpo500_ws/install/neo_srvs2/lib:/home/charbel/mpo500_ws/install/neo_kinematics_mecanum2/lib:/usr/lib/x86_64-linux-gnu/gazebo-11/plugins:/opt/ros/humble/opt/rviz_ogre_vendor/lib:/opt/ros/humble/lib/x86_64-linux-gnu:/opt/ros/humble/lib /usr/bin/cmake /home/charbel/mpo500_ws/src/neo_srvs2 -DCMAKE_INSTALL_PREFIX=/home/charbel/mpo500_ws/install/neo_srvs2
[0.054s] -- The C compiler identification is GNU 11.4.0
[0.098s] -- The CXX compiler identification is GNU 11.4.0
[0.104s] -- Detecting C compiler ABI info
[0.163s] -- Detecting C compiler ABI info - done
[0.168s] -- Check for working C compiler: /usr/bin/cc - skipped
[0.168s] -- Detecting C compile features
[0.168s] -- Detecting C compile features - done
[0.171s] -- Detecting CXX compiler ABI info
[0.235s] -- Detecting CXX compiler ABI info - done
[0.240s] -- Check for working CXX compiler: /usr/bin/c++ - skipped
[0.240s] -- Detecting CXX compile features
[0.240s] -- Detecting CXX compile features - done
[0.242s] -- Found rosidl_default_generators: 1.2.0 (/opt/ros/humble/share/rosidl_default_generators/cmake)
[0.243s] -- Found ament_cmake_core: 1.3.10 (/opt/ros/humble/share/ament_cmake_core/cmake)
[0.353s] -- Found Python3: /usr/bin/python3 (found version "3.10.12") found components: Interpreter 
[0.397s] -- Using all available rosidl_typesupport_c: rosidl_typesupport_fastrtps_c;rosidl_typesupport_introspection_c
[0.403s] -- Found rosidl_adapter: 3.1.5 (/opt/ros/humble/share/rosidl_adapter/cmake)
[0.451s] -- Using all available rosidl_typesupport_cpp: rosidl_typesupport_fastrtps_cpp;rosidl_typesupport_introspection_cpp
[0.475s] -- Found geometry_msgs: 4.2.4 (/opt/ros/humble/share/geometry_msgs/cmake)
[0.501s] -- Found neo_msgs2: 0.1.0 (/home/charbel/mpo500_ws/install/neo_msgs2/share/neo_msgs2/cmake)
[0.769s] -- Found ament_cmake_ros: 0.10.0 (/opt/ros/humble/share/ament_cmake_ros/cmake)
[0.951s] -- Using all available rosidl_typesupport_c: rosidl_typesupport_fastrtps_c;rosidl_typesupport_introspection_c
[1.214s] -- Using all available rosidl_typesupport_cpp: rosidl_typesupport_fastrtps_cpp;rosidl_typesupport_introspection_cpp
[1.231s] -- Found PythonInterp: /usr/bin/python3 (found suitable version "3.10.12", minimum required is "3.6") 
[1.233s] -- Found python_cmake_module: 0.10.0 (/opt/ros/humble/share/python_cmake_module/cmake)
[1.254s] -- Found PythonLibs: /usr/lib/x86_64-linux-gnu/libpython3.10.so (found suitable version "3.10.12", minimum required is "3.5") 
[1.254s] -- Using PYTHON_EXECUTABLE: /usr/bin/python3
[1.254s] -- Using PYTHON_INCLUDE_DIRS: /usr/include/python3.10
[1.254s] -- Using PYTHON_LIBRARIES: /usr/lib/x86_64-linux-gnu/libpython3.10.so
[1.271s] -- Found PythonExtra: .so  
[1.321s] -- Configuring done
[1.354s] -- Generating done
[1.355s] -- Build files have been written to: /home/charbel/mpo500_ws/build/neo_srvs2
[1.362s] Invoked command in '/home/charbel/mpo500_ws/build/neo_srvs2' returned '0': CMAKE_PREFIX_PATH=/home/charbel/mpo500_ws/install/neo_msgs2:/home/charbel/mpo500_ws/install/topic_subscriber:/home/charbel/mpo500_ws/install/topic_publisher:/home/charbel/mpo500_ws/install/robot_controller:/home/charbel/mpo500_ws/install/neo_teleop2:/home/charbel/mpo500_ws/install/neo_relayboard_v2-2:/home/charbel/mpo500_ws/install/neo_srvs2:/home/charbel/mpo500_ws/install/neo_simulation2:/home/charbel/mpo500_ws/install/neo_mpo_500-2:/home/charbel/mpo500_ws/install/neo_nav2_bringup:/home/charbel/mpo500_ws/install/neo_kinematics_mecanum2:/home/charbel/mpo500_ws/install/neo_common2:/opt/ros/humble LD_LIBRARY_PATH=/home/charbel/mpo500_ws/install/neo_msgs2/lib:/home/charbel/mpo500_ws/install/neo_relayboard_v2-2/lib:/home/charbel/mpo500_ws/install/neo_srvs2/lib:/home/charbel/mpo500_ws/install/neo_kinematics_mecanum2/lib:/usr/lib/x86_64-linux-gnu/gazebo-11/plugins:/opt/ros/humble/opt/rviz_ogre_vendor/lib:/opt/ros/humble/lib/x86_64-linux-gnu:/opt/ros/humble/lib /usr/bin/cmake /home/charbel/mpo500_ws/src/neo_srvs2 -DCMAKE_INSTALL_PREFIX=/home/charbel/mpo500_ws/install/neo_srvs2
[1.362s] Invoking command in '/home/charbel/mpo500_ws/build/neo_srvs2': CMAKE_PREFIX_PATH=/home/charbel/mpo500_ws/install/neo_msgs2:/home/charbel/mpo500_ws/install/topic_subscriber:/home/charbel/mpo500_ws/install/topic_publisher:/home/charbel/mpo500_ws/install/robot_controller:/home/charbel/mpo500_ws/install/neo_teleop2:/home/charbel/mpo500_ws/install/neo_relayboard_v2-2:/home/charbel/mpo500_ws/install/neo_srvs2:/home/charbel/mpo500_ws/install/neo_simulation2:/home/charbel/mpo500_ws/install/neo_mpo_500-2:/home/charbel/mpo500_ws/install/neo_nav2_bringup:/home/charbel/mpo500_ws/install/neo_kinematics_mecanum2:/home/charbel/mpo500_ws/install/neo_common2:/opt/ros/humble LD_LIBRARY_PATH=/home/charbel/mpo500_ws/install/neo_msgs2/lib:/home/charbel/mpo500_ws/install/neo_relayboard_v2-2/lib:/home/charbel/mpo500_ws/install/neo_srvs2/lib:/home/charbel/mpo500_ws/install/neo_kinematics_mecanum2/lib:/usr/lib/x86_64-linux-gnu/gazebo-11/plugins:/opt/ros/humble/opt/rviz_ogre_vendor/lib:/opt/ros/humble/lib/x86_64-linux-gnu:/opt/ros/humble/lib /usr/bin/cmake --build /home/charbel/mpo500_ws/build/neo_srvs2 -- -j16 -l16
[1.408s] [  1%] [34m[1mGenerating C code for ROS interfaces[0m
[1.416s] [  1%] [34m[1mGenerating C++ code for ROS interfaces[0m
[1.423s] [  1%] Built target ament_cmake_python_copy_neo_srvs2
[1.569s] running egg_info
[1.569s] creating neo_srvs2.egg-info
[1.569s] writing neo_srvs2.egg-info/PKG-INFO
[1.569s] writing dependency_links to neo_srvs2.egg-info/dependency_links.txt
[1.569s] writing top-level names to neo_srvs2.egg-info/top_level.txt
[1.569s] writing manifest file 'neo_srvs2.egg-info/SOURCES.txt'
[1.570s] reading manifest file 'neo_srvs2.egg-info/SOURCES.txt'
[1.571s] writing manifest file 'neo_srvs2.egg-info/SOURCES.txt'
[1.589s] [  1%] Built target ament_cmake_python_build_neo_srvs2_egg
[2.094s] [  1%] Built target neo_srvs2__cpp
[2.102s] [  2%] [34m[1mGenerating C++ type support dispatch for ROS interfaces[0m
[2.106s] [  2%] [34m[1mGenerating C++ introspection for ROS interfaces[0m
[2.106s] [  3%] [34m[1mGenerating C++ type support for eProsima Fast-RTPS[0m
[2.153s] [  3%] [32mBuilding C object CMakeFiles/neo_srvs2__rosidl_generator_c.dir/rosidl_generator_c/neo_srvs2/srv/detail/relay_board_set_relay__functions.c.o[0m
[2.153s] [  4%] [32mBuilding C object CMakeFiles/neo_srvs2__rosidl_generator_c.dir/rosidl_generator_c/neo_srvs2/srv/detail/relay_board_set_em_stop__functions.c.o[0m
[2.153s] [  4%] [32mBuilding C object CMakeFiles/neo_srvs2__rosidl_generator_c.dir/rosidl_generator_c/neo_srvs2/srv/detail/unlock_platform__functions.c.o[0m
[2.154s] [  4%] [32mBuilding C object CMakeFiles/neo_srvs2__rosidl_generator_c.dir/rosidl_generator_c/neo_srvs2/srv/detail/relay_board_un_set_em_stop__functions.c.o[0m
[2.154s] [  5%] [32mBuilding C object CMakeFiles/neo_srvs2__rosidl_generator_c.dir/rosidl_generator_c/neo_srvs2/srv/detail/relay_board_set_safety_mode__functions.c.o[0m
[2.154s] [  7%] [32mBuilding C object CMakeFiles/neo_srvs2__rosidl_generator_c.dir/rosidl_generator_c/neo_srvs2/srv/detail/relay_board_set_led__functions.c.o[0m
[2.154s] [  7%] [32mBuilding C object CMakeFiles/neo_srvs2__rosidl_generator_c.dir/rosidl_generator_c/neo_srvs2/srv/detail/relay_board_set_lcd_msg__functions.c.o[0m
[2.154s] [  9%] [32mBuilding C object CMakeFiles/neo_srvs2__rosidl_generator_c.dir/rosidl_generator_c/neo_srvs2/srv/detail/reset_omni_wheels__functions.c.o[0m
[2.154s] [  9%] [32mBuilding C object CMakeFiles/neo_srvs2__rosidl_generator_c.dir/rosidl_generator_c/neo_srvs2/srv/detail/io_board_set_dig_out__functions.c.o[0m
[2.155s] [ 10%] [32mBuilding C object CMakeFiles/neo_srvs2__rosidl_generator_c.dir/rosidl_generator_c/neo_srvs2/srv/detail/lock_platform__functions.c.o[0m
[2.155s] [ 11%] [32mBuilding C object CMakeFiles/neo_srvs2__rosidl_generator_c.dir/rosidl_generator_c/neo_srvs2/srv/detail/optimizer__functions.c.o[0m
[2.155s] [ 12%] [32mBuilding C object CMakeFiles/neo_srvs2__rosidl_generator_c.dir/rosidl_generator_c/neo_srvs2/srv/detail/us_board_toggle_sensor__functions.c.o[0m
[2.161s] [ 12%] [32mBuilding C object CMakeFiles/neo_srvs2__rosidl_generator_c.dir/rosidl_generator_c/neo_srvs2/srv/detail/initialize_contour_matching__functions.c.o[0m
[2.209s] [ 13%] [32mBuilding C object CMakeFiles/neo_srvs2__rosidl_generator_c.dir/rosidl_generator_c/neo_srvs2/srv/detail/set_safety_field__functions.c.o[0m
[2.248s] [ 14%] [32m[1mLinking C shared library libneo_srvs2__rosidl_generator_c.so[0m
[2.289s] [ 14%] Built target neo_srvs2__rosidl_generator_c
[2.297s] [ 16%] [34m[1mGenerating C type support for eProsima Fast-RTPS[0m
[2.297s] [ 16%] [34m[1mGenerating C type support dispatch for ROS interfaces[0m
[2.301s] [ 17%] [34m[1mGenerating C introspection for ROS interfaces[0m
[2.533s] [ 18%] [32mBuilding CXX object CMakeFiles/neo_srvs2__rosidl_typesupport_cpp.dir/rosidl_typesupport_cpp/neo_srvs2/srv/relay_board_set_relay__type_support.cpp.o[0m
[2.533s] [ 19%] [32mBuilding CXX object CMakeFiles/neo_srvs2__rosidl_typesupport_cpp.dir/rosidl_typesupport_cpp/neo_srvs2/srv/io_board_set_dig_out__type_support.cpp.o[0m
[2.533s] [ 20%] [32mBuilding CXX object CMakeFiles/neo_srvs2__rosidl_typesupport_cpp.dir/rosidl_typesupport_cpp/neo_srvs2/srv/relay_board_set_em_stop__type_support.cpp.o[0m
[2.534s] [ 18%] [32mBuilding CXX object CMakeFiles/neo_srvs2__rosidl_typesupport_cpp.dir/rosidl_typesupport_cpp/neo_srvs2/srv/relay_board_set_lcd_msg__type_support.cpp.o[0m
[2.534s] [ 21%] [32mBuilding CXX object CMakeFiles/neo_srvs2__rosidl_typesupport_cpp.dir/rosidl_typesupport_cpp/neo_srvs2/srv/reset_omni_wheels__type_support.cpp.o[0m
[2.534s] [ 21%] [32mBuilding CXX object CMakeFiles/neo_srvs2__rosidl_typesupport_cpp.dir/rosidl_typesupport_cpp/neo_srvs2/srv/lock_platform__type_support.cpp.o[0m
[2.534s] [ 22%] [32mBuilding CXX object CMakeFiles/neo_srvs2__rosidl_typesupport_cpp.dir/rosidl_typesupport_cpp/neo_srvs2/srv/unlock_platform__type_support.cpp.o[0m
[2.535s] [ 23%] [32mBuilding CXX object CMakeFiles/neo_srvs2__rosidl_typesupport_cpp.dir/rosidl_typesupport_cpp/neo_srvs2/srv/relay_board_set_safety_mode__type_support.cpp.o[0m
[2.538s] [ 24%] [32mBuilding CXX object CMakeFiles/neo_srvs2__rosidl_typesupport_cpp.dir/rosidl_typesupport_cpp/neo_srvs2/srv/relay_board_un_set_em_stop__type_support.cpp.o[0m
[2.538s] [ 24%] [32mBuilding CXX object CMakeFiles/neo_srvs2__rosidl_typesupport_cpp.dir/rosidl_typesupport_cpp/neo_srvs2/srv/relay_board_set_led__type_support.cpp.o[0m
[2.538s] [ 25%] [32mBuilding CXX object CMakeFiles/neo_srvs2__rosidl_typesupport_cpp.dir/rosidl_typesupport_cpp/neo_srvs2/srv/us_board_toggle_sensor__type_support.cpp.o[0m
[2.791s] [ 26%] [32mBuilding CXX object CMakeFiles/neo_srvs2__rosidl_typesupport_cpp.dir/rosidl_typesupport_cpp/neo_srvs2/srv/initialize_contour_matching__type_support.cpp.o[0m
[2.791s] [ 27%] [32mBuilding CXX object CMakeFiles/neo_srvs2__rosidl_typesupport_cpp.dir/rosidl_typesupport_cpp/neo_srvs2/srv/optimizer__type_support.cpp.o[0m
[2.793s] [ 27%] [32mBuilding CXX object CMakeFiles/neo_srvs2__rosidl_typesupport_cpp.dir/rosidl_typesupport_cpp/neo_srvs2/srv/set_safety_field__type_support.cpp.o[0m
[2.845s] [ 28%] [32mBuilding CXX object CMakeFiles/neo_srvs2__rosidl_typesupport_c.dir/rosidl_typesupport_c/neo_srvs2/srv/io_board_set_dig_out__type_support.cpp.o[0m
[2.845s] [ 28%] [32mBuilding CXX object CMakeFiles/neo_srvs2__rosidl_typesupport_c.dir/rosidl_typesupport_c/neo_srvs2/srv/relay_board_set_relay__type_support.cpp.o[0m
[2.845s] [ 29%] [32mBuilding CXX object CMakeFiles/neo_srvs2__rosidl_typesupport_c.dir/rosidl_typesupport_c/neo_srvs2/srv/relay_board_set_lcd_msg__type_support.cpp.o[0m
[2.846s] [ 30%] [32mBuilding CXX object CMakeFiles/neo_srvs2__rosidl_typesupport_c.dir/rosidl_typesupport_c/neo_srvs2/srv/lock_platform__type_support.cpp.o[0m
[2.846s] [ 30%] [32mBuilding CXX object CMakeFiles/neo_srvs2__rosidl_typesupport_c.dir/rosidl_typesupport_c/neo_srvs2/srv/unlock_platform__type_support.cpp.o[0m
[2.862s] [ 31%] [32mBuilding CXX object CMakeFiles/neo_srvs2__rosidl_typesupport_c.dir/rosidl_typesupport_c/neo_srvs2/srv/relay_board_set_em_stop__type_support.cpp.o[0m
[2.862s] [ 32%] [32mBuilding CXX object CMakeFiles/neo_srvs2__rosidl_typesupport_c.dir/rosidl_typesupport_c/neo_srvs2/srv/reset_omni_wheels__type_support.cpp.o[0m
[2.865s] [ 33%] [32mBuilding CXX object CMakeFiles/neo_srvs2__rosidl_typesupport_introspection_cpp.dir/rosidl_typesupport_introspection_cpp/neo_srvs2/srv/detail/relay_board_set_relay__type_support.cpp.o[0m
[2.867s] [ 34%] [32mBuilding CXX object CMakeFiles/neo_srvs2__rosidl_typesupport_introspection_cpp.dir/rosidl_typesupport_introspection_cpp/neo_srvs2/srv/detail/io_board_set_dig_out__type_support.cpp.o[0m
[2.875s] [ 35%] [32mBuilding CXX object CMakeFiles/neo_srvs2__rosidl_typesupport_c.dir/rosidl_typesupport_c/neo_srvs2/srv/relay_board_set_safety_mode__type_support.cpp.o[0m
[2.879s] [ 35%] [32mBuilding CXX object CMakeFiles/neo_srvs2__rosidl_typesupport_c.dir/rosidl_typesupport_c/neo_srvs2/srv/relay_board_un_set_em_stop__type_support.cpp.o[0m
[2.887s] [ 36%] [32mBuilding CXX object CMakeFiles/neo_srvs2__rosidl_typesupport_c.dir/rosidl_typesupport_c/neo_srvs2/srv/relay_board_set_led__type_support.cpp.o[0m
[2.889s] [ 37%] [32mBuilding CXX object CMakeFiles/neo_srvs2__rosidl_typesupport_introspection_cpp.dir/rosidl_typesupport_introspection_cpp/neo_srvs2/srv/detail/relay_board_set_lcd_msg__type_support.cpp.o[0m
[2.889s] [ 38%] [32mBuilding CXX object CMakeFiles/neo_srvs2__rosidl_typesupport_c.dir/rosidl_typesupport_c/neo_srvs2/srv/us_board_toggle_sensor__type_support.cpp.o[0m
[2.890s] [ 38%] [32mBuilding CXX object CMakeFiles/neo_srvs2__rosidl_typesupport_introspection_cpp.dir/rosidl_typesupport_introspection_cpp/neo_srvs2/srv/detail/lock_platform__type_support.cpp.o[0m
[2.899s] [ 39%] [32mBuilding CXX object CMakeFiles/neo_srvs2__rosidl_typesupport_introspection_cpp.dir/rosidl_typesupport_introspection_cpp/neo_srvs2/srv/detail/unlock_platform__type_support.cpp.o[0m
[2.899s] [ 40%] [32mBuilding CXX object CMakeFiles/neo_srvs2__rosidl_typesupport_c.dir/rosidl_typesupport_c/neo_srvs2/srv/optimizer__type_support.cpp.o[0m
[2.906s] [ 41%] [32mBuilding CXX object CMakeFiles/neo_srvs2__rosidl_typesupport_introspection_cpp.dir/rosidl_typesupport_introspection_cpp/neo_srvs2/srv/detail/reset_omni_wheels__type_support.cpp.o[0m
[2.918s] [ 42%] [32mBuilding CXX object CMakeFiles/neo_srvs2__rosidl_typesupport_introspection_cpp.dir/rosidl_typesupport_introspection_cpp/neo_srvs2/srv/detail/relay_board_set_em_stop__type_support.cpp.o[0m
[2.920s] [ 42%] [32mBuilding CXX object CMakeFiles/neo_srvs2__rosidl_typesupport_c.dir/rosidl_typesupport_c/neo_srvs2/srv/initialize_contour_matching__type_support.cpp.o[0m
[2.928s] [ 42%] [32mBuilding CXX object CMakeFiles/neo_srvs2__rosidl_typesupport_introspection_cpp.dir/rosidl_typesupport_introspection_cpp/neo_srvs2/srv/detail/relay_board_set_safety_mode__type_support.cpp.o[0m
[2.956s] [ 43%] [32mBuilding CXX object CMakeFiles/neo_srvs2__rosidl_typesupport_c.dir/rosidl_typesupport_c/neo_srvs2/srv/set_safety_field__type_support.cpp.o[0m
[2.964s] [ 44%] [32mBuilding CXX object CMakeFiles/neo_srvs2__rosidl_typesupport_introspection_cpp.dir/rosidl_typesupport_introspection_cpp/neo_srvs2/srv/detail/relay_board_un_set_em_stop__type_support.cpp.o[0m
[2.985s] [ 45%] [32m[1mLinking CXX shared library libneo_srvs2__rosidl_typesupport_c.so[0m
[3.053s] [ 45%] Built target neo_srvs2__rosidl_typesupport_c
[3.056s] [ 46%] [32mBuilding CXX object CMakeFiles/neo_srvs2__rosidl_typesupport_introspection_cpp.dir/rosidl_typesupport_introspection_cpp/neo_srvs2/srv/detail/relay_board_set_led__type_support.cpp.o[0m
[3.061s] [ 47%] [32mBuilding CXX object CMakeFiles/neo_srvs2__rosidl_typesupport_introspection_cpp.dir/rosidl_typesupport_introspection_cpp/neo_srvs2/srv/detail/us_board_toggle_sensor__type_support.cpp.o[0m
[3.097s] [ 47%] [32mBuilding CXX object CMakeFiles/neo_srvs2__rosidl_typesupport_introspection_cpp.dir/rosidl_typesupport_introspection_cpp/neo_srvs2/srv/detail/optimizer__type_support.cpp.o[0m
[3.103s] [ 48%] [32m[1mLinking CXX shared library libneo_srvs2__rosidl_typesupport_cpp.so[0m
[3.189s] [ 48%] Built target neo_srvs2__rosidl_typesupport_cpp
[3.200s] [ 49%] [32mBuilding CXX object CMakeFiles/neo_srvs2__rosidl_typesupport_introspection_cpp.dir/rosidl_typesupport_introspection_cpp/neo_srvs2/srv/detail/initialize_contour_matching__type_support.cpp.o[0m
[3.263s] [ 50%] [32mBuilding CXX object CMakeFiles/neo_srvs2__rosidl_typesupport_introspection_cpp.dir/rosidl_typesupport_introspection_cpp/neo_srvs2/srv/detail/set_safety_field__type_support.cpp.o[0m
[3.279s] [ 51%] [32mBuilding CXX object CMakeFiles/neo_srvs2__rosidl_typesupport_fastrtps_cpp.dir/rosidl_typesupport_fastrtps_cpp/neo_srvs2/srv/detail/dds_fastrtps/relay_board_set_relay__type_support.cpp.o[0m
[3.286s] [ 52%] [32mBuilding CXX object CMakeFiles/neo_srvs2__rosidl_typesupport_fastrtps_cpp.dir/rosidl_typesupport_fastrtps_cpp/neo_srvs2/srv/detail/dds_fastrtps/io_board_set_dig_out__type_support.cpp.o[0m
[3.297s] [ 52%] [32mBuilding CXX object CMakeFiles/neo_srvs2__rosidl_typesupport_fastrtps_cpp.dir/rosidl_typesupport_fastrtps_cpp/neo_srvs2/srv/detail/dds_fastrtps/relay_board_set_lcd_msg__type_support.cpp.o[0m
[3.309s] [ 53%] [32mBuilding CXX object CMakeFiles/neo_srvs2__rosidl_typesupport_fastrtps_cpp.dir/rosidl_typesupport_fastrtps_cpp/neo_srvs2/srv/detail/dds_fastrtps/lock_platform__type_support.cpp.o[0m
[3.329s] [ 54%] [32mBuilding CXX object CMakeFiles/neo_srvs2__rosidl_typesupport_fastrtps_cpp.dir/rosidl_typesupport_fastrtps_cpp/neo_srvs2/srv/detail/dds_fastrtps/unlock_platform__type_support.cpp.o[0m
[3.331s] [ 55%] [32mBuilding CXX object CMakeFiles/neo_srvs2__rosidl_typesupport_fastrtps_cpp.dir/rosidl_typesupport_fastrtps_cpp/neo_srvs2/srv/detail/dds_fastrtps/reset_omni_wheels__type_support.cpp.o[0m
[3.347s] [ 55%] [32mBuilding CXX object CMakeFiles/neo_srvs2__rosidl_typesupport_fastrtps_cpp.dir/rosidl_typesupport_fastrtps_cpp/neo_srvs2/srv/detail/dds_fastrtps/relay_board_set_em_stop__type_support.cpp.o[0m
[3.355s] [ 56%] [32mBuilding CXX object CMakeFiles/neo_srvs2__rosidl_typesupport_fastrtps_cpp.dir/rosidl_typesupport_fastrtps_cpp/neo_srvs2/srv/detail/dds_fastrtps/relay_board_set_safety_mode__type_support.cpp.o[0m
[3.413s] [ 57%] [32mBuilding CXX object CMakeFiles/neo_srvs2__rosidl_typesupport_fastrtps_cpp.dir/rosidl_typesupport_fastrtps_cpp/neo_srvs2/srv/detail/dds_fastrtps/relay_board_un_set_em_stop__type_support.cpp.o[0m
[3.449s] [ 58%] [32mBuilding CXX object CMakeFiles/neo_srvs2__rosidl_typesupport_fastrtps_cpp.dir/rosidl_typesupport_fastrtps_cpp/neo_srvs2/srv/detail/dds_fastrtps/relay_board_set_led__type_support.cpp.o[0m
[3.455s] [ 58%] [32mBuilding CXX object CMakeFiles/neo_srvs2__rosidl_typesupport_fastrtps_cpp.dir/rosidl_typesupport_fastrtps_cpp/neo_srvs2/srv/detail/dds_fastrtps/us_board_toggle_sensor__type_support.cpp.o[0m
[3.462s] [ 59%] [32mBuilding C object CMakeFiles/neo_srvs2__rosidl_typesupport_introspection_c.dir/rosidl_typesupport_introspection_c/neo_srvs2/srv/detail/relay_board_set_relay__type_support.c.o[0m
[3.499s] [ 60%] [32mBuilding C object CMakeFiles/neo_srvs2__rosidl_typesupport_introspection_c.dir/rosidl_typesupport_introspection_c/neo_srvs2/srv/detail/io_board_set_dig_out__type_support.c.o[0m
[3.514s] [ 61%] [32mBuilding CXX object CMakeFiles/neo_srvs2__rosidl_typesupport_fastrtps_cpp.dir/rosidl_typesupport_fastrtps_cpp/neo_srvs2/srv/detail/dds_fastrtps/optimizer__type_support.cpp.o[0m
[3.530s] [ 61%] [32mBuilding C object CMakeFiles/neo_srvs2__rosidl_typesupport_introspection_c.dir/rosidl_typesupport_introspection_c/neo_srvs2/srv/detail/relay_board_set_lcd_msg__type_support.c.o[0m
[3.573s] [ 62%] [32mBuilding C object CMakeFiles/neo_srvs2__rosidl_typesupport_introspection_c.dir/rosidl_typesupport_introspection_c/neo_srvs2/srv/detail/lock_platform__type_support.c.o[0m
[3.639s] [ 63%] [32mBuilding C object CMakeFiles/neo_srvs2__rosidl_typesupport_introspection_c.dir/rosidl_typesupport_introspection_c/neo_srvs2/srv/detail/unlock_platform__type_support.c.o[0m
[3.661s] [ 64%] [32mBuilding C object CMakeFiles/neo_srvs2__rosidl_typesupport_introspection_c.dir/rosidl_typesupport_introspection_c/neo_srvs2/srv/detail/reset_omni_wheels__type_support.c.o[0m
[3.662s] [ 65%] [32m[1mLinking CXX shared library libneo_srvs2__rosidl_typesupport_introspection_cpp.so[0m
[3.683s] [ 66%] [32mBuilding CXX object CMakeFiles/neo_srvs2__rosidl_typesupport_fastrtps_c.dir/rosidl_typesupport_fastrtps_c/neo_srvs2/srv/detail/relay_board_set_relay__type_support_c.cpp.o[0m
[3.686s] [ 66%] [32mBuilding C object CMakeFiles/neo_srvs2__rosidl_typesupport_introspection_c.dir/rosidl_typesupport_introspection_c/neo_srvs2/srv/detail/relay_board_set_em_stop__type_support.c.o[0m
[3.691s] [ 67%] [32mBuilding C object CMakeFiles/neo_srvs2__rosidl_typesupport_introspection_c.dir/rosidl_typesupport_introspection_c/neo_srvs2/srv/detail/relay_board_set_safety_mode__type_support.c.o[0m
[3.701s] [ 68%] [32mBuilding C object CMakeFiles/neo_srvs2__rosidl_typesupport_introspection_c.dir/rosidl_typesupport_introspection_c/neo_srvs2/srv/detail/relay_board_un_set_em_stop__type_support.c.o[0m
[3.709s] [ 68%] [32mBuilding C object CMakeFiles/neo_srvs2__rosidl_typesupport_introspection_c.dir/rosidl_typesupport_introspection_c/neo_srvs2/srv/detail/relay_board_set_led__type_support.c.o[0m
[3.710s] [ 69%] [32mBuilding CXX object CMakeFiles/neo_srvs2__rosidl_typesupport_fastrtps_cpp.dir/rosidl_typesupport_fastrtps_cpp/neo_srvs2/srv/detail/dds_fastrtps/initialize_contour_matching__type_support.cpp.o[0m
[3.715s] [ 69%] [32mBuilding CXX object CMakeFiles/neo_srvs2__rosidl_typesupport_fastrtps_c.dir/rosidl_typesupport_fastrtps_c/neo_srvs2/srv/detail/io_board_set_dig_out__type_support_c.cpp.o[0m
[3.728s] [ 70%] [32mBuilding CXX object CMakeFiles/neo_srvs2__rosidl_typesupport_fastrtps_cpp.dir/rosidl_typesupport_fastrtps_cpp/neo_srvs2/srv/detail/dds_fastrtps/set_safety_field__type_support.cpp.o[0m
[3.734s] [ 71%] [32mBuilding CXX object CMakeFiles/neo_srvs2__rosidl_typesupport_fastrtps_c.dir/rosidl_typesupport_fastrtps_c/neo_srvs2/srv/detail/relay_board_set_lcd_msg__type_support_c.cpp.o[0m
[3.742s] [ 72%] [32mBuilding CXX object CMakeFiles/neo_srvs2__rosidl_typesupport_fastrtps_c.dir/rosidl_typesupport_fastrtps_c/neo_srvs2/srv/detail/lock_platform__type_support_c.cpp.o[0m
[3.763s] [ 73%] [32mBuilding C object CMakeFiles/neo_srvs2__rosidl_typesupport_introspection_c.dir/rosidl_typesupport_introspection_c/neo_srvs2/srv/detail/us_board_toggle_sensor__type_support.c.o[0m
[3.765s] [ 73%] Built target neo_srvs2__rosidl_typesupport_introspection_cpp
[3.774s] [ 74%] [32mBuilding CXX object CMakeFiles/neo_srvs2__rosidl_typesupport_fastrtps_c.dir/rosidl_typesupport_fastrtps_c/neo_srvs2/srv/detail/unlock_platform__type_support_c.cpp.o[0m
[3.787s] [ 75%] [32mBuilding C object CMakeFiles/neo_srvs2__rosidl_typesupport_introspection_c.dir/rosidl_typesupport_introspection_c/neo_srvs2/srv/detail/optimizer__type_support.c.o[0m
[3.828s] [ 76%] [32mBuilding C object CMakeFiles/neo_srvs2__rosidl_typesupport_introspection_c.dir/rosidl_typesupport_introspection_c/neo_srvs2/srv/detail/initialize_contour_matching__type_support.c.o[0m
[3.832s] [ 76%] [32mBuilding CXX object CMakeFiles/neo_srvs2__rosidl_typesupport_fastrtps_c.dir/rosidl_typesupport_fastrtps_c/neo_srvs2/srv/detail/reset_omni_wheels__type_support_c.cpp.o[0m
[3.853s] [ 76%] [32mBuilding C object CMakeFiles/neo_srvs2__rosidl_typesupport_introspection_c.dir/rosidl_typesupport_introspection_c/neo_srvs2/srv/detail/set_safety_field__type_support.c.o[0m
[3.854s] [ 77%] [32mBuilding CXX object CMakeFiles/neo_srvs2__rosidl_typesupport_fastrtps_c.dir/rosidl_typesupport_fastrtps_c/neo_srvs2/srv/detail/relay_board_set_em_stop__type_support_c.cpp.o[0m
[3.860s] [ 78%] [32mBuilding CXX object CMakeFiles/neo_srvs2__rosidl_typesupport_fastrtps_c.dir/rosidl_typesupport_fastrtps_c/neo_srvs2/srv/detail/relay_board_set_safety_mode__type_support_c.cpp.o[0m
[3.877s] [ 79%] [32mBuilding CXX object CMakeFiles/neo_srvs2__rosidl_typesupport_fastrtps_c.dir/rosidl_typesupport_fastrtps_c/neo_srvs2/srv/detail/relay_board_un_set_em_stop__type_support_c.cpp.o[0m
[3.892s] [ 80%] [32m[1mLinking C shared library libneo_srvs2__rosidl_typesupport_introspection_c.so[0m
[3.899s] [ 80%] [32mBuilding CXX object CMakeFiles/neo_srvs2__rosidl_typesupport_fastrtps_c.dir/rosidl_typesupport_fastrtps_c/neo_srvs2/srv/detail/relay_board_set_led__type_support_c.cpp.o[0m
[3.901s] [ 81%] [32mBuilding CXX object CMakeFiles/neo_srvs2__rosidl_typesupport_fastrtps_c.dir/rosidl_typesupport_fastrtps_c/neo_srvs2/srv/detail/us_board_toggle_sensor__type_support_c.cpp.o[0m
[3.914s] [ 82%] [32mBuilding CXX object CMakeFiles/neo_srvs2__rosidl_typesupport_fastrtps_c.dir/rosidl_typesupport_fastrtps_c/neo_srvs2/srv/detail/optimizer__type_support_c.cpp.o[0m
[3.928s] [ 82%] Built target neo_srvs2__rosidl_typesupport_introspection_c
[3.938s] [ 83%] [32mBuilding CXX object CMakeFiles/neo_srvs2__rosidl_typesupport_fastrtps_c.dir/rosidl_typesupport_fastrtps_c/neo_srvs2/srv/detail/initialize_contour_matching__type_support_c.cpp.o[0m
[3.970s] [ 83%] [32mBuilding CXX object CMakeFiles/neo_srvs2__rosidl_typesupport_fastrtps_c.dir/rosidl_typesupport_fastrtps_c/neo_srvs2/srv/detail/set_safety_field__type_support_c.cpp.o[0m
[4.130s] [ 83%] [32m[1mLinking CXX shared library libneo_srvs2__rosidl_typesupport_fastrtps_cpp.so[0m
[4.187s] [ 83%] Built target neo_srvs2__rosidl_typesupport_fastrtps_cpp
[4.297s] [ 84%] [32m[1mLinking CXX shared library libneo_srvs2__rosidl_typesupport_fastrtps_c.so[0m
[4.357s] [ 84%] Built target neo_srvs2__rosidl_typesupport_fastrtps_c
[4.376s] [ 84%] Built target neo_srvs2
[4.396s] [ 85%] [34m[1mGenerating Python code for ROS interfaces[0m
[5.664s] [ 85%] Built target neo_srvs2__py
[5.684s] [ 86%] [32mBuilding C object CMakeFiles/neo_srvs2__rosidl_generator_py.dir/rosidl_generator_py/neo_srvs2/srv/_relay_board_set_lcd_msg_s.c.o[0m
[5.685s] [ 87%] [32mBuilding C object CMakeFiles/neo_srvs2__rosidl_generator_py.dir/rosidl_generator_py/neo_srvs2/srv/_unlock_platform_s.c.o[0m
[5.686s] [ 87%] [32mBuilding C object CMakeFiles/neo_srvs2__rosidl_generator_py.dir/rosidl_generator_py/neo_srvs2/srv/_reset_omni_wheels_s.c.o[0m
[5.687s] [ 90%] [32mBuilding C object CMakeFiles/neo_srvs2__rosidl_generator_py.dir/rosidl_generator_py/neo_srvs2/srv/_optimizer_s.c.o[0m
[5.687s] [ 90%] [32mBuilding C object CMakeFiles/neo_srvs2__rosidl_generator_py.dir/rosidl_generator_py/neo_srvs2/srv/_relay_board_set_em_stop_s.c.o[0m
[5.687s] [ 90%] [32mBuilding C object CMakeFiles/neo_srvs2__rosidl_generator_py.dir/rosidl_generator_py/neo_srvs2/srv/_lock_platform_s.c.o[0m
[5.687s] [ 91%] [32mBuilding C object CMakeFiles/neo_srvs2__rosidl_generator_py.dir/rosidl_generator_py/neo_srvs2/srv/_relay_board_set_relay_s.c.o[0m
[5.688s] [ 92%] [32mBuilding C object CMakeFiles/neo_srvs2__rosidl_generator_py.dir/rosidl_generator_py/neo_srvs2/srv/_relay_board_un_set_em_stop_s.c.o[0m
[5.688s] [ 93%] [32mBuilding C object CMakeFiles/neo_srvs2__rosidl_generator_py.dir/rosidl_generator_py/neo_srvs2/srv/_relay_board_set_safety_mode_s.c.o[0m
[5.688s] [ 93%] [32mBuilding C object CMakeFiles/neo_srvs2__rosidl_generator_py.dir/rosidl_generator_py/neo_srvs2/srv/_relay_board_set_led_s.c.o[0m
[5.688s] [ 94%] [32mBuilding C object CMakeFiles/neo_srvs2__rosidl_generator_py.dir/rosidl_generator_py/neo_srvs2/srv/_us_board_toggle_sensor_s.c.o[0m
[5.689s] [ 94%] [32mBuilding C object CMakeFiles/neo_srvs2__rosidl_generator_py.dir/rosidl_generator_py/neo_srvs2/srv/_io_board_set_dig_out_s.c.o[0m
[5.689s] [ 95%] [32mBuilding C object CMakeFiles/neo_srvs2__rosidl_generator_py.dir/rosidl_generator_py/neo_srvs2/srv/_set_safety_field_s.c.o[0m
[5.692s] [ 95%] [32mBuilding C object CMakeFiles/neo_srvs2__rosidl_generator_py.dir/rosidl_generator_py/neo_srvs2/srv/_initialize_contour_matching_s.c.o[0m
[5.811s] [ 96%] [32m[1mLinking C shared library rosidl_generator_py/neo_srvs2/libneo_srvs2__rosidl_generator_py.so[0m
[5.849s] [ 96%] Built target neo_srvs2__rosidl_generator_py
[5.875s] [ 97%] [32mBuilding C object CMakeFiles/neo_srvs2__rosidl_typesupport_c__pyext.dir/rosidl_generator_py/neo_srvs2/_neo_srvs2_s.ep.rosidl_typesupport_c.c.o[0m
[5.877s] [ 98%] [32mBuilding C object CMakeFiles/neo_srvs2__rosidl_typesupport_introspection_c__pyext.dir/rosidl_generator_py/neo_srvs2/_neo_srvs2_s.ep.rosidl_typesupport_introspection_c.c.o[0m
[5.880s] [ 99%] [32mBuilding C object CMakeFiles/neo_srvs2__rosidl_typesupport_fastrtps_c__pyext.dir/rosidl_generator_py/neo_srvs2/_neo_srvs2_s.ep.rosidl_typesupport_fastrtps_c.c.o[0m
[5.997s] [ 99%] [32m[1mLinking C shared library rosidl_generator_py/neo_srvs2/neo_srvs2_s__rosidl_typesupport_c.cpython-310-x86_64-linux-gnu.so[0m
[5.999s] [100%] [32m[1mLinking C shared library rosidl_generator_py/neo_srvs2/neo_srvs2_s__rosidl_typesupport_introspection_c.cpython-310-x86_64-linux-gnu.so[0m
[6.004s] [100%] [32m[1mLinking C shared library rosidl_generator_py/neo_srvs2/neo_srvs2_s__rosidl_typesupport_fastrtps_c.cpython-310-x86_64-linux-gnu.so[0m
[6.029s] [100%] Built target neo_srvs2__rosidl_typesupport_introspection_c__pyext
[6.034s] [100%] Built target neo_srvs2__rosidl_typesupport_c__pyext
[6.044s] [100%] Built target neo_srvs2__rosidl_typesupport_fastrtps_c__pyext
[6.056s] Invoked command in '/home/charbel/mpo500_ws/build/neo_srvs2' returned '0': CMAKE_PREFIX_PATH=/home/charbel/mpo500_ws/install/neo_msgs2:/home/charbel/mpo500_ws/install/topic_subscriber:/home/charbel/mpo500_ws/install/topic_publisher:/home/charbel/mpo500_ws/install/robot_controller:/home/charbel/mpo500_ws/install/neo_teleop2:/home/charbel/mpo500_ws/install/neo_relayboard_v2-2:/home/charbel/mpo500_ws/install/neo_srvs2:/home/charbel/mpo500_ws/install/neo_simulation2:/home/charbel/mpo500_ws/install/neo_mpo_500-2:/home/charbel/mpo500_ws/install/neo_nav2_bringup:/home/charbel/mpo500_ws/install/neo_kinematics_mecanum2:/home/charbel/mpo500_ws/install/neo_common2:/opt/ros/humble LD_LIBRARY_PATH=/home/charbel/mpo500_ws/install/neo_msgs2/lib:/home/charbel/mpo500_ws/install/neo_relayboard_v2-2/lib:/home/charbel/mpo500_ws/install/neo_srvs2/lib:/home/charbel/mpo500_ws/install/neo_kinematics_mecanum2/lib:/usr/lib/x86_64-linux-gnu/gazebo-11/plugins:/opt/ros/humble/opt/rviz_ogre_vendor/lib:/opt/ros/humble/lib/x86_64-linux-gnu:/opt/ros/humble/lib /usr/bin/cmake --build /home/charbel/mpo500_ws/build/neo_srvs2 -- -j16 -l16
[6.383s] Invoking command in '/home/charbel/mpo500_ws/build/neo_srvs2': CMAKE_PREFIX_PATH=/home/charbel/mpo500_ws/install/neo_msgs2:/home/charbel/mpo500_ws/install/topic_subscriber:/home/charbel/mpo500_ws/install/topic_publisher:/home/charbel/mpo500_ws/install/robot_controller:/home/charbel/mpo500_ws/install/neo_teleop2:/home/charbel/mpo500_ws/install/neo_relayboard_v2-2:/home/charbel/mpo500_ws/install/neo_srvs2:/home/charbel/mpo500_ws/install/neo_simulation2:/home/charbel/mpo500_ws/install/neo_mpo_500-2:/home/charbel/mpo500_ws/install/neo_nav2_bringup:/home/charbel/mpo500_ws/install/neo_kinematics_mecanum2:/home/charbel/mpo500_ws/install/neo_common2:/opt/ros/humble LD_LIBRARY_PATH=/home/charbel/mpo500_ws/install/neo_msgs2/lib:/home/charbel/mpo500_ws/install/neo_relayboard_v2-2/lib:/home/charbel/mpo500_ws/install/neo_srvs2/lib:/home/charbel/mpo500_ws/install/neo_kinematics_mecanum2/lib:/usr/lib/x86_64-linux-gnu/gazebo-11/plugins:/opt/ros/humble/opt/rviz_ogre_vendor/lib:/opt/ros/humble/lib/x86_64-linux-gnu:/opt/ros/humble/lib /usr/bin/cmake --install /home/charbel/mpo500_ws/build/neo_srvs2
[6.388s] -- Install configuration: ""
[6.388s] -- Installing: /home/charbel/mpo500_ws/install/neo_srvs2/share/ament_index/resource_index/rosidl_interfaces/neo_srvs2
[6.388s] -- Installing: /home/charbel/mpo500_ws/install/neo_srvs2/include/neo_srvs2/neo_srvs2
[6.388s] -- Installing: /home/charbel/mpo500_ws/install/neo_srvs2/include/neo_srvs2/neo_srvs2/srv
[6.388s] -- Installing: /home/charbel/mpo500_ws/install/neo_srvs2/include/neo_srvs2/neo_srvs2/srv/relay_board_set_relay.h
[6.388s] -- Installing: /home/charbel/mpo500_ws/install/neo_srvs2/include/neo_srvs2/neo_srvs2/srv/reset_omni_wheels.h
[6.388s] -- Installing: /home/charbel/mpo500_ws/install/neo_srvs2/include/neo_srvs2/neo_srvs2/srv/us_board_toggle_sensor.h
[6.388s] -- Installing: /home/charbel/mpo500_ws/install/neo_srvs2/include/neo_srvs2/neo_srvs2/srv/relay_board_set_safety_mode.h
[6.388s] -- Installing: /home/charbel/mpo500_ws/install/neo_srvs2/include/neo_srvs2/neo_srvs2/srv/optimizer.h
[6.388s] -- Installing: /home/charbel/mpo500_ws/install/neo_srvs2/include/neo_srvs2/neo_srvs2/srv/relay_board_set_em_stop.h
[6.388s] -- Installing: /home/charbel/mpo500_ws/install/neo_srvs2/include/neo_srvs2/neo_srvs2/srv/unlock_platform.h
[6.388s] -- Installing: /home/charbel/mpo500_ws/install/neo_srvs2/include/neo_srvs2/neo_srvs2/srv/set_safety_field.h
[6.388s] -- Installing: /home/charbel/mpo500_ws/install/neo_srvs2/include/neo_srvs2/neo_srvs2/srv/detail
[6.388s] -- Installing: /home/charbel/mpo500_ws/install/neo_srvs2/include/neo_srvs2/neo_srvs2/srv/detail/relay_board_set_led__type_support.h
[6.389s] -- Installing: /home/charbel/mpo500_ws/install/neo_srvs2/include/neo_srvs2/neo_srvs2/srv/detail/set_safety_field__functions.h
[6.389s] -- Installing: /home/charbel/mpo500_ws/install/neo_srvs2/include/neo_srvs2/neo_srvs2/srv/detail/relay_board_set_led__functions.h
[6.389s] -- Installing: /home/charbel/mpo500_ws/install/neo_srvs2/include/neo_srvs2/neo_srvs2/srv/detail/relay_board_set_safety_mode__type_support.h
[6.389s] -- Installing: /home/charbel/mpo500_ws/install/neo_srvs2/include/neo_srvs2/neo_srvs2/srv/detail/lock_platform__functions.h
[6.389s] -- Installing: /home/charbel/mpo500_ws/install/neo_srvs2/include/neo_srvs2/neo_srvs2/srv/detail/optimizer__functions.c
[6.389s] -- Installing: /home/charbel/mpo500_ws/install/neo_srvs2/include/neo_srvs2/neo_srvs2/srv/detail/initialize_contour_matching__functions.h
[6.389s] -- Installing: /home/charbel/mpo500_ws/install/neo_srvs2/include/neo_srvs2/neo_srvs2/srv/detail/reset_omni_wheels__struct.h
[6.389s] -- Installing: /home/charbel/mpo500_ws/install/neo_srvs2/include/neo_srvs2/neo_srvs2/srv/detail/relay_board_set_em_stop__functions.c
[6.389s] -- Installing: /home/charbel/mpo500_ws/install/neo_srvs2/include/neo_srvs2/neo_srvs2/srv/detail/io_board_set_dig_out__functions.c
[6.389s] -- Installing: /home/charbel/mpo500_ws/install/neo_srvs2/include/neo_srvs2/neo_srvs2/srv/detail/relay_board_set_lcd_msg__type_support.h
[6.389s] -- Installing: /home/charbel/mpo500_ws/install/neo_srvs2/include/neo_srvs2/neo_srvs2/srv/detail/relay_board_set_relay__functions.c
[6.389s] -- Installing: /home/charbel/mpo500_ws/install/neo_srvs2/include/neo_srvs2/neo_srvs2/srv/detail/relay_board_un_set_em_stop__functions.c
[6.389s] -- Installing: /home/charbel/mpo500_ws/install/neo_srvs2/include/neo_srvs2/neo_srvs2/srv/detail/io_board_set_dig_out__struct.h
[6.389s] -- Installing: /home/charbel/mpo500_ws/install/neo_srvs2/include/neo_srvs2/neo_srvs2/srv/detail/unlock_platform__functions.c
[6.389s] -- Installing: /home/charbel/mpo500_ws/install/neo_srvs2/include/neo_srvs2/neo_srvs2/srv/detail/us_board_toggle_sensor__struct.h
[6.389s] -- Installing: /home/charbel/mpo500_ws/install/neo_srvs2/include/neo_srvs2/neo_srvs2/srv/detail/optimizer__struct.h
[6.389s] -- Installing: /home/charbel/mpo500_ws/install/neo_srvs2/include/neo_srvs2/neo_srvs2/srv/detail/relay_board_set_em_stop__struct.h
[6.389s] -- Installing: /home/charbel/mpo500_ws/install/neo_srvs2/include/neo_srvs2/neo_srvs2/srv/detail/relay_board_set_relay__type_support.h
[6.389s] -- Installing: /home/charbel/mpo500_ws/install/neo_srvs2/include/neo_srvs2/neo_srvs2/srv/detail/lock_platform__struct.h
[6.389s] -- Installing: /home/charbel/mpo500_ws/install/neo_srvs2/include/neo_srvs2/neo_srvs2/srv/detail/relay_board_set_em_stop__functions.h
[6.389s] -- Installing: /home/charbel/mpo500_ws/install/neo_srvs2/include/neo_srvs2/neo_srvs2/srv/detail/relay_board_un_set_em_stop__type_support.h
[6.389s] -- Installing: /home/charbel/mpo500_ws/install/neo_srvs2/include/neo_srvs2/neo_srvs2/srv/detail/us_board_toggle_sensor__functions.h
[6.389s] -- Installing: /home/charbel/mpo500_ws/install/neo_srvs2/include/neo_srvs2/neo_srvs2/srv/detail/relay_board_set_safety_mode__functions.h
[6.389s] -- Installing: /home/charbel/mpo500_ws/install/neo_srvs2/include/neo_srvs2/neo_srvs2/srv/detail/io_board_set_dig_out__functions.h
[6.389s] -- Installing: /home/charbel/mpo500_ws/install/neo_srvs2/include/neo_srvs2/neo_srvs2/srv/detail/relay_board_un_set_em_stop__struct.h
[6.389s] -- Installing: /home/charbel/mpo500_ws/install/neo_srvs2/include/neo_srvs2/neo_srvs2/srv/detail/lock_platform__type_support.h
[6.389s] -- Installing: /home/charbel/mpo500_ws/install/neo_srvs2/include/neo_srvs2/neo_srvs2/srv/detail/set_safety_field__functions.c
[6.389s] -- Installing: /home/charbel/mpo500_ws/install/neo_srvs2/include/neo_srvs2/neo_srvs2/srv/detail/us_board_toggle_sensor__type_support.h
[6.390s] -- Installing: /home/charbel/mpo500_ws/install/neo_srvs2/include/neo_srvs2/neo_srvs2/srv/detail/relay_board_set_safety_mode__functions.c
[6.390s] -- Installing: /home/charbel/mpo500_ws/install/neo_srvs2/include/neo_srvs2/neo_srvs2/srv/detail/reset_omni_wheels__functions.h
[6.390s] -- Installing: /home/charbel/mpo500_ws/install/neo_srvs2/include/neo_srvs2/neo_srvs2/srv/detail/unlock_platform__functions.h
[6.390s] -- Installing: /home/charbel/mpo500_ws/install/neo_srvs2/include/neo_srvs2/neo_srvs2/srv/detail/relay_board_set_relay__struct.h
[6.390s] -- Installing: /home/charbel/mpo500_ws/install/neo_srvs2/include/neo_srvs2/neo_srvs2/srv/detail/optimizer__functions.h
[6.390s] -- Installing: /home/charbel/mpo500_ws/install/neo_srvs2/include/neo_srvs2/neo_srvs2/srv/detail/optimizer__type_support.h
[6.390s] -- Installing: /home/charbel/mpo500_ws/install/neo_srvs2/include/neo_srvs2/neo_srvs2/srv/detail/relay_board_set_led__struct.h
[6.390s] -- Installing: /home/charbel/mpo500_ws/install/neo_srvs2/include/neo_srvs2/neo_srvs2/srv/detail/reset_omni_wheels__functions.c
[6.390s] -- Installing: /home/charbel/mpo500_ws/install/neo_srvs2/include/neo_srvs2/neo_srvs2/srv/detail/relay_board_set_lcd_msg__struct.h
[6.390s] -- Installing: /home/charbel/mpo500_ws/install/neo_srvs2/include/neo_srvs2/neo_srvs2/srv/detail/unlock_platform__struct.h
[6.390s] -- Installing: /home/charbel/mpo500_ws/install/neo_srvs2/include/neo_srvs2/neo_srvs2/srv/detail/initialize_contour_matching__type_support.h
[6.390s] -- Installing: /home/charbel/mpo500_ws/install/neo_srvs2/include/neo_srvs2/neo_srvs2/srv/detail/io_board_set_dig_out__type_support.h
[6.390s] -- Installing: /home/charbel/mpo500_ws/install/neo_srvs2/include/neo_srvs2/neo_srvs2/srv/detail/reset_omni_wheels__type_support.h
[6.390s] -- Installing: /home/charbel/mpo500_ws/install/neo_srvs2/include/neo_srvs2/neo_srvs2/srv/detail/relay_board_set_lcd_msg__functions.c
[6.390s] -- Installing: /home/charbel/mpo500_ws/install/neo_srvs2/include/neo_srvs2/neo_srvs2/srv/detail/initialize_contour_matching__struct.h
[6.390s] -- Installing: /home/charbel/mpo500_ws/install/neo_srvs2/include/neo_srvs2/neo_srvs2/srv/detail/relay_board_set_led__functions.c
[6.390s] -- Installing: /home/charbel/mpo500_ws/install/neo_srvs2/include/neo_srvs2/neo_srvs2/srv/detail/unlock_platform__type_support.h
[6.390s] -- Installing: /home/charbel/mpo500_ws/install/neo_srvs2/include/neo_srvs2/neo_srvs2/srv/detail/us_board_toggle_sensor__functions.c
[6.390s] -- Installing: /home/charbel/mpo500_ws/install/neo_srvs2/include/neo_srvs2/neo_srvs2/srv/detail/relay_board_set_relay__functions.h
[6.390s] -- Installing: /home/charbel/mpo500_ws/install/neo_srvs2/include/neo_srvs2/neo_srvs2/srv/detail/initialize_contour_matching__functions.c
[6.390s] -- Installing: /home/charbel/mpo500_ws/install/neo_srvs2/include/neo_srvs2/neo_srvs2/srv/detail/relay_board_set_em_stop__type_support.h
[6.390s] -- Installing: /home/charbel/mpo500_ws/install/neo_srvs2/include/neo_srvs2/neo_srvs2/srv/detail/relay_board_set_safety_mode__struct.h
[6.390s] -- Installing: /home/charbel/mpo500_ws/install/neo_srvs2/include/neo_srvs2/neo_srvs2/srv/detail/set_safety_field__struct.h
[6.390s] -- Installing: /home/charbel/mpo500_ws/install/neo_srvs2/include/neo_srvs2/neo_srvs2/srv/detail/lock_platform__functions.c
[6.390s] -- Installing: /home/charbel/mpo500_ws/install/neo_srvs2/include/neo_srvs2/neo_srvs2/srv/detail/set_safety_field__type_support.h
[6.390s] -- Installing: /home/charbel/mpo500_ws/install/neo_srvs2/include/neo_srvs2/neo_srvs2/srv/detail/relay_board_set_lcd_msg__functions.h
[6.390s] -- Installing: /home/charbel/mpo500_ws/install/neo_srvs2/include/neo_srvs2/neo_srvs2/srv/detail/relay_board_un_set_em_stop__functions.h
[6.390s] -- Installing: /home/charbel/mpo500_ws/install/neo_srvs2/include/neo_srvs2/neo_srvs2/srv/relay_board_un_set_em_stop.h
[6.391s] -- Installing: /home/charbel/mpo500_ws/install/neo_srvs2/include/neo_srvs2/neo_srvs2/srv/lock_platform.h
[6.391s] -- Installing: /home/charbel/mpo500_ws/install/neo_srvs2/include/neo_srvs2/neo_srvs2/srv/io_board_set_dig_out.h
[6.391s] -- Installing: /home/charbel/mpo500_ws/install/neo_srvs2/include/neo_srvs2/neo_srvs2/srv/relay_board_set_lcd_msg.h
[6.391s] -- Installing: /home/charbel/mpo500_ws/install/neo_srvs2/include/neo_srvs2/neo_srvs2/srv/initialize_contour_matching.h
[6.391s] -- Installing: /home/charbel/mpo500_ws/install/neo_srvs2/include/neo_srvs2/neo_srvs2/srv/relay_board_set_led.h
[6.391s] -- Installing: /home/charbel/mpo500_ws/install/neo_srvs2/include/neo_srvs2/neo_srvs2/msg
[6.391s] -- Installing: /home/charbel/mpo500_ws/install/neo_srvs2/include/neo_srvs2/neo_srvs2/msg/rosidl_generator_c__visibility_control.h
[6.391s] -- Installing: /home/charbel/mpo500_ws/install/neo_srvs2/share/neo_srvs2/environment/library_path.sh
[6.391s] -- Installing: /home/charbel/mpo500_ws/install/neo_srvs2/share/neo_srvs2/environment/library_path.dsv
[6.391s] -- Installing: /home/charbel/mpo500_ws/install/neo_srvs2/lib/libneo_srvs2__rosidl_generator_c.so
[6.391s] -- Set runtime path of "/home/charbel/mpo500_ws/install/neo_srvs2/lib/libneo_srvs2__rosidl_generator_c.so" to ""
[6.391s] -- Up-to-date: /home/charbel/mpo500_ws/install/neo_srvs2/include/neo_srvs2/neo_srvs2
[6.391s] -- Up-to-date: /home/charbel/mpo500_ws/install/neo_srvs2/include/neo_srvs2/neo_srvs2/srv
[6.391s] -- Up-to-date: /home/charbel/mpo500_ws/install/neo_srvs2/include/neo_srvs2/neo_srvs2/srv/detail
[6.391s] -- Installing: /home/charbel/mpo500_ws/install/neo_srvs2/include/neo_srvs2/neo_srvs2/srv/detail/relay_board_set_lcd_msg__rosidl_typesupport_fastrtps_c.h
[6.391s] -- Installing: /home/charbel/mpo500_ws/install/neo_srvs2/include/neo_srvs2/neo_srvs2/srv/detail/relay_board_set_relay__rosidl_typesupport_fastrtps_c.h
[6.391s] -- Installing: /home/charbel/mpo500_ws/install/neo_srvs2/include/neo_srvs2/neo_srvs2/srv/detail/initialize_contour_matching__rosidl_typesupport_fastrtps_c.h
[6.391s] -- Installing: /home/charbel/mpo500_ws/install/neo_srvs2/include/neo_srvs2/neo_srvs2/srv/detail/relay_board_set_led__rosidl_typesupport_fastrtps_c.h
[6.391s] -- Installing: /home/charbel/mpo500_ws/install/neo_srvs2/include/neo_srvs2/neo_srvs2/srv/detail/reset_omni_wheels__rosidl_typesupport_fastrtps_c.h
[6.391s] -- Installing: /home/charbel/mpo500_ws/install/neo_srvs2/include/neo_srvs2/neo_srvs2/srv/detail/set_safety_field__rosidl_typesupport_fastrtps_c.h
[6.392s] -- Installing: /home/charbel/mpo500_ws/install/neo_srvs2/include/neo_srvs2/neo_srvs2/srv/detail/us_board_toggle_sensor__rosidl_typesupport_fastrtps_c.h
[6.392s] -- Installing: /home/charbel/mpo500_ws/install/neo_srvs2/include/neo_srvs2/neo_srvs2/srv/detail/relay_board_set_safety_mode__rosidl_typesupport_fastrtps_c.h
[6.392s] -- Installing: /home/charbel/mpo500_ws/install/neo_srvs2/include/neo_srvs2/neo_srvs2/srv/detail/io_board_set_dig_out__rosidl_typesupport_fastrtps_c.h
[6.392s] -- Installing: /home/charbel/mpo500_ws/install/neo_srvs2/include/neo_srvs2/neo_srvs2/srv/detail/relay_board_un_set_em_stop__rosidl_typesupport_fastrtps_c.h
[6.392s] -- Installing: /home/charbel/mpo500_ws/install/neo_srvs2/include/neo_srvs2/neo_srvs2/srv/detail/unlock_platform__rosidl_typesupport_fastrtps_c.h
[6.392s] -- Installing: /home/charbel/mpo500_ws/install/neo_srvs2/include/neo_srvs2/neo_srvs2/srv/detail/optimizer__rosidl_typesupport_fastrtps_c.h
[6.392s] -- Installing: /home/charbel/mpo500_ws/install/neo_srvs2/include/neo_srvs2/neo_srvs2/srv/detail/lock_platform__rosidl_typesupport_fastrtps_c.h
[6.392s] -- Installing: /home/charbel/mpo500_ws/install/neo_srvs2/include/neo_srvs2/neo_srvs2/srv/detail/relay_board_set_em_stop__rosidl_typesupport_fastrtps_c.h
[6.392s] -- Up-to-date: /home/charbel/mpo500_ws/install/neo_srvs2/include/neo_srvs2/neo_srvs2/msg
[6.392s] -- Installing: /home/charbel/mpo500_ws/install/neo_srvs2/include/neo_srvs2/neo_srvs2/msg/rosidl_typesupport_fastrtps_c__visibility_control.h
[6.392s] -- Installing: /home/charbel/mpo500_ws/install/neo_srvs2/lib/libneo_srvs2__rosidl_typesupport_fastrtps_c.so
[6.392s] -- Set runtime path of "/home/charbel/mpo500_ws/install/neo_srvs2/lib/libneo_srvs2__rosidl_typesupport_fastrtps_c.so" to ""
[6.392s] -- Up-to-date: /home/charbel/mpo500_ws/install/neo_srvs2/include/neo_srvs2/neo_srvs2
[6.392s] -- Up-to-date: /home/charbel/mpo500_ws/install/neo_srvs2/include/neo_srvs2/neo_srvs2/srv
[6.392s] -- Up-to-date: /home/charbel/mpo500_ws/install/neo_srvs2/include/neo_srvs2/neo_srvs2/srv/detail
[6.392s] -- Installing: /home/charbel/mpo500_ws/install/neo_srvs2/include/neo_srvs2/neo_srvs2/srv/detail/unlock_platform__type_support.c
[6.392s] -- Installing: /home/charbel/mpo500_ws/install/neo_srvs2/include/neo_srvs2/neo_srvs2/srv/detail/io_board_set_dig_out__type_support.c
[6.392s] -- Installing: /home/charbel/mpo500_ws/install/neo_srvs2/include/neo_srvs2/neo_srvs2/srv/detail/relay_board_set_relay__rosidl_typesupport_introspection_c.h
[6.392s] -- Installing: /home/charbel/mpo500_ws/install/neo_srvs2/include/neo_srvs2/neo_srvs2/srv/detail/relay_board_set_led__type_support.c
[6.392s] -- Installing: /home/charbel/mpo500_ws/install/neo_srvs2/include/neo_srvs2/neo_srvs2/srv/detail/relay_board_un_set_em_stop__rosidl_typesupport_introspection_c.h
[6.392s] -- Installing: /home/charbel/mpo500_ws/install/neo_srvs2/include/neo_srvs2/neo_srvs2/srv/detail/us_board_toggle_sensor__rosidl_typesupport_introspection_c.h
[6.392s] -- Installing: /home/charbel/mpo500_ws/install/neo_srvs2/include/neo_srvs2/neo_srvs2/srv/detail/lock_platform__type_support.c
[6.392s] -- Installing: /home/charbel/mpo500_ws/install/neo_srvs2/include/neo_srvs2/neo_srvs2/srv/detail/relay_board_set_lcd_msg__type_support.c
[6.393s] -- Installing: /home/charbel/mpo500_ws/install/neo_srvs2/include/neo_srvs2/neo_srvs2/srv/detail/reset_omni_wheels__rosidl_typesupport_introspection_c.h
[6.393s] -- Installing: /home/charbel/mpo500_ws/install/neo_srvs2/include/neo_srvs2/neo_srvs2/srv/detail/set_safety_field__rosidl_typesupport_introspection_c.h
[6.393s] -- Installing: /home/charbel/mpo500_ws/install/neo_srvs2/include/neo_srvs2/neo_srvs2/srv/detail/initialize_contour_matching__type_support.c
[6.393s] -- Installing: /home/charbel/mpo500_ws/install/neo_srvs2/include/neo_srvs2/neo_srvs2/srv/detail/relay_board_set_safety_mode__rosidl_typesupport_introspection_c.h
[6.393s] -- Installing: /home/charbel/mpo500_ws/install/neo_srvs2/include/neo_srvs2/neo_srvs2/srv/detail/us_board_toggle_sensor__type_support.c
[6.393s] -- Installing: /home/charbel/mpo500_ws/install/neo_srvs2/include/neo_srvs2/neo_srvs2/srv/detail/lock_platform__rosidl_typesupport_introspection_c.h
[6.393s] -- Installing: /home/charbel/mpo500_ws/install/neo_srvs2/include/neo_srvs2/neo_srvs2/srv/detail/optimizer__rosidl_typesupport_introspection_c.h
[6.393s] -- Installing: /home/charbel/mpo500_ws/install/neo_srvs2/include/neo_srvs2/neo_srvs2/srv/detail/unlock_platform__rosidl_typesupport_introspection_c.h
[6.393s] -- Installing: /home/charbel/mpo500_ws/install/neo_srvs2/include/neo_srvs2/neo_srvs2/srv/detail/initialize_contour_matching__rosidl_typesupport_introspection_c.h
[6.393s] -- Installing: /home/charbel/mpo500_ws/install/neo_srvs2/include/neo_srvs2/neo_srvs2/srv/detail/relay_board_un_set_em_stop__type_support.c
[6.393s] -- Installing: /home/charbel/mpo500_ws/install/neo_srvs2/include/neo_srvs2/neo_srvs2/srv/detail/relay_board_set_em_stop__rosidl_typesupport_introspection_c.h
[6.393s] -- Installing: /home/charbel/mpo500_ws/install/neo_srvs2/include/neo_srvs2/neo_srvs2/srv/detail/relay_board_set_em_stop__type_support.c
[6.393s] -- Installing: /home/charbel/mpo500_ws/install/neo_srvs2/include/neo_srvs2/neo_srvs2/srv/detail/relay_board_set_relay__type_support.c
[6.393s] -- Installing: /home/charbel/mpo500_ws/install/neo_srvs2/include/neo_srvs2/neo_srvs2/srv/detail/reset_omni_wheels__type_support.c
[6.393s] -- Installing: /home/charbel/mpo500_ws/install/neo_srvs2/include/neo_srvs2/neo_srvs2/srv/detail/optimizer__type_support.c
[6.393s] -- Installing: /home/charbel/mpo500_ws/install/neo_srvs2/include/neo_srvs2/neo_srvs2/srv/detail/relay_board_set_lcd_msg__rosidl_typesupport_introspection_c.h
[6.393s] -- Installing: /home/charbel/mpo500_ws/install/neo_srvs2/include/neo_srvs2/neo_srvs2/srv/detail/relay_board_set_led__rosidl_typesupport_introspection_c.h
[6.393s] -- Installing: /home/charbel/mpo500_ws/install/neo_srvs2/include/neo_srvs2/neo_srvs2/srv/detail/io_board_set_dig_out__rosidl_typesupport_introspection_c.h
[6.393s] -- Installing: /home/charbel/mpo500_ws/install/neo_srvs2/include/neo_srvs2/neo_srvs2/srv/detail/set_safety_field__type_support.c
[6.393s] -- Installing: /home/charbel/mpo500_ws/install/neo_srvs2/include/neo_srvs2/neo_srvs2/srv/detail/relay_board_set_safety_mode__type_support.c
[6.393s] -- Up-to-date: /home/charbel/mpo500_ws/install/neo_srvs2/include/neo_srvs2/neo_srvs2/msg
[6.393s] -- Installing: /home/charbel/mpo500_ws/install/neo_srvs2/include/neo_srvs2/neo_srvs2/msg/rosidl_typesupport_introspection_c__visibility_control.h
[6.393s] -- Installing: /home/charbel/mpo500_ws/install/neo_srvs2/lib/libneo_srvs2__rosidl_typesupport_introspection_c.so
[6.394s] -- Set runtime path of "/home/charbel/mpo500_ws/install/neo_srvs2/lib/libneo_srvs2__rosidl_typesupport_introspection_c.so" to ""
[6.394s] -- Installing: /home/charbel/mpo500_ws/install/neo_srvs2/lib/libneo_srvs2__rosidl_typesupport_c.so
[6.394s] -- Set runtime path of "/home/charbel/mpo500_ws/install/neo_srvs2/lib/libneo_srvs2__rosidl_typesupport_c.so" to ""
[6.394s] -- Up-to-date: /home/charbel/mpo500_ws/install/neo_srvs2/include/neo_srvs2/neo_srvs2
[6.394s] -- Up-to-date: /home/charbel/mpo500_ws/install/neo_srvs2/include/neo_srvs2/neo_srvs2/srv
[6.394s] -- Installing: /home/charbel/mpo500_ws/install/neo_srvs2/include/neo_srvs2/neo_srvs2/srv/io_board_set_dig_out.hpp
[6.394s] -- Installing: /home/charbel/mpo500_ws/install/neo_srvs2/include/neo_srvs2/neo_srvs2/srv/lock_platform.hpp
[6.394s] -- Installing: /home/charbel/mpo500_ws/install/neo_srvs2/include/neo_srvs2/neo_srvs2/srv/relay_board_set_led.hpp
[6.394s] -- Installing: /home/charbel/mpo500_ws/install/neo_srvs2/include/neo_srvs2/neo_srvs2/srv/unlock_platform.hpp
[6.394s] -- Installing: /home/charbel/mpo500_ws/install/neo_srvs2/include/neo_srvs2/neo_srvs2/srv/set_safety_field.hpp
[6.394s] -- Installing: /home/charbel/mpo500_ws/install/neo_srvs2/include/neo_srvs2/neo_srvs2/srv/relay_board_un_set_em_stop.hpp
[6.394s] -- Installing: /home/charbel/mpo500_ws/install/neo_srvs2/include/neo_srvs2/neo_srvs2/srv/relay_board_set_lcd_msg.hpp
[6.394s] -- Up-to-date: /home/charbel/mpo500_ws/install/neo_srvs2/include/neo_srvs2/neo_srvs2/srv/detail
[6.394s] -- Installing: /home/charbel/mpo500_ws/install/neo_srvs2/include/neo_srvs2/neo_srvs2/srv/detail/relay_board_set_relay__struct.hpp
[6.394s] -- Installing: /home/charbel/mpo500_ws/install/neo_srvs2/include/neo_srvs2/neo_srvs2/srv/detail/lock_platform__traits.hpp
[6.394s] -- Installing: /home/charbel/mpo500_ws/install/neo_srvs2/include/neo_srvs2/neo_srvs2/srv/detail/reset_omni_wheels__builder.hpp
[6.394s] -- Installing: /home/charbel/mpo500_ws/install/neo_srvs2/include/neo_srvs2/neo_srvs2/srv/detail/initialize_contour_matching__builder.hpp
[6.394s] -- Installing: /home/charbel/mpo500_ws/install/neo_srvs2/include/neo_srvs2/neo_srvs2/srv/detail/us_board_toggle_sensor__builder.hpp
[6.394s] -- Installing: /home/charbel/mpo500_ws/install/neo_srvs2/include/neo_srvs2/neo_srvs2/srv/detail/io_board_set_dig_out__struct.hpp
[6.394s] -- Installing: /home/charbel/mpo500_ws/install/neo_srvs2/include/neo_srvs2/neo_srvs2/srv/detail/relay_board_un_set_em_stop__builder.hpp
[6.394s] -- Installing: /home/charbel/mpo500_ws/install/neo_srvs2/include/neo_srvs2/neo_srvs2/srv/detail/optimizer__traits.hpp
[6.395s] -- Installing: /home/charbel/mpo500_ws/install/neo_srvs2/include/neo_srvs2/neo_srvs2/srv/detail/relay_board_set_lcd_msg__builder.hpp
[6.395s] -- Installing: /home/charbel/mpo500_ws/install/neo_srvs2/include/neo_srvs2/neo_srvs2/srv/detail/lock_platform__struct.hpp
[6.395s] -- Installing: /home/charbel/mpo500_ws/install/neo_srvs2/include/neo_srvs2/neo_srvs2/srv/detail/relay_board_un_set_em_stop__struct.hpp
[6.395s] -- Installing: /home/charbel/mpo500_ws/install/neo_srvs2/include/neo_srvs2/neo_srvs2/srv/detail/unlock_platform__traits.hpp
[6.395s] -- Installing: /home/charbel/mpo500_ws/install/neo_srvs2/include/neo_srvs2/neo_srvs2/srv/detail/us_board_toggle_sensor__traits.hpp
[6.395s] -- Installing: /home/charbel/mpo500_ws/install/neo_srvs2/include/neo_srvs2/neo_srvs2/srv/detail/optimizer__builder.hpp
[6.395s] -- Installing: /home/charbel/mpo500_ws/install/neo_srvs2/include/neo_srvs2/neo_srvs2/srv/detail/relay_board_un_set_em_stop__traits.hpp
[6.395s] -- Installing: /home/charbel/mpo500_ws/install/neo_srvs2/include/neo_srvs2/neo_srvs2/srv/detail/reset_omni_wheels__traits.hpp
[6.395s] -- Installing: /home/charbel/mpo500_ws/install/neo_srvs2/include/neo_srvs2/neo_srvs2/srv/detail/optimizer__struct.hpp
[6.395s] -- Installing: /home/charbel/mpo500_ws/install/neo_srvs2/include/neo_srvs2/neo_srvs2/srv/detail/initialize_contour_matching__struct.hpp
[6.395s] -- Installing: /home/charbel/mpo500_ws/install/neo_srvs2/include/neo_srvs2/neo_srvs2/srv/detail/lock_platform__builder.hpp
[6.395s] -- Installing: /home/charbel/mpo500_ws/install/neo_srvs2/include/neo_srvs2/neo_srvs2/srv/detail/relay_board_set_lcd_msg__traits.hpp
[6.395s] -- Installing: /home/charbel/mpo500_ws/install/neo_srvs2/include/neo_srvs2/neo_srvs2/srv/detail/relay_board_set_em_stop__builder.hpp
[6.395s] -- Installing: /home/charbel/mpo500_ws/install/neo_srvs2/include/neo_srvs2/neo_srvs2/srv/detail/us_board_toggle_sensor__struct.hpp
[6.395s] -- Installing: /home/charbel/mpo500_ws/install/neo_srvs2/include/neo_srvs2/neo_srvs2/srv/detail/relay_board_set_led__traits.hpp
[6.395s] -- Installing: /home/charbel/mpo500_ws/install/neo_srvs2/include/neo_srvs2/neo_srvs2/srv/detail/relay_board_set_em_stop__struct.hpp
[6.395s] -- Installing: /home/charbel/mpo500_ws/install/neo_srvs2/include/neo_srvs2/neo_srvs2/srv/detail/unlock_platform__builder.hpp
[6.395s] -- Installing: /home/charbel/mpo500_ws/install/neo_srvs2/include/neo_srvs2/neo_srvs2/srv/detail/relay_board_set_em_stop__traits.hpp
[6.395s] -- Installing: /home/charbel/mpo500_ws/install/neo_srvs2/include/neo_srvs2/neo_srvs2/srv/detail/relay_board_set_led__builder.hpp
[6.395s] -- Installing: /home/charbel/mpo500_ws/install/neo_srvs2/include/neo_srvs2/neo_srvs2/srv/detail/relay_board_set_relay__builder.hpp
[6.396s] -- Installing: /home/charbel/mpo500_ws/install/neo_srvs2/include/neo_srvs2/neo_srvs2/srv/detail/initialize_contour_matching__traits.hpp
[6.396s] -- Installing: /home/charbel/mpo500_ws/install/neo_srvs2/include/neo_srvs2/neo_srvs2/srv/detail/unlock_platform__struct.hpp
[6.396s] -- Installing: /home/charbel/mpo500_ws/install/neo_srvs2/include/neo_srvs2/neo_srvs2/srv/detail/relay_board_set_safety_mode__struct.hpp
[6.396s] -- Installing: /home/charbel/mpo500_ws/install/neo_srvs2/include/neo_srvs2/neo_srvs2/srv/detail/relay_board_set_relay__traits.hpp
[6.396s] -- Installing: /home/charbel/mpo500_ws/install/neo_srvs2/include/neo_srvs2/neo_srvs2/srv/detail/relay_board_set_safety_mode__builder.hpp
[6.396s] -- Installing: /home/charbel/mpo500_ws/install/neo_srvs2/include/neo_srvs2/neo_srvs2/srv/detail/relay_board_set_led__struct.hpp
[6.396s] -- Installing: /home/charbel/mpo500_ws/install/neo_srvs2/include/neo_srvs2/neo_srvs2/srv/detail/io_board_set_dig_out__traits.hpp
[6.396s] -- Installing: /home/charbel/mpo500_ws/install/neo_srvs2/include/neo_srvs2/neo_srvs2/srv/detail/set_safety_field__builder.hpp
[6.396s] -- Installing: /home/charbel/mpo500_ws/install/neo_srvs2/include/neo_srvs2/neo_srvs2/srv/detail/relay_board_set_safety_mode__traits.hpp
[6.396s] -- Installing: /home/charbel/mpo500_ws/install/neo_srvs2/include/neo_srvs2/neo_srvs2/srv/detail/set_safety_field__traits.hpp
[6.396s] -- Installing: /home/charbel/mpo500_ws/install/neo_srvs2/include/neo_srvs2/neo_srvs2/srv/detail/reset_omni_wheels__struct.hpp
[6.396s] -- Installing: /home/charbel/mpo500_ws/install/neo_srvs2/include/neo_srvs2/neo_srvs2/srv/detail/relay_board_set_lcd_msg__struct.hpp
[6.396s] -- Installing: /home/charbel/mpo500_ws/install/neo_srvs2/include/neo_srvs2/neo_srvs2/srv/detail/set_safety_field__struct.hpp
[6.396s] -- Installing: /home/charbel/mpo500_ws/install/neo_srvs2/include/neo_srvs2/neo_srvs2/srv/detail/io_board_set_dig_out__builder.hpp
[6.396s] -- Installing: /home/charbel/mpo500_ws/install/neo_srvs2/include/neo_srvs2/neo_srvs2/srv/initialize_contour_matching.hpp
[6.396s] -- Installing: /home/charbel/mpo500_ws/install/neo_srvs2/include/neo_srvs2/neo_srvs2/srv/reset_omni_wheels.hpp
[6.396s] -- Installing: /home/charbel/mpo500_ws/install/neo_srvs2/include/neo_srvs2/neo_srvs2/srv/relay_board_set_safety_mode.hpp
[6.396s] -- Installing: /home/charbel/mpo500_ws/install/neo_srvs2/include/neo_srvs2/neo_srvs2/srv/us_board_toggle_sensor.hpp
[6.396s] -- Installing: /home/charbel/mpo500_ws/install/neo_srvs2/include/neo_srvs2/neo_srvs2/srv/relay_board_set_relay.hpp
[6.396s] -- Installing: /home/charbel/mpo500_ws/install/neo_srvs2/include/neo_srvs2/neo_srvs2/srv/optimizer.hpp
[6.396s] -- Installing: /home/charbel/mpo500_ws/install/neo_srvs2/include/neo_srvs2/neo_srvs2/srv/relay_board_set_em_stop.hpp
[6.396s] -- Up-to-date: /home/charbel/mpo500_ws/install/neo_srvs2/include/neo_srvs2/neo_srvs2
[6.396s] -- Up-to-date: /home/charbel/mpo500_ws/install/neo_srvs2/include/neo_srvs2/neo_srvs2/srv
[6.396s] -- Up-to-date: /home/charbel/mpo500_ws/install/neo_srvs2/include/neo_srvs2/neo_srvs2/srv/detail
[6.397s] -- Installing: /home/charbel/mpo500_ws/install/neo_srvs2/include/neo_srvs2/neo_srvs2/srv/detail/relay_board_un_set_em_stop__rosidl_typesupport_fastrtps_cpp.hpp
[6.397s] -- Installing: /home/charbel/mpo500_ws/install/neo_srvs2/include/neo_srvs2/neo_srvs2/srv/detail/dds_fastrtps
[6.397s] -- Installing: /home/charbel/mpo500_ws/install/neo_srvs2/include/neo_srvs2/neo_srvs2/srv/detail/relay_board_set_em_stop__rosidl_typesupport_fastrtps_cpp.hpp
[6.397s] -- Installing: /home/charbel/mpo500_ws/install/neo_srvs2/include/neo_srvs2/neo_srvs2/srv/detail/relay_board_set_lcd_msg__rosidl_typesupport_fastrtps_cpp.hpp
[6.397s] -- Installing: /home/charbel/mpo500_ws/install/neo_srvs2/include/neo_srvs2/neo_srvs2/srv/detail/relay_board_set_safety_mode__rosidl_typesupport_fastrtps_cpp.hpp
[6.397s] -- Installing: /home/charbel/mpo500_ws/install/neo_srvs2/include/neo_srvs2/neo_srvs2/srv/detail/lock_platform__rosidl_typesupport_fastrtps_cpp.hpp
[6.397s] -- Installing: /home/charbel/mpo500_ws/install/neo_srvs2/include/neo_srvs2/neo_srvs2/srv/detail/us_board_toggle_sensor__rosidl_typesupport_fastrtps_cpp.hpp
[6.397s] -- Installing: /home/charbel/mpo500_ws/install/neo_srvs2/include/neo_srvs2/neo_srvs2/srv/detail/relay_board_set_relay__rosidl_typesupport_fastrtps_cpp.hpp
[6.397s] -- Installing: /home/charbel/mpo500_ws/install/neo_srvs2/include/neo_srvs2/neo_srvs2/srv/detail/initialize_contour_matching__rosidl_typesupport_fastrtps_cpp.hpp
[6.397s] -- Installing: /home/charbel/mpo500_ws/install/neo_srvs2/include/neo_srvs2/neo_srvs2/srv/detail/relay_board_set_led__rosidl_typesupport_fastrtps_cpp.hpp
[6.397s] -- Installing: /home/charbel/mpo500_ws/install/neo_srvs2/include/neo_srvs2/neo_srvs2/srv/detail/io_board_set_dig_out__rosidl_typesupport_fastrtps_cpp.hpp
[6.397s] -- Installing: /home/charbel/mpo500_ws/install/neo_srvs2/include/neo_srvs2/neo_srvs2/srv/detail/unlock_platform__rosidl_typesupport_fastrtps_cpp.hpp
[6.397s] -- Installing: /home/charbel/mpo500_ws/install/neo_srvs2/include/neo_srvs2/neo_srvs2/srv/detail/optimizer__rosidl_typesupport_fastrtps_cpp.hpp
[6.397s] -- Installing: /home/charbel/mpo500_ws/install/neo_srvs2/include/neo_srvs2/neo_srvs2/srv/detail/set_safety_field__rosidl_typesupport_fastrtps_cpp.hpp
[6.397s] -- Installing: /home/charbel/mpo500_ws/install/neo_srvs2/include/neo_srvs2/neo_srvs2/srv/detail/reset_omni_wheels__rosidl_typesupport_fastrtps_cpp.hpp
[6.397s] -- Up-to-date: /home/charbel/mpo500_ws/install/neo_srvs2/include/neo_srvs2/neo_srvs2/msg
[6.397s] -- Installing: /home/charbel/mpo500_ws/install/neo_srvs2/include/neo_srvs2/neo_srvs2/msg/rosidl_typesupport_fastrtps_cpp__visibility_control.h
[6.397s] -- Installing: /home/charbel/mpo500_ws/install/neo_srvs2/lib/libneo_srvs2__rosidl_typesupport_fastrtps_cpp.so
[6.398s] -- Set runtime path of "/home/charbel/mpo500_ws/install/neo_srvs2/lib/libneo_srvs2__rosidl_typesupport_fastrtps_cpp.so" to ""
[6.398s] -- Up-to-date: /home/charbel/mpo500_ws/install/neo_srvs2/include/neo_srvs2/neo_srvs2
[6.398s] -- Up-to-date: /home/charbel/mpo500_ws/install/neo_srvs2/include/neo_srvs2/neo_srvs2/srv
[6.398s] -- Up-to-date: /home/charbel/mpo500_ws/install/neo_srvs2/include/neo_srvs2/neo_srvs2/srv/detail
[6.398s] -- Installing: /home/charbel/mpo500_ws/install/neo_srvs2/include/neo_srvs2/neo_srvs2/srv/detail/initialize_contour_matching__type_support.cpp
[6.398s] -- Installing: /home/charbel/mpo500_ws/install/neo_srvs2/include/neo_srvs2/neo_srvs2/srv/detail/relay_board_set_relay__type_support.cpp
[6.398s] -- Installing: /home/charbel/mpo500_ws/install/neo_srvs2/include/neo_srvs2/neo_srvs2/srv/detail/initialize_contour_matching__rosidl_typesupport_introspection_cpp.hpp
[6.398s] -- Installing: /home/charbel/mpo500_ws/install/neo_srvs2/include/neo_srvs2/neo_srvs2/srv/detail/optimizer__type_support.cpp
[6.398s] -- Installing: /home/charbel/mpo500_ws/install/neo_srvs2/include/neo_srvs2/neo_srvs2/srv/detail/relay_board_un_set_em_stop__type_support.cpp
[6.398s] -- Installing: /home/charbel/mpo500_ws/install/neo_srvs2/include/neo_srvs2/neo_srvs2/srv/detail/relay_board_set_led__rosidl_typesupport_introspection_cpp.hpp
[6.398s] -- Installing: /home/charbel/mpo500_ws/install/neo_srvs2/include/neo_srvs2/neo_srvs2/srv/detail/relay_board_set_relay__rosidl_typesupport_introspection_cpp.hpp
[6.398s] -- Installing: /home/charbel/mpo500_ws/install/neo_srvs2/include/neo_srvs2/neo_srvs2/srv/detail/set_safety_field__type_support.cpp
[6.398s] -- Installing: /home/charbel/mpo500_ws/install/neo_srvs2/include/neo_srvs2/neo_srvs2/srv/detail/unlock_platform__rosidl_typesupport_introspection_cpp.hpp
[6.398s] -- Installing: /home/charbel/mpo500_ws/install/neo_srvs2/include/neo_srvs2/neo_srvs2/srv/detail/relay_board_un_set_em_stop__rosidl_typesupport_introspection_cpp.hpp
[6.398s] -- Installing: /home/charbel/mpo500_ws/install/neo_srvs2/include/neo_srvs2/neo_srvs2/srv/detail/reset_omni_wheels__rosidl_typesupport_introspection_cpp.hpp
[6.398s] -- Installing: /home/charbel/mpo500_ws/install/neo_srvs2/include/neo_srvs2/neo_srvs2/srv/detail/us_board_toggle_sensor__rosidl_typesupport_introspection_cpp.hpp
[6.398s] -- Installing: /home/charbel/mpo500_ws/install/neo_srvs2/include/neo_srvs2/neo_srvs2/srv/detail/relay_board_set_em_stop__rosidl_typesupport_introspection_cpp.hpp
[6.398s] -- Installing: /home/charbel/mpo500_ws/install/neo_srvs2/include/neo_srvs2/neo_srvs2/srv/detail/set_safety_field__rosidl_typesupport_introspection_cpp.hpp
[6.398s] -- Installing: /home/charbel/mpo500_ws/install/neo_srvs2/include/neo_srvs2/neo_srvs2/srv/detail/relay_board_set_lcd_msg__rosidl_typesupport_introspection_cpp.hpp
[6.398s] -- Installing: /home/charbel/mpo500_ws/install/neo_srvs2/include/neo_srvs2/neo_srvs2/srv/detail/optimizer__rosidl_typesupport_introspection_cpp.hpp
[6.399s] -- Installing: /home/charbel/mpo500_ws/install/neo_srvs2/include/neo_srvs2/neo_srvs2/srv/detail/lock_platform__rosidl_typesupport_introspection_cpp.hpp
[6.399s] -- Installing: /home/charbel/mpo500_ws/install/neo_srvs2/include/neo_srvs2/neo_srvs2/srv/detail/relay_board_set_lcd_msg__type_support.cpp
[6.399s] -- Installing: /home/charbel/mpo500_ws/install/neo_srvs2/include/neo_srvs2/neo_srvs2/srv/detail/io_board_set_dig_out__type_support.cpp
[6.399s] -- Installing: /home/charbel/mpo500_ws/install/neo_srvs2/include/neo_srvs2/neo_srvs2/srv/detail/relay_board_set_safety_mode__rosidl_typesupport_introspection_cpp.hpp
[6.399s] -- Installing: /home/charbel/mpo500_ws/install/neo_srvs2/include/neo_srvs2/neo_srvs2/srv/detail/relay_board_set_safety_mode__type_support.cpp
[6.399s] -- Installing: /home/charbel/mpo500_ws/install/neo_srvs2/include/neo_srvs2/neo_srvs2/srv/detail/reset_omni_wheels__type_support.cpp
[6.399s] -- Installing: /home/charbel/mpo500_ws/install/neo_srvs2/include/neo_srvs2/neo_srvs2/srv/detail/relay_board_set_led__type_support.cpp
[6.399s] -- Installing: /home/charbel/mpo500_ws/install/neo_srvs2/include/neo_srvs2/neo_srvs2/srv/detail/lock_platform__type_support.cpp
[6.399s] -- Installing: /home/charbel/mpo500_ws/install/neo_srvs2/include/neo_srvs2/neo_srvs2/srv/detail/io_board_set_dig_out__rosidl_typesupport_introspection_cpp.hpp
[6.399s] -- Installing: /home/charbel/mpo500_ws/install/neo_srvs2/include/neo_srvs2/neo_srvs2/srv/detail/relay_board_set_em_stop__type_support.cpp
[6.399s] -- Installing: /home/charbel/mpo500_ws/install/neo_srvs2/include/neo_srvs2/neo_srvs2/srv/detail/unlock_platform__type_support.cpp
[6.399s] -- Installing: /home/charbel/mpo500_ws/install/neo_srvs2/include/neo_srvs2/neo_srvs2/srv/detail/us_board_toggle_sensor__type_support.cpp
[6.399s] -- Installing: /home/charbel/mpo500_ws/install/neo_srvs2/lib/libneo_srvs2__rosidl_typesupport_introspection_cpp.so
[6.399s] -- Set runtime path of "/home/charbel/mpo500_ws/install/neo_srvs2/lib/libneo_srvs2__rosidl_typesupport_introspection_cpp.so" to ""
[6.400s] -- Installing: /home/charbel/mpo500_ws/install/neo_srvs2/lib/libneo_srvs2__rosidl_typesupport_cpp.so
[6.400s] -- Set runtime path of "/home/charbel/mpo500_ws/install/neo_srvs2/lib/libneo_srvs2__rosidl_typesupport_cpp.so" to ""
[6.400s] -- Installing: /home/charbel/mpo500_ws/install/neo_srvs2/share/neo_srvs2/environment/pythonpath.sh
[6.400s] -- Installing: /home/charbel/mpo500_ws/install/neo_srvs2/share/neo_srvs2/environment/pythonpath.dsv
[6.400s] -- Installing: /home/charbel/mpo500_ws/install/neo_srvs2/local/lib/python3.10/dist-packages/neo_srvs2-0.1.0-py3.10.egg-info
[6.400s] -- Installing: /home/charbel/mpo500_ws/install/neo_srvs2/local/lib/python3.10/dist-packages/neo_srvs2-0.1.0-py3.10.egg-info/SOURCES.txt
[6.400s] -- Installing: /home/charbel/mpo500_ws/install/neo_srvs2/local/lib/python3.10/dist-packages/neo_srvs2-0.1.0-py3.10.egg-info/PKG-INFO
[6.400s] -- Installing: /home/charbel/mpo500_ws/install/neo_srvs2/local/lib/python3.10/dist-packages/neo_srvs2-0.1.0-py3.10.egg-info/dependency_links.txt
[6.400s] -- Installing: /home/charbel/mpo500_ws/install/neo_srvs2/local/lib/python3.10/dist-packages/neo_srvs2-0.1.0-py3.10.egg-info/top_level.txt
[6.400s] -- Installing: /home/charbel/mpo500_ws/install/neo_srvs2/local/lib/python3.10/dist-packages/neo_srvs2
[6.400s] -- Installing: /home/charbel/mpo500_ws/install/neo_srvs2/local/lib/python3.10/dist-packages/neo_srvs2/neo_srvs2_s__rosidl_typesupport_c.cpython-310-x86_64-linux-gnu.so
[6.400s] -- Installing: /home/charbel/mpo500_ws/install/neo_srvs2/local/lib/python3.10/dist-packages/neo_srvs2/libneo_srvs2__rosidl_generator_py.so
[6.400s] -- Installing: /home/charbel/mpo500_ws/install/neo_srvs2/local/lib/python3.10/dist-packages/neo_srvs2/_neo_srvs2_s.ep.rosidl_typesupport_introspection_c.c
[6.401s] -- Installing: /home/charbel/mpo500_ws/install/neo_srvs2/local/lib/python3.10/dist-packages/neo_srvs2/srv
[6.401s] -- Installing: /home/charbel/mpo500_ws/install/neo_srvs2/local/lib/python3.10/dist-packages/neo_srvs2/srv/_relay_board_set_led_s.c
[6.401s] -- Installing: /home/charbel/mpo500_ws/install/neo_srvs2/local/lib/python3.10/dist-packages/neo_srvs2/srv/_io_board_set_dig_out.py
[6.401s] -- Installing: /home/charbel/mpo500_ws/install/neo_srvs2/local/lib/python3.10/dist-packages/neo_srvs2/srv/_optimizer_s.c
[6.401s] -- Installing: /home/charbel/mpo500_ws/install/neo_srvs2/local/lib/python3.10/dist-packages/neo_srvs2/srv/_relay_board_un_set_em_stop.py
[6.401s] -- Installing: /home/charbel/mpo500_ws/install/neo_srvs2/local/lib/python3.10/dist-packages/neo_srvs2/srv/_unlock_platform.py
[6.401s] -- Installing: /home/charbel/mpo500_ws/install/neo_srvs2/local/lib/python3.10/dist-packages/neo_srvs2/srv/_unlock_platform_s.c
[6.401s] -- Installing: /home/charbel/mpo500_ws/install/neo_srvs2/local/lib/python3.10/dist-packages/neo_srvs2/srv/_reset_omni_wheels_s.c
[6.401s] -- Installing: /home/charbel/mpo500_ws/install/neo_srvs2/local/lib/python3.10/dist-packages/neo_srvs2/srv/_reset_omni_wheels.py
[6.401s] -- Installing: /home/charbel/mpo500_ws/install/neo_srvs2/local/lib/python3.10/dist-packages/neo_srvs2/srv/_relay_board_set_safety_mode.py
[6.401s] -- Installing: /home/charbel/mpo500_ws/install/neo_srvs2/local/lib/python3.10/dist-packages/neo_srvs2/srv/_relay_board_set_em_stop_s.c
[6.401s] -- Installing: /home/charbel/mpo500_ws/install/neo_srvs2/local/lib/python3.10/dist-packages/neo_srvs2/srv/_relay_board_un_set_em_stop_s.c
[6.401s] -- Installing: /home/charbel/mpo500_ws/install/neo_srvs2/local/lib/python3.10/dist-packages/neo_srvs2/srv/_us_board_toggle_sensor.py
[6.401s] -- Installing: /home/charbel/mpo500_ws/install/neo_srvs2/local/lib/python3.10/dist-packages/neo_srvs2/srv/_io_board_set_dig_out_s.c
[6.401s] -- Installing: /home/charbel/mpo500_ws/install/neo_srvs2/local/lib/python3.10/dist-packages/neo_srvs2/srv/_lock_platform_s.c
[6.401s] -- Installing: /home/charbel/mpo500_ws/install/neo_srvs2/local/lib/python3.10/dist-packages/neo_srvs2/srv/_initialize_contour_matching_s.c
[6.401s] -- Installing: /home/charbel/mpo500_ws/install/neo_srvs2/local/lib/python3.10/dist-packages/neo_srvs2/srv/_set_safety_field_s.c
[6.401s] -- Installing: /home/charbel/mpo500_ws/install/neo_srvs2/local/lib/python3.10/dist-packages/neo_srvs2/srv/_initialize_contour_matching.py
[6.401s] -- Installing: /home/charbel/mpo500_ws/install/neo_srvs2/local/lib/python3.10/dist-packages/neo_srvs2/srv/_relay_board_set_lcd_msg.py
[6.401s] -- Installing: /home/charbel/mpo500_ws/install/neo_srvs2/local/lib/python3.10/dist-packages/neo_srvs2/srv/_relay_board_set_relay_s.c
[6.402s] -- Installing: /home/charbel/mpo500_ws/install/neo_srvs2/local/lib/python3.10/dist-packages/neo_srvs2/srv/_relay_board_set_em_stop.py
[6.402s] -- Installing: /home/charbel/mpo500_ws/install/neo_srvs2/local/lib/python3.10/dist-packages/neo_srvs2/srv/_us_board_toggle_sensor_s.c
[6.402s] -- Installing: /home/charbel/mpo500_ws/install/neo_srvs2/local/lib/python3.10/dist-packages/neo_srvs2/srv/_lock_platform.py
[6.402s] -- Installing: /home/charbel/mpo500_ws/install/neo_srvs2/local/lib/python3.10/dist-packages/neo_srvs2/srv/_optimizer.py
[6.402s] -- Installing: /home/charbel/mpo500_ws/install/neo_srvs2/local/lib/python3.10/dist-packages/neo_srvs2/srv/_relay_board_set_led.py
[6.402s] -- Installing: /home/charbel/mpo500_ws/install/neo_srvs2/local/lib/python3.10/dist-packages/neo_srvs2/srv/_set_safety_field.py
[6.402s] -- Installing: /home/charbel/mpo500_ws/install/neo_srvs2/local/lib/python3.10/dist-packages/neo_srvs2/srv/_relay_board_set_lcd_msg_s.c
[6.402s] -- Installing: /home/charbel/mpo500_ws/install/neo_srvs2/local/lib/python3.10/dist-packages/neo_srvs2/srv/_relay_board_set_safety_mode_s.c
[6.402s] -- Installing: /home/charbel/mpo500_ws/install/neo_srvs2/local/lib/python3.10/dist-packages/neo_srvs2/srv/_relay_board_set_relay.py
[6.402s] -- Installing: /home/charbel/mpo500_ws/install/neo_srvs2/local/lib/python3.10/dist-packages/neo_srvs2/srv/__init__.py
[6.402s] -- Installing: /home/charbel/mpo500_ws/install/neo_srvs2/local/lib/python3.10/dist-packages/neo_srvs2/_neo_srvs2_s.ep.rosidl_typesupport_c.c
[6.402s] -- Installing: /home/charbel/mpo500_ws/install/neo_srvs2/local/lib/python3.10/dist-packages/neo_srvs2/neo_srvs2_s__rosidl_typesupport_fastrtps_c.cpython-310-x86_64-linux-gnu.so
[6.402s] -- Installing: /home/charbel/mpo500_ws/install/neo_srvs2/local/lib/python3.10/dist-packages/neo_srvs2/neo_srvs2_s__rosidl_typesupport_introspection_c.cpython-310-x86_64-linux-gnu.so
[6.402s] -- Installing: /home/charbel/mpo500_ws/install/neo_srvs2/local/lib/python3.10/dist-packages/neo_srvs2/_neo_srvs2_s.ep.rosidl_typesupport_fastrtps_c.c
[6.403s] -- Installing: /home/charbel/mpo500_ws/install/neo_srvs2/local/lib/python3.10/dist-packages/neo_srvs2/__init__.py
[6.441s] Listing '/home/charbel/mpo500_ws/install/neo_srvs2/local/lib/python3.10/dist-packages/neo_srvs2'...
[6.441s] Compiling '/home/charbel/mpo500_ws/install/neo_srvs2/local/lib/python3.10/dist-packages/neo_srvs2/__init__.py'...
[6.441s] Listing '/home/charbel/mpo500_ws/install/neo_srvs2/local/lib/python3.10/dist-packages/neo_srvs2/srv'...
[6.441s] Compiling '/home/charbel/mpo500_ws/install/neo_srvs2/local/lib/python3.10/dist-packages/neo_srvs2/srv/__init__.py'...
[6.441s] Compiling '/home/charbel/mpo500_ws/install/neo_srvs2/local/lib/python3.10/dist-packages/neo_srvs2/srv/_initialize_contour_matching.py'...
[6.441s] Compiling '/home/charbel/mpo500_ws/install/neo_srvs2/local/lib/python3.10/dist-packages/neo_srvs2/srv/_io_board_set_dig_out.py'...
[6.441s] Compiling '/home/charbel/mpo500_ws/install/neo_srvs2/local/lib/python3.10/dist-packages/neo_srvs2/srv/_lock_platform.py'...
[6.441s] Compiling '/home/charbel/mpo500_ws/install/neo_srvs2/local/lib/python3.10/dist-packages/neo_srvs2/srv/_optimizer.py'...
[6.441s] Compiling '/home/charbel/mpo500_ws/install/neo_srvs2/local/lib/python3.10/dist-packages/neo_srvs2/srv/_relay_board_set_em_stop.py'...
[6.441s] Compiling '/home/charbel/mpo500_ws/install/neo_srvs2/local/lib/python3.10/dist-packages/neo_srvs2/srv/_relay_board_set_lcd_msg.py'...
[6.441s] Compiling '/home/charbel/mpo500_ws/install/neo_srvs2/local/lib/python3.10/dist-packages/neo_srvs2/srv/_relay_board_set_led.py'...
[6.441s] Compiling '/home/charbel/mpo500_ws/install/neo_srvs2/local/lib/python3.10/dist-packages/neo_srvs2/srv/_relay_board_set_relay.py'...
[6.441s] Compiling '/home/charbel/mpo500_ws/install/neo_srvs2/local/lib/python3.10/dist-packages/neo_srvs2/srv/_relay_board_set_safety_mode.py'...
[6.441s] Compiling '/home/charbel/mpo500_ws/install/neo_srvs2/local/lib/python3.10/dist-packages/neo_srvs2/srv/_relay_board_un_set_em_stop.py'...
[6.441s] Compiling '/home/charbel/mpo500_ws/install/neo_srvs2/local/lib/python3.10/dist-packages/neo_srvs2/srv/_reset_omni_wheels.py'...
[6.441s] Compiling '/home/charbel/mpo500_ws/install/neo_srvs2/local/lib/python3.10/dist-packages/neo_srvs2/srv/_set_safety_field.py'...
[6.441s] Compiling '/home/charbel/mpo500_ws/install/neo_srvs2/local/lib/python3.10/dist-packages/neo_srvs2/srv/_unlock_platform.py'...
[6.441s] Compiling '/home/charbel/mpo500_ws/install/neo_srvs2/local/lib/python3.10/dist-packages/neo_srvs2/srv/_us_board_toggle_sensor.py'...
[6.444s] -- Installing: /home/charbel/mpo500_ws/install/neo_srvs2/local/lib/python3.10/dist-packages/neo_srvs2/neo_srvs2_s__rosidl_typesupport_fastrtps_c.cpython-310-x86_64-linux-gnu.so
[6.444s] -- Set runtime path of "/home/charbel/mpo500_ws/install/neo_srvs2/local/lib/python3.10/dist-packages/neo_srvs2/neo_srvs2_s__rosidl_typesupport_fastrtps_c.cpython-310-x86_64-linux-gnu.so" to ""
[6.444s] -- Installing: /home/charbel/mpo500_ws/install/neo_srvs2/local/lib/python3.10/dist-packages/neo_srvs2/neo_srvs2_s__rosidl_typesupport_introspection_c.cpython-310-x86_64-linux-gnu.so
[6.444s] -- Set runtime path of "/home/charbel/mpo500_ws/install/neo_srvs2/local/lib/python3.10/dist-packages/neo_srvs2/neo_srvs2_s__rosidl_typesupport_introspection_c.cpython-310-x86_64-linux-gnu.so" to ""
[6.444s] -- Installing: /home/charbel/mpo500_ws/install/neo_srvs2/local/lib/python3.10/dist-packages/neo_srvs2/neo_srvs2_s__rosidl_typesupport_c.cpython-310-x86_64-linux-gnu.so
[6.444s] -- Set runtime path of "/home/charbel/mpo500_ws/install/neo_srvs2/local/lib/python3.10/dist-packages/neo_srvs2/neo_srvs2_s__rosidl_typesupport_c.cpython-310-x86_64-linux-gnu.so" to ""
[6.444s] -- Installing: /home/charbel/mpo500_ws/install/neo_srvs2/lib/libneo_srvs2__rosidl_generator_py.so
[6.445s] -- Set runtime path of "/home/charbel/mpo500_ws/install/neo_srvs2/lib/libneo_srvs2__rosidl_generator_py.so" to ""
[6.445s] -- Installing: /home/charbel/mpo500_ws/install/neo_srvs2/share/neo_srvs2/srv/RelayBoardSetRelay.idl
[6.445s] -- Installing: /home/charbel/mpo500_ws/install/neo_srvs2/share/neo_srvs2/srv/IOBoardSetDigOut.idl
[6.445s] -- Installing: /home/charbel/mpo500_ws/install/neo_srvs2/share/neo_srvs2/srv/RelayBoardSetLCDMsg.idl
[6.445s] -- Installing: /home/charbel/mpo500_ws/install/neo_srvs2/share/neo_srvs2/srv/LockPlatform.idl
[6.445s] -- Installing: /home/charbel/mpo500_ws/install/neo_srvs2/share/neo_srvs2/srv/UnlockPlatform.idl
[6.445s] -- Installing: /home/charbel/mpo500_ws/install/neo_srvs2/share/neo_srvs2/srv/ResetOmniWheels.idl
[6.445s] -- Installing: /home/charbel/mpo500_ws/install/neo_srvs2/share/neo_srvs2/srv/RelayBoardSetEMStop.idl
[6.445s] -- Installing: /home/charbel/mpo500_ws/install/neo_srvs2/share/neo_srvs2/srv/RelayBoardSetSafetyMode.idl
[6.445s] -- Installing: /home/charbel/mpo500_ws/install/neo_srvs2/share/neo_srvs2/srv/RelayBoardUnSetEMStop.idl
[6.445s] -- Installing: /home/charbel/mpo500_ws/install/neo_srvs2/share/neo_srvs2/srv/RelayBoardSetLED.idl
[6.445s] -- Installing: /home/charbel/mpo500_ws/install/neo_srvs2/share/neo_srvs2/srv/USBoardToggleSensor.idl
[6.445s] -- Installing: /home/charbel/mpo500_ws/install/neo_srvs2/share/neo_srvs2/srv/Optimizer.idl
[6.445s] -- Installing: /home/charbel/mpo500_ws/install/neo_srvs2/share/neo_srvs2/srv/InitializeContourMatching.idl
[6.445s] -- Installing: /home/charbel/mpo500_ws/install/neo_srvs2/share/neo_srvs2/srv/SetSafetyField.idl
[6.445s] -- Installing: /home/charbel/mpo500_ws/install/neo_srvs2/share/neo_srvs2/srv/RelayBoardSetRelay.srv
[6.445s] -- Installing: /home/charbel/mpo500_ws/install/neo_srvs2/share/neo_srvs2/srv/RelayBoardSetRelay_Request.msg
[6.446s] -- Installing: /home/charbel/mpo500_ws/install/neo_srvs2/share/neo_srvs2/srv/RelayBoardSetRelay_Response.msg
[6.446s] -- Installing: /home/charbel/mpo500_ws/install/neo_srvs2/share/neo_srvs2/srv/IOBoardSetDigOut.srv
[6.446s] -- Installing: /home/charbel/mpo500_ws/install/neo_srvs2/share/neo_srvs2/srv/IOBoardSetDigOut_Request.msg
[6.446s] -- Installing: /home/charbel/mpo500_ws/install/neo_srvs2/share/neo_srvs2/srv/IOBoardSetDigOut_Response.msg
[6.446s] -- Installing: /home/charbel/mpo500_ws/install/neo_srvs2/share/neo_srvs2/srv/RelayBoardSetLCDMsg.srv
[6.446s] -- Installing: /home/charbel/mpo500_ws/install/neo_srvs2/share/neo_srvs2/srv/RelayBoardSetLCDMsg_Request.msg
[6.446s] -- Installing: /home/charbel/mpo500_ws/install/neo_srvs2/share/neo_srvs2/srv/RelayBoardSetLCDMsg_Response.msg
[6.446s] -- Installing: /home/charbel/mpo500_ws/install/neo_srvs2/share/neo_srvs2/srv/LockPlatform.srv
[6.446s] -- Installing: /home/charbel/mpo500_ws/install/neo_srvs2/share/neo_srvs2/srv/LockPlatform_Request.msg
[6.446s] -- Installing: /home/charbel/mpo500_ws/install/neo_srvs2/share/neo_srvs2/srv/LockPlatform_Response.msg
[6.446s] -- Installing: /home/charbel/mpo500_ws/install/neo_srvs2/share/neo_srvs2/srv/UnlockPlatform.srv
[6.446s] -- Installing: /home/charbel/mpo500_ws/install/neo_srvs2/share/neo_srvs2/srv/UnlockPlatform_Request.msg
[6.446s] -- Installing: /home/charbel/mpo500_ws/install/neo_srvs2/share/neo_srvs2/srv/UnlockPlatform_Response.msg
[6.446s] -- Installing: /home/charbel/mpo500_ws/install/neo_srvs2/share/neo_srvs2/srv/ResetOmniWheels.srv
[6.446s] -- Installing: /home/charbel/mpo500_ws/install/neo_srvs2/share/neo_srvs2/srv/ResetOmniWheels_Request.msg
[6.446s] -- Installing: /home/charbel/mpo500_ws/install/neo_srvs2/share/neo_srvs2/srv/ResetOmniWheels_Response.msg
[6.446s] -- Installing: /home/charbel/mpo500_ws/install/neo_srvs2/share/neo_srvs2/srv/RelayBoardSetEMStop.srv
[6.446s] -- Installing: /home/charbel/mpo500_ws/install/neo_srvs2/share/neo_srvs2/srv/RelayBoardSetEMStop_Request.msg
[6.447s] -- Installing: /home/charbel/mpo500_ws/install/neo_srvs2/share/neo_srvs2/srv/RelayBoardSetEMStop_Response.msg
[6.447s] -- Installing: /home/charbel/mpo500_ws/install/neo_srvs2/share/neo_srvs2/srv/RelayBoardSetSafetyMode.srv
[6.447s] -- Installing: /home/charbel/mpo500_ws/install/neo_srvs2/share/neo_srvs2/srv/RelayBoardSetSafetyMode_Request.msg
[6.447s] -- Installing: /home/charbel/mpo500_ws/install/neo_srvs2/share/neo_srvs2/srv/RelayBoardSetSafetyMode_Response.msg
[6.447s] -- Installing: /home/charbel/mpo500_ws/install/neo_srvs2/share/neo_srvs2/srv/RelayBoardUnSetEMStop.srv
[6.447s] -- Installing: /home/charbel/mpo500_ws/install/neo_srvs2/share/neo_srvs2/srv/RelayBoardUnSetEMStop_Request.msg
[6.447s] -- Installing: /home/charbel/mpo500_ws/install/neo_srvs2/share/neo_srvs2/srv/RelayBoardUnSetEMStop_Response.msg
[6.447s] -- Installing: /home/charbel/mpo500_ws/install/neo_srvs2/share/neo_srvs2/srv/RelayBoardSetLED.srv
[6.447s] -- Installing: /home/charbel/mpo500_ws/install/neo_srvs2/share/neo_srvs2/srv/RelayBoardSetLED_Request.msg
[6.447s] -- Installing: /home/charbel/mpo500_ws/install/neo_srvs2/share/neo_srvs2/srv/RelayBoardSetLED_Response.msg
[6.447s] -- Installing: /home/charbel/mpo500_ws/install/neo_srvs2/share/neo_srvs2/srv/USBoardToggleSensor.srv
[6.447s] -- Installing: /home/charbel/mpo500_ws/install/neo_srvs2/share/neo_srvs2/srv/USBoardToggleSensor_Request.msg
[6.447s] -- Installing: /home/charbel/mpo500_ws/install/neo_srvs2/share/neo_srvs2/srv/USBoardToggleSensor_Response.msg
[6.447s] -- Installing: /home/charbel/mpo500_ws/install/neo_srvs2/share/neo_srvs2/srv/Optimizer.srv
[6.447s] -- Installing: /home/charbel/mpo500_ws/install/neo_srvs2/share/neo_srvs2/srv/Optimizer_Request.msg
[6.447s] -- Installing: /home/charbel/mpo500_ws/install/neo_srvs2/share/neo_srvs2/srv/Optimizer_Response.msg
[6.447s] -- Installing: /home/charbel/mpo500_ws/install/neo_srvs2/share/neo_srvs2/srv/InitializeContourMatching.srv
[6.448s] -- Installing: /home/charbel/mpo500_ws/install/neo_srvs2/share/neo_srvs2/srv/InitializeContourMatching_Request.msg
[6.448s] -- Installing: /home/charbel/mpo500_ws/install/neo_srvs2/share/neo_srvs2/srv/InitializeContourMatching_Response.msg
[6.448s] -- Installing: /home/charbel/mpo500_ws/install/neo_srvs2/share/neo_srvs2/srv/SetSafetyField.srv
[6.448s] -- Installing: /home/charbel/mpo500_ws/install/neo_srvs2/share/neo_srvs2/srv/SetSafetyField_Request.msg
[6.448s] -- Installing: /home/charbel/mpo500_ws/install/neo_srvs2/share/neo_srvs2/srv/SetSafetyField_Response.msg
[6.448s] -- Installing: /home/charbel/mpo500_ws/install/neo_srvs2/share/ament_index/resource_index/package_run_dependencies/neo_srvs2
[6.448s] -- Installing: /home/charbel/mpo500_ws/install/neo_srvs2/share/ament_index/resource_index/parent_prefix_path/neo_srvs2
[6.448s] -- Installing: /home/charbel/mpo500_ws/install/neo_srvs2/share/neo_srvs2/environment/ament_prefix_path.sh
[6.448s] -- Installing: /home/charbel/mpo500_ws/install/neo_srvs2/share/neo_srvs2/environment/ament_prefix_path.dsv
[6.448s] -- Installing: /home/charbel/mpo500_ws/install/neo_srvs2/share/neo_srvs2/environment/path.sh
[6.448s] -- Installing: /home/charbel/mpo500_ws/install/neo_srvs2/share/neo_srvs2/environment/path.dsv
[6.448s] -- Installing: /home/charbel/mpo500_ws/install/neo_srvs2/share/neo_srvs2/local_setup.bash
[6.448s] -- Installing: /home/charbel/mpo500_ws/install/neo_srvs2/share/neo_srvs2/local_setup.sh
[6.448s] -- Installing: /home/charbel/mpo500_ws/install/neo_srvs2/share/neo_srvs2/local_setup.zsh
[6.448s] -- Installing: /home/charbel/mpo500_ws/install/neo_srvs2/share/neo_srvs2/local_setup.dsv
[6.448s] -- Installing: /home/charbel/mpo500_ws/install/neo_srvs2/share/neo_srvs2/package.dsv
[6.449s] -- Installing: /home/charbel/mpo500_ws/install/neo_srvs2/share/ament_index/resource_index/packages/neo_srvs2
[6.449s] -- Installing: /home/charbel/mpo500_ws/install/neo_srvs2/share/neo_srvs2/cmake/export_neo_srvs2__rosidl_generator_cExport.cmake
[6.449s] -- Installing: /home/charbel/mpo500_ws/install/neo_srvs2/share/neo_srvs2/cmake/export_neo_srvs2__rosidl_generator_cExport-noconfig.cmake
[6.449s] -- Installing: /home/charbel/mpo500_ws/install/neo_srvs2/share/neo_srvs2/cmake/export_neo_srvs2__rosidl_typesupport_fastrtps_cExport.cmake
[6.449s] -- Installing: /home/charbel/mpo500_ws/install/neo_srvs2/share/neo_srvs2/cmake/export_neo_srvs2__rosidl_typesupport_fastrtps_cExport-noconfig.cmake
[6.449s] -- Installing: /home/charbel/mpo500_ws/install/neo_srvs2/share/neo_srvs2/cmake/neo_srvs2__rosidl_typesupport_introspection_cExport.cmake
[6.449s] -- Installing: /home/charbel/mpo500_ws/install/neo_srvs2/share/neo_srvs2/cmake/neo_srvs2__rosidl_typesupport_introspection_cExport-noconfig.cmake
[6.449s] -- Installing: /home/charbel/mpo500_ws/install/neo_srvs2/share/neo_srvs2/cmake/neo_srvs2__rosidl_typesupport_cExport.cmake
[6.449s] -- Installing: /home/charbel/mpo500_ws/install/neo_srvs2/share/neo_srvs2/cmake/neo_srvs2__rosidl_typesupport_cExport-noconfig.cmake
[6.449s] -- Installing: /home/charbel/mpo500_ws/install/neo_srvs2/share/neo_srvs2/cmake/export_neo_srvs2__rosidl_generator_cppExport.cmake
[6.449s] -- Installing: /home/charbel/mpo500_ws/install/neo_srvs2/share/neo_srvs2/cmake/export_neo_srvs2__rosidl_typesupport_fastrtps_cppExport.cmake
[6.449s] -- Installing: /home/charbel/mpo500_ws/install/neo_srvs2/share/neo_srvs2/cmake/export_neo_srvs2__rosidl_typesupport_fastrtps_cppExport-noconfig.cmake
[6.449s] -- Installing: /home/charbel/mpo500_ws/install/neo_srvs2/share/neo_srvs2/cmake/neo_srvs2__rosidl_typesupport_introspection_cppExport.cmake
[6.449s] -- Installing: /home/charbel/mpo500_ws/install/neo_srvs2/share/neo_srvs2/cmake/neo_srvs2__rosidl_typesupport_introspection_cppExport-noconfig.cmake
[6.449s] -- Installing: /home/charbel/mpo500_ws/install/neo_srvs2/share/neo_srvs2/cmake/neo_srvs2__rosidl_typesupport_cppExport.cmake
[6.449s] -- Installing: /home/charbel/mpo500_ws/install/neo_srvs2/share/neo_srvs2/cmake/neo_srvs2__rosidl_typesupport_cppExport-noconfig.cmake
[6.449s] -- Installing: /home/charbel/mpo500_ws/install/neo_srvs2/share/neo_srvs2/cmake/export_neo_srvs2__rosidl_generator_pyExport.cmake
[6.450s] -- Installing: /home/charbel/mpo500_ws/install/neo_srvs2/share/neo_srvs2/cmake/export_neo_srvs2__rosidl_generator_pyExport-noconfig.cmake
[6.450s] -- Installing: /home/charbel/mpo500_ws/install/neo_srvs2/share/neo_srvs2/cmake/rosidl_cmake-extras.cmake
[6.450s] -- Installing: /home/charbel/mpo500_ws/install/neo_srvs2/share/neo_srvs2/cmake/ament_cmake_export_dependencies-extras.cmake
[6.450s] -- Installing: /home/charbel/mpo500_ws/install/neo_srvs2/share/neo_srvs2/cmake/ament_cmake_export_include_directories-extras.cmake
[6.450s] -- Installing: /home/charbel/mpo500_ws/install/neo_srvs2/share/neo_srvs2/cmake/ament_cmake_export_libraries-extras.cmake
[6.450s] -- Installing: /home/charbel/mpo500_ws/install/neo_srvs2/share/neo_srvs2/cmake/ament_cmake_export_targets-extras.cmake
[6.450s] -- Installing: /home/charbel/mpo500_ws/install/neo_srvs2/share/neo_srvs2/cmake/rosidl_cmake_export_typesupport_targets-extras.cmake
[6.450s] -- Installing: /home/charbel/mpo500_ws/install/neo_srvs2/share/neo_srvs2/cmake/rosidl_cmake_export_typesupport_libraries-extras.cmake
[6.450s] -- Installing: /home/charbel/mpo500_ws/install/neo_srvs2/share/neo_srvs2/cmake/neo_srvs2Config.cmake
[6.450s] -- Installing: /home/charbel/mpo500_ws/install/neo_srvs2/share/neo_srvs2/cmake/neo_srvs2Config-version.cmake
[6.450s] -- Installing: /home/charbel/mpo500_ws/install/neo_srvs2/share/neo_srvs2/package.xml
[6.452s] Invoked command in '/home/charbel/mpo500_ws/build/neo_srvs2' returned '0': CMAKE_PREFIX_PATH=/home/charbel/mpo500_ws/install/neo_msgs2:/home/charbel/mpo500_ws/install/topic_subscriber:/home/charbel/mpo500_ws/install/topic_publisher:/home/charbel/mpo500_ws/install/robot_controller:/home/charbel/mpo500_ws/install/neo_teleop2:/home/charbel/mpo500_ws/install/neo_relayboard_v2-2:/home/charbel/mpo500_ws/install/neo_srvs2:/home/charbel/mpo500_ws/install/neo_simulation2:/home/charbel/mpo500_ws/install/neo_mpo_500-2:/home/charbel/mpo500_ws/install/neo_nav2_bringup:/home/charbel/mpo500_ws/install/neo_kinematics_mecanum2:/home/charbel/mpo500_ws/install/neo_common2:/opt/ros/humble LD_LIBRARY_PATH=/home/charbel/mpo500_ws/install/neo_msgs2/lib:/home/charbel/mpo500_ws/install/neo_relayboard_v2-2/lib:/home/charbel/mpo500_ws/install/neo_srvs2/lib:/home/charbel/mpo500_ws/install/neo_kinematics_mecanum2/lib:/usr/lib/x86_64-linux-gnu/gazebo-11/plugins:/opt/ros/humble/opt/rviz_ogre_vendor/lib:/opt/ros/humble/lib/x86_64-linux-gnu:/opt/ros/humble/lib /usr/bin/cmake --install /home/charbel/mpo500_ws/build/neo_srvs2
