[0.011s] Invoking command in '/home/charbel/mpo500_ws/build/neo_relayboard_v2-2': CMAKE_PREFIX_PATH=/home/charbel/mpo500_ws/install/neo_srvs2:/home/charbel/mpo500_ws/install/neo_msgs2:/home/charbel/mpo500_ws/install/neo_common2:/home/charbel/mpo500_ws/install/topic_subscriber:/home/charbel/mpo500_ws/install/topic_publisher:/home/charbel/mpo500_ws/install/robot_controller:/home/charbel/mpo500_ws/install/neo_teleop2:/home/charbel/mpo500_ws/install/neo_relayboard_v2-2:/home/charbel/mpo500_ws/install/neo_simulation2:/home/charbel/mpo500_ws/install/neo_mpo_500-2:/home/charbel/mpo500_ws/install/neo_nav2_bringup:/home/charbel/mpo500_ws/install/neo_kinematics_mecanum2:/opt/ros/humble LD_LIBRARY_PATH=/home/charbel/mpo500_ws/install/neo_srvs2/lib:/home/charbel/mpo500_ws/install/neo_msgs2/lib:/home/charbel/mpo500_ws/install/neo_relayboard_v2-2/lib:/home/charbel/mpo500_ws/install/neo_kinematics_mecanum2/lib:/usr/lib/x86_64-linux-gnu/gazebo-11/plugins:/opt/ros/humble/opt/rviz_ogre_vendor/lib:/opt/ros/humble/lib/x86_64-linux-gnu:/opt/ros/humble/lib /usr/bin/cmake --build /home/charbel/mpo500_ws/build/neo_relayboard_v2-2 -- -j16 -l16
[0.058s] [ 71%] Built target neo_relayboard_v2-2
[0.079s] [100%] Built target neo_relayboard_node
[0.088s] Invoked command in '/home/charbel/mpo500_ws/build/neo_relayboard_v2-2' returned '0': CMAKE_PREFIX_PATH=/home/charbel/mpo500_ws/install/neo_srvs2:/home/charbel/mpo500_ws/install/neo_msgs2:/home/charbel/mpo500_ws/install/neo_common2:/home/charbel/mpo500_ws/install/topic_subscriber:/home/charbel/mpo500_ws/install/topic_publisher:/home/charbel/mpo500_ws/install/robot_controller:/home/charbel/mpo500_ws/install/neo_teleop2:/home/charbel/mpo500_ws/install/neo_relayboard_v2-2:/home/charbel/mpo500_ws/install/neo_simulation2:/home/charbel/mpo500_ws/install/neo_mpo_500-2:/home/charbel/mpo500_ws/install/neo_nav2_bringup:/home/charbel/mpo500_ws/install/neo_kinematics_mecanum2:/opt/ros/humble LD_LIBRARY_PATH=/home/charbel/mpo500_ws/install/neo_srvs2/lib:/home/charbel/mpo500_ws/install/neo_msgs2/lib:/home/charbel/mpo500_ws/install/neo_relayboard_v2-2/lib:/home/charbel/mpo500_ws/install/neo_kinematics_mecanum2/lib:/usr/lib/x86_64-linux-gnu/gazebo-11/plugins:/opt/ros/humble/opt/rviz_ogre_vendor/lib:/opt/ros/humble/lib/x86_64-linux-gnu:/opt/ros/humble/lib /usr/bin/cmake --build /home/charbel/mpo500_ws/build/neo_relayboard_v2-2 -- -j16 -l16
[0.119s] Invoking command in '/home/charbel/mpo500_ws/build/neo_relayboard_v2-2': CMAKE_PREFIX_PATH=/home/charbel/mpo500_ws/install/neo_srvs2:/home/charbel/mpo500_ws/install/neo_msgs2:/home/charbel/mpo500_ws/install/neo_common2:/home/charbel/mpo500_ws/install/topic_subscriber:/home/charbel/mpo500_ws/install/topic_publisher:/home/charbel/mpo500_ws/install/robot_controller:/home/charbel/mpo500_ws/install/neo_teleop2:/home/charbel/mpo500_ws/install/neo_relayboard_v2-2:/home/charbel/mpo500_ws/install/neo_simulation2:/home/charbel/mpo500_ws/install/neo_mpo_500-2:/home/charbel/mpo500_ws/install/neo_nav2_bringup:/home/charbel/mpo500_ws/install/neo_kinematics_mecanum2:/opt/ros/humble LD_LIBRARY_PATH=/home/charbel/mpo500_ws/install/neo_srvs2/lib:/home/charbel/mpo500_ws/install/neo_msgs2/lib:/home/charbel/mpo500_ws/install/neo_relayboard_v2-2/lib:/home/charbel/mpo500_ws/install/neo_kinematics_mecanum2/lib:/usr/lib/x86_64-linux-gnu/gazebo-11/plugins:/opt/ros/humble/opt/rviz_ogre_vendor/lib:/opt/ros/humble/lib/x86_64-linux-gnu:/opt/ros/humble/lib /usr/bin/cmake --install /home/charbel/mpo500_ws/build/neo_relayboard_v2-2
[0.124s] -- Install configuration: ""
[0.124s] -- Up-to-date: /home/charbel/mpo500_ws/install/neo_relayboard_v2-2/share/neo_relayboard_v2-2/environment/library_path.sh
[0.124s] -- Up-to-date: /home/charbel/mpo500_ws/install/neo_relayboard_v2-2/share/neo_relayboard_v2-2/environment/library_path.dsv
[0.124s] -- Up-to-date: /home/charbel/mpo500_ws/install/neo_relayboard_v2-2/common/include/
[0.124s] -- Up-to-date: /home/charbel/mpo500_ws/install/neo_relayboard_v2-2/common/include//Mutex.h
[0.124s] -- Up-to-date: /home/charbel/mpo500_ws/install/neo_relayboard_v2-2/common/include//RelayBoardClient.h
[0.124s] -- Up-to-date: /home/charbel/mpo500_ws/install/neo_relayboard_v2-2/common/include//SerialIO.h
[0.124s] -- Up-to-date: /home/charbel/mpo500_ws/install/neo_relayboard_v2-2/common/include//NeoRelayBoardNode.h
[0.124s] -- Up-to-date: /home/charbel/mpo500_ws/install/neo_relayboard_v2-2/common/include//DriveParam.h
[0.124s] -- Up-to-date: /home/charbel/mpo500_ws/install/neo_relayboard_v2-2/common/include//StrUtil.h
[0.125s] -- Up-to-date: /home/charbel/mpo500_ws/install/neo_relayboard_v2-2/lib/neo_relayboard_v2-2/neo_relayboard_node
[0.125s] -- Up-to-date: /home/charbel/mpo500_ws/install/neo_relayboard_v2-2/share/neo_relayboard_v2-2/launch
[0.125s] -- Up-to-date: /home/charbel/mpo500_ws/install/neo_relayboard_v2-2/share/neo_relayboard_v2-2/launch/neo_relayboard_v2.launch.py
[0.125s] -- Up-to-date: /home/charbel/mpo500_ws/install/neo_relayboard_v2-2/share/neo_relayboard_v2-2/launch/neo_relayboard_v2.yaml
[0.125s] -- Up-to-date: /home/charbel/mpo500_ws/install/neo_relayboard_v2-2/share/ament_index/resource_index/package_run_dependencies/neo_relayboard_v2-2
[0.125s] -- Up-to-date: /home/charbel/mpo500_ws/install/neo_relayboard_v2-2/share/ament_index/resource_index/parent_prefix_path/neo_relayboard_v2-2
[0.125s] -- Up-to-date: /home/charbel/mpo500_ws/install/neo_relayboard_v2-2/share/neo_relayboard_v2-2/environment/ament_prefix_path.sh
[0.125s] -- Up-to-date: /home/charbel/mpo500_ws/install/neo_relayboard_v2-2/share/neo_relayboard_v2-2/environment/ament_prefix_path.dsv
[0.125s] -- Up-to-date: /home/charbel/mpo500_ws/install/neo_relayboard_v2-2/share/neo_relayboard_v2-2/environment/path.sh
[0.125s] -- Up-to-date: /home/charbel/mpo500_ws/install/neo_relayboard_v2-2/share/neo_relayboard_v2-2/environment/path.dsv
[0.125s] -- Up-to-date: /home/charbel/mpo500_ws/install/neo_relayboard_v2-2/share/neo_relayboard_v2-2/local_setup.bash
[0.125s] -- Up-to-date: /home/charbel/mpo500_ws/install/neo_relayboard_v2-2/share/neo_relayboard_v2-2/local_setup.sh
[0.125s] -- Up-to-date: /home/charbel/mpo500_ws/install/neo_relayboard_v2-2/share/neo_relayboard_v2-2/local_setup.zsh
[0.125s] -- Up-to-date: /home/charbel/mpo500_ws/install/neo_relayboard_v2-2/share/neo_relayboard_v2-2/local_setup.dsv
[0.125s] -- Installing: /home/charbel/mpo500_ws/install/neo_relayboard_v2-2/share/neo_relayboard_v2-2/package.dsv
[0.125s] -- Up-to-date: /home/charbel/mpo500_ws/install/neo_relayboard_v2-2/share/ament_index/resource_index/packages/neo_relayboard_v2-2
[0.125s] -- Up-to-date: /home/charbel/mpo500_ws/install/neo_relayboard_v2-2/share/neo_relayboard_v2-2/cmake/ament_cmake_export_dependencies-extras.cmake
[0.125s] -- Up-to-date: /home/charbel/mpo500_ws/install/neo_relayboard_v2-2/share/neo_relayboard_v2-2/cmake/ament_cmake_export_include_directories-extras.cmake
[0.125s] -- Up-to-date: /home/charbel/mpo500_ws/install/neo_relayboard_v2-2/share/neo_relayboard_v2-2/cmake/ament_cmake_export_libraries-extras.cmake
[0.125s] -- Up-to-date: /home/charbel/mpo500_ws/install/neo_relayboard_v2-2/share/neo_relayboard_v2-2/cmake/neo_relayboard_v2-2Config.cmake
[0.125s] -- Up-to-date: /home/charbel/mpo500_ws/install/neo_relayboard_v2-2/share/neo_relayboard_v2-2/cmake/neo_relayboard_v2-2Config-version.cmake
[0.125s] -- Up-to-date: /home/charbel/mpo500_ws/install/neo_relayboard_v2-2/share/neo_relayboard_v2-2/package.xml
[0.126s] Invoked command in '/home/charbel/mpo500_ws/build/neo_relayboard_v2-2' returned '0': CMAKE_PREFIX_PATH=/home/charbel/mpo500_ws/install/neo_srvs2:/home/charbel/mpo500_ws/install/neo_msgs2:/home/charbel/mpo500_ws/install/neo_common2:/home/charbel/mpo500_ws/install/topic_subscriber:/home/charbel/mpo500_ws/install/topic_publisher:/home/charbel/mpo500_ws/install/robot_controller:/home/charbel/mpo500_ws/install/neo_teleop2:/home/charbel/mpo500_ws/install/neo_relayboard_v2-2:/home/charbel/mpo500_ws/install/neo_simulation2:/home/charbel/mpo500_ws/install/neo_mpo_500-2:/home/charbel/mpo500_ws/install/neo_nav2_bringup:/home/charbel/mpo500_ws/install/neo_kinematics_mecanum2:/opt/ros/humble LD_LIBRARY_PATH=/home/charbel/mpo500_ws/install/neo_srvs2/lib:/home/charbel/mpo500_ws/install/neo_msgs2/lib:/home/charbel/mpo500_ws/install/neo_relayboard_v2-2/lib:/home/charbel/mpo500_ws/install/neo_kinematics_mecanum2/lib:/usr/lib/x86_64-linux-gnu/gazebo-11/plugins:/opt/ros/humble/opt/rviz_ogre_vendor/lib:/opt/ros/humble/lib/x86_64-linux-gnu:/opt/ros/humble/lib /usr/bin/cmake --install /home/charbel/mpo500_ws/build/neo_relayboard_v2-2
