[0.019s] Invoking command in '/home/charbel/mpo500_ws/src/build/neo_teleop2': CMAKE_PREFIX_PATH=${CMAKE_PREFIX_PATH}:/opt/ros/humble /usr/bin/cmake /home/charbel/mpo500_ws/src/neo_teleop2 -DCMAKE_INSTALL_PREFIX=/home/charbel/mpo500_ws/src/install/neo_teleop2
[0.144s] -- The C compiler identification is GNU 11.4.0
[0.218s] -- The CXX compiler identification is GNU 11.4.0
[0.226s] -- Detecting C compiler ABI info
[0.279s] -- Detecting C compiler ABI info - done
[0.284s] -- Check for working C compiler: /usr/bin/cc - skipped
[0.284s] -- Detecting C compile features
[0.284s] -- Detecting C compile features - done
[0.286s] -- Detecting CXX compiler ABI info
[0.340s] -- Detecting CXX compiler ABI info - done
[0.345s] -- Check for working CXX compiler: /usr/bin/c++ - skipped
[0.346s] -- Detecting CXX compile features
[0.346s] -- Detecting CXX compile features - done
[0.348s] -- Found ament_cmake: 1.3.10 (/opt/ros/humble/share/ament_cmake/cmake)
[0.479s] -- Found Python3: /usr/bin/python3 (found version "3.10.12") found components: Interpreter 
[0.540s] -- Found rclcpp: 16.0.10 (/opt/ros/humble/share/rclcpp/cmake)
[0.571s] -- Found rosidl_generator_c: 3.1.5 (/opt/ros/humble/share/rosidl_generator_c/cmake)
[0.575s] -- Found rosidl_adapter: 3.1.5 (/opt/ros/humble/share/rosidl_adapter/cmake)
[0.581s] -- Found rosidl_generator_cpp: 3.1.5 (/opt/ros/humble/share/rosidl_generator_cpp/cmake)
[0.589s] -- Using all available rosidl_typesupport_c: rosidl_typesupport_fastrtps_c;rosidl_typesupport_introspection_c
[0.601s] -- Using all available rosidl_typesupport_cpp: rosidl_typesupport_fastrtps_cpp;rosidl_typesupport_introspection_cpp
[0.635s] -- Found rmw_implementation_cmake: 6.1.2 (/opt/ros/humble/share/rmw_implementation_cmake/cmake)
[0.637s] -- Found rmw_fastrtps_cpp: 6.2.7 (/opt/ros/humble/share/rmw_fastrtps_cpp/cmake)
[0.703s] -- Found OpenSSL: /usr/lib/x86_64-linux-gnu/libcrypto.so (found version "3.0.2")  
[0.721s] -- Found FastRTPS: /opt/ros/humble/include  
[0.751s] -- Using RMW implementation 'rmw_fastrtps_cpp' as default
[0.758s] -- Looking for pthread.h
[0.803s] -- Looking for pthread.h - found
[0.803s] -- Performing Test CMAKE_HAVE_LIBC_PTHREAD
[0.860s] -- Performing Test CMAKE_HAVE_LIBC_PTHREAD - Success
[0.860s] -- Found Threads: TRUE  
[0.908s] -- Found rclcpp_action: 16.0.10 (/opt/ros/humble/share/rclcpp_action/cmake)
[0.938s] -- Found rclcpp_lifecycle: 16.0.10 (/opt/ros/humble/share/rclcpp_lifecycle/cmake)
[0.960s] -- Found sensor_msgs: 4.2.4 (/opt/ros/humble/share/sensor_msgs/cmake)
[0.981s] -- Found trajectory_msgs: 4.2.4 (/opt/ros/humble/share/trajectory_msgs/cmake)
[1.037s] -- Configuring done
[1.044s] -- Generating done
[1.045s] -- Build files have been written to: /home/charbel/mpo500_ws/src/build/neo_teleop2
[1.052s] Invoked command in '/home/charbel/mpo500_ws/src/build/neo_teleop2' returned '0': CMAKE_PREFIX_PATH=${CMAKE_PREFIX_PATH}:/opt/ros/humble /usr/bin/cmake /home/charbel/mpo500_ws/src/neo_teleop2 -DCMAKE_INSTALL_PREFIX=/home/charbel/mpo500_ws/src/install/neo_teleop2
[1.054s] Invoking command in '/home/charbel/mpo500_ws/src/build/neo_teleop2': CMAKE_PREFIX_PATH=${CMAKE_PREFIX_PATH}:/opt/ros/humble /usr/bin/cmake --build /home/charbel/mpo500_ws/src/build/neo_teleop2 -- -j16 -l16
[1.105s] [ 50%] [32mBuilding CXX object CMakeFiles/neo_teleop2_node.dir/src/neo_teleop.cpp.o[0m
[7.840s] [100%] [32m[1mLinking CXX executable neo_teleop2_node[0m
[8.112s] [100%] Built target neo_teleop2_node
[8.119s] Invoked command in '/home/charbel/mpo500_ws/src/build/neo_teleop2' returned '0': CMAKE_PREFIX_PATH=${CMAKE_PREFIX_PATH}:/opt/ros/humble /usr/bin/cmake --build /home/charbel/mpo500_ws/src/build/neo_teleop2 -- -j16 -l16
[8.137s] Invoking command in '/home/charbel/mpo500_ws/src/build/neo_teleop2': CMAKE_PREFIX_PATH=${CMAKE_PREFIX_PATH}:/opt/ros/humble /usr/bin/cmake --install /home/charbel/mpo500_ws/src/build/neo_teleop2
[8.145s] -- Install configuration: ""
[8.145s] -- Installing: /home/charbel/mpo500_ws/src/install/neo_teleop2/lib/neo_teleop2/neo_teleop2_node
[8.147s] -- Set runtime path of "/home/charbel/mpo500_ws/src/install/neo_teleop2/lib/neo_teleop2/neo_teleop2_node" to ""
[8.147s] -- Installing: /home/charbel/mpo500_ws/src/install/neo_teleop2/share/neo_teleop2/launch
[8.147s] -- Installing: /home/charbel/mpo500_ws/src/install/neo_teleop2/share/neo_teleop2/launch/teleop.launch.py
[8.147s] -- Installing: /home/charbel/mpo500_ws/src/install/neo_teleop2/share/neo_teleop2/launch/default.yaml
[8.147s] -- Installing: /home/charbel/mpo500_ws/src/install/neo_teleop2/share/ament_index/resource_index/package_run_dependencies/neo_teleop2
[8.147s] -- Installing: /home/charbel/mpo500_ws/src/install/neo_teleop2/share/ament_index/resource_index/parent_prefix_path/neo_teleop2
[8.147s] -- Installing: /home/charbel/mpo500_ws/src/install/neo_teleop2/share/neo_teleop2/environment/ament_prefix_path.sh
[8.147s] -- Installing: /home/charbel/mpo500_ws/src/install/neo_teleop2/share/neo_teleop2/environment/ament_prefix_path.dsv
[8.147s] -- Installing: /home/charbel/mpo500_ws/src/install/neo_teleop2/share/neo_teleop2/environment/path.sh
[8.147s] -- Installing: /home/charbel/mpo500_ws/src/install/neo_teleop2/share/neo_teleop2/environment/path.dsv
[8.148s] -- Installing: /home/charbel/mpo500_ws/src/install/neo_teleop2/share/neo_teleop2/local_setup.bash
[8.148s] -- Installing: /home/charbel/mpo500_ws/src/install/neo_teleop2/share/neo_teleop2/local_setup.sh
[8.148s] -- Installing: /home/charbel/mpo500_ws/src/install/neo_teleop2/share/neo_teleop2/local_setup.zsh
[8.148s] -- Installing: /home/charbel/mpo500_ws/src/install/neo_teleop2/share/neo_teleop2/local_setup.dsv
[8.148s] -- Installing: /home/charbel/mpo500_ws/src/install/neo_teleop2/share/neo_teleop2/package.dsv
[8.148s] -- Installing: /home/charbel/mpo500_ws/src/install/neo_teleop2/share/ament_index/resource_index/packages/neo_teleop2
[8.148s] -- Installing: /home/charbel/mpo500_ws/src/install/neo_teleop2/share/neo_teleop2/cmake/neo_teleop2Config.cmake
[8.148s] -- Installing: /home/charbel/mpo500_ws/src/install/neo_teleop2/share/neo_teleop2/cmake/neo_teleop2Config-version.cmake
[8.148s] -- Installing: /home/charbel/mpo500_ws/src/install/neo_teleop2/share/neo_teleop2/package.xml
[8.150s] Invoked command in '/home/charbel/mpo500_ws/src/build/neo_teleop2' returned '0': CMAKE_PREFIX_PATH=${CMAKE_PREFIX_PATH}:/opt/ros/humble /usr/bin/cmake --install /home/charbel/mpo500_ws/src/build/neo_teleop2
