[0.017s] Invoking command in '/home/charbel/mpo500_ws/build/neo_nav2_bringup': CMAKE_PREFIX_PATH=${CMAKE_PREFIX_PATH}:/opt/ros/humble /usr/bin/cmake /home/charbel/mpo500_ws/src/neo_nav2_bringup -DCMAKE_INSTALL_PREFIX=/home/charbel/mpo500_ws/install/neo_nav2_bringup
[0.098s] -- The C compiler identification is GNU 11.4.0
[0.146s] -- The CXX compiler identification is GNU 11.4.0
[0.151s] -- Detecting C compiler ABI info
[0.204s] -- Detecting C compiler ABI info - done
[0.209s] -- Check for working C compiler: /usr/bin/cc - skipped
[0.209s] -- Detecting C compile features
[0.210s] -- Detecting C compile features - done
[0.212s] -- Detecting CXX compiler ABI info
[0.267s] -- Detecting CXX compiler ABI info - done
[0.272s] -- Check for working CXX compiler: /usr/bin/c++ - skipped
[0.272s] -- Detecting CXX compile features
[0.272s] -- Detecting CXX compile features - done
[0.274s] -- Found ament_cmake: 1.3.10 (/opt/ros/humble/share/ament_cmake/cmake)
[0.381s] -- Found Python3: /usr/bin/python3 (found version "3.10.12") found components: Interpreter 
[0.449s] -- Found navigation2: 1.1.16 (/opt/ros/humble/share/navigation2/cmake)
[0.450s] -- Found nav2_map_server: 1.1.16 (/opt/ros/humble/share/nav2_map_server/cmake)
[0.488s] -- Found rosidl_generator_c: 3.1.5 (/opt/ros/humble/share/rosidl_generator_c/cmake)
[0.494s] -- Found rosidl_adapter: 3.1.5 (/opt/ros/humble/share/rosidl_adapter/cmake)
[0.503s] -- Found rosidl_generator_cpp: 3.1.5 (/opt/ros/humble/share/rosidl_generator_cpp/cmake)
[0.517s] -- Using all available rosidl_typesupport_c: rosidl_typesupport_fastrtps_c;rosidl_typesupport_introspection_c
[0.535s] -- Using all available rosidl_typesupport_cpp: rosidl_typesupport_fastrtps_cpp;rosidl_typesupport_introspection_cpp
[0.657s] -- Found rmw_implementation_cmake: 6.1.2 (/opt/ros/humble/share/rmw_implementation_cmake/cmake)
[0.659s] -- Found rmw_fastrtps_cpp: 6.2.7 (/opt/ros/humble/share/rmw_fastrtps_cpp/cmake)
[0.717s] -- Found OpenSSL: /usr/lib/x86_64-linux-gnu/libcrypto.so (found version "3.0.2")  
[0.739s] -- Found FastRTPS: /opt/ros/humble/include  
[0.768s] -- Using RMW implementation 'rmw_fastrtps_cpp' as default
[0.773s] -- Looking for pthread.h
[0.835s] -- Looking for pthread.h - found
[0.835s] -- Performing Test CMAKE_HAVE_LIBC_PTHREAD
[0.886s] -- Performing Test CMAKE_HAVE_LIBC_PTHREAD - Success
[0.887s] -- Found Threads: TRUE  
[0.950s] -- Found eigen3_cmake_module: 0.1.1 (/opt/ros/humble/share/eigen3_cmake_module/cmake)
[0.951s] -- Found Eigen3: TRUE (found version "3.4.0") 
[0.951s] -- Ensuring Eigen3 include directory is part of orocos-kdl CMake target
[0.995s] -- Found nav2_amcl: 1.1.16 (/opt/ros/humble/share/nav2_amcl/cmake)
[1.032s] -- Found nav2_controller: 1.1.16 (/opt/ros/humble/share/nav2_controller/cmake)
[1.123s] -- Found nav2_planner: 1.1.16 (/opt/ros/humble/share/nav2_planner/cmake)
[1.141s] -- Found nav2_behaviors: 1.1.16 (/opt/ros/humble/share/nav2_behaviors/cmake)
[1.174s] -- Found nav2_bt_navigator: 1.1.16 (/opt/ros/humble/share/nav2_bt_navigator/cmake)
[1.192s] -- Found nav2_waypoint_follower: 1.1.16 (/opt/ros/humble/share/nav2_waypoint_follower/cmake)
[1.213s] -- Found nav2_lifecycle_manager: 1.1.16 (/opt/ros/humble/share/nav2_lifecycle_manager/cmake)
[1.292s] -- Configuring done
[1.295s] -- Generating done
[1.297s] -- Build files have been written to: /home/charbel/mpo500_ws/build/neo_nav2_bringup
[1.305s] Invoked command in '/home/charbel/mpo500_ws/build/neo_nav2_bringup' returned '0': CMAKE_PREFIX_PATH=${CMAKE_PREFIX_PATH}:/opt/ros/humble /usr/bin/cmake /home/charbel/mpo500_ws/src/neo_nav2_bringup -DCMAKE_INSTALL_PREFIX=/home/charbel/mpo500_ws/install/neo_nav2_bringup
[1.307s] Invoking command in '/home/charbel/mpo500_ws/build/neo_nav2_bringup': CMAKE_PREFIX_PATH=${CMAKE_PREFIX_PATH}:/opt/ros/humble /usr/bin/cmake --build /home/charbel/mpo500_ws/build/neo_nav2_bringup -- -j16 -l16
[1.349s] Invoked command in '/home/charbel/mpo500_ws/build/neo_nav2_bringup' returned '0': CMAKE_PREFIX_PATH=${CMAKE_PREFIX_PATH}:/opt/ros/humble /usr/bin/cmake --build /home/charbel/mpo500_ws/build/neo_nav2_bringup -- -j16 -l16
[1.370s] Invoking command in '/home/charbel/mpo500_ws/build/neo_nav2_bringup': CMAKE_PREFIX_PATH=${CMAKE_PREFIX_PATH}:/opt/ros/humble /usr/bin/cmake --install /home/charbel/mpo500_ws/build/neo_nav2_bringup
[1.375s] -- Install configuration: ""
[1.375s] -- Installing: /home/charbel/mpo500_ws/install/neo_nav2_bringup/share/neo_nav2_bringup/launch
[1.375s] -- Installing: /home/charbel/mpo500_ws/install/neo_nav2_bringup/share/neo_nav2_bringup/launch/mapping.launch.py
[1.375s] -- Installing: /home/charbel/mpo500_ws/install/neo_nav2_bringup/share/neo_nav2_bringup/launch/localization_neo.launch.py
[1.375s] -- Installing: /home/charbel/mpo500_ws/install/neo_nav2_bringup/share/neo_nav2_bringup/launch/rviz_launch.py
[1.376s] -- Installing: /home/charbel/mpo500_ws/install/neo_nav2_bringup/share/neo_nav2_bringup/launch/navigation_neo.launch.py
[1.376s] -- Installing: /home/charbel/mpo500_ws/install/neo_nav2_bringup/share/neo_nav2_bringup/launch/localization_amcl.launch.py
[1.376s] -- Installing: /home/charbel/mpo500_ws/install/neo_nav2_bringup/share/neo_nav2_bringup/config
[1.376s] -- Installing: /home/charbel/mpo500_ws/install/neo_nav2_bringup/share/neo_nav2_bringup/config/mapping.yaml
[1.376s] -- Installing: /home/charbel/mpo500_ws/install/neo_nav2_bringup/share/neo_nav2_bringup/config/navigation.yaml
[1.376s] -- Installing: /home/charbel/mpo500_ws/install/neo_nav2_bringup/share/neo_nav2_bringup/rviz
[1.376s] -- Installing: /home/charbel/mpo500_ws/install/neo_nav2_bringup/share/neo_nav2_bringup/rviz/single_robot.rviz
[1.376s] -- Installing: /home/charbel/mpo500_ws/install/neo_nav2_bringup/share/neo_nav2_bringup/rviz/multi_robot.rviz
[1.376s] -- Installing: /home/charbel/mpo500_ws/install/neo_nav2_bringup/share/ament_index/resource_index/package_run_dependencies/neo_nav2_bringup
[1.376s] -- Installing: /home/charbel/mpo500_ws/install/neo_nav2_bringup/share/ament_index/resource_index/parent_prefix_path/neo_nav2_bringup
[1.377s] -- Installing: /home/charbel/mpo500_ws/install/neo_nav2_bringup/share/neo_nav2_bringup/environment/ament_prefix_path.sh
[1.377s] -- Installing: /home/charbel/mpo500_ws/install/neo_nav2_bringup/share/neo_nav2_bringup/environment/ament_prefix_path.dsv
[1.377s] -- Installing: /home/charbel/mpo500_ws/install/neo_nav2_bringup/share/neo_nav2_bringup/environment/path.sh
[1.377s] -- Installing: /home/charbel/mpo500_ws/install/neo_nav2_bringup/share/neo_nav2_bringup/environment/path.dsv
[1.377s] -- Installing: /home/charbel/mpo500_ws/install/neo_nav2_bringup/share/neo_nav2_bringup/local_setup.bash
[1.377s] -- Installing: /home/charbel/mpo500_ws/install/neo_nav2_bringup/share/neo_nav2_bringup/local_setup.sh
[1.377s] -- Installing: /home/charbel/mpo500_ws/install/neo_nav2_bringup/share/neo_nav2_bringup/local_setup.zsh
[1.377s] -- Installing: /home/charbel/mpo500_ws/install/neo_nav2_bringup/share/neo_nav2_bringup/local_setup.dsv
[1.377s] -- Installing: /home/charbel/mpo500_ws/install/neo_nav2_bringup/share/neo_nav2_bringup/package.dsv
[1.378s] -- Installing: /home/charbel/mpo500_ws/install/neo_nav2_bringup/share/ament_index/resource_index/packages/neo_nav2_bringup
[1.378s] -- Installing: /home/charbel/mpo500_ws/install/neo_nav2_bringup/share/neo_nav2_bringup/cmake/neo_nav2_bringupConfig.cmake
[1.378s] -- Installing: /home/charbel/mpo500_ws/install/neo_nav2_bringup/share/neo_nav2_bringup/cmake/neo_nav2_bringupConfig-version.cmake
[1.378s] -- Installing: /home/charbel/mpo500_ws/install/neo_nav2_bringup/share/neo_nav2_bringup/package.xml
[1.379s] Invoked command in '/home/charbel/mpo500_ws/build/neo_nav2_bringup' returned '0': CMAKE_PREFIX_PATH=${CMAKE_PREFIX_PATH}:/opt/ros/humble /usr/bin/cmake --install /home/charbel/mpo500_ws/build/neo_nav2_bringup
