[0.022s] Invoking command in '/home/charbel/mpo500_ws/build/neo_common2': CMAKE_PREFIX_PATH=${CMAKE_PREFIX_PATH}:/opt/ros/humble /usr/bin/cmake --build /home/charbel/mpo500_ws/build/neo_common2 -- -j16 -l16
[0.043s] Invoked command in '/home/charbel/mpo500_ws/build/neo_common2' returned '0': CMAKE_PREFIX_PATH=${CMAKE_PREFIX_PATH}:/opt/ros/humble /usr/bin/cmake --build /home/charbel/mpo500_ws/build/neo_common2 -- -j16 -l16
[0.062s] Invoking command in '/home/charbel/mpo500_ws/build/neo_common2': CMAKE_PREFIX_PATH=${CMAKE_PREFIX_PATH}:/opt/ros/humble /usr/bin/cmake --install /home/charbel/mpo500_ws/build/neo_common2
[0.071s] -- Install configuration: ""
[0.071s] -- Up-to-date: /home/charbel/mpo500_ws/install/neo_common2/include
[0.071s] -- Up-to-date: /home/charbel/mpo500_ws/install/neo_common2/include/neo_common2
[0.072s] -- Up-to-date: /home/charbel/mpo500_ws/install/neo_common2/include/neo_common2/MatrixX.h
[0.072s] -- Up-to-date: /home/charbel/mpo500_ws/install/neo_common2/include/neo_common2/Matrix.h
[0.073s] -- Up-to-date: /home/charbel/mpo500_ws/install/neo_common2/share/ament_index/resource_index/package_run_dependencies/neo_common2
[0.073s] -- Up-to-date: /home/charbel/mpo500_ws/install/neo_common2/share/ament_index/resource_index/parent_prefix_path/neo_common2
[0.073s] -- Up-to-date: /home/charbel/mpo500_ws/install/neo_common2/share/neo_common2/environment/ament_prefix_path.sh
[0.073s] -- Up-to-date: /home/charbel/mpo500_ws/install/neo_common2/share/neo_common2/environment/ament_prefix_path.dsv
[0.073s] -- Up-to-date: /home/charbel/mpo500_ws/install/neo_common2/share/neo_common2/environment/path.sh
[0.073s] -- Up-to-date: /home/charbel/mpo500_ws/install/neo_common2/share/neo_common2/environment/path.dsv
[0.073s] -- Up-to-date: /home/charbel/mpo500_ws/install/neo_common2/share/neo_common2/local_setup.bash
[0.073s] -- Up-to-date: /home/charbel/mpo500_ws/install/neo_common2/share/neo_common2/local_setup.sh
[0.073s] -- Up-to-date: /home/charbel/mpo500_ws/install/neo_common2/share/neo_common2/local_setup.zsh
[0.073s] -- Up-to-date: /home/charbel/mpo500_ws/install/neo_common2/share/neo_common2/local_setup.dsv
[0.074s] -- Installing: /home/charbel/mpo500_ws/install/neo_common2/share/neo_common2/package.dsv
[0.074s] -- Up-to-date: /home/charbel/mpo500_ws/install/neo_common2/share/ament_index/resource_index/packages/neo_common2
[0.074s] -- Up-to-date: /home/charbel/mpo500_ws/install/neo_common2/share/neo_common2/cmake/ament_cmake_export_include_directories-extras.cmake
[0.074s] -- Up-to-date: /home/charbel/mpo500_ws/install/neo_common2/share/neo_common2/cmake/neo_common2Config.cmake
[0.074s] -- Up-to-date: /home/charbel/mpo500_ws/install/neo_common2/share/neo_common2/cmake/neo_common2Config-version.cmake
[0.074s] -- Up-to-date: /home/charbel/mpo500_ws/install/neo_common2/share/neo_common2/package.xml
[0.075s] Invoked command in '/home/charbel/mpo500_ws/build/neo_common2' returned '0': CMAKE_PREFIX_PATH=${CMAKE_PREFIX_PATH}:/opt/ros/humble /usr/bin/cmake --install /home/charbel/mpo500_ws/build/neo_common2
