[0.029s] Invoking command in '/home/charbel/mpo500_ws/src/build/neo_msgs2': CMAKE_PREFIX_PATH=${CMAKE_PREFIX_PATH}:/opt/ros/humble /usr/bin/cmake --build /home/charbel/mpo500_ws/src/build/neo_msgs2 -- -j16 -l16
[0.103s] [35m[1mConsolidate compiler generated dependencies of target neo_msgs2__rosidl_generator_c[0m
[0.109s] [  0%] Built target neo_msgs2__cpp
[0.117s] [ 12%] Built target neo_msgs2__rosidl_generator_c
[0.119s] [ 12%] Built target ament_cmake_python_copy_neo_msgs2
[0.119s] [35m[1mConsolidate compiler generated dependencies of target neo_msgs2__rosidl_typesupport_cpp[0m
[0.120s] [35m[1mConsolidate compiler generated dependencies of target neo_msgs2__rosidl_typesupport_introspection_cpp[0m
[0.128s] [35m[1mConsolidate compiler generated dependencies of target neo_msgs2__rosidl_typesupport_fastrtps_cpp[0m
[0.133s] [35m[1mConsolidate compiler generated dependencies of target neo_msgs2__rosidl_typesupport_c[0m
[0.134s] [35m[1mConsolidate compiler generated dependencies of target neo_msgs2__rosidl_typesupport_introspection_c[0m
[0.134s] [35m[1mConsolidate compiler generated dependencies of target neo_msgs2__rosidl_typesupport_fastrtps_c[0m
[0.135s] [ 24%] Built target neo_msgs2__rosidl_typesupport_cpp
[0.139s] [ 36%] Built target neo_msgs2__rosidl_typesupport_c
[0.139s] [ 48%] Built target neo_msgs2__rosidl_typesupport_introspection_cpp
[0.139s] [ 59%] Built target neo_msgs2__rosidl_typesupport_fastrtps_cpp
[0.140s] [ 71%] Built target neo_msgs2__rosidl_typesupport_introspection_c
[0.149s] [ 83%] Built target neo_msgs2__rosidl_typesupport_fastrtps_c
[0.163s] [ 83%] Built target neo_msgs2
[0.179s] [ 84%] Built target neo_msgs2__py
[0.188s] [35m[1mConsolidate compiler generated dependencies of target neo_msgs2__rosidl_generator_py[0m
[0.209s] [ 95%] Built target neo_msgs2__rosidl_generator_py
[0.214s] [35m[1mConsolidate compiler generated dependencies of target neo_msgs2__rosidl_typesupport_introspection_c__pyext[0m
[0.215s] [35m[1mConsolidate compiler generated dependencies of target neo_msgs2__rosidl_typesupport_fastrtps_c__pyext[0m
[0.215s] [35m[1mConsolidate compiler generated dependencies of target neo_msgs2__rosidl_typesupport_c__pyext[0m
[0.224s] [ 97%] Built target neo_msgs2__rosidl_typesupport_fastrtps_c__pyext
[0.227s] [ 99%] Built target neo_msgs2__rosidl_typesupport_introspection_c__pyext
[0.230s] [100%] Built target neo_msgs2__rosidl_typesupport_c__pyext
[0.283s] running egg_info
[0.283s] writing neo_msgs2.egg-info/PKG-INFO
[0.283s] writing dependency_links to neo_msgs2.egg-info/dependency_links.txt
[0.283s] writing top-level names to neo_msgs2.egg-info/top_level.txt
[0.285s] reading manifest file 'neo_msgs2.egg-info/SOURCES.txt'
[0.285s] writing manifest file 'neo_msgs2.egg-info/SOURCES.txt'
[0.306s] [100%] Built target ament_cmake_python_build_neo_msgs2_egg
[0.316s] Invoked command in '/home/charbel/mpo500_ws/src/build/neo_msgs2' returned '0': CMAKE_PREFIX_PATH=${CMAKE_PREFIX_PATH}:/opt/ros/humble /usr/bin/cmake --build /home/charbel/mpo500_ws/src/build/neo_msgs2 -- -j16 -l16
[0.551s] Invoking command in '/home/charbel/mpo500_ws/src/build/neo_msgs2': CMAKE_PREFIX_PATH=${CMAKE_PREFIX_PATH}:/opt/ros/humble /usr/bin/cmake --install /home/charbel/mpo500_ws/src/build/neo_msgs2
[0.558s] -- Install configuration: ""
[0.558s] -- Up-to-date: /home/charbel/mpo500_ws/src/install/neo_msgs2/share/ament_index/resource_index/rosidl_interfaces/neo_msgs2
[0.558s] -- Up-to-date: /home/charbel/mpo500_ws/src/install/neo_msgs2/include/neo_msgs2/neo_msgs2
[0.558s] -- Up-to-date: /home/charbel/mpo500_ws/src/install/neo_msgs2/include/neo_msgs2/neo_msgs2/msg
[0.558s] -- Up-to-date: /home/charbel/mpo500_ws/src/install/neo_msgs2/include/neo_msgs2/neo_msgs2/msg/lcd_output.h
[0.558s] -- Up-to-date: /home/charbel/mpo500_ws/src/install/neo_msgs2/include/neo_msgs2/neo_msgs2/msg/safety_mode.h
[0.558s] -- Up-to-date: /home/charbel/mpo500_ws/src/install/neo_msgs2/include/neo_msgs2/neo_msgs2/msg/relay_board_v2.h
[0.558s] -- Up-to-date: /home/charbel/mpo500_ws/src/install/neo_msgs2/include/neo_msgs2/neo_msgs2/msg/detail
[0.558s] -- Up-to-date: /home/charbel/mpo500_ws/src/install/neo_msgs2/include/neo_msgs2/neo_msgs2/msg/detail/relay_board_v2__functions.c
[0.558s] -- Up-to-date: /home/charbel/mpo500_ws/src/install/neo_msgs2/include/neo_msgs2/neo_msgs2/msg/detail/us_board__struct.h
[0.558s] -- Up-to-date: /home/charbel/mpo500_ws/src/install/neo_msgs2/include/neo_msgs2/neo_msgs2/msg/detail/safety_state__struct.h
[0.558s] -- Up-to-date: /home/charbel/mpo500_ws/src/install/neo_msgs2/include/neo_msgs2/neo_msgs2/msg/detail/relay_board_v3__functions.c
[0.558s] -- Up-to-date: /home/charbel/mpo500_ws/src/install/neo_msgs2/include/neo_msgs2/neo_msgs2/msg/detail/keypad__functions.h
[0.558s] -- Up-to-date: /home/charbel/mpo500_ws/src/install/neo_msgs2/include/neo_msgs2/neo_msgs2/msg/detail/us_board__functions.c
[0.559s] -- Up-to-date: /home/charbel/mpo500_ws/src/install/neo_msgs2/include/neo_msgs2/neo_msgs2/msg/detail/relay_board_v3__type_support.h
[0.559s] -- Up-to-date: /home/charbel/mpo500_ws/src/install/neo_msgs2/include/neo_msgs2/neo_msgs2/msg/detail/us_board_v2__type_support.h
[0.559s] -- Up-to-date: /home/charbel/mpo500_ws/src/install/neo_msgs2/include/neo_msgs2/neo_msgs2/msg/detail/io_board__struct.h
[0.559s] -- Up-to-date: /home/charbel/mpo500_ws/src/install/neo_msgs2/include/neo_msgs2/neo_msgs2/msg/detail/kinematics_state__struct.h
[0.559s] -- Up-to-date: /home/charbel/mpo500_ws/src/install/neo_msgs2/include/neo_msgs2/neo_msgs2/msg/detail/us_board_v2__functions.h
[0.559s] -- Up-to-date: /home/charbel/mpo500_ws/src/install/neo_msgs2/include/neo_msgs2/neo_msgs2/msg/detail/emergency_stop_state__type_support.h
[0.559s] -- Up-to-date: /home/charbel/mpo500_ws/src/install/neo_msgs2/include/neo_msgs2/neo_msgs2/msg/detail/us_board__functions.h
[0.559s] -- Up-to-date: /home/charbel/mpo500_ws/src/install/neo_msgs2/include/neo_msgs2/neo_msgs2/msg/detail/safety_state__functions.h
[0.559s] -- Up-to-date: /home/charbel/mpo500_ws/src/install/neo_msgs2/include/neo_msgs2/neo_msgs2/msg/detail/kinematics_state__functions.c
[0.559s] -- Up-to-date: /home/charbel/mpo500_ws/src/install/neo_msgs2/include/neo_msgs2/neo_msgs2/msg/detail/us_board_v2__functions.c
[0.559s] -- Up-to-date: /home/charbel/mpo500_ws/src/install/neo_msgs2/include/neo_msgs2/neo_msgs2/msg/detail/io_board__functions.c
[0.559s] -- Up-to-date: /home/charbel/mpo500_ws/src/install/neo_msgs2/include/neo_msgs2/neo_msgs2/msg/detail/lcd_output__type_support.h
[0.559s] -- Up-to-date: /home/charbel/mpo500_ws/src/install/neo_msgs2/include/neo_msgs2/neo_msgs2/msg/detail/relay_board_v2__functions.h
[0.559s] -- Up-to-date: /home/charbel/mpo500_ws/src/install/neo_msgs2/include/neo_msgs2/neo_msgs2/msg/detail/emergency_stop_state__functions.c
[0.559s] -- Up-to-date: /home/charbel/mpo500_ws/src/install/neo_msgs2/include/neo_msgs2/neo_msgs2/msg/detail/safety_mode__struct.h
[0.559s] -- Up-to-date: /home/charbel/mpo500_ws/src/install/neo_msgs2/include/neo_msgs2/neo_msgs2/msg/detail/kinematics_state__functions.h
[0.559s] -- Up-to-date: /home/charbel/mpo500_ws/src/install/neo_msgs2/include/neo_msgs2/neo_msgs2/msg/detail/safety_mode__functions.c
[0.559s] -- Up-to-date: /home/charbel/mpo500_ws/src/install/neo_msgs2/include/neo_msgs2/neo_msgs2/msg/detail/io_board__functions.h
[0.559s] -- Up-to-date: /home/charbel/mpo500_ws/src/install/neo_msgs2/include/neo_msgs2/neo_msgs2/msg/detail/emergency_stop_state__struct.h
[0.559s] -- Up-to-date: /home/charbel/mpo500_ws/src/install/neo_msgs2/include/neo_msgs2/neo_msgs2/msg/detail/safety_state__type_support.h
[0.559s] -- Up-to-date: /home/charbel/mpo500_ws/src/install/neo_msgs2/include/neo_msgs2/neo_msgs2/msg/detail/io_board__type_support.h
[0.559s] -- Up-to-date: /home/charbel/mpo500_ws/src/install/neo_msgs2/include/neo_msgs2/neo_msgs2/msg/detail/us_board__type_support.h
[0.559s] -- Up-to-date: /home/charbel/mpo500_ws/src/install/neo_msgs2/include/neo_msgs2/neo_msgs2/msg/detail/lcd_output__functions.c
[0.559s] -- Up-to-date: /home/charbel/mpo500_ws/src/install/neo_msgs2/include/neo_msgs2/neo_msgs2/msg/detail/keypad__functions.c
[0.559s] -- Up-to-date: /home/charbel/mpo500_ws/src/install/neo_msgs2/include/neo_msgs2/neo_msgs2/msg/detail/relay_board_v2__struct.h
[0.560s] -- Up-to-date: /home/charbel/mpo500_ws/src/install/neo_msgs2/include/neo_msgs2/neo_msgs2/msg/detail/safety_mode__type_support.h
[0.560s] -- Up-to-date: /home/charbel/mpo500_ws/src/install/neo_msgs2/include/neo_msgs2/neo_msgs2/msg/detail/keypad__struct.h
[0.560s] -- Up-to-date: /home/charbel/mpo500_ws/src/install/neo_msgs2/include/neo_msgs2/neo_msgs2/msg/detail/lcd_output__functions.h
[0.560s] -- Up-to-date: /home/charbel/mpo500_ws/src/install/neo_msgs2/include/neo_msgs2/neo_msgs2/msg/detail/keypad__type_support.h
[0.560s] -- Up-to-date: /home/charbel/mpo500_ws/src/install/neo_msgs2/include/neo_msgs2/neo_msgs2/msg/detail/safety_state__functions.c
[0.560s] -- Up-to-date: /home/charbel/mpo500_ws/src/install/neo_msgs2/include/neo_msgs2/neo_msgs2/msg/detail/lcd_output__struct.h
[0.560s] -- Up-to-date: /home/charbel/mpo500_ws/src/install/neo_msgs2/include/neo_msgs2/neo_msgs2/msg/detail/safety_mode__functions.h
[0.560s] -- Up-to-date: /home/charbel/mpo500_ws/src/install/neo_msgs2/include/neo_msgs2/neo_msgs2/msg/detail/emergency_stop_state__functions.h
[0.560s] -- Up-to-date: /home/charbel/mpo500_ws/src/install/neo_msgs2/include/neo_msgs2/neo_msgs2/msg/detail/us_board_v2__struct.h
[0.560s] -- Up-to-date: /home/charbel/mpo500_ws/src/install/neo_msgs2/include/neo_msgs2/neo_msgs2/msg/detail/kinematics_state__type_support.h
[0.560s] -- Up-to-date: /home/charbel/mpo500_ws/src/install/neo_msgs2/include/neo_msgs2/neo_msgs2/msg/detail/relay_board_v2__type_support.h
[0.560s] -- Up-to-date: /home/charbel/mpo500_ws/src/install/neo_msgs2/include/neo_msgs2/neo_msgs2/msg/detail/relay_board_v3__functions.h
[0.560s] -- Up-to-date: /home/charbel/mpo500_ws/src/install/neo_msgs2/include/neo_msgs2/neo_msgs2/msg/detail/relay_board_v3__struct.h
[0.560s] -- Up-to-date: /home/charbel/mpo500_ws/src/install/neo_msgs2/include/neo_msgs2/neo_msgs2/msg/us_board_v2.h
[0.560s] -- Up-to-date: /home/charbel/mpo500_ws/src/install/neo_msgs2/include/neo_msgs2/neo_msgs2/msg/io_board.h
[0.560s] -- Up-to-date: /home/charbel/mpo500_ws/src/install/neo_msgs2/include/neo_msgs2/neo_msgs2/msg/keypad.h
[0.560s] -- Up-to-date: /home/charbel/mpo500_ws/src/install/neo_msgs2/include/neo_msgs2/neo_msgs2/msg/us_board.h
[0.560s] -- Up-to-date: /home/charbel/mpo500_ws/src/install/neo_msgs2/include/neo_msgs2/neo_msgs2/msg/safety_state.h
[0.560s] -- Up-to-date: /home/charbel/mpo500_ws/src/install/neo_msgs2/include/neo_msgs2/neo_msgs2/msg/relay_board_v3.h
[0.560s] -- Up-to-date: /home/charbel/mpo500_ws/src/install/neo_msgs2/include/neo_msgs2/neo_msgs2/msg/kinematics_state.h
[0.560s] -- Up-to-date: /home/charbel/mpo500_ws/src/install/neo_msgs2/include/neo_msgs2/neo_msgs2/msg/rosidl_generator_c__visibility_control.h
[0.560s] -- Up-to-date: /home/charbel/mpo500_ws/src/install/neo_msgs2/include/neo_msgs2/neo_msgs2/msg/emergency_stop_state.h
[0.560s] -- Up-to-date: /home/charbel/mpo500_ws/src/install/neo_msgs2/share/neo_msgs2/environment/library_path.sh
[0.561s] -- Up-to-date: /home/charbel/mpo500_ws/src/install/neo_msgs2/share/neo_msgs2/environment/library_path.dsv
[0.561s] -- Up-to-date: /home/charbel/mpo500_ws/src/install/neo_msgs2/lib/libneo_msgs2__rosidl_generator_c.so
[0.561s] -- Up-to-date: /home/charbel/mpo500_ws/src/install/neo_msgs2/include/neo_msgs2/neo_msgs2
[0.561s] -- Up-to-date: /home/charbel/mpo500_ws/src/install/neo_msgs2/include/neo_msgs2/neo_msgs2/msg
[0.561s] -- Up-to-date: /home/charbel/mpo500_ws/src/install/neo_msgs2/include/neo_msgs2/neo_msgs2/msg/detail
[0.561s] -- Up-to-date: /home/charbel/mpo500_ws/src/install/neo_msgs2/include/neo_msgs2/neo_msgs2/msg/detail/lcd_output__rosidl_typesupport_fastrtps_c.h
[0.561s] -- Up-to-date: /home/charbel/mpo500_ws/src/install/neo_msgs2/include/neo_msgs2/neo_msgs2/msg/detail/emergency_stop_state__rosidl_typesupport_fastrtps_c.h
[0.561s] -- Up-to-date: /home/charbel/mpo500_ws/src/install/neo_msgs2/include/neo_msgs2/neo_msgs2/msg/detail/relay_board_v3__rosidl_typesupport_fastrtps_c.h
[0.561s] -- Up-to-date: /home/charbel/mpo500_ws/src/install/neo_msgs2/include/neo_msgs2/neo_msgs2/msg/detail/us_board__rosidl_typesupport_fastrtps_c.h
[0.561s] -- Up-to-date: /home/charbel/mpo500_ws/src/install/neo_msgs2/include/neo_msgs2/neo_msgs2/msg/detail/relay_board_v2__rosidl_typesupport_fastrtps_c.h
[0.561s] -- Up-to-date: /home/charbel/mpo500_ws/src/install/neo_msgs2/include/neo_msgs2/neo_msgs2/msg/detail/keypad__rosidl_typesupport_fastrtps_c.h
[0.561s] -- Up-to-date: /home/charbel/mpo500_ws/src/install/neo_msgs2/include/neo_msgs2/neo_msgs2/msg/detail/io_board__rosidl_typesupport_fastrtps_c.h
[0.561s] -- Up-to-date: /home/charbel/mpo500_ws/src/install/neo_msgs2/include/neo_msgs2/neo_msgs2/msg/detail/kinematics_state__rosidl_typesupport_fastrtps_c.h
[0.561s] -- Up-to-date: /home/charbel/mpo500_ws/src/install/neo_msgs2/include/neo_msgs2/neo_msgs2/msg/detail/safety_state__rosidl_typesupport_fastrtps_c.h
[0.561s] -- Up-to-date: /home/charbel/mpo500_ws/src/install/neo_msgs2/include/neo_msgs2/neo_msgs2/msg/detail/safety_mode__rosidl_typesupport_fastrtps_c.h
[0.561s] -- Up-to-date: /home/charbel/mpo500_ws/src/install/neo_msgs2/include/neo_msgs2/neo_msgs2/msg/detail/us_board_v2__rosidl_typesupport_fastrtps_c.h
[0.561s] -- Up-to-date: /home/charbel/mpo500_ws/src/install/neo_msgs2/include/neo_msgs2/neo_msgs2/msg/rosidl_typesupport_fastrtps_c__visibility_control.h
[0.561s] -- Up-to-date: /home/charbel/mpo500_ws/src/install/neo_msgs2/lib/libneo_msgs2__rosidl_typesupport_fastrtps_c.so
[0.561s] -- Up-to-date: /home/charbel/mpo500_ws/src/install/neo_msgs2/include/neo_msgs2/neo_msgs2
[0.561s] -- Up-to-date: /home/charbel/mpo500_ws/src/install/neo_msgs2/include/neo_msgs2/neo_msgs2/msg
[0.561s] -- Up-to-date: /home/charbel/mpo500_ws/src/install/neo_msgs2/include/neo_msgs2/neo_msgs2/msg/safety_state.hpp
[0.561s] -- Up-to-date: /home/charbel/mpo500_ws/src/install/neo_msgs2/include/neo_msgs2/neo_msgs2/msg/keypad.hpp
[0.561s] -- Up-to-date: /home/charbel/mpo500_ws/src/install/neo_msgs2/include/neo_msgs2/neo_msgs2/msg/lcd_output.hpp
[0.562s] -- Up-to-date: /home/charbel/mpo500_ws/src/install/neo_msgs2/include/neo_msgs2/neo_msgs2/msg/relay_board_v3.hpp
[0.562s] -- Up-to-date: /home/charbel/mpo500_ws/src/install/neo_msgs2/include/neo_msgs2/neo_msgs2/msg/emergency_stop_state.hpp
[0.562s] -- Up-to-date: /home/charbel/mpo500_ws/src/install/neo_msgs2/include/neo_msgs2/neo_msgs2/msg/io_board.hpp
[0.562s] -- Up-to-date: /home/charbel/mpo500_ws/src/install/neo_msgs2/include/neo_msgs2/neo_msgs2/msg/detail
[0.562s] -- Up-to-date: /home/charbel/mpo500_ws/src/install/neo_msgs2/include/neo_msgs2/neo_msgs2/msg/detail/lcd_output__struct.hpp
[0.562s] -- Up-to-date: /home/charbel/mpo500_ws/src/install/neo_msgs2/include/neo_msgs2/neo_msgs2/msg/detail/relay_board_v3__builder.hpp
[0.562s] -- Up-to-date: /home/charbel/mpo500_ws/src/install/neo_msgs2/include/neo_msgs2/neo_msgs2/msg/detail/lcd_output__builder.hpp
[0.562s] -- Up-to-date: /home/charbel/mpo500_ws/src/install/neo_msgs2/include/neo_msgs2/neo_msgs2/msg/detail/relay_board_v2__struct.hpp
[0.562s] -- Up-to-date: /home/charbel/mpo500_ws/src/install/neo_msgs2/include/neo_msgs2/neo_msgs2/msg/detail/safety_mode__traits.hpp
[0.562s] -- Up-to-date: /home/charbel/mpo500_ws/src/install/neo_msgs2/include/neo_msgs2/neo_msgs2/msg/detail/us_board_v2__builder.hpp
[0.562s] -- Up-to-date: /home/charbel/mpo500_ws/src/install/neo_msgs2/include/neo_msgs2/neo_msgs2/msg/detail/relay_board_v3__traits.hpp
[0.562s] -- Up-to-date: /home/charbel/mpo500_ws/src/install/neo_msgs2/include/neo_msgs2/neo_msgs2/msg/detail/keypad__builder.hpp
[0.562s] -- Up-to-date: /home/charbel/mpo500_ws/src/install/neo_msgs2/include/neo_msgs2/neo_msgs2/msg/detail/us_board_v2__traits.hpp
[0.562s] -- Up-to-date: /home/charbel/mpo500_ws/src/install/neo_msgs2/include/neo_msgs2/neo_msgs2/msg/detail/io_board__traits.hpp
[0.562s] -- Up-to-date: /home/charbel/mpo500_ws/src/install/neo_msgs2/include/neo_msgs2/neo_msgs2/msg/detail/keypad__traits.hpp
[0.562s] -- Up-to-date: /home/charbel/mpo500_ws/src/install/neo_msgs2/include/neo_msgs2/neo_msgs2/msg/detail/us_board__traits.hpp
[0.562s] -- Up-to-date: /home/charbel/mpo500_ws/src/install/neo_msgs2/include/neo_msgs2/neo_msgs2/msg/detail/emergency_stop_state__struct.hpp
[0.562s] -- Up-to-date: /home/charbel/mpo500_ws/src/install/neo_msgs2/include/neo_msgs2/neo_msgs2/msg/detail/relay_board_v3__struct.hpp
[0.562s] -- Up-to-date: /home/charbel/mpo500_ws/src/install/neo_msgs2/include/neo_msgs2/neo_msgs2/msg/detail/us_board__struct.hpp
[0.562s] -- Up-to-date: /home/charbel/mpo500_ws/src/install/neo_msgs2/include/neo_msgs2/neo_msgs2/msg/detail/us_board_v2__struct.hpp
[0.562s] -- Up-to-date: /home/charbel/mpo500_ws/src/install/neo_msgs2/include/neo_msgs2/neo_msgs2/msg/detail/safety_mode__struct.hpp
[0.562s] -- Up-to-date: /home/charbel/mpo500_ws/src/install/neo_msgs2/include/neo_msgs2/neo_msgs2/msg/detail/kinematics_state__traits.hpp
[0.562s] -- Up-to-date: /home/charbel/mpo500_ws/src/install/neo_msgs2/include/neo_msgs2/neo_msgs2/msg/detail/relay_board_v2__builder.hpp
[0.562s] -- Up-to-date: /home/charbel/mpo500_ws/src/install/neo_msgs2/include/neo_msgs2/neo_msgs2/msg/detail/relay_board_v2__traits.hpp
[0.562s] -- Up-to-date: /home/charbel/mpo500_ws/src/install/neo_msgs2/include/neo_msgs2/neo_msgs2/msg/detail/safety_state__struct.hpp
[0.562s] -- Up-to-date: /home/charbel/mpo500_ws/src/install/neo_msgs2/include/neo_msgs2/neo_msgs2/msg/detail/safety_mode__builder.hpp
[0.563s] -- Up-to-date: /home/charbel/mpo500_ws/src/install/neo_msgs2/include/neo_msgs2/neo_msgs2/msg/detail/io_board__struct.hpp
[0.563s] -- Up-to-date: /home/charbel/mpo500_ws/src/install/neo_msgs2/include/neo_msgs2/neo_msgs2/msg/detail/lcd_output__traits.hpp
[0.563s] -- Up-to-date: /home/charbel/mpo500_ws/src/install/neo_msgs2/include/neo_msgs2/neo_msgs2/msg/detail/us_board__builder.hpp
[0.563s] -- Up-to-date: /home/charbel/mpo500_ws/src/install/neo_msgs2/include/neo_msgs2/neo_msgs2/msg/detail/io_board__builder.hpp
[0.563s] -- Up-to-date: /home/charbel/mpo500_ws/src/install/neo_msgs2/include/neo_msgs2/neo_msgs2/msg/detail/keypad__struct.hpp
[0.563s] -- Up-to-date: /home/charbel/mpo500_ws/src/install/neo_msgs2/include/neo_msgs2/neo_msgs2/msg/detail/emergency_stop_state__traits.hpp
[0.563s] -- Up-to-date: /home/charbel/mpo500_ws/src/install/neo_msgs2/include/neo_msgs2/neo_msgs2/msg/detail/safety_state__traits.hpp
[0.563s] -- Up-to-date: /home/charbel/mpo500_ws/src/install/neo_msgs2/include/neo_msgs2/neo_msgs2/msg/detail/kinematics_state__builder.hpp
[0.563s] -- Up-to-date: /home/charbel/mpo500_ws/src/install/neo_msgs2/include/neo_msgs2/neo_msgs2/msg/detail/emergency_stop_state__builder.hpp
[0.563s] -- Up-to-date: /home/charbel/mpo500_ws/src/install/neo_msgs2/include/neo_msgs2/neo_msgs2/msg/detail/kinematics_state__struct.hpp
[0.563s] -- Up-to-date: /home/charbel/mpo500_ws/src/install/neo_msgs2/include/neo_msgs2/neo_msgs2/msg/detail/safety_state__builder.hpp
[0.563s] -- Up-to-date: /home/charbel/mpo500_ws/src/install/neo_msgs2/include/neo_msgs2/neo_msgs2/msg/relay_board_v2.hpp
[0.563s] -- Up-to-date: /home/charbel/mpo500_ws/src/install/neo_msgs2/include/neo_msgs2/neo_msgs2/msg/us_board_v2.hpp
[0.563s] -- Up-to-date: /home/charbel/mpo500_ws/src/install/neo_msgs2/include/neo_msgs2/neo_msgs2/msg/safety_mode.hpp
[0.563s] -- Up-to-date: /home/charbel/mpo500_ws/src/install/neo_msgs2/include/neo_msgs2/neo_msgs2/msg/us_board.hpp
[0.563s] -- Up-to-date: /home/charbel/mpo500_ws/src/install/neo_msgs2/include/neo_msgs2/neo_msgs2/msg/kinematics_state.hpp
[0.563s] -- Up-to-date: /home/charbel/mpo500_ws/src/install/neo_msgs2/include/neo_msgs2/neo_msgs2
[0.563s] -- Up-to-date: /home/charbel/mpo500_ws/src/install/neo_msgs2/include/neo_msgs2/neo_msgs2/msg
[0.563s] -- Up-to-date: /home/charbel/mpo500_ws/src/install/neo_msgs2/include/neo_msgs2/neo_msgs2/msg/rosidl_typesupport_fastrtps_cpp__visibility_control.h
[0.563s] -- Up-to-date: /home/charbel/mpo500_ws/src/install/neo_msgs2/include/neo_msgs2/neo_msgs2/msg/detail
[0.563s] -- Up-to-date: /home/charbel/mpo500_ws/src/install/neo_msgs2/include/neo_msgs2/neo_msgs2/msg/detail/safety_state__rosidl_typesupport_fastrtps_cpp.hpp
[0.563s] -- Up-to-date: /home/charbel/mpo500_ws/src/install/neo_msgs2/include/neo_msgs2/neo_msgs2/msg/detail/relay_board_v2__rosidl_typesupport_fastrtps_cpp.hpp
[0.563s] -- Up-to-date: /home/charbel/mpo500_ws/src/install/neo_msgs2/include/neo_msgs2/neo_msgs2/msg/detail/relay_board_v3__rosidl_typesupport_fastrtps_cpp.hpp
[0.563s] -- Up-to-date: /home/charbel/mpo500_ws/src/install/neo_msgs2/include/neo_msgs2/neo_msgs2/msg/detail/io_board__rosidl_typesupport_fastrtps_cpp.hpp
[0.563s] -- Up-to-date: /home/charbel/mpo500_ws/src/install/neo_msgs2/include/neo_msgs2/neo_msgs2/msg/detail/dds_fastrtps
[0.563s] -- Up-to-date: /home/charbel/mpo500_ws/src/install/neo_msgs2/include/neo_msgs2/neo_msgs2/msg/detail/us_board__rosidl_typesupport_fastrtps_cpp.hpp
[0.563s] -- Up-to-date: /home/charbel/mpo500_ws/src/install/neo_msgs2/include/neo_msgs2/neo_msgs2/msg/detail/keypad__rosidl_typesupport_fastrtps_cpp.hpp
[0.563s] -- Up-to-date: /home/charbel/mpo500_ws/src/install/neo_msgs2/include/neo_msgs2/neo_msgs2/msg/detail/us_board_v2__rosidl_typesupport_fastrtps_cpp.hpp
[0.563s] -- Up-to-date: /home/charbel/mpo500_ws/src/install/neo_msgs2/include/neo_msgs2/neo_msgs2/msg/detail/safety_mode__rosidl_typesupport_fastrtps_cpp.hpp
[0.563s] -- Up-to-date: /home/charbel/mpo500_ws/src/install/neo_msgs2/include/neo_msgs2/neo_msgs2/msg/detail/lcd_output__rosidl_typesupport_fastrtps_cpp.hpp
[0.564s] -- Up-to-date: /home/charbel/mpo500_ws/src/install/neo_msgs2/include/neo_msgs2/neo_msgs2/msg/detail/kinematics_state__rosidl_typesupport_fastrtps_cpp.hpp
[0.564s] -- Up-to-date: /home/charbel/mpo500_ws/src/install/neo_msgs2/include/neo_msgs2/neo_msgs2/msg/detail/emergency_stop_state__rosidl_typesupport_fastrtps_cpp.hpp
[0.564s] -- Up-to-date: /home/charbel/mpo500_ws/src/install/neo_msgs2/lib/libneo_msgs2__rosidl_typesupport_fastrtps_cpp.so
[0.564s] -- Up-to-date: /home/charbel/mpo500_ws/src/install/neo_msgs2/include/neo_msgs2/neo_msgs2
[0.564s] -- Up-to-date: /home/charbel/mpo500_ws/src/install/neo_msgs2/include/neo_msgs2/neo_msgs2/msg
[0.564s] -- Up-to-date: /home/charbel/mpo500_ws/src/install/neo_msgs2/include/neo_msgs2/neo_msgs2/msg/detail
[0.564s] -- Up-to-date: /home/charbel/mpo500_ws/src/install/neo_msgs2/include/neo_msgs2/neo_msgs2/msg/detail/safety_mode__rosidl_typesupport_introspection_c.h
[0.564s] -- Up-to-date: /home/charbel/mpo500_ws/src/install/neo_msgs2/include/neo_msgs2/neo_msgs2/msg/detail/safety_mode__type_support.c
[0.564s] -- Up-to-date: /home/charbel/mpo500_ws/src/install/neo_msgs2/include/neo_msgs2/neo_msgs2/msg/detail/emergency_stop_state__type_support.c
[0.564s] -- Up-to-date: /home/charbel/mpo500_ws/src/install/neo_msgs2/include/neo_msgs2/neo_msgs2/msg/detail/relay_board_v2__type_support.c
[0.564s] -- Up-to-date: /home/charbel/mpo500_ws/src/install/neo_msgs2/include/neo_msgs2/neo_msgs2/msg/detail/lcd_output__rosidl_typesupport_introspection_c.h
[0.564s] -- Up-to-date: /home/charbel/mpo500_ws/src/install/neo_msgs2/include/neo_msgs2/neo_msgs2/msg/detail/keypad__type_support.c
[0.564s] -- Up-to-date: /home/charbel/mpo500_ws/src/install/neo_msgs2/include/neo_msgs2/neo_msgs2/msg/detail/emergency_stop_state__rosidl_typesupport_introspection_c.h
[0.564s] -- Up-to-date: /home/charbel/mpo500_ws/src/install/neo_msgs2/include/neo_msgs2/neo_msgs2/msg/detail/us_board__rosidl_typesupport_introspection_c.h
[0.564s] -- Up-to-date: /home/charbel/mpo500_ws/src/install/neo_msgs2/include/neo_msgs2/neo_msgs2/msg/detail/kinematics_state__rosidl_typesupport_introspection_c.h
[0.564s] -- Up-to-date: /home/charbel/mpo500_ws/src/install/neo_msgs2/include/neo_msgs2/neo_msgs2/msg/detail/us_board_v2__type_support.c
[0.564s] -- Up-to-date: /home/charbel/mpo500_ws/src/install/neo_msgs2/include/neo_msgs2/neo_msgs2/msg/detail/relay_board_v3__rosidl_typesupport_introspection_c.h
[0.564s] -- Up-to-date: /home/charbel/mpo500_ws/src/install/neo_msgs2/include/neo_msgs2/neo_msgs2/msg/detail/kinematics_state__type_support.c
[0.564s] -- Up-to-date: /home/charbel/mpo500_ws/src/install/neo_msgs2/include/neo_msgs2/neo_msgs2/msg/detail/lcd_output__type_support.c
[0.564s] -- Up-to-date: /home/charbel/mpo500_ws/src/install/neo_msgs2/include/neo_msgs2/neo_msgs2/msg/detail/us_board__type_support.c
[0.564s] -- Up-to-date: /home/charbel/mpo500_ws/src/install/neo_msgs2/include/neo_msgs2/neo_msgs2/msg/detail/io_board__type_support.c
[0.564s] -- Up-to-date: /home/charbel/mpo500_ws/src/install/neo_msgs2/include/neo_msgs2/neo_msgs2/msg/detail/safety_state__type_support.c
[0.564s] -- Up-to-date: /home/charbel/mpo500_ws/src/install/neo_msgs2/include/neo_msgs2/neo_msgs2/msg/detail/safety_state__rosidl_typesupport_introspection_c.h
[0.564s] -- Up-to-date: /home/charbel/mpo500_ws/src/install/neo_msgs2/include/neo_msgs2/neo_msgs2/msg/detail/us_board_v2__rosidl_typesupport_introspection_c.h
[0.564s] -- Up-to-date: /home/charbel/mpo500_ws/src/install/neo_msgs2/include/neo_msgs2/neo_msgs2/msg/detail/keypad__rosidl_typesupport_introspection_c.h
[0.564s] -- Up-to-date: /home/charbel/mpo500_ws/src/install/neo_msgs2/include/neo_msgs2/neo_msgs2/msg/detail/io_board__rosidl_typesupport_introspection_c.h
[0.564s] -- Up-to-date: /home/charbel/mpo500_ws/src/install/neo_msgs2/include/neo_msgs2/neo_msgs2/msg/detail/relay_board_v2__rosidl_typesupport_introspection_c.h
[0.564s] -- Up-to-date: /home/charbel/mpo500_ws/src/install/neo_msgs2/include/neo_msgs2/neo_msgs2/msg/detail/relay_board_v3__type_support.c
[0.564s] -- Up-to-date: /home/charbel/mpo500_ws/src/install/neo_msgs2/include/neo_msgs2/neo_msgs2/msg/rosidl_typesupport_introspection_c__visibility_control.h
[0.564s] -- Up-to-date: /home/charbel/mpo500_ws/src/install/neo_msgs2/lib/libneo_msgs2__rosidl_typesupport_introspection_c.so
[0.564s] -- Up-to-date: /home/charbel/mpo500_ws/src/install/neo_msgs2/lib/libneo_msgs2__rosidl_typesupport_c.so
[0.565s] -- Up-to-date: /home/charbel/mpo500_ws/src/install/neo_msgs2/include/neo_msgs2/neo_msgs2
[0.565s] -- Up-to-date: /home/charbel/mpo500_ws/src/install/neo_msgs2/include/neo_msgs2/neo_msgs2/msg
[0.565s] -- Up-to-date: /home/charbel/mpo500_ws/src/install/neo_msgs2/include/neo_msgs2/neo_msgs2/msg/detail
[0.565s] -- Up-to-date: /home/charbel/mpo500_ws/src/install/neo_msgs2/include/neo_msgs2/neo_msgs2/msg/detail/relay_board_v2__rosidl_typesupport_introspection_cpp.hpp
[0.565s] -- Up-to-date: /home/charbel/mpo500_ws/src/install/neo_msgs2/include/neo_msgs2/neo_msgs2/msg/detail/lcd_output__rosidl_typesupport_introspection_cpp.hpp
[0.565s] -- Up-to-date: /home/charbel/mpo500_ws/src/install/neo_msgs2/include/neo_msgs2/neo_msgs2/msg/detail/safety_state__rosidl_typesupport_introspection_cpp.hpp
[0.565s] -- Up-to-date: /home/charbel/mpo500_ws/src/install/neo_msgs2/include/neo_msgs2/neo_msgs2/msg/detail/us_board_v2__rosidl_typesupport_introspection_cpp.hpp
[0.565s] -- Up-to-date: /home/charbel/mpo500_ws/src/install/neo_msgs2/include/neo_msgs2/neo_msgs2/msg/detail/kinematics_state__rosidl_typesupport_introspection_cpp.hpp
[0.565s] -- Up-to-date: /home/charbel/mpo500_ws/src/install/neo_msgs2/include/neo_msgs2/neo_msgs2/msg/detail/safety_mode__type_support.cpp
[0.565s] -- Up-to-date: /home/charbel/mpo500_ws/src/install/neo_msgs2/include/neo_msgs2/neo_msgs2/msg/detail/relay_board_v3__rosidl_typesupport_introspection_cpp.hpp
[0.565s] -- Up-to-date: /home/charbel/mpo500_ws/src/install/neo_msgs2/include/neo_msgs2/neo_msgs2/msg/detail/io_board__rosidl_typesupport_introspection_cpp.hpp
[0.565s] -- Up-to-date: /home/charbel/mpo500_ws/src/install/neo_msgs2/include/neo_msgs2/neo_msgs2/msg/detail/lcd_output__type_support.cpp
[0.565s] -- Up-to-date: /home/charbel/mpo500_ws/src/install/neo_msgs2/include/neo_msgs2/neo_msgs2/msg/detail/io_board__type_support.cpp
[0.565s] -- Up-to-date: /home/charbel/mpo500_ws/src/install/neo_msgs2/include/neo_msgs2/neo_msgs2/msg/detail/kinematics_state__type_support.cpp
[0.565s] -- Up-to-date: /home/charbel/mpo500_ws/src/install/neo_msgs2/include/neo_msgs2/neo_msgs2/msg/detail/emergency_stop_state__type_support.cpp
[0.565s] -- Up-to-date: /home/charbel/mpo500_ws/src/install/neo_msgs2/include/neo_msgs2/neo_msgs2/msg/detail/keypad__rosidl_typesupport_introspection_cpp.hpp
[0.565s] -- Up-to-date: /home/charbel/mpo500_ws/src/install/neo_msgs2/include/neo_msgs2/neo_msgs2/msg/detail/us_board__rosidl_typesupport_introspection_cpp.hpp
[0.565s] -- Up-to-date: /home/charbel/mpo500_ws/src/install/neo_msgs2/include/neo_msgs2/neo_msgs2/msg/detail/safety_mode__rosidl_typesupport_introspection_cpp.hpp
[0.565s] -- Up-to-date: /home/charbel/mpo500_ws/src/install/neo_msgs2/include/neo_msgs2/neo_msgs2/msg/detail/relay_board_v3__type_support.cpp
[0.565s] -- Up-to-date: /home/charbel/mpo500_ws/src/install/neo_msgs2/include/neo_msgs2/neo_msgs2/msg/detail/relay_board_v2__type_support.cpp
[0.565s] -- Up-to-date: /home/charbel/mpo500_ws/src/install/neo_msgs2/include/neo_msgs2/neo_msgs2/msg/detail/us_board_v2__type_support.cpp
[0.565s] -- Up-to-date: /home/charbel/mpo500_ws/src/install/neo_msgs2/include/neo_msgs2/neo_msgs2/msg/detail/us_board__type_support.cpp
[0.565s] -- Up-to-date: /home/charbel/mpo500_ws/src/install/neo_msgs2/include/neo_msgs2/neo_msgs2/msg/detail/emergency_stop_state__rosidl_typesupport_introspection_cpp.hpp
[0.565s] -- Up-to-date: /home/charbel/mpo500_ws/src/install/neo_msgs2/include/neo_msgs2/neo_msgs2/msg/detail/safety_state__type_support.cpp
[0.565s] -- Up-to-date: /home/charbel/mpo500_ws/src/install/neo_msgs2/include/neo_msgs2/neo_msgs2/msg/detail/keypad__type_support.cpp
[0.565s] -- Up-to-date: /home/charbel/mpo500_ws/src/install/neo_msgs2/lib/libneo_msgs2__rosidl_typesupport_introspection_cpp.so
[0.565s] -- Up-to-date: /home/charbel/mpo500_ws/src/install/neo_msgs2/lib/libneo_msgs2__rosidl_typesupport_cpp.so
[0.565s] -- Up-to-date: /home/charbel/mpo500_ws/src/install/neo_msgs2/share/neo_msgs2/environment/pythonpath.sh
[0.565s] -- Up-to-date: /home/charbel/mpo500_ws/src/install/neo_msgs2/share/neo_msgs2/environment/pythonpath.dsv
[0.565s] -- Up-to-date: /home/charbel/mpo500_ws/src/install/neo_msgs2/local/lib/python3.10/dist-packages/neo_msgs2-0.1.0-py3.10.egg-info
[0.565s] -- Installing: /home/charbel/mpo500_ws/src/install/neo_msgs2/local/lib/python3.10/dist-packages/neo_msgs2-0.1.0-py3.10.egg-info/SOURCES.txt
[0.565s] -- Installing: /home/charbel/mpo500_ws/src/install/neo_msgs2/local/lib/python3.10/dist-packages/neo_msgs2-0.1.0-py3.10.egg-info/PKG-INFO
[0.565s] -- Installing: /home/charbel/mpo500_ws/src/install/neo_msgs2/local/lib/python3.10/dist-packages/neo_msgs2-0.1.0-py3.10.egg-info/dependency_links.txt
[0.565s] -- Installing: /home/charbel/mpo500_ws/src/install/neo_msgs2/local/lib/python3.10/dist-packages/neo_msgs2-0.1.0-py3.10.egg-info/top_level.txt
[0.566s] -- Up-to-date: /home/charbel/mpo500_ws/src/install/neo_msgs2/local/lib/python3.10/dist-packages/neo_msgs2
[0.566s] -- Up-to-date: /home/charbel/mpo500_ws/src/install/neo_msgs2/local/lib/python3.10/dist-packages/neo_msgs2/neo_msgs2_s__rosidl_typesupport_introspection_c.cpython-310-x86_64-linux-gnu.so
[0.566s] -- Up-to-date: /home/charbel/mpo500_ws/src/install/neo_msgs2/local/lib/python3.10/dist-packages/neo_msgs2/_neo_msgs2_s.ep.rosidl_typesupport_introspection_c.c
[0.566s] -- Up-to-date: /home/charbel/mpo500_ws/src/install/neo_msgs2/local/lib/python3.10/dist-packages/neo_msgs2/_neo_msgs2_s.ep.rosidl_typesupport_c.c
[0.566s] -- Up-to-date: /home/charbel/mpo500_ws/src/install/neo_msgs2/local/lib/python3.10/dist-packages/neo_msgs2/neo_msgs2_s__rosidl_typesupport_fastrtps_c.cpython-310-x86_64-linux-gnu.so
[0.566s] -- Up-to-date: /home/charbel/mpo500_ws/src/install/neo_msgs2/local/lib/python3.10/dist-packages/neo_msgs2/neo_msgs2_s__rosidl_typesupport_c.cpython-310-x86_64-linux-gnu.so
[0.566s] -- Up-to-date: /home/charbel/mpo500_ws/src/install/neo_msgs2/local/lib/python3.10/dist-packages/neo_msgs2/libneo_msgs2__rosidl_generator_py.so
[0.566s] -- Up-to-date: /home/charbel/mpo500_ws/src/install/neo_msgs2/local/lib/python3.10/dist-packages/neo_msgs2/msg
[0.566s] -- Up-to-date: /home/charbel/mpo500_ws/src/install/neo_msgs2/local/lib/python3.10/dist-packages/neo_msgs2/msg/_relay_board_v3_s.c
[0.566s] -- Up-to-date: /home/charbel/mpo500_ws/src/install/neo_msgs2/local/lib/python3.10/dist-packages/neo_msgs2/msg/_us_board.py
[0.566s] -- Up-to-date: /home/charbel/mpo500_ws/src/install/neo_msgs2/local/lib/python3.10/dist-packages/neo_msgs2/msg/_us_board_s.c
[0.566s] -- Up-to-date: /home/charbel/mpo500_ws/src/install/neo_msgs2/local/lib/python3.10/dist-packages/neo_msgs2/msg/_relay_board_v2.py
[0.566s] -- Up-to-date: /home/charbel/mpo500_ws/src/install/neo_msgs2/local/lib/python3.10/dist-packages/neo_msgs2/msg/_emergency_stop_state.py
[0.566s] -- Up-to-date: /home/charbel/mpo500_ws/src/install/neo_msgs2/local/lib/python3.10/dist-packages/neo_msgs2/msg/_lcd_output_s.c
[0.566s] -- Up-to-date: /home/charbel/mpo500_ws/src/install/neo_msgs2/local/lib/python3.10/dist-packages/neo_msgs2/msg/_safety_state.py
[0.566s] -- Up-to-date: /home/charbel/mpo500_ws/src/install/neo_msgs2/local/lib/python3.10/dist-packages/neo_msgs2/msg/_kinematics_state_s.c
[0.566s] -- Up-to-date: /home/charbel/mpo500_ws/src/install/neo_msgs2/local/lib/python3.10/dist-packages/neo_msgs2/msg/_io_board_s.c
[0.566s] -- Up-to-date: /home/charbel/mpo500_ws/src/install/neo_msgs2/local/lib/python3.10/dist-packages/neo_msgs2/msg/_us_board_v2_s.c
[0.566s] -- Up-to-date: /home/charbel/mpo500_ws/src/install/neo_msgs2/local/lib/python3.10/dist-packages/neo_msgs2/msg/_us_board_v2.py
[0.566s] -- Up-to-date: /home/charbel/mpo500_ws/src/install/neo_msgs2/local/lib/python3.10/dist-packages/neo_msgs2/msg/_lcd_output.py
[0.566s] -- Up-to-date: /home/charbel/mpo500_ws/src/install/neo_msgs2/local/lib/python3.10/dist-packages/neo_msgs2/msg/_safety_mode_s.c
[0.566s] -- Up-to-date: /home/charbel/mpo500_ws/src/install/neo_msgs2/local/lib/python3.10/dist-packages/neo_msgs2/msg/_kinematics_state.py
[0.566s] -- Up-to-date: /home/charbel/mpo500_ws/src/install/neo_msgs2/local/lib/python3.10/dist-packages/neo_msgs2/msg/_io_board.py
[0.566s] -- Up-to-date: /home/charbel/mpo500_ws/src/install/neo_msgs2/local/lib/python3.10/dist-packages/neo_msgs2/msg/_safety_state_s.c
[0.566s] -- Up-to-date: /home/charbel/mpo500_ws/src/install/neo_msgs2/local/lib/python3.10/dist-packages/neo_msgs2/msg/_relay_board_v2_s.c
[0.566s] -- Up-to-date: /home/charbel/mpo500_ws/src/install/neo_msgs2/local/lib/python3.10/dist-packages/neo_msgs2/msg/_emergency_stop_state_s.c
[0.566s] -- Up-to-date: /home/charbel/mpo500_ws/src/install/neo_msgs2/local/lib/python3.10/dist-packages/neo_msgs2/msg/_keypad.py
[0.566s] -- Up-to-date: /home/charbel/mpo500_ws/src/install/neo_msgs2/local/lib/python3.10/dist-packages/neo_msgs2/msg/_keypad_s.c
[0.566s] -- Up-to-date: /home/charbel/mpo500_ws/src/install/neo_msgs2/local/lib/python3.10/dist-packages/neo_msgs2/msg/_relay_board_v3.py
[0.566s] -- Up-to-date: /home/charbel/mpo500_ws/src/install/neo_msgs2/local/lib/python3.10/dist-packages/neo_msgs2/msg/_safety_mode.py
[0.566s] -- Up-to-date: /home/charbel/mpo500_ws/src/install/neo_msgs2/local/lib/python3.10/dist-packages/neo_msgs2/msg/__init__.py
[0.566s] -- Up-to-date: /home/charbel/mpo500_ws/src/install/neo_msgs2/local/lib/python3.10/dist-packages/neo_msgs2/_neo_msgs2_s.ep.rosidl_typesupport_fastrtps_c.c
[0.566s] -- Up-to-date: /home/charbel/mpo500_ws/src/install/neo_msgs2/local/lib/python3.10/dist-packages/neo_msgs2/__init__.py
[0.587s] Listing '/home/charbel/mpo500_ws/src/install/neo_msgs2/local/lib/python3.10/dist-packages/neo_msgs2'...
[0.588s] Listing '/home/charbel/mpo500_ws/src/install/neo_msgs2/local/lib/python3.10/dist-packages/neo_msgs2/msg'...
[0.590s] -- Up-to-date: /home/charbel/mpo500_ws/src/install/neo_msgs2/local/lib/python3.10/dist-packages/neo_msgs2/neo_msgs2_s__rosidl_typesupport_fastrtps_c.cpython-310-x86_64-linux-gnu.so
[0.590s] -- Up-to-date: /home/charbel/mpo500_ws/src/install/neo_msgs2/local/lib/python3.10/dist-packages/neo_msgs2/neo_msgs2_s__rosidl_typesupport_introspection_c.cpython-310-x86_64-linux-gnu.so
[0.591s] -- Up-to-date: /home/charbel/mpo500_ws/src/install/neo_msgs2/local/lib/python3.10/dist-packages/neo_msgs2/neo_msgs2_s__rosidl_typesupport_c.cpython-310-x86_64-linux-gnu.so
[0.591s] -- Up-to-date: /home/charbel/mpo500_ws/src/install/neo_msgs2/lib/libneo_msgs2__rosidl_generator_py.so
[0.591s] -- Up-to-date: /home/charbel/mpo500_ws/src/install/neo_msgs2/share/neo_msgs2/msg/EmergencyStopState.idl
[0.591s] -- Up-to-date: /home/charbel/mpo500_ws/src/install/neo_msgs2/share/neo_msgs2/msg/Keypad.idl
[0.591s] -- Up-to-date: /home/charbel/mpo500_ws/src/install/neo_msgs2/share/neo_msgs2/msg/LCDOutput.idl
[0.591s] -- Up-to-date: /home/charbel/mpo500_ws/src/install/neo_msgs2/share/neo_msgs2/msg/RelayBoardV2.idl
[0.591s] -- Up-to-date: /home/charbel/mpo500_ws/src/install/neo_msgs2/share/neo_msgs2/msg/USBoard.idl
[0.591s] -- Up-to-date: /home/charbel/mpo500_ws/src/install/neo_msgs2/share/neo_msgs2/msg/USBoardV2.idl
[0.591s] -- Up-to-date: /home/charbel/mpo500_ws/src/install/neo_msgs2/share/neo_msgs2/msg/IOBoard.idl
[0.591s] -- Up-to-date: /home/charbel/mpo500_ws/src/install/neo_msgs2/share/neo_msgs2/msg/SafetyMode.idl
[0.591s] -- Up-to-date: /home/charbel/mpo500_ws/src/install/neo_msgs2/share/neo_msgs2/msg/SafetyState.idl
[0.591s] -- Up-to-date: /home/charbel/mpo500_ws/src/install/neo_msgs2/share/neo_msgs2/msg/RelayBoardV3.idl
[0.592s] -- Up-to-date: /home/charbel/mpo500_ws/src/install/neo_msgs2/share/neo_msgs2/msg/KinematicsState.idl
[0.592s] -- Up-to-date: /home/charbel/mpo500_ws/src/install/neo_msgs2/share/neo_msgs2/msg/EmergencyStopState.msg
[0.592s] -- Up-to-date: /home/charbel/mpo500_ws/src/install/neo_msgs2/share/neo_msgs2/msg/Keypad.msg
[0.592s] -- Up-to-date: /home/charbel/mpo500_ws/src/install/neo_msgs2/share/neo_msgs2/msg/LCDOutput.msg
[0.592s] -- Up-to-date: /home/charbel/mpo500_ws/src/install/neo_msgs2/share/neo_msgs2/msg/RelayBoardV2.msg
[0.592s] -- Up-to-date: /home/charbel/mpo500_ws/src/install/neo_msgs2/share/neo_msgs2/msg/USBoard.msg
[0.592s] -- Up-to-date: /home/charbel/mpo500_ws/src/install/neo_msgs2/share/neo_msgs2/msg/USBoardV2.msg
[0.592s] -- Up-to-date: /home/charbel/mpo500_ws/src/install/neo_msgs2/share/neo_msgs2/msg/IOBoard.msg
[0.592s] -- Up-to-date: /home/charbel/mpo500_ws/src/install/neo_msgs2/share/neo_msgs2/msg/SafetyMode.msg
[0.592s] -- Up-to-date: /home/charbel/mpo500_ws/src/install/neo_msgs2/share/neo_msgs2/msg/SafetyState.msg
[0.592s] -- Up-to-date: /home/charbel/mpo500_ws/src/install/neo_msgs2/share/neo_msgs2/msg/RelayBoardV3.msg
[0.592s] -- Up-to-date: /home/charbel/mpo500_ws/src/install/neo_msgs2/share/neo_msgs2/msg/KinematicsState.msg
[0.592s] -- Up-to-date: /home/charbel/mpo500_ws/src/install/neo_msgs2/share/ament_index/resource_index/package_run_dependencies/neo_msgs2
[0.592s] -- Up-to-date: /home/charbel/mpo500_ws/src/install/neo_msgs2/share/ament_index/resource_index/parent_prefix_path/neo_msgs2
[0.592s] -- Up-to-date: /home/charbel/mpo500_ws/src/install/neo_msgs2/share/neo_msgs2/environment/ament_prefix_path.sh
[0.592s] -- Up-to-date: /home/charbel/mpo500_ws/src/install/neo_msgs2/share/neo_msgs2/environment/ament_prefix_path.dsv
[0.592s] -- Up-to-date: /home/charbel/mpo500_ws/src/install/neo_msgs2/share/neo_msgs2/environment/path.sh
[0.592s] -- Up-to-date: /home/charbel/mpo500_ws/src/install/neo_msgs2/share/neo_msgs2/environment/path.dsv
[0.592s] -- Up-to-date: /home/charbel/mpo500_ws/src/install/neo_msgs2/share/neo_msgs2/local_setup.bash
[0.592s] -- Up-to-date: /home/charbel/mpo500_ws/src/install/neo_msgs2/share/neo_msgs2/local_setup.sh
[0.592s] -- Up-to-date: /home/charbel/mpo500_ws/src/install/neo_msgs2/share/neo_msgs2/local_setup.zsh
[0.592s] -- Up-to-date: /home/charbel/mpo500_ws/src/install/neo_msgs2/share/neo_msgs2/local_setup.dsv
[0.593s] -- Installing: /home/charbel/mpo500_ws/src/install/neo_msgs2/share/neo_msgs2/package.dsv
[0.593s] -- Up-to-date: /home/charbel/mpo500_ws/src/install/neo_msgs2/share/ament_index/resource_index/packages/neo_msgs2
[0.593s] -- Up-to-date: /home/charbel/mpo500_ws/src/install/neo_msgs2/share/neo_msgs2/cmake/export_neo_msgs2__rosidl_generator_cExport.cmake
[0.593s] -- Up-to-date: /home/charbel/mpo500_ws/src/install/neo_msgs2/share/neo_msgs2/cmake/export_neo_msgs2__rosidl_generator_cExport-noconfig.cmake
[0.593s] -- Up-to-date: /home/charbel/mpo500_ws/src/install/neo_msgs2/share/neo_msgs2/cmake/export_neo_msgs2__rosidl_typesupport_fastrtps_cExport.cmake
[0.593s] -- Up-to-date: /home/charbel/mpo500_ws/src/install/neo_msgs2/share/neo_msgs2/cmake/export_neo_msgs2__rosidl_typesupport_fastrtps_cExport-noconfig.cmake
[0.593s] -- Up-to-date: /home/charbel/mpo500_ws/src/install/neo_msgs2/share/neo_msgs2/cmake/export_neo_msgs2__rosidl_generator_cppExport.cmake
[0.593s] -- Up-to-date: /home/charbel/mpo500_ws/src/install/neo_msgs2/share/neo_msgs2/cmake/export_neo_msgs2__rosidl_typesupport_fastrtps_cppExport.cmake
[0.593s] -- Up-to-date: /home/charbel/mpo500_ws/src/install/neo_msgs2/share/neo_msgs2/cmake/export_neo_msgs2__rosidl_typesupport_fastrtps_cppExport-noconfig.cmake
[0.593s] -- Up-to-date: /home/charbel/mpo500_ws/src/install/neo_msgs2/share/neo_msgs2/cmake/neo_msgs2__rosidl_typesupport_introspection_cExport.cmake
[0.593s] -- Up-to-date: /home/charbel/mpo500_ws/src/install/neo_msgs2/share/neo_msgs2/cmake/neo_msgs2__rosidl_typesupport_introspection_cExport-noconfig.cmake
[0.593s] -- Up-to-date: /home/charbel/mpo500_ws/src/install/neo_msgs2/share/neo_msgs2/cmake/neo_msgs2__rosidl_typesupport_cExport.cmake
[0.593s] -- Up-to-date: /home/charbel/mpo500_ws/src/install/neo_msgs2/share/neo_msgs2/cmake/neo_msgs2__rosidl_typesupport_cExport-noconfig.cmake
[0.593s] -- Up-to-date: /home/charbel/mpo500_ws/src/install/neo_msgs2/share/neo_msgs2/cmake/neo_msgs2__rosidl_typesupport_introspection_cppExport.cmake
[0.593s] -- Up-to-date: /home/charbel/mpo500_ws/src/install/neo_msgs2/share/neo_msgs2/cmake/neo_msgs2__rosidl_typesupport_introspection_cppExport-noconfig.cmake
[0.593s] -- Up-to-date: /home/charbel/mpo500_ws/src/install/neo_msgs2/share/neo_msgs2/cmake/neo_msgs2__rosidl_typesupport_cppExport.cmake
[0.593s] -- Up-to-date: /home/charbel/mpo500_ws/src/install/neo_msgs2/share/neo_msgs2/cmake/neo_msgs2__rosidl_typesupport_cppExport-noconfig.cmake
[0.593s] -- Up-to-date: /home/charbel/mpo500_ws/src/install/neo_msgs2/share/neo_msgs2/cmake/export_neo_msgs2__rosidl_generator_pyExport.cmake
[0.593s] -- Up-to-date: /home/charbel/mpo500_ws/src/install/neo_msgs2/share/neo_msgs2/cmake/export_neo_msgs2__rosidl_generator_pyExport-noconfig.cmake
[0.593s] -- Up-to-date: /home/charbel/mpo500_ws/src/install/neo_msgs2/share/neo_msgs2/cmake/rosidl_cmake-extras.cmake
[0.593s] -- Up-to-date: /home/charbel/mpo500_ws/src/install/neo_msgs2/share/neo_msgs2/cmake/ament_cmake_export_dependencies-extras.cmake
[0.593s] -- Up-to-date: /home/charbel/mpo500_ws/src/install/neo_msgs2/share/neo_msgs2/cmake/ament_cmake_export_include_directories-extras.cmake
[0.593s] -- Up-to-date: /home/charbel/mpo500_ws/src/install/neo_msgs2/share/neo_msgs2/cmake/ament_cmake_export_libraries-extras.cmake
[0.593s] -- Up-to-date: /home/charbel/mpo500_ws/src/install/neo_msgs2/share/neo_msgs2/cmake/ament_cmake_export_targets-extras.cmake
[0.594s] -- Up-to-date: /home/charbel/mpo500_ws/src/install/neo_msgs2/share/neo_msgs2/cmake/rosidl_cmake_export_typesupport_targets-extras.cmake
[0.594s] -- Up-to-date: /home/charbel/mpo500_ws/src/install/neo_msgs2/share/neo_msgs2/cmake/rosidl_cmake_export_typesupport_libraries-extras.cmake
[0.594s] -- Up-to-date: /home/charbel/mpo500_ws/src/install/neo_msgs2/share/neo_msgs2/cmake/neo_msgs2Config.cmake
[0.594s] -- Up-to-date: /home/charbel/mpo500_ws/src/install/neo_msgs2/share/neo_msgs2/cmake/neo_msgs2Config-version.cmake
[0.594s] -- Up-to-date: /home/charbel/mpo500_ws/src/install/neo_msgs2/share/neo_msgs2/package.xml
[0.595s] Invoked command in '/home/charbel/mpo500_ws/src/build/neo_msgs2' returned '0': CMAKE_PREFIX_PATH=${CMAKE_PREFIX_PATH}:/opt/ros/humble /usr/bin/cmake --install /home/charbel/mpo500_ws/src/build/neo_msgs2
