[0.014s] Invoking command in '/home/charbel/mpo500_ws/src/build/neo_relayboard_v2-2': AMENT_PREFIX_PATH=/home/charbel/mpo500_ws/src/install/neo_srvs2:/home/charbel/mpo500_ws/src/install/neo_msgs2:/home/charbel/mpo500_ws/src/install/neo_common2:${AMENT_PREFIX_PATH} CMAKE_PREFIX_PATH=/home/charbel/mpo500_ws/src/install/neo_srvs2:/home/charbel/mpo500_ws/src/install/neo_msgs2:/home/charbel/mpo500_ws/src/install/neo_common2:/home/charbel/mpo500_ws/install/topic_subscriber:/home/charbel/mpo500_ws/install/topic_publisher:/home/charbel/mpo500_ws/install/robot_controller:/home/charbel/mpo500_ws/install/neo_teleop2:/home/charbel/mpo500_ws/install/neo_relayboard_v2-2:/home/charbel/mpo500_ws/install/neo_srvs2:/home/charbel/mpo500_ws/install/neo_simulation2:/home/charbel/mpo500_ws/install/neo_mpo_500-2:/home/charbel/mpo500_ws/install/neo_nav2_bringup:/home/charbel/mpo500_ws/install/neo_msgs2:/home/charbel/mpo500_ws/install/neo_kinematics_mecanum2:/home/charbel/mpo500_ws/install/neo_common2:/opt/ros/humble LD_LIBRARY_PATH=/home/charbel/mpo500_ws/src/install/neo_srvs2/lib:/home/charbel/mpo500_ws/src/install/neo_msgs2/lib:${LD_LIBRARY_PATH} PYTHONPATH=/home/charbel/mpo500_ws/src/install/neo_srvs2/local/lib/python3.10/dist-packages:/home/charbel/mpo500_ws/src/install/neo_msgs2/local/lib/python3.10/dist-packages:${PYTHONPATH} /usr/bin/cmake --build /home/charbel/mpo500_ws/src/build/neo_relayboard_v2-2 -- -j16 -l16
[0.097s] [ 71%] Built target neo_relayboard_v2-2
[0.149s] [100%] Built target neo_relayboard_node
[0.159s] Invoked command in '/home/charbel/mpo500_ws/src/build/neo_relayboard_v2-2' returned '0': AMENT_PREFIX_PATH=/home/charbel/mpo500_ws/src/install/neo_srvs2:/home/charbel/mpo500_ws/src/install/neo_msgs2:/home/charbel/mpo500_ws/src/install/neo_common2:${AMENT_PREFIX_PATH} CMAKE_PREFIX_PATH=/home/charbel/mpo500_ws/src/install/neo_srvs2:/home/charbel/mpo500_ws/src/install/neo_msgs2:/home/charbel/mpo500_ws/src/install/neo_common2:/home/charbel/mpo500_ws/install/topic_subscriber:/home/charbel/mpo500_ws/install/topic_publisher:/home/charbel/mpo500_ws/install/robot_controller:/home/charbel/mpo500_ws/install/neo_teleop2:/home/charbel/mpo500_ws/install/neo_relayboard_v2-2:/home/charbel/mpo500_ws/install/neo_srvs2:/home/charbel/mpo500_ws/install/neo_simulation2:/home/charbel/mpo500_ws/install/neo_mpo_500-2:/home/charbel/mpo500_ws/install/neo_nav2_bringup:/home/charbel/mpo500_ws/install/neo_msgs2:/home/charbel/mpo500_ws/install/neo_kinematics_mecanum2:/home/charbel/mpo500_ws/install/neo_common2:/opt/ros/humble LD_LIBRARY_PATH=/home/charbel/mpo500_ws/src/install/neo_srvs2/lib:/home/charbel/mpo500_ws/src/install/neo_msgs2/lib:${LD_LIBRARY_PATH} PYTHONPATH=/home/charbel/mpo500_ws/src/install/neo_srvs2/local/lib/python3.10/dist-packages:/home/charbel/mpo500_ws/src/install/neo_msgs2/local/lib/python3.10/dist-packages:${PYTHONPATH} /usr/bin/cmake --build /home/charbel/mpo500_ws/src/build/neo_relayboard_v2-2 -- -j16 -l16
[0.220s] Invoking command in '/home/charbel/mpo500_ws/src/build/neo_relayboard_v2-2': AMENT_PREFIX_PATH=/home/charbel/mpo500_ws/src/install/neo_srvs2:/home/charbel/mpo500_ws/src/install/neo_msgs2:/home/charbel/mpo500_ws/src/install/neo_common2:${AMENT_PREFIX_PATH} CMAKE_PREFIX_PATH=/home/charbel/mpo500_ws/src/install/neo_srvs2:/home/charbel/mpo500_ws/src/install/neo_msgs2:/home/charbel/mpo500_ws/src/install/neo_common2:/home/charbel/mpo500_ws/install/topic_subscriber:/home/charbel/mpo500_ws/install/topic_publisher:/home/charbel/mpo500_ws/install/robot_controller:/home/charbel/mpo500_ws/install/neo_teleop2:/home/charbel/mpo500_ws/install/neo_relayboard_v2-2:/home/charbel/mpo500_ws/install/neo_srvs2:/home/charbel/mpo500_ws/install/neo_simulation2:/home/charbel/mpo500_ws/install/neo_mpo_500-2:/home/charbel/mpo500_ws/install/neo_nav2_bringup:/home/charbel/mpo500_ws/install/neo_msgs2:/home/charbel/mpo500_ws/install/neo_kinematics_mecanum2:/home/charbel/mpo500_ws/install/neo_common2:/opt/ros/humble LD_LIBRARY_PATH=/home/charbel/mpo500_ws/src/install/neo_srvs2/lib:/home/charbel/mpo500_ws/src/install/neo_msgs2/lib:${LD_LIBRARY_PATH} PYTHONPATH=/home/charbel/mpo500_ws/src/install/neo_srvs2/local/lib/python3.10/dist-packages:/home/charbel/mpo500_ws/src/install/neo_msgs2/local/lib/python3.10/dist-packages:${PYTHONPATH} /usr/bin/cmake --install /home/charbel/mpo500_ws/src/build/neo_relayboard_v2-2
[0.241s] -- Install configuration: ""
[0.241s] -- Up-to-date: /home/charbel/mpo500_ws/src/install/neo_relayboard_v2-2/share/neo_relayboard_v2-2/environment/library_path.sh
[0.241s] -- Up-to-date: /home/charbel/mpo500_ws/src/install/neo_relayboard_v2-2/share/neo_relayboard_v2-2/environment/library_path.dsv
[0.241s] -- Up-to-date: /home/charbel/mpo500_ws/src/install/neo_relayboard_v2-2/common/include/
[0.241s] -- Up-to-date: /home/charbel/mpo500_ws/src/install/neo_relayboard_v2-2/common/include//Mutex.h
[0.241s] -- Up-to-date: /home/charbel/mpo500_ws/src/install/neo_relayboard_v2-2/common/include//RelayBoardClient.h
[0.241s] -- Up-to-date: /home/charbel/mpo500_ws/src/install/neo_relayboard_v2-2/common/include//SerialIO.h
[0.241s] -- Up-to-date: /home/charbel/mpo500_ws/src/install/neo_relayboard_v2-2/common/include//NeoRelayBoardNode.h
[0.242s] -- Up-to-date: /home/charbel/mpo500_ws/src/install/neo_relayboard_v2-2/common/include//DriveParam.h
[0.242s] -- Up-to-date: /home/charbel/mpo500_ws/src/install/neo_relayboard_v2-2/common/include//StrUtil.h
[0.242s] -- Up-to-date: /home/charbel/mpo500_ws/src/install/neo_relayboard_v2-2/lib/neo_relayboard_v2-2/neo_relayboard_node
[0.242s] -- Up-to-date: /home/charbel/mpo500_ws/src/install/neo_relayboard_v2-2/share/neo_relayboard_v2-2/launch
[0.242s] -- Up-to-date: /home/charbel/mpo500_ws/src/install/neo_relayboard_v2-2/share/neo_relayboard_v2-2/launch/neo_relayboard_v2.launch.py
[0.242s] -- Up-to-date: /home/charbel/mpo500_ws/src/install/neo_relayboard_v2-2/share/neo_relayboard_v2-2/launch/neo_relayboard_v2.yaml
[0.242s] -- Up-to-date: /home/charbel/mpo500_ws/src/install/neo_relayboard_v2-2/share/ament_index/resource_index/package_run_dependencies/neo_relayboard_v2-2
[0.242s] -- Up-to-date: /home/charbel/mpo500_ws/src/install/neo_relayboard_v2-2/share/ament_index/resource_index/parent_prefix_path/neo_relayboard_v2-2
[0.242s] -- Up-to-date: /home/charbel/mpo500_ws/src/install/neo_relayboard_v2-2/share/neo_relayboard_v2-2/environment/ament_prefix_path.sh
[0.242s] -- Up-to-date: /home/charbel/mpo500_ws/src/install/neo_relayboard_v2-2/share/neo_relayboard_v2-2/environment/ament_prefix_path.dsv
[0.242s] -- Up-to-date: /home/charbel/mpo500_ws/src/install/neo_relayboard_v2-2/share/neo_relayboard_v2-2/environment/path.sh
[0.243s] -- Up-to-date: /home/charbel/mpo500_ws/src/install/neo_relayboard_v2-2/share/neo_relayboard_v2-2/environment/path.dsv
[0.243s] -- Up-to-date: /home/charbel/mpo500_ws/src/install/neo_relayboard_v2-2/share/neo_relayboard_v2-2/local_setup.bash
[0.243s] -- Up-to-date: /home/charbel/mpo500_ws/src/install/neo_relayboard_v2-2/share/neo_relayboard_v2-2/local_setup.sh
[0.243s] -- Up-to-date: /home/charbel/mpo500_ws/src/install/neo_relayboard_v2-2/share/neo_relayboard_v2-2/local_setup.zsh
[0.243s] -- Up-to-date: /home/charbel/mpo500_ws/src/install/neo_relayboard_v2-2/share/neo_relayboard_v2-2/local_setup.dsv
[0.243s] -- Installing: /home/charbel/mpo500_ws/src/install/neo_relayboard_v2-2/share/neo_relayboard_v2-2/package.dsv
[0.243s] -- Up-to-date: /home/charbel/mpo500_ws/src/install/neo_relayboard_v2-2/share/ament_index/resource_index/packages/neo_relayboard_v2-2
[0.243s] -- Up-to-date: /home/charbel/mpo500_ws/src/install/neo_relayboard_v2-2/share/neo_relayboard_v2-2/cmake/ament_cmake_export_dependencies-extras.cmake
[0.244s] -- Up-to-date: /home/charbel/mpo500_ws/src/install/neo_relayboard_v2-2/share/neo_relayboard_v2-2/cmake/ament_cmake_export_include_directories-extras.cmake
[0.244s] -- Up-to-date: /home/charbel/mpo500_ws/src/install/neo_relayboard_v2-2/share/neo_relayboard_v2-2/cmake/ament_cmake_export_libraries-extras.cmake
[0.244s] -- Up-to-date: /home/charbel/mpo500_ws/src/install/neo_relayboard_v2-2/share/neo_relayboard_v2-2/cmake/neo_relayboard_v2-2Config.cmake
[0.244s] -- Up-to-date: /home/charbel/mpo500_ws/src/install/neo_relayboard_v2-2/share/neo_relayboard_v2-2/cmake/neo_relayboard_v2-2Config-version.cmake
[0.244s] -- Up-to-date: /home/charbel/mpo500_ws/src/install/neo_relayboard_v2-2/share/neo_relayboard_v2-2/package.xml
[0.247s] Invoked command in '/home/charbel/mpo500_ws/src/build/neo_relayboard_v2-2' returned '0': AMENT_PREFIX_PATH=/home/charbel/mpo500_ws/src/install/neo_srvs2:/home/charbel/mpo500_ws/src/install/neo_msgs2:/home/charbel/mpo500_ws/src/install/neo_common2:${AMENT_PREFIX_PATH} CMAKE_PREFIX_PATH=/home/charbel/mpo500_ws/src/install/neo_srvs2:/home/charbel/mpo500_ws/src/install/neo_msgs2:/home/charbel/mpo500_ws/src/install/neo_common2:/home/charbel/mpo500_ws/install/topic_subscriber:/home/charbel/mpo500_ws/install/topic_publisher:/home/charbel/mpo500_ws/install/robot_controller:/home/charbel/mpo500_ws/install/neo_teleop2:/home/charbel/mpo500_ws/install/neo_relayboard_v2-2:/home/charbel/mpo500_ws/install/neo_srvs2:/home/charbel/mpo500_ws/install/neo_simulation2:/home/charbel/mpo500_ws/install/neo_mpo_500-2:/home/charbel/mpo500_ws/install/neo_nav2_bringup:/home/charbel/mpo500_ws/install/neo_msgs2:/home/charbel/mpo500_ws/install/neo_kinematics_mecanum2:/home/charbel/mpo500_ws/install/neo_common2:/opt/ros/humble LD_LIBRARY_PATH=/home/charbel/mpo500_ws/src/install/neo_srvs2/lib:/home/charbel/mpo500_ws/src/install/neo_msgs2/lib:${LD_LIBRARY_PATH} PYTHONPATH=/home/charbel/mpo500_ws/src/install/neo_srvs2/local/lib/python3.10/dist-packages:/home/charbel/mpo500_ws/src/install/neo_msgs2/local/lib/python3.10/dist-packages:${PYTHONPATH} /usr/bin/cmake --install /home/charbel/mpo500_ws/src/build/neo_relayboard_v2-2
