[0.271s] DEBUG:colcon:Command line arguments: ['/usr/bin/colcon', 'build', '--packages-select', 'topic_publisher']
[0.271s] DEBUG:colcon:Parsed command line arguments: Namespace(log_base=None, log_level=None, verb_name='build', build_base='build', install_base='install', merge_install=False, symlink_install=False, test_result_base=None, continue_on_error=False, executor='parallel', parallel_workers=16, event_handlers=None, ignore_user_meta=False, metas=['./colcon.meta'], base_paths=['.'], packages_ignore=None, packages_ignore_regex=None, paths=None, packages_up_to=None, packages_up_to_regex=None, packages_above=None, packages_above_and_dependencies=None, packages_above_depth=None, packages_select_by_dep=None, packages_skip_by_dep=None, packages_skip_up_to=None, packages_select_build_failed=False, packages_skip_build_finished=False, packages_select_test_failures=False, packages_skip_test_passed=False, packages_select=['topic_publisher'], packages_skip=None, packages_select_regex=None, packages_skip_regex=None, packages_start=None, packages_end=None, allow_overriding=[], cmake_args=None, cmake_target=None, cmake_target_skip_unavailable=False, cmake_clean_cache=False, cmake_clean_first=False, cmake_force_configure=False, ament_cmake_args=None, catkin_cmake_args=None, catkin_skip_building_tests=False, verb_parser=<colcon_defaults.argument_parser.defaults.DefaultArgumentsDecorator object at 0x7814fdb49060>, verb_extension=<colcon_core.verb.build.BuildVerb object at 0x7814fdb48a60>, main=<bound method BuildVerb.main of <colcon_core.verb.build.BuildVerb object at 0x7814fdb48a60>>)
[0.773s] Level 1:colcon.colcon_core.package_discovery:discover_packages(colcon_meta) check parameters
[0.773s] Level 1:colcon.colcon_core.package_discovery:discover_packages(recursive) check parameters
[0.773s] Level 1:colcon.colcon_core.package_discovery:discover_packages(ignore) check parameters
[0.773s] Level 1:colcon.colcon_core.package_discovery:discover_packages(path) check parameters
[0.773s] Level 1:colcon.colcon_core.package_discovery:discover_packages(colcon_meta) discover
[0.773s] Level 1:colcon.colcon_core.package_discovery:discover_packages(recursive) discover
[0.773s] INFO:colcon.colcon_core.package_discovery:Crawling recursively for packages in '/home/charbel/mpo500_ws/src'
[0.773s] Level 1:colcon.colcon_core.package_identification:_identify(.) by extensions ['ignore', 'ignore_ament_install']
[0.773s] Level 1:colcon.colcon_core.package_identification:_identify(.) by extension 'ignore'
[0.773s] Level 1:colcon.colcon_core.package_identification:_identify(.) by extension 'ignore_ament_install'
[0.773s] Level 1:colcon.colcon_core.package_identification:_identify(.) by extensions ['colcon_pkg']
[0.773s] Level 1:colcon.colcon_core.package_identification:_identify(.) by extension 'colcon_pkg'
[0.773s] Level 1:colcon.colcon_core.package_identification:_identify(.) by extensions ['colcon_meta']
[0.773s] Level 1:colcon.colcon_core.package_identification:_identify(.) by extension 'colcon_meta'
[0.773s] Level 1:colcon.colcon_core.package_identification:_identify(.) by extensions ['ros']
[0.773s] Level 1:colcon.colcon_core.package_identification:_identify(.) by extension 'ros'
[0.780s] Level 1:colcon.colcon_core.package_identification:_identify(.) by extensions ['cmake', 'python']
[0.781s] Level 1:colcon.colcon_core.package_identification:_identify(.) by extension 'cmake'
[0.781s] Level 1:colcon.colcon_core.package_identification:_identify(.) by extension 'python'
[0.781s] Level 1:colcon.colcon_core.package_identification:_identify(.) by extensions ['python_setup_py']
[0.781s] Level 1:colcon.colcon_core.package_identification:_identify(.) by extension 'python_setup_py'
[0.781s] Level 1:colcon.colcon_core.package_identification:_identify(build) by extensions ['ignore', 'ignore_ament_install']
[0.781s] Level 1:colcon.colcon_core.package_identification:_identify(build) by extension 'ignore'
[0.781s] Level 1:colcon.colcon_core.package_identification:_identify(build) ignored
[0.781s] Level 1:colcon.colcon_core.package_identification:_identify(install) by extensions ['ignore', 'ignore_ament_install']
[0.781s] Level 1:colcon.colcon_core.package_identification:_identify(install) by extension 'ignore'
[0.781s] Level 1:colcon.colcon_core.package_identification:_identify(install) ignored
[0.781s] Level 1:colcon.colcon_core.package_identification:_identify(log) by extensions ['ignore', 'ignore_ament_install']
[0.781s] Level 1:colcon.colcon_core.package_identification:_identify(log) by extension 'ignore'
[0.781s] Level 1:colcon.colcon_core.package_identification:_identify(log) ignored
[0.781s] Level 1:colcon.colcon_core.package_identification:_identify(neo_common2) by extensions ['ignore', 'ignore_ament_install']
[0.781s] Level 1:colcon.colcon_core.package_identification:_identify(neo_common2) by extension 'ignore'
[0.781s] Level 1:colcon.colcon_core.package_identification:_identify(neo_common2) by extension 'ignore_ament_install'
[0.781s] Level 1:colcon.colcon_core.package_identification:_identify(neo_common2) by extensions ['colcon_pkg']
[0.781s] Level 1:colcon.colcon_core.package_identification:_identify(neo_common2) by extension 'colcon_pkg'
[0.781s] Level 1:colcon.colcon_core.package_identification:_identify(neo_common2) by extensions ['colcon_meta']
[0.781s] Level 1:colcon.colcon_core.package_identification:_identify(neo_common2) by extension 'colcon_meta'
[0.781s] Level 1:colcon.colcon_core.package_identification:_identify(neo_common2) by extensions ['ros']
[0.781s] Level 1:colcon.colcon_core.package_identification:_identify(neo_common2) by extension 'ros'
[0.783s] DEBUG:colcon.colcon_core.package_identification:Package 'neo_common2' with type 'ros.ament_cmake' and name 'neo_common2'
[0.784s] Level 1:colcon.colcon_core.package_identification:_identify(neo_kinematics_mecanum2) by extensions ['ignore', 'ignore_ament_install']
[0.784s] Level 1:colcon.colcon_core.package_identification:_identify(neo_kinematics_mecanum2) by extension 'ignore'
[0.784s] Level 1:colcon.colcon_core.package_identification:_identify(neo_kinematics_mecanum2) by extension 'ignore_ament_install'
[0.784s] Level 1:colcon.colcon_core.package_identification:_identify(neo_kinematics_mecanum2) by extensions ['colcon_pkg']
[0.784s] Level 1:colcon.colcon_core.package_identification:_identify(neo_kinematics_mecanum2) by extension 'colcon_pkg'
[0.784s] Level 1:colcon.colcon_core.package_identification:_identify(neo_kinematics_mecanum2) by extensions ['colcon_meta']
[0.784s] Level 1:colcon.colcon_core.package_identification:_identify(neo_kinematics_mecanum2) by extension 'colcon_meta'
[0.784s] Level 1:colcon.colcon_core.package_identification:_identify(neo_kinematics_mecanum2) by extensions ['ros']
[0.784s] Level 1:colcon.colcon_core.package_identification:_identify(neo_kinematics_mecanum2) by extension 'ros'
[0.784s] DEBUG:colcon.colcon_core.package_identification:Package 'neo_kinematics_mecanum2' with type 'ros.ament_cmake' and name 'neo_kinematics_mecanum2'
[0.784s] Level 1:colcon.colcon_core.package_identification:_identify(neo_mpo_500-2) by extensions ['ignore', 'ignore_ament_install']
[0.784s] Level 1:colcon.colcon_core.package_identification:_identify(neo_mpo_500-2) by extension 'ignore'
[0.784s] Level 1:colcon.colcon_core.package_identification:_identify(neo_mpo_500-2) by extension 'ignore_ament_install'
[0.784s] Level 1:colcon.colcon_core.package_identification:_identify(neo_mpo_500-2) by extensions ['colcon_pkg']
[0.784s] Level 1:colcon.colcon_core.package_identification:_identify(neo_mpo_500-2) by extension 'colcon_pkg'
[0.784s] Level 1:colcon.colcon_core.package_identification:_identify(neo_mpo_500-2) by extensions ['colcon_meta']
[0.784s] Level 1:colcon.colcon_core.package_identification:_identify(neo_mpo_500-2) by extension 'colcon_meta'
[0.784s] Level 1:colcon.colcon_core.package_identification:_identify(neo_mpo_500-2) by extensions ['ros']
[0.784s] Level 1:colcon.colcon_core.package_identification:_identify(neo_mpo_500-2) by extension 'ros'
[0.785s] DEBUG:colcon.colcon_core.package_identification:Package 'neo_mpo_500-2' with type 'ros.ament_cmake' and name 'neo_mpo_500-2'
[0.785s] Level 1:colcon.colcon_core.package_identification:_identify(neo_msgs2) by extensions ['ignore', 'ignore_ament_install']
[0.785s] Level 1:colcon.colcon_core.package_identification:_identify(neo_msgs2) by extension 'ignore'
[0.785s] Level 1:colcon.colcon_core.package_identification:_identify(neo_msgs2) by extension 'ignore_ament_install'
[0.785s] Level 1:colcon.colcon_core.package_identification:_identify(neo_msgs2) by extensions ['colcon_pkg']
[0.785s] Level 1:colcon.colcon_core.package_identification:_identify(neo_msgs2) by extension 'colcon_pkg'
[0.785s] Level 1:colcon.colcon_core.package_identification:_identify(neo_msgs2) by extensions ['colcon_meta']
[0.785s] Level 1:colcon.colcon_core.package_identification:_identify(neo_msgs2) by extension 'colcon_meta'
[0.785s] Level 1:colcon.colcon_core.package_identification:_identify(neo_msgs2) by extensions ['ros']
[0.785s] Level 1:colcon.colcon_core.package_identification:_identify(neo_msgs2) by extension 'ros'
[0.786s] DEBUG:colcon.colcon_core.package_identification:Package 'neo_msgs2' with type 'ros.ament_cmake' and name 'neo_msgs2'
[0.786s] Level 1:colcon.colcon_core.package_identification:_identify(neo_nav2_bringup) by extensions ['ignore', 'ignore_ament_install']
[0.786s] Level 1:colcon.colcon_core.package_identification:_identify(neo_nav2_bringup) by extension 'ignore'
[0.786s] Level 1:colcon.colcon_core.package_identification:_identify(neo_nav2_bringup) by extension 'ignore_ament_install'
[0.786s] Level 1:colcon.colcon_core.package_identification:_identify(neo_nav2_bringup) by extensions ['colcon_pkg']
[0.786s] Level 1:colcon.colcon_core.package_identification:_identify(neo_nav2_bringup) by extension 'colcon_pkg'
[0.786s] Level 1:colcon.colcon_core.package_identification:_identify(neo_nav2_bringup) by extensions ['colcon_meta']
[0.786s] Level 1:colcon.colcon_core.package_identification:_identify(neo_nav2_bringup) by extension 'colcon_meta'
[0.786s] Level 1:colcon.colcon_core.package_identification:_identify(neo_nav2_bringup) by extensions ['ros']
[0.786s] Level 1:colcon.colcon_core.package_identification:_identify(neo_nav2_bringup) by extension 'ros'
[0.787s] DEBUG:colcon.colcon_core.package_identification:Package 'neo_nav2_bringup' with type 'ros.ament_cmake' and name 'neo_nav2_bringup'
[0.787s] Level 1:colcon.colcon_core.package_identification:_identify(neo_relayboard_v2-2) by extensions ['ignore', 'ignore_ament_install']
[0.787s] Level 1:colcon.colcon_core.package_identification:_identify(neo_relayboard_v2-2) by extension 'ignore'
[0.787s] Level 1:colcon.colcon_core.package_identification:_identify(neo_relayboard_v2-2) by extension 'ignore_ament_install'
[0.787s] Level 1:colcon.colcon_core.package_identification:_identify(neo_relayboard_v2-2) by extensions ['colcon_pkg']
[0.787s] Level 1:colcon.colcon_core.package_identification:_identify(neo_relayboard_v2-2) by extension 'colcon_pkg'
[0.787s] Level 1:colcon.colcon_core.package_identification:_identify(neo_relayboard_v2-2) by extensions ['colcon_meta']
[0.787s] Level 1:colcon.colcon_core.package_identification:_identify(neo_relayboard_v2-2) by extension 'colcon_meta'
[0.787s] Level 1:colcon.colcon_core.package_identification:_identify(neo_relayboard_v2-2) by extensions ['ros']
[0.787s] Level 1:colcon.colcon_core.package_identification:_identify(neo_relayboard_v2-2) by extension 'ros'
[0.787s] DEBUG:colcon.colcon_core.package_identification:Package 'neo_relayboard_v2-2' with type 'ros.ament_cmake' and name 'neo_relayboard_v2-2'
[0.788s] Level 1:colcon.colcon_core.package_identification:_identify(neo_simulation2) by extensions ['ignore', 'ignore_ament_install']
[0.788s] Level 1:colcon.colcon_core.package_identification:_identify(neo_simulation2) by extension 'ignore'
[0.788s] Level 1:colcon.colcon_core.package_identification:_identify(neo_simulation2) by extension 'ignore_ament_install'
[0.788s] Level 1:colcon.colcon_core.package_identification:_identify(neo_simulation2) by extensions ['colcon_pkg']
[0.788s] Level 1:colcon.colcon_core.package_identification:_identify(neo_simulation2) by extension 'colcon_pkg'
[0.788s] Level 1:colcon.colcon_core.package_identification:_identify(neo_simulation2) by extensions ['colcon_meta']
[0.788s] Level 1:colcon.colcon_core.package_identification:_identify(neo_simulation2) by extension 'colcon_meta'
[0.788s] Level 1:colcon.colcon_core.package_identification:_identify(neo_simulation2) by extensions ['ros']
[0.788s] Level 1:colcon.colcon_core.package_identification:_identify(neo_simulation2) by extension 'ros'
[0.788s] DEBUG:colcon.colcon_core.package_identification:Package 'neo_simulation2' with type 'ros.ament_cmake' and name 'neo_simulation2'
[0.788s] Level 1:colcon.colcon_core.package_identification:_identify(neo_srvs2) by extensions ['ignore', 'ignore_ament_install']
[0.788s] Level 1:colcon.colcon_core.package_identification:_identify(neo_srvs2) by extension 'ignore'
[0.788s] Level 1:colcon.colcon_core.package_identification:_identify(neo_srvs2) by extension 'ignore_ament_install'
[0.789s] Level 1:colcon.colcon_core.package_identification:_identify(neo_srvs2) by extensions ['colcon_pkg']
[0.789s] Level 1:colcon.colcon_core.package_identification:_identify(neo_srvs2) by extension 'colcon_pkg'
[0.789s] Level 1:colcon.colcon_core.package_identification:_identify(neo_srvs2) by extensions ['colcon_meta']
[0.789s] Level 1:colcon.colcon_core.package_identification:_identify(neo_srvs2) by extension 'colcon_meta'
[0.789s] Level 1:colcon.colcon_core.package_identification:_identify(neo_srvs2) by extensions ['ros']
[0.789s] Level 1:colcon.colcon_core.package_identification:_identify(neo_srvs2) by extension 'ros'
[0.789s] DEBUG:colcon.colcon_core.package_identification:Package 'neo_srvs2' with type 'ros.ament_cmake' and name 'neo_srvs2'
[0.789s] Level 1:colcon.colcon_core.package_identification:_identify(neo_teleop2) by extensions ['ignore', 'ignore_ament_install']
[0.789s] Level 1:colcon.colcon_core.package_identification:_identify(neo_teleop2) by extension 'ignore'
[0.789s] Level 1:colcon.colcon_core.package_identification:_identify(neo_teleop2) by extension 'ignore_ament_install'
[0.789s] Level 1:colcon.colcon_core.package_identification:_identify(neo_teleop2) by extensions ['colcon_pkg']
[0.789s] Level 1:colcon.colcon_core.package_identification:_identify(neo_teleop2) by extension 'colcon_pkg'
[0.789s] Level 1:colcon.colcon_core.package_identification:_identify(neo_teleop2) by extensions ['colcon_meta']
[0.789s] Level 1:colcon.colcon_core.package_identification:_identify(neo_teleop2) by extension 'colcon_meta'
[0.789s] Level 1:colcon.colcon_core.package_identification:_identify(neo_teleop2) by extensions ['ros']
[0.789s] Level 1:colcon.colcon_core.package_identification:_identify(neo_teleop2) by extension 'ros'
[0.790s] DEBUG:colcon.colcon_core.package_identification:Package 'neo_teleop2' with type 'ros.ament_cmake' and name 'neo_teleop2'
[0.790s] Level 1:colcon.colcon_core.package_identification:_identify(topic_publisher) by extensions ['ignore', 'ignore_ament_install']
[0.790s] Level 1:colcon.colcon_core.package_identification:_identify(topic_publisher) by extension 'ignore'
[0.790s] Level 1:colcon.colcon_core.package_identification:_identify(topic_publisher) by extension 'ignore_ament_install'
[0.790s] Level 1:colcon.colcon_core.package_identification:_identify(topic_publisher) by extensions ['colcon_pkg']
[0.790s] Level 1:colcon.colcon_core.package_identification:_identify(topic_publisher) by extension 'colcon_pkg'
[0.790s] Level 1:colcon.colcon_core.package_identification:_identify(topic_publisher) by extensions ['colcon_meta']
[0.790s] Level 1:colcon.colcon_core.package_identification:_identify(topic_publisher) by extension 'colcon_meta'
[0.790s] Level 1:colcon.colcon_core.package_identification:_identify(topic_publisher) by extensions ['ros']
[0.790s] Level 1:colcon.colcon_core.package_identification:_identify(topic_publisher) by extension 'ros'
[0.791s] DEBUG:colcon.colcon_core.package_identification:Package 'topic_publisher' with type 'ros.ament_cmake' and name 'topic_publisher'
[0.791s] Level 1:colcon.colcon_core.package_discovery:discover_packages(recursive) using defaults
[0.791s] Level 1:colcon.colcon_core.package_discovery:discover_packages(ignore) discover
[0.791s] Level 1:colcon.colcon_core.package_discovery:discover_packages(ignore) using defaults
[0.791s] Level 1:colcon.colcon_core.package_discovery:discover_packages(path) discover
[0.791s] Level 1:colcon.colcon_core.package_discovery:discover_packages(path) using defaults
[0.807s] INFO:colcon.colcon_core.package_selection:Skipping not selected package 'neo_common2' in 'neo_common2'
[0.807s] INFO:colcon.colcon_core.package_selection:Skipping not selected package 'neo_kinematics_mecanum2' in 'neo_kinematics_mecanum2'
[0.807s] INFO:colcon.colcon_core.package_selection:Skipping not selected package 'neo_msgs2' in 'neo_msgs2'
[0.807s] INFO:colcon.colcon_core.package_selection:Skipping not selected package 'neo_nav2_bringup' in 'neo_nav2_bringup'
[0.807s] INFO:colcon.colcon_core.package_selection:Skipping not selected package 'neo_teleop2' in 'neo_teleop2'
[0.807s] INFO:colcon.colcon_core.package_selection:Skipping not selected package 'neo_mpo_500-2' in 'neo_mpo_500-2'
[0.807s] INFO:colcon.colcon_core.package_selection:Skipping not selected package 'neo_simulation2' in 'neo_simulation2'
[0.807s] INFO:colcon.colcon_core.package_selection:Skipping not selected package 'neo_srvs2' in 'neo_srvs2'
[0.807s] INFO:colcon.colcon_core.package_selection:Skipping not selected package 'neo_relayboard_v2-2' in 'neo_relayboard_v2-2'
[0.808s] Level 1:colcon.colcon_core.package_discovery:discover_packages(prefix_path) check parameters
[0.808s] Level 1:colcon.colcon_core.package_discovery:discover_packages(prefix_path) discover
[0.810s] DEBUG:colcon.colcon_installed_package_information.package_discovery:Found 9 installed packages in /home/charbel/mpo500_ws/install
[0.811s] DEBUG:colcon.colcon_installed_package_information.package_discovery:Found 336 installed packages in /opt/ros/humble
[0.817s] Level 1:colcon.colcon_core.package_discovery:discover_packages(prefix_path) using defaults
[0.843s] Level 5:colcon.colcon_core.verb:set package 'topic_publisher' build argument 'cmake_args' from command line to 'None'
[0.843s] Level 5:colcon.colcon_core.verb:set package 'topic_publisher' build argument 'cmake_target' from command line to 'None'
[0.843s] Level 5:colcon.colcon_core.verb:set package 'topic_publisher' build argument 'cmake_target_skip_unavailable' from command line to 'False'
[0.843s] Level 5:colcon.colcon_core.verb:set package 'topic_publisher' build argument 'cmake_clean_cache' from command line to 'False'
[0.843s] Level 5:colcon.colcon_core.verb:set package 'topic_publisher' build argument 'cmake_clean_first' from command line to 'False'
[0.843s] Level 5:colcon.colcon_core.verb:set package 'topic_publisher' build argument 'cmake_force_configure' from command line to 'False'
[0.843s] Level 5:colcon.colcon_core.verb:set package 'topic_publisher' build argument 'ament_cmake_args' from command line to 'None'
[0.843s] Level 5:colcon.colcon_core.verb:set package 'topic_publisher' build argument 'catkin_cmake_args' from command line to 'None'
[0.843s] Level 5:colcon.colcon_core.verb:set package 'topic_publisher' build argument 'catkin_skip_building_tests' from command line to 'False'
[0.843s] DEBUG:colcon.colcon_core.verb:Building package 'topic_publisher' with the following arguments: {'ament_cmake_args': None, 'build_base': '/home/charbel/mpo500_ws/src/build/topic_publisher', 'catkin_cmake_args': None, 'catkin_skip_building_tests': False, 'cmake_args': None, 'cmake_clean_cache': False, 'cmake_clean_first': False, 'cmake_force_configure': False, 'cmake_target': None, 'cmake_target_skip_unavailable': False, 'install_base': '/home/charbel/mpo500_ws/src/install/topic_publisher', 'merge_install': False, 'path': '/home/charbel/mpo500_ws/src/topic_publisher', 'symlink_install': False, 'test_result_base': None}
[0.843s] INFO:colcon.colcon_core.executor:Executing jobs using 'parallel' executor
[0.844s] DEBUG:colcon.colcon_parallel_executor.executor.parallel:run_until_complete
[0.844s] INFO:colcon.colcon_ros.task.ament_cmake.build:Building ROS package in '/home/charbel/mpo500_ws/src/topic_publisher' with build type 'ament_cmake'
[0.844s] INFO:colcon.colcon_cmake.task.cmake.build:Building CMake package in '/home/charbel/mpo500_ws/src/topic_publisher'
[0.846s] INFO:colcon.colcon_core.plugin_system:Skipping extension 'colcon_core.shell.bat': Not used on non-Windows systems
[0.846s] INFO:colcon.colcon_core.shell:Skip shell extension 'powershell' for command environment: Not usable outside of PowerShell
[0.846s] DEBUG:colcon.colcon_core.shell:Skip shell extension 'dsv' for command environment
[0.853s] DEBUG:colcon.colcon_core.event_handler.log_command:Invoking command in '/home/charbel/mpo500_ws/src/build/topic_publisher': CMAKE_PREFIX_PATH=${CMAKE_PREFIX_PATH}:/opt/ros/humble /usr/bin/cmake /home/charbel/mpo500_ws/src/topic_publisher -DCMAKE_INSTALL_PREFIX=/home/charbel/mpo500_ws/src/install/topic_publisher
[2.222s] DEBUG:colcon.colcon_core.event_handler.log_command:Invoked command in '/home/charbel/mpo500_ws/src/build/topic_publisher' returned '0': CMAKE_PREFIX_PATH=${CMAKE_PREFIX_PATH}:/opt/ros/humble /usr/bin/cmake /home/charbel/mpo500_ws/src/topic_publisher -DCMAKE_INSTALL_PREFIX=/home/charbel/mpo500_ws/src/install/topic_publisher
[2.224s] DEBUG:colcon.colcon_core.event_handler.log_command:Invoking command in '/home/charbel/mpo500_ws/src/build/topic_publisher': CMAKE_PREFIX_PATH=${CMAKE_PREFIX_PATH}:/opt/ros/humble /usr/bin/cmake --build /home/charbel/mpo500_ws/src/build/topic_publisher -- -j16 -l16
[2.262s] DEBUG:colcon.colcon_core.event_handler.log_command:Invoked command in '/home/charbel/mpo500_ws/src/build/topic_publisher' returned '0': CMAKE_PREFIX_PATH=${CMAKE_PREFIX_PATH}:/opt/ros/humble /usr/bin/cmake --build /home/charbel/mpo500_ws/src/build/topic_publisher -- -j16 -l16
[2.312s] DEBUG:colcon.colcon_core.event_handler.log_command:Invoking command in '/home/charbel/mpo500_ws/src/build/topic_publisher': CMAKE_PREFIX_PATH=${CMAKE_PREFIX_PATH}:/opt/ros/humble /usr/bin/cmake --install /home/charbel/mpo500_ws/src/build/topic_publisher
[2.319s] Level 1:colcon.colcon_core.environment:create_environment_scripts_only(topic_publisher)
[2.320s] DEBUG:colcon.colcon_core.event_handler.log_command:Invoked command in '/home/charbel/mpo500_ws/src/build/topic_publisher' returned '0': CMAKE_PREFIX_PATH=${CMAKE_PREFIX_PATH}:/opt/ros/humble /usr/bin/cmake --install /home/charbel/mpo500_ws/src/build/topic_publisher
[2.323s] Level 1:colcon.colcon_core.environment:checking '/home/charbel/mpo500_ws/src/install/topic_publisher' for CMake module files
[2.324s] Level 1:colcon.colcon_core.environment:checking '/home/charbel/mpo500_ws/src/install/topic_publisher' for CMake config files
[2.324s] Level 1:colcon.colcon_core.shell:create_environment_hook('topic_publisher', 'cmake_prefix_path')
[2.324s] INFO:colcon.colcon_core.shell:Creating environment hook '/home/charbel/mpo500_ws/src/install/topic_publisher/share/topic_publisher/hook/cmake_prefix_path.ps1'
[2.325s] INFO:colcon.colcon_core.shell:Creating environment descriptor '/home/charbel/mpo500_ws/src/install/topic_publisher/share/topic_publisher/hook/cmake_prefix_path.dsv'
[2.326s] INFO:colcon.colcon_core.shell:Creating environment hook '/home/charbel/mpo500_ws/src/install/topic_publisher/share/topic_publisher/hook/cmake_prefix_path.sh'
[2.327s] Level 1:colcon.colcon_core.environment:checking '/home/charbel/mpo500_ws/src/install/topic_publisher/bin'
[2.327s] Level 1:colcon.colcon_core.environment:checking '/home/charbel/mpo500_ws/src/install/topic_publisher/lib/pkgconfig/topic_publisher.pc'
[2.328s] Level 1:colcon.colcon_core.environment:checking '/home/charbel/mpo500_ws/src/install/topic_publisher/lib/python3.10/site-packages'
[2.328s] Level 1:colcon.colcon_core.environment:checking '/home/charbel/mpo500_ws/src/install/topic_publisher/bin'
[2.328s] INFO:colcon.colcon_core.shell:Creating package script '/home/charbel/mpo500_ws/src/install/topic_publisher/share/topic_publisher/package.ps1'
[2.330s] INFO:colcon.colcon_core.shell:Creating package descriptor '/home/charbel/mpo500_ws/src/install/topic_publisher/share/topic_publisher/package.dsv'
[2.332s] INFO:colcon.colcon_core.shell:Creating package script '/home/charbel/mpo500_ws/src/install/topic_publisher/share/topic_publisher/package.sh'
[2.333s] INFO:colcon.colcon_core.shell:Creating package script '/home/charbel/mpo500_ws/src/install/topic_publisher/share/topic_publisher/package.bash'
[2.335s] INFO:colcon.colcon_core.shell:Creating package script '/home/charbel/mpo500_ws/src/install/topic_publisher/share/topic_publisher/package.zsh'
[2.337s] Level 1:colcon.colcon_core.environment:create_file_with_runtime_dependencies(/home/charbel/mpo500_ws/src/install/topic_publisher/share/colcon-core/packages/topic_publisher)
[2.396s] Level 1:colcon.colcon_core.environment:create_environment_scripts_only(topic_publisher)
[2.397s] Level 1:colcon.colcon_core.environment:checking '/home/charbel/mpo500_ws/src/install/topic_publisher' for CMake module files
[2.397s] Level 1:colcon.colcon_core.environment:checking '/home/charbel/mpo500_ws/src/install/topic_publisher' for CMake config files
[2.398s] Level 1:colcon.colcon_core.shell:create_environment_hook('topic_publisher', 'cmake_prefix_path')
[2.398s] INFO:colcon.colcon_core.shell:Creating environment hook '/home/charbel/mpo500_ws/src/install/topic_publisher/share/topic_publisher/hook/cmake_prefix_path.ps1'
[2.399s] INFO:colcon.colcon_core.shell:Creating environment descriptor '/home/charbel/mpo500_ws/src/install/topic_publisher/share/topic_publisher/hook/cmake_prefix_path.dsv'
[2.399s] INFO:colcon.colcon_core.shell:Creating environment hook '/home/charbel/mpo500_ws/src/install/topic_publisher/share/topic_publisher/hook/cmake_prefix_path.sh'
[2.400s] Level 1:colcon.colcon_core.environment:checking '/home/charbel/mpo500_ws/src/install/topic_publisher/bin'
[2.401s] Level 1:colcon.colcon_core.environment:checking '/home/charbel/mpo500_ws/src/install/topic_publisher/lib/pkgconfig/topic_publisher.pc'
[2.401s] Level 1:colcon.colcon_core.environment:checking '/home/charbel/mpo500_ws/src/install/topic_publisher/lib/python3.10/site-packages'
[2.402s] Level 1:colcon.colcon_core.environment:checking '/home/charbel/mpo500_ws/src/install/topic_publisher/bin'
[2.402s] INFO:colcon.colcon_core.shell:Creating package script '/home/charbel/mpo500_ws/src/install/topic_publisher/share/topic_publisher/package.ps1'
[2.404s] INFO:colcon.colcon_core.shell:Creating package descriptor '/home/charbel/mpo500_ws/src/install/topic_publisher/share/topic_publisher/package.dsv'
[2.405s] INFO:colcon.colcon_core.shell:Creating package script '/home/charbel/mpo500_ws/src/install/topic_publisher/share/topic_publisher/package.sh'
[2.406s] INFO:colcon.colcon_core.shell:Creating package script '/home/charbel/mpo500_ws/src/install/topic_publisher/share/topic_publisher/package.bash'
[2.407s] INFO:colcon.colcon_core.shell:Creating package script '/home/charbel/mpo500_ws/src/install/topic_publisher/share/topic_publisher/package.zsh'
[2.408s] Level 1:colcon.colcon_core.environment:create_file_with_runtime_dependencies(/home/charbel/mpo500_ws/src/install/topic_publisher/share/colcon-core/packages/topic_publisher)
[2.408s] DEBUG:colcon.colcon_parallel_executor.executor.parallel:closing loop
[2.409s] DEBUG:colcon.colcon_parallel_executor.executor.parallel:loop closed
[2.409s] DEBUG:colcon.colcon_parallel_executor.executor.parallel:run_until_complete finished with '0'
[2.409s] DEBUG:colcon.colcon_core.event_reactor:joining thread
[2.418s] INFO:colcon.colcon_core.plugin_system:Skipping extension 'colcon_notification.desktop_notification.terminal_notifier': Not used on non-Darwin systems
[2.418s] INFO:colcon.colcon_core.plugin_system:Skipping extension 'colcon_notification.desktop_notification.win32': Not used on non-Windows systems
[2.418s] INFO:colcon.colcon_notification.desktop_notification:Sending desktop notification using 'notify2'
[2.451s] DEBUG:colcon.colcon_core.event_reactor:joined thread
[2.452s] INFO:colcon.colcon_core.shell:Creating prefix script '/home/charbel/mpo500_ws/src/install/local_setup.ps1'
[2.455s] INFO:colcon.colcon_core.shell:Creating prefix util module '/home/charbel/mpo500_ws/src/install/_local_setup_util_ps1.py'
[2.457s] INFO:colcon.colcon_core.shell:Creating prefix chain script '/home/charbel/mpo500_ws/src/install/setup.ps1'
[2.459s] INFO:colcon.colcon_core.shell:Creating prefix script '/home/charbel/mpo500_ws/src/install/local_setup.sh'
[2.460s] INFO:colcon.colcon_core.shell:Creating prefix util module '/home/charbel/mpo500_ws/src/install/_local_setup_util_sh.py'
[2.460s] INFO:colcon.colcon_core.shell:Creating prefix chain script '/home/charbel/mpo500_ws/src/install/setup.sh'
[2.462s] INFO:colcon.colcon_core.shell:Creating prefix script '/home/charbel/mpo500_ws/src/install/local_setup.bash'
[2.462s] INFO:colcon.colcon_core.shell:Creating prefix chain script '/home/charbel/mpo500_ws/src/install/setup.bash'
[2.464s] INFO:colcon.colcon_core.shell:Creating prefix script '/home/charbel/mpo500_ws/src/install/local_setup.zsh'
[2.464s] INFO:colcon.colcon_core.shell:Creating prefix chain script '/home/charbel/mpo500_ws/src/install/setup.zsh'
