[0.022s] Invoking command in '/home/charbel/mpo500_ws/build/neo_nav2_bringup': CMAKE_PREFIX_PATH=${CMAKE_PREFIX_PATH}:/opt/ros/humble /usr/bin/cmake --build /home/charbel/mpo500_ws/build/neo_nav2_bringup -- -j16 -l16
[0.049s] Invoked command in '/home/charbel/mpo500_ws/build/neo_nav2_bringup' returned '0': CMAKE_PREFIX_PATH=${CMAKE_PREFIX_PATH}:/opt/ros/humble /usr/bin/cmake --build /home/charbel/mpo500_ws/build/neo_nav2_bringup -- -j16 -l16
[0.072s] Invoking command in '/home/charbel/mpo500_ws/build/neo_nav2_bringup': CMAKE_PREFIX_PATH=${CMAKE_PREFIX_PATH}:/opt/ros/humble /usr/bin/cmake --install /home/charbel/mpo500_ws/build/neo_nav2_bringup
[0.078s] -- Install configuration: ""
[0.078s] -- Up-to-date: /home/charbel/mpo500_ws/install/neo_nav2_bringup/share/neo_nav2_bringup/launch
[0.079s] -- Up-to-date: /home/charbel/mpo500_ws/install/neo_nav2_bringup/share/neo_nav2_bringup/launch/mapping.launch.py
[0.079s] -- Up-to-date: /home/charbel/mpo500_ws/install/neo_nav2_bringup/share/neo_nav2_bringup/launch/localization_neo.launch.py
[0.079s] -- Up-to-date: /home/charbel/mpo500_ws/install/neo_nav2_bringup/share/neo_nav2_bringup/launch/rviz_launch.py
[0.079s] -- Up-to-date: /home/charbel/mpo500_ws/install/neo_nav2_bringup/share/neo_nav2_bringup/launch/navigation_neo.launch.py
[0.079s] -- Up-to-date: /home/charbel/mpo500_ws/install/neo_nav2_bringup/share/neo_nav2_bringup/launch/localization_amcl.launch.py
[0.079s] -- Up-to-date: /home/charbel/mpo500_ws/install/neo_nav2_bringup/share/neo_nav2_bringup/config
[0.079s] -- Up-to-date: /home/charbel/mpo500_ws/install/neo_nav2_bringup/share/neo_nav2_bringup/config/mapping.yaml
[0.079s] -- Up-to-date: /home/charbel/mpo500_ws/install/neo_nav2_bringup/share/neo_nav2_bringup/config/navigation.yaml
[0.079s] -- Up-to-date: /home/charbel/mpo500_ws/install/neo_nav2_bringup/share/neo_nav2_bringup/rviz
[0.079s] -- Up-to-date: /home/charbel/mpo500_ws/install/neo_nav2_bringup/share/neo_nav2_bringup/rviz/single_robot.rviz
[0.079s] -- Up-to-date: /home/charbel/mpo500_ws/install/neo_nav2_bringup/share/neo_nav2_bringup/rviz/multi_robot.rviz
[0.079s] -- Up-to-date: /home/charbel/mpo500_ws/install/neo_nav2_bringup/share/ament_index/resource_index/package_run_dependencies/neo_nav2_bringup
[0.079s] -- Up-to-date: /home/charbel/mpo500_ws/install/neo_nav2_bringup/share/ament_index/resource_index/parent_prefix_path/neo_nav2_bringup
[0.079s] -- Up-to-date: /home/charbel/mpo500_ws/install/neo_nav2_bringup/share/neo_nav2_bringup/environment/ament_prefix_path.sh
[0.079s] -- Up-to-date: /home/charbel/mpo500_ws/install/neo_nav2_bringup/share/neo_nav2_bringup/environment/ament_prefix_path.dsv
[0.079s] -- Up-to-date: /home/charbel/mpo500_ws/install/neo_nav2_bringup/share/neo_nav2_bringup/environment/path.sh
[0.079s] -- Up-to-date: /home/charbel/mpo500_ws/install/neo_nav2_bringup/share/neo_nav2_bringup/environment/path.dsv
[0.080s] -- Up-to-date: /home/charbel/mpo500_ws/install/neo_nav2_bringup/share/neo_nav2_bringup/local_setup.bash
[0.080s] -- Up-to-date: /home/charbel/mpo500_ws/install/neo_nav2_bringup/share/neo_nav2_bringup/local_setup.sh
[0.081s] -- Up-to-date: /home/charbel/mpo500_ws/install/neo_nav2_bringup/share/neo_nav2_bringup/local_setup.zsh
[0.081s] -- Up-to-date: /home/charbel/mpo500_ws/install/neo_nav2_bringup/share/neo_nav2_bringup/local_setup.dsv
[0.081s] -- Installing: /home/charbel/mpo500_ws/install/neo_nav2_bringup/share/neo_nav2_bringup/package.dsv
[0.081s] -- Up-to-date: /home/charbel/mpo500_ws/install/neo_nav2_bringup/share/ament_index/resource_index/packages/neo_nav2_bringup
[0.081s] -- Up-to-date: /home/charbel/mpo500_ws/install/neo_nav2_bringup/share/neo_nav2_bringup/cmake/neo_nav2_bringupConfig.cmake
[0.081s] -- Up-to-date: /home/charbel/mpo500_ws/install/neo_nav2_bringup/share/neo_nav2_bringup/cmake/neo_nav2_bringupConfig-version.cmake
[0.081s] -- Up-to-date: /home/charbel/mpo500_ws/install/neo_nav2_bringup/share/neo_nav2_bringup/package.xml
[0.084s] Invoked command in '/home/charbel/mpo500_ws/build/neo_nav2_bringup' returned '0': CMAKE_PREFIX_PATH=${CMAKE_PREFIX_PATH}:/opt/ros/humble /usr/bin/cmake --install /home/charbel/mpo500_ws/build/neo_nav2_bringup
