-- Found ament_cmake: 1.3.10 (/opt/ros/humble/share/ament_cmake/cmake)
-- Found rclcpp: 16.0.10 (/opt/ros/humble/share/rclcpp/cmake)
-- Found rosidl_generator_c: 3.1.5 (/opt/ros/humble/share/rosidl_generator_c/cmake)
-- Found rosidl_adapter: 3.1.5 (/opt/ros/humble/share/rosidl_adapter/cmake)
-- Found rosidl_generator_cpp: 3.1.5 (/opt/ros/humble/share/rosidl_generator_cpp/cmake)
-- Using all available rosidl_typesupport_c: rosidl_typesupport_fastrtps_c;rosidl_typesupport_introspection_c
-- Using all available rosidl_typesupport_cpp: rosidl_typesupport_fastrtps_cpp;rosidl_typesupport_introspection_cpp
-- Found rmw_implementation_cmake: 6.1.2 (/opt/ros/humble/share/rmw_implementation_cmake/cmake)
-- Found rmw_fastrtps_cpp: 6.2.7 (/opt/ros/humble/share/rmw_fastrtps_cpp/cmake)
-- Using RMW implementation 'rmw_fastrtps_cpp' as default
-- Found geometry_msgs: 4.2.4 (/opt/ros/humble/share/geometry_msgs/cmake)
-- Found ament_lint_auto: 0.12.11 (/opt/ros/humble/share/ament_lint_auto/cmake)
-- Added test 'cppcheck' to perform static code analysis on C / C++ code
-- Configured cppcheck include dirs: 
-- Configured cppcheck exclude dirs and/or files: 
-- Added test 'flake8' to check Python code syntax and style conventions
-- Added test 'lint_cmake' to check CMake code style
-- Added test 'pep257' to check Python code against some of the docstring style conventions in PEP 257
-- Added test 'uncrustify' to check C / C++ code style
-- Configured uncrustify additional arguments: 
-- Added test 'xmllint' to check XML markup files
-- Configuring done
-- Generating done
-- Build files have been written to: /home/charbel/mpo500_ws/src/build/topic_publisher
[ 50%] [32mBuilding CXX object CMakeFiles/move_robot_node.dir/src/move_robot.cpp.o[0m
[100%] [32m[1mLinking CXX executable move_robot_node[0m
[100%] Built target move_robot_node
-- Install configuration: ""
-- Installing: /home/charbel/mpo500_ws/src/install/topic_publisher/lib/topic_publisher/move_robot_node
-- Set runtime path of "/home/charbel/mpo500_ws/src/install/topic_publisher/lib/topic_publisher/move_robot_node" to ""
-- Installing: /home/charbel/mpo500_ws/src/install/topic_publisher/share/topic_publisher//launch
-- Installing: /home/charbel/mpo500_ws/src/install/topic_publisher/share/topic_publisher//launch/move_robot.launch.py
-- Installing: /home/charbel/mpo500_ws/src/install/topic_publisher/share/ament_index/resource_index/package_run_dependencies/topic_publisher
-- Installing: /home/charbel/mpo500_ws/src/install/topic_publisher/share/ament_index/resource_index/parent_prefix_path/topic_publisher
-- Up-to-date: /home/charbel/mpo500_ws/src/install/topic_publisher/share/topic_publisher/environment/ament_prefix_path.sh
-- Installing: /home/charbel/mpo500_ws/src/install/topic_publisher/share/topic_publisher/environment/ament_prefix_path.dsv
-- Up-to-date: /home/charbel/mpo500_ws/src/install/topic_publisher/share/topic_publisher/environment/path.sh
-- Installing: /home/charbel/mpo500_ws/src/install/topic_publisher/share/topic_publisher/environment/path.dsv
-- Up-to-date: /home/charbel/mpo500_ws/src/install/topic_publisher/share/topic_publisher/local_setup.bash
-- Up-to-date: /home/charbel/mpo500_ws/src/install/topic_publisher/share/topic_publisher/local_setup.sh
-- Up-to-date: /home/charbel/mpo500_ws/src/install/topic_publisher/share/topic_publisher/local_setup.zsh
-- Installing: /home/charbel/mpo500_ws/src/install/topic_publisher/share/topic_publisher/local_setup.dsv
-- Installing: /home/charbel/mpo500_ws/src/install/topic_publisher/share/topic_publisher/package.dsv
-- Up-to-date: /home/charbel/mpo500_ws/src/install/topic_publisher/share/ament_index/resource_index/packages/topic_publisher
-- Up-to-date: /home/charbel/mpo500_ws/src/install/topic_publisher/share/topic_publisher/cmake/topic_publisherConfig.cmake
-- Up-to-date: /home/charbel/mpo500_ws/src/install/topic_publisher/share/topic_publisher/cmake/topic_publisherConfig-version.cmake
-- Installing: /home/charbel/mpo500_ws/src/install/topic_publisher/share/topic_publisher/package.xml
