[0.020s] Invoking command in '/home/charbel/mpo500_ws/src/build/topic_publisher': CMAKE_PREFIX_PATH=${CMAKE_PREFIX_PATH}:/opt/ros/humble /usr/bin/cmake --build /home/charbel/mpo500_ws/src/build/topic_publisher -- -j16 -l16
[0.065s] -- Found ament_cmake: 1.3.10 (/opt/ros/humble/share/ament_cmake/cmake)
[0.235s] -- Found rclcpp: 16.0.10 (/opt/ros/humble/share/rclcpp/cmake)
[0.274s] -- Found rosidl_generator_c: 3.1.5 (/opt/ros/humble/share/rosidl_generator_c/cmake)
[0.276s] -- Found rosidl_adapter: 3.1.5 (/opt/ros/humble/share/rosidl_adapter/cmake)
[0.285s] -- Found rosidl_generator_cpp: 3.1.5 (/opt/ros/humble/share/rosidl_generator_cpp/cmake)
[0.297s] -- Using all available rosidl_typesupport_c: rosidl_typesupport_fastrtps_c;rosidl_typesupport_introspection_c
[0.309s] -- Using all available rosidl_typesupport_cpp: rosidl_typesupport_fastrtps_cpp;rosidl_typesupport_introspection_cpp
[0.345s] -- Found rmw_implementation_cmake: 6.1.2 (/opt/ros/humble/share/rmw_implementation_cmake/cmake)
[0.347s] -- Found rmw_fastrtps_cpp: 6.2.7 (/opt/ros/humble/share/rmw_fastrtps_cpp/cmake)
[0.438s] -- Using RMW implementation 'rmw_fastrtps_cpp' as default
[0.481s] -- Found geometry_msgs: 4.2.4 (/opt/ros/humble/share/geometry_msgs/cmake)
[0.491s] -- Found ament_lint_auto: 0.12.11 (/opt/ros/humble/share/ament_lint_auto/cmake)
[0.557s] -- Added test 'cppcheck' to perform static code analysis on C / C++ code
[0.557s] -- Configured cppcheck include dirs: 
[0.557s] -- Configured cppcheck exclude dirs and/or files: 
[0.558s] -- Added test 'flake8' to check Python code syntax and style conventions
[0.559s] -- Added test 'lint_cmake' to check CMake code style
[0.559s] -- Added test 'pep257' to check Python code against some of the docstring style conventions in PEP 257
[0.560s] -- Added test 'uncrustify' to check C / C++ code style
[0.560s] -- Configured uncrustify additional arguments: 
[0.561s] -- Added test 'xmllint' to check XML markup files
[0.562s] -- Configuring done
[0.571s] -- Generating done
[0.573s] -- Build files have been written to: /home/charbel/mpo500_ws/src/build/topic_publisher
[0.596s] [ 50%] [32mBuilding CXX object CMakeFiles/move_robot_node.dir/src/move_robot.cpp.o[0m
[5.678s] [100%] [32m[1mLinking CXX executable move_robot_node[0m
[5.824s] [100%] Built target move_robot_node
[5.832s] Invoked command in '/home/charbel/mpo500_ws/src/build/topic_publisher' returned '0': CMAKE_PREFIX_PATH=${CMAKE_PREFIX_PATH}:/opt/ros/humble /usr/bin/cmake --build /home/charbel/mpo500_ws/src/build/topic_publisher -- -j16 -l16
[5.858s] Invoking command in '/home/charbel/mpo500_ws/src/build/topic_publisher': CMAKE_PREFIX_PATH=${CMAKE_PREFIX_PATH}:/opt/ros/humble /usr/bin/cmake --install /home/charbel/mpo500_ws/src/build/topic_publisher
[5.865s] -- Install configuration: ""
[5.865s] -- Installing: /home/charbel/mpo500_ws/src/install/topic_publisher/lib/topic_publisher/move_robot_node
[5.866s] -- Set runtime path of "/home/charbel/mpo500_ws/src/install/topic_publisher/lib/topic_publisher/move_robot_node" to ""
[5.866s] -- Installing: /home/charbel/mpo500_ws/src/install/topic_publisher/share/topic_publisher//launch
[5.866s] -- Installing: /home/charbel/mpo500_ws/src/install/topic_publisher/share/topic_publisher//launch/move_robot.launch.py
[5.866s] -- Installing: /home/charbel/mpo500_ws/src/install/topic_publisher/share/ament_index/resource_index/package_run_dependencies/topic_publisher
[5.867s] -- Installing: /home/charbel/mpo500_ws/src/install/topic_publisher/share/ament_index/resource_index/parent_prefix_path/topic_publisher
[5.867s] -- Up-to-date: /home/charbel/mpo500_ws/src/install/topic_publisher/share/topic_publisher/environment/ament_prefix_path.sh
[5.867s] -- Installing: /home/charbel/mpo500_ws/src/install/topic_publisher/share/topic_publisher/environment/ament_prefix_path.dsv
[5.867s] -- Up-to-date: /home/charbel/mpo500_ws/src/install/topic_publisher/share/topic_publisher/environment/path.sh
[5.867s] -- Installing: /home/charbel/mpo500_ws/src/install/topic_publisher/share/topic_publisher/environment/path.dsv
[5.867s] -- Up-to-date: /home/charbel/mpo500_ws/src/install/topic_publisher/share/topic_publisher/local_setup.bash
[5.867s] -- Up-to-date: /home/charbel/mpo500_ws/src/install/topic_publisher/share/topic_publisher/local_setup.sh
[5.867s] -- Up-to-date: /home/charbel/mpo500_ws/src/install/topic_publisher/share/topic_publisher/local_setup.zsh
[5.867s] -- Installing: /home/charbel/mpo500_ws/src/install/topic_publisher/share/topic_publisher/local_setup.dsv
[5.868s] -- Installing: /home/charbel/mpo500_ws/src/install/topic_publisher/share/topic_publisher/package.dsv
[5.868s] -- Up-to-date: /home/charbel/mpo500_ws/src/install/topic_publisher/share/ament_index/resource_index/packages/topic_publisher
[5.868s] -- Up-to-date: /home/charbel/mpo500_ws/src/install/topic_publisher/share/topic_publisher/cmake/topic_publisherConfig.cmake
[5.868s] -- Up-to-date: /home/charbel/mpo500_ws/src/install/topic_publisher/share/topic_publisher/cmake/topic_publisherConfig-version.cmake
[5.868s] -- Installing: /home/charbel/mpo500_ws/src/install/topic_publisher/share/topic_publisher/package.xml
[5.870s] Invoked command in '/home/charbel/mpo500_ws/src/build/topic_publisher' returned '0': CMAKE_PREFIX_PATH=${CMAKE_PREFIX_PATH}:/opt/ros/humble /usr/bin/cmake --install /home/charbel/mpo500_ws/src/build/topic_publisher
