[0.008s] Invoking command in '/home/charbel/mpo500_ws/src/build/neo_srvs2': AMENT_PREFIX_PATH=/home/charbel/mpo500_ws/src/install/neo_msgs2:${AMENT_PREFIX_PATH} CMAKE_PREFIX_PATH=/home/charbel/mpo500_ws/src/install/neo_msgs2:/home/charbel/mpo500_ws/install/topic_subscriber:/home/charbel/mpo500_ws/install/topic_publisher:/home/charbel/mpo500_ws/install/robot_controller:/home/charbel/mpo500_ws/install/neo_teleop2:/home/charbel/mpo500_ws/install/neo_relayboard_v2-2:/home/charbel/mpo500_ws/install/neo_srvs2:/home/charbel/mpo500_ws/install/neo_simulation2:/home/charbel/mpo500_ws/install/neo_mpo_500-2:/home/charbel/mpo500_ws/install/neo_nav2_bringup:/home/charbel/mpo500_ws/install/neo_msgs2:/home/charbel/mpo500_ws/install/neo_kinematics_mecanum2:/home/charbel/mpo500_ws/install/neo_common2:/opt/ros/humble LD_LIBRARY_PATH=/home/charbel/mpo500_ws/src/install/neo_msgs2/lib:${LD_LIBRARY_PATH} PYTHONPATH=/home/charbel/mpo500_ws/src/install/neo_msgs2/local/lib/python3.10/dist-packages:${PYTHONPATH} /usr/bin/cmake /home/charbel/mpo500_ws/src/neo_srvs2 -DCMAKE_INSTALL_PREFIX=/home/charbel/mpo500_ws/src/install/neo_srvs2
[0.049s] -- The C compiler identification is GNU 11.4.0
[0.092s] -- The CXX compiler identification is GNU 11.4.0
[0.097s] -- Detecting C compiler ABI info
[0.151s] -- Detecting C compiler ABI info - done
[0.155s] -- Check for working C compiler: /usr/bin/cc - skipped
[0.156s] -- Detecting C compile features
[0.156s] -- Detecting C compile features - done
[0.158s] -- Detecting CXX compiler ABI info
[0.221s] -- Detecting CXX compiler ABI info - done
[0.226s] -- Check for working CXX compiler: /usr/bin/c++ - skipped
[0.226s] -- Detecting CXX compile features
[0.227s] -- Detecting CXX compile features - done
[0.228s] -- Found rosidl_default_generators: 1.2.0 (/opt/ros/humble/share/rosidl_default_generators/cmake)
[0.230s] -- Found ament_cmake_core: 1.3.10 (/opt/ros/humble/share/ament_cmake_core/cmake)
[0.340s] -- Found Python3: /usr/bin/python3 (found version "3.10.12") found components: Interpreter 
[0.386s] -- Using all available rosidl_typesupport_c: rosidl_typesupport_fastrtps_c;rosidl_typesupport_introspection_c
[0.393s] -- Found rosidl_adapter: 3.1.5 (/opt/ros/humble/share/rosidl_adapter/cmake)
[0.445s] -- Using all available rosidl_typesupport_cpp: rosidl_typesupport_fastrtps_cpp;rosidl_typesupport_introspection_cpp
[0.469s] -- Found geometry_msgs: 4.2.4 (/opt/ros/humble/share/geometry_msgs/cmake)
[0.496s] -- Found neo_msgs2: 0.1.0 (/home/charbel/mpo500_ws/src/install/neo_msgs2/share/neo_msgs2/cmake)
[0.769s] -- Found ament_cmake_ros: 0.10.0 (/opt/ros/humble/share/ament_cmake_ros/cmake)
[0.957s] -- Using all available rosidl_typesupport_c: rosidl_typesupport_fastrtps_c;rosidl_typesupport_introspection_c
[1.206s] -- Using all available rosidl_typesupport_cpp: rosidl_typesupport_fastrtps_cpp;rosidl_typesupport_introspection_cpp
[1.224s] -- Found PythonInterp: /usr/bin/python3 (found suitable version "3.10.12", minimum required is "3.6") 
[1.226s] -- Found python_cmake_module: 0.10.0 (/opt/ros/humble/share/python_cmake_module/cmake)
[1.245s] -- Found PythonLibs: /usr/lib/x86_64-linux-gnu/libpython3.10.so (found suitable version "3.10.12", minimum required is "3.5") 
[1.245s] -- Using PYTHON_EXECUTABLE: /usr/bin/python3
[1.245s] -- Using PYTHON_INCLUDE_DIRS: /usr/include/python3.10
[1.245s] -- Using PYTHON_LIBRARIES: /usr/lib/x86_64-linux-gnu/libpython3.10.so
[1.260s] -- Found PythonExtra: .so  
[1.310s] -- Configuring done
[1.350s] -- Generating done
[1.351s] -- Build files have been written to: /home/charbel/mpo500_ws/src/build/neo_srvs2
[1.358s] Invoked command in '/home/charbel/mpo500_ws/src/build/neo_srvs2' returned '0': AMENT_PREFIX_PATH=/home/charbel/mpo500_ws/src/install/neo_msgs2:${AMENT_PREFIX_PATH} CMAKE_PREFIX_PATH=/home/charbel/mpo500_ws/src/install/neo_msgs2:/home/charbel/mpo500_ws/install/topic_subscriber:/home/charbel/mpo500_ws/install/topic_publisher:/home/charbel/mpo500_ws/install/robot_controller:/home/charbel/mpo500_ws/install/neo_teleop2:/home/charbel/mpo500_ws/install/neo_relayboard_v2-2:/home/charbel/mpo500_ws/install/neo_srvs2:/home/charbel/mpo500_ws/install/neo_simulation2:/home/charbel/mpo500_ws/install/neo_mpo_500-2:/home/charbel/mpo500_ws/install/neo_nav2_bringup:/home/charbel/mpo500_ws/install/neo_msgs2:/home/charbel/mpo500_ws/install/neo_kinematics_mecanum2:/home/charbel/mpo500_ws/install/neo_common2:/opt/ros/humble LD_LIBRARY_PATH=/home/charbel/mpo500_ws/src/install/neo_msgs2/lib:${LD_LIBRARY_PATH} PYTHONPATH=/home/charbel/mpo500_ws/src/install/neo_msgs2/local/lib/python3.10/dist-packages:${PYTHONPATH} /usr/bin/cmake /home/charbel/mpo500_ws/src/neo_srvs2 -DCMAKE_INSTALL_PREFIX=/home/charbel/mpo500_ws/src/install/neo_srvs2
[1.359s] Invoking command in '/home/charbel/mpo500_ws/src/build/neo_srvs2': AMENT_PREFIX_PATH=/home/charbel/mpo500_ws/src/install/neo_msgs2:${AMENT_PREFIX_PATH} CMAKE_PREFIX_PATH=/home/charbel/mpo500_ws/src/install/neo_msgs2:/home/charbel/mpo500_ws/install/topic_subscriber:/home/charbel/mpo500_ws/install/topic_publisher:/home/charbel/mpo500_ws/install/robot_controller:/home/charbel/mpo500_ws/install/neo_teleop2:/home/charbel/mpo500_ws/install/neo_relayboard_v2-2:/home/charbel/mpo500_ws/install/neo_srvs2:/home/charbel/mpo500_ws/install/neo_simulation2:/home/charbel/mpo500_ws/install/neo_mpo_500-2:/home/charbel/mpo500_ws/install/neo_nav2_bringup:/home/charbel/mpo500_ws/install/neo_msgs2:/home/charbel/mpo500_ws/install/neo_kinematics_mecanum2:/home/charbel/mpo500_ws/install/neo_common2:/opt/ros/humble LD_LIBRARY_PATH=/home/charbel/mpo500_ws/src/install/neo_msgs2/lib:${LD_LIBRARY_PATH} PYTHONPATH=/home/charbel/mpo500_ws/src/install/neo_msgs2/local/lib/python3.10/dist-packages:${PYTHONPATH} /usr/bin/cmake --build /home/charbel/mpo500_ws/src/build/neo_srvs2 -- -j16 -l16
[1.396s] [  1%] [34m[1mGenerating C code for ROS interfaces[0m
[1.405s] [  1%] [34m[1mGenerating C++ code for ROS interfaces[0m
[1.412s] [  1%] Built target ament_cmake_python_copy_neo_srvs2
[1.566s] running egg_info
[1.566s] creating neo_srvs2.egg-info
[1.566s] writing neo_srvs2.egg-info/PKG-INFO
[1.566s] writing dependency_links to neo_srvs2.egg-info/dependency_links.txt
[1.566s] writing top-level names to neo_srvs2.egg-info/top_level.txt
[1.566s] writing manifest file 'neo_srvs2.egg-info/SOURCES.txt'
[1.567s] reading manifest file 'neo_srvs2.egg-info/SOURCES.txt'
[1.568s] writing manifest file 'neo_srvs2.egg-info/SOURCES.txt'
[1.586s] [  1%] Built target ament_cmake_python_build_neo_srvs2_egg
[2.142s] [  1%] [32mBuilding C object CMakeFiles/neo_srvs2__rosidl_generator_c.dir/rosidl_generator_c/neo_srvs2/srv/detail/relay_board_set_relay__functions.c.o[0m
[2.142s] [  2%] [32mBuilding C object CMakeFiles/neo_srvs2__rosidl_generator_c.dir/rosidl_generator_c/neo_srvs2/srv/detail/relay_board_set_lcd_msg__functions.c.o[0m
[2.142s] [  3%] [32mBuilding C object CMakeFiles/neo_srvs2__rosidl_generator_c.dir/rosidl_generator_c/neo_srvs2/srv/detail/io_board_set_dig_out__functions.c.o[0m
[2.142s] [  3%] [32mBuilding C object CMakeFiles/neo_srvs2__rosidl_generator_c.dir/rosidl_generator_c/neo_srvs2/srv/detail/unlock_platform__functions.c.o[0m
[2.146s] [  4%] [32mBuilding C object CMakeFiles/neo_srvs2__rosidl_generator_c.dir/rosidl_generator_c/neo_srvs2/srv/detail/lock_platform__functions.c.o[0m
[2.150s] [  5%] [32mBuilding C object CMakeFiles/neo_srvs2__rosidl_generator_c.dir/rosidl_generator_c/neo_srvs2/srv/detail/reset_omni_wheels__functions.c.o[0m
[2.150s] [  6%] [32mBuilding C object CMakeFiles/neo_srvs2__rosidl_generator_c.dir/rosidl_generator_c/neo_srvs2/srv/detail/relay_board_set_em_stop__functions.c.o[0m
[2.151s] [  7%] [32mBuilding C object CMakeFiles/neo_srvs2__rosidl_generator_c.dir/rosidl_generator_c/neo_srvs2/srv/detail/relay_board_set_safety_mode__functions.c.o[0m
[2.154s] [  8%] [32mBuilding C object CMakeFiles/neo_srvs2__rosidl_generator_c.dir/rosidl_generator_c/neo_srvs2/srv/detail/relay_board_set_led__functions.c.o[0m
[2.156s] [  9%] [32mBuilding C object CMakeFiles/neo_srvs2__rosidl_generator_c.dir/rosidl_generator_c/neo_srvs2/srv/detail/us_board_toggle_sensor__functions.c.o[0m
[2.157s] [  9%] [32mBuilding C object CMakeFiles/neo_srvs2__rosidl_generator_c.dir/rosidl_generator_c/neo_srvs2/srv/detail/relay_board_un_set_em_stop__functions.c.o[0m
[2.169s] [ 10%] [32mBuilding C object CMakeFiles/neo_srvs2__rosidl_generator_c.dir/rosidl_generator_c/neo_srvs2/srv/detail/optimizer__functions.c.o[0m
[2.169s] [ 10%] [32mBuilding C object CMakeFiles/neo_srvs2__rosidl_generator_c.dir/rosidl_generator_c/neo_srvs2/srv/detail/initialize_contour_matching__functions.c.o[0m
[2.180s] [ 11%] [32mBuilding C object CMakeFiles/neo_srvs2__rosidl_generator_c.dir/rosidl_generator_c/neo_srvs2/srv/detail/set_safety_field__functions.c.o[0m
[2.212s] [ 11%] Built target neo_srvs2__cpp
[2.219s] [ 12%] [34m[1mGenerating C++ type support for eProsima Fast-RTPS[0m
[2.220s] [ 12%] [34m[1mGenerating C++ introspection for ROS interfaces[0m
[2.223s] [ 13%] [34m[1mGenerating C++ type support dispatch for ROS interfaces[0m
[2.235s] [ 14%] [32m[1mLinking C shared library libneo_srvs2__rosidl_generator_c.so[0m
[2.266s] [ 14%] Built target neo_srvs2__rosidl_generator_c
[2.274s] [ 15%] [34m[1mGenerating C type support dispatch for ROS interfaces[0m
[2.276s] [ 16%] [34m[1mGenerating C introspection for ROS interfaces[0m
[2.277s] [ 17%] [34m[1mGenerating C type support for eProsima Fast-RTPS[0m
[2.616s] [ 18%] [32mBuilding CXX object CMakeFiles/neo_srvs2__rosidl_typesupport_cpp.dir/rosidl_typesupport_cpp/neo_srvs2/srv/io_board_set_dig_out__type_support.cpp.o[0m
[2.616s] [ 19%] [32mBuilding CXX object CMakeFiles/neo_srvs2__rosidl_typesupport_cpp.dir/rosidl_typesupport_cpp/neo_srvs2/srv/lock_platform__type_support.cpp.o[0m
[2.617s] [ 20%] [32mBuilding CXX object CMakeFiles/neo_srvs2__rosidl_typesupport_cpp.dir/rosidl_typesupport_cpp/neo_srvs2/srv/unlock_platform__type_support.cpp.o[0m
[2.617s] [ 20%] [32mBuilding CXX object CMakeFiles/neo_srvs2__rosidl_typesupport_cpp.dir/rosidl_typesupport_cpp/neo_srvs2/srv/relay_board_set_lcd_msg__type_support.cpp.o[0m
[2.617s] [ 21%] [32mBuilding CXX object CMakeFiles/neo_srvs2__rosidl_typesupport_cpp.dir/rosidl_typesupport_cpp/neo_srvs2/srv/relay_board_un_set_em_stop__type_support.cpp.o[0m
[2.617s] [ 22%] [32mBuilding CXX object CMakeFiles/neo_srvs2__rosidl_typesupport_cpp.dir/rosidl_typesupport_cpp/neo_srvs2/srv/relay_board_set_led__type_support.cpp.o[0m
[2.618s] [ 22%] [32mBuilding CXX object CMakeFiles/neo_srvs2__rosidl_typesupport_cpp.dir/rosidl_typesupport_cpp/neo_srvs2/srv/us_board_toggle_sensor__type_support.cpp.o[0m
[2.618s] [ 23%] [32mBuilding CXX object CMakeFiles/neo_srvs2__rosidl_typesupport_cpp.dir/rosidl_typesupport_cpp/neo_srvs2/srv/relay_board_set_em_stop__type_support.cpp.o[0m
[2.618s] [ 24%] [32mBuilding CXX object CMakeFiles/neo_srvs2__rosidl_typesupport_cpp.dir/rosidl_typesupport_cpp/neo_srvs2/srv/relay_board_set_safety_mode__type_support.cpp.o[0m
[2.619s] [ 24%] [32mBuilding CXX object CMakeFiles/neo_srvs2__rosidl_typesupport_cpp.dir/rosidl_typesupport_cpp/neo_srvs2/srv/reset_omni_wheels__type_support.cpp.o[0m
[2.621s] [ 25%] [32mBuilding CXX object CMakeFiles/neo_srvs2__rosidl_typesupport_cpp.dir/rosidl_typesupport_cpp/neo_srvs2/srv/relay_board_set_relay__type_support.cpp.o[0m
[2.882s] [ 25%] [32mBuilding CXX object CMakeFiles/neo_srvs2__rosidl_typesupport_c.dir/rosidl_typesupport_c/neo_srvs2/srv/relay_board_set_relay__type_support.cpp.o[0m
[2.883s] [ 26%] [32mBuilding CXX object CMakeFiles/neo_srvs2__rosidl_typesupport_cpp.dir/rosidl_typesupport_cpp/neo_srvs2/srv/optimizer__type_support.cpp.o[0m
[2.901s] [ 27%] [32mBuilding CXX object CMakeFiles/neo_srvs2__rosidl_typesupport_c.dir/rosidl_typesupport_c/neo_srvs2/srv/io_board_set_dig_out__type_support.cpp.o[0m
[2.902s] [ 28%] [32mBuilding CXX object CMakeFiles/neo_srvs2__rosidl_typesupport_cpp.dir/rosidl_typesupport_cpp/neo_srvs2/srv/initialize_contour_matching__type_support.cpp.o[0m
[2.905s] [ 28%] [32mBuilding CXX object CMakeFiles/neo_srvs2__rosidl_typesupport_cpp.dir/rosidl_typesupport_cpp/neo_srvs2/srv/set_safety_field__type_support.cpp.o[0m
[2.909s] [ 29%] [32mBuilding CXX object CMakeFiles/neo_srvs2__rosidl_typesupport_c.dir/rosidl_typesupport_c/neo_srvs2/srv/relay_board_set_lcd_msg__type_support.cpp.o[0m
[2.910s] [ 30%] [32mBuilding CXX object CMakeFiles/neo_srvs2__rosidl_typesupport_c.dir/rosidl_typesupport_c/neo_srvs2/srv/lock_platform__type_support.cpp.o[0m
[2.921s] [ 30%] [32mBuilding CXX object CMakeFiles/neo_srvs2__rosidl_typesupport_c.dir/rosidl_typesupport_c/neo_srvs2/srv/unlock_platform__type_support.cpp.o[0m
[2.925s] [ 31%] [32mBuilding CXX object CMakeFiles/neo_srvs2__rosidl_typesupport_c.dir/rosidl_typesupport_c/neo_srvs2/srv/reset_omni_wheels__type_support.cpp.o[0m
[2.935s] [ 32%] [32mBuilding CXX object CMakeFiles/neo_srvs2__rosidl_typesupport_c.dir/rosidl_typesupport_c/neo_srvs2/srv/relay_board_set_em_stop__type_support.cpp.o[0m
[2.941s] [ 33%] [32mBuilding CXX object CMakeFiles/neo_srvs2__rosidl_typesupport_c.dir/rosidl_typesupport_c/neo_srvs2/srv/relay_board_set_safety_mode__type_support.cpp.o[0m
[2.947s] [ 34%] [32mBuilding CXX object CMakeFiles/neo_srvs2__rosidl_typesupport_c.dir/rosidl_typesupport_c/neo_srvs2/srv/relay_board_set_led__type_support.cpp.o[0m
[2.947s] [ 34%] [32mBuilding CXX object CMakeFiles/neo_srvs2__rosidl_typesupport_c.dir/rosidl_typesupport_c/neo_srvs2/srv/relay_board_un_set_em_stop__type_support.cpp.o[0m
[2.954s] [ 35%] [32mBuilding CXX object CMakeFiles/neo_srvs2__rosidl_typesupport_c.dir/rosidl_typesupport_c/neo_srvs2/srv/us_board_toggle_sensor__type_support.cpp.o[0m
[2.961s] [ 35%] [32mBuilding CXX object CMakeFiles/neo_srvs2__rosidl_typesupport_c.dir/rosidl_typesupport_c/neo_srvs2/srv/initialize_contour_matching__type_support.cpp.o[0m
[2.964s] [ 36%] [32mBuilding CXX object CMakeFiles/neo_srvs2__rosidl_typesupport_c.dir/rosidl_typesupport_c/neo_srvs2/srv/set_safety_field__type_support.cpp.o[0m
[2.964s] [ 37%] [32mBuilding CXX object CMakeFiles/neo_srvs2__rosidl_typesupport_c.dir/rosidl_typesupport_c/neo_srvs2/srv/optimizer__type_support.cpp.o[0m
[2.979s] [ 37%] [32mBuilding CXX object CMakeFiles/neo_srvs2__rosidl_typesupport_introspection_cpp.dir/rosidl_typesupport_introspection_cpp/neo_srvs2/srv/detail/lock_platform__type_support.cpp.o[0m
[2.980s] [ 40%] [32mBuilding CXX object CMakeFiles/neo_srvs2__rosidl_typesupport_introspection_cpp.dir/rosidl_typesupport_introspection_cpp/neo_srvs2/srv/detail/relay_board_set_lcd_msg__type_support.cpp.o[0m
[2.980s] [ 40%] [32mBuilding CXX object CMakeFiles/neo_srvs2__rosidl_typesupport_introspection_cpp.dir/rosidl_typesupport_introspection_cpp/neo_srvs2/srv/detail/relay_board_set_relay__type_support.cpp.o[0m
[2.983s] [ 40%] [32mBuilding CXX object CMakeFiles/neo_srvs2__rosidl_typesupport_introspection_cpp.dir/rosidl_typesupport_introspection_cpp/neo_srvs2/srv/detail/io_board_set_dig_out__type_support.cpp.o[0m
[2.983s] [ 41%] [32mBuilding CXX object CMakeFiles/neo_srvs2__rosidl_typesupport_introspection_cpp.dir/rosidl_typesupport_introspection_cpp/neo_srvs2/srv/detail/unlock_platform__type_support.cpp.o[0m
[2.986s] [ 42%] [32mBuilding CXX object CMakeFiles/neo_srvs2__rosidl_typesupport_introspection_cpp.dir/rosidl_typesupport_introspection_cpp/neo_srvs2/srv/detail/relay_board_set_em_stop__type_support.cpp.o[0m
[2.989s] [ 43%] [32mBuilding CXX object CMakeFiles/neo_srvs2__rosidl_typesupport_introspection_cpp.dir/rosidl_typesupport_introspection_cpp/neo_srvs2/srv/detail/reset_omni_wheels__type_support.cpp.o[0m
[2.993s] [ 43%] [32mBuilding CXX object CMakeFiles/neo_srvs2__rosidl_typesupport_introspection_cpp.dir/rosidl_typesupport_introspection_cpp/neo_srvs2/srv/detail/relay_board_set_safety_mode__type_support.cpp.o[0m
[2.999s] [ 44%] [32mBuilding CXX object CMakeFiles/neo_srvs2__rosidl_typesupport_introspection_cpp.dir/rosidl_typesupport_introspection_cpp/neo_srvs2/srv/detail/relay_board_un_set_em_stop__type_support.cpp.o[0m
[2.999s] [ 45%] [32m[1mLinking CXX shared library libneo_srvs2__rosidl_typesupport_c.so[0m
[3.080s] [ 45%] Built target neo_srvs2__rosidl_typesupport_c
[3.112s] [ 46%] [32mBuilding CXX object CMakeFiles/neo_srvs2__rosidl_typesupport_introspection_cpp.dir/rosidl_typesupport_introspection_cpp/neo_srvs2/srv/detail/relay_board_set_led__type_support.cpp.o[0m
[3.170s] [ 47%] [32mBuilding CXX object CMakeFiles/neo_srvs2__rosidl_typesupport_introspection_cpp.dir/rosidl_typesupport_introspection_cpp/neo_srvs2/srv/detail/us_board_toggle_sensor__type_support.cpp.o[0m
[3.183s] [ 47%] [32mBuilding CXX object CMakeFiles/neo_srvs2__rosidl_typesupport_introspection_cpp.dir/rosidl_typesupport_introspection_cpp/neo_srvs2/srv/detail/optimizer__type_support.cpp.o[0m
[3.199s] [ 48%] [32m[1mLinking CXX shared library libneo_srvs2__rosidl_typesupport_cpp.so[0m
[3.290s] [ 48%] Built target neo_srvs2__rosidl_typesupport_cpp
[3.294s] [ 49%] [32mBuilding C object CMakeFiles/neo_srvs2__rosidl_typesupport_introspection_c.dir/rosidl_typesupport_introspection_c/neo_srvs2/srv/detail/relay_board_set_relay__type_support.c.o[0m
[3.312s] [ 50%] [32mBuilding CXX object CMakeFiles/neo_srvs2__rosidl_typesupport_introspection_cpp.dir/rosidl_typesupport_introspection_cpp/neo_srvs2/srv/detail/initialize_contour_matching__type_support.cpp.o[0m
[3.339s] [ 51%] [32mBuilding C object CMakeFiles/neo_srvs2__rosidl_typesupport_introspection_c.dir/rosidl_typesupport_introspection_c/neo_srvs2/srv/detail/io_board_set_dig_out__type_support.c.o[0m
[3.340s] [ 52%] [32mBuilding CXX object CMakeFiles/neo_srvs2__rosidl_typesupport_fastrtps_cpp.dir/rosidl_typesupport_fastrtps_cpp/neo_srvs2/srv/detail/dds_fastrtps/relay_board_set_relay__type_support.cpp.o[0m
[3.383s] [ 53%] [32mBuilding CXX object CMakeFiles/neo_srvs2__rosidl_typesupport_introspection_cpp.dir/rosidl_typesupport_introspection_cpp/neo_srvs2/srv/detail/set_safety_field__type_support.cpp.o[0m
[3.384s] [ 53%] [32mBuilding C object CMakeFiles/neo_srvs2__rosidl_typesupport_introspection_c.dir/rosidl_typesupport_introspection_c/neo_srvs2/srv/detail/relay_board_set_lcd_msg__type_support.c.o[0m
[3.391s] [ 54%] [32mBuilding CXX object CMakeFiles/neo_srvs2__rosidl_typesupport_fastrtps_cpp.dir/rosidl_typesupport_fastrtps_cpp/neo_srvs2/srv/detail/dds_fastrtps/io_board_set_dig_out__type_support.cpp.o[0m
[3.405s] [ 55%] [32mBuilding C object CMakeFiles/neo_srvs2__rosidl_typesupport_introspection_c.dir/rosidl_typesupport_introspection_c/neo_srvs2/srv/detail/lock_platform__type_support.c.o[0m
[3.409s] [ 56%] [32mBuilding C object CMakeFiles/neo_srvs2__rosidl_typesupport_introspection_c.dir/rosidl_typesupport_introspection_c/neo_srvs2/srv/detail/unlock_platform__type_support.c.o[0m
[3.430s] [ 57%] [32mBuilding C object CMakeFiles/neo_srvs2__rosidl_typesupport_introspection_c.dir/rosidl_typesupport_introspection_c/neo_srvs2/srv/detail/reset_omni_wheels__type_support.c.o[0m
[3.430s] [ 57%] [32mBuilding CXX object CMakeFiles/neo_srvs2__rosidl_typesupport_fastrtps_cpp.dir/rosidl_typesupport_fastrtps_cpp/neo_srvs2/srv/detail/dds_fastrtps/relay_board_set_lcd_msg__type_support.cpp.o[0m
[3.446s] [ 57%] [32mBuilding C object CMakeFiles/neo_srvs2__rosidl_typesupport_introspection_c.dir/rosidl_typesupport_introspection_c/neo_srvs2/srv/detail/relay_board_set_em_stop__type_support.c.o[0m
[3.452s] [ 58%] [32mBuilding C object CMakeFiles/neo_srvs2__rosidl_typesupport_introspection_c.dir/rosidl_typesupport_introspection_c/neo_srvs2/srv/detail/relay_board_set_safety_mode__type_support.c.o[0m
[3.454s] [ 59%] [32mBuilding CXX object CMakeFiles/neo_srvs2__rosidl_typesupport_fastrtps_cpp.dir/rosidl_typesupport_fastrtps_cpp/neo_srvs2/srv/detail/dds_fastrtps/unlock_platform__type_support.cpp.o[0m
[3.456s] [ 60%] [32mBuilding CXX object CMakeFiles/neo_srvs2__rosidl_typesupport_fastrtps_cpp.dir/rosidl_typesupport_fastrtps_cpp/neo_srvs2/srv/detail/dds_fastrtps/lock_platform__type_support.cpp.o[0m
[3.487s] [ 60%] [32mBuilding C object CMakeFiles/neo_srvs2__rosidl_typesupport_introspection_c.dir/rosidl_typesupport_introspection_c/neo_srvs2/srv/detail/relay_board_set_led__type_support.c.o[0m
[3.488s] [ 61%] [32mBuilding C object CMakeFiles/neo_srvs2__rosidl_typesupport_introspection_c.dir/rosidl_typesupport_introspection_c/neo_srvs2/srv/detail/relay_board_un_set_em_stop__type_support.c.o[0m
[3.499s] [ 62%] [32mBuilding C object CMakeFiles/neo_srvs2__rosidl_typesupport_introspection_c.dir/rosidl_typesupport_introspection_c/neo_srvs2/srv/detail/us_board_toggle_sensor__type_support.c.o[0m
[3.503s] [ 63%] [32mBuilding CXX object CMakeFiles/neo_srvs2__rosidl_typesupport_fastrtps_cpp.dir/rosidl_typesupport_fastrtps_cpp/neo_srvs2/srv/detail/dds_fastrtps/reset_omni_wheels__type_support.cpp.o[0m
[3.514s] [ 63%] [32mBuilding CXX object CMakeFiles/neo_srvs2__rosidl_typesupport_fastrtps_cpp.dir/rosidl_typesupport_fastrtps_cpp/neo_srvs2/srv/detail/dds_fastrtps/relay_board_set_em_stop__type_support.cpp.o[0m
[3.524s] [ 64%] [32mBuilding C object CMakeFiles/neo_srvs2__rosidl_typesupport_introspection_c.dir/rosidl_typesupport_introspection_c/neo_srvs2/srv/detail/optimizer__type_support.c.o[0m
[3.528s] [ 65%] [32mBuilding C object CMakeFiles/neo_srvs2__rosidl_typesupport_introspection_c.dir/rosidl_typesupport_introspection_c/neo_srvs2/srv/detail/initialize_contour_matching__type_support.c.o[0m
[3.533s] [ 66%] [32mBuilding CXX object CMakeFiles/neo_srvs2__rosidl_typesupport_fastrtps_cpp.dir/rosidl_typesupport_fastrtps_cpp/neo_srvs2/srv/detail/dds_fastrtps/relay_board_set_safety_mode__type_support.cpp.o[0m
[3.542s] [ 67%] [32mBuilding CXX object CMakeFiles/neo_srvs2__rosidl_typesupport_fastrtps_cpp.dir/rosidl_typesupport_fastrtps_cpp/neo_srvs2/srv/detail/dds_fastrtps/relay_board_un_set_em_stop__type_support.cpp.o[0m
[3.571s] [ 67%] [32mBuilding C object CMakeFiles/neo_srvs2__rosidl_typesupport_introspection_c.dir/rosidl_typesupport_introspection_c/neo_srvs2/srv/detail/set_safety_field__type_support.c.o[0m
[3.580s] [ 68%] [32mBuilding CXX object CMakeFiles/neo_srvs2__rosidl_typesupport_fastrtps_cpp.dir/rosidl_typesupport_fastrtps_cpp/neo_srvs2/srv/detail/dds_fastrtps/relay_board_set_led__type_support.cpp.o[0m
[3.586s] [ 68%] [32mBuilding CXX object CMakeFiles/neo_srvs2__rosidl_typesupport_fastrtps_cpp.dir/rosidl_typesupport_fastrtps_cpp/neo_srvs2/srv/detail/dds_fastrtps/us_board_toggle_sensor__type_support.cpp.o[0m
[3.596s] [ 69%] [32mBuilding CXX object CMakeFiles/neo_srvs2__rosidl_typesupport_fastrtps_cpp.dir/rosidl_typesupport_fastrtps_cpp/neo_srvs2/srv/detail/dds_fastrtps/optimizer__type_support.cpp.o[0m
[3.604s] [ 70%] [32m[1mLinking C shared library libneo_srvs2__rosidl_typesupport_introspection_c.so[0m
[3.617s] [ 71%] [32mBuilding CXX object CMakeFiles/neo_srvs2__rosidl_typesupport_fastrtps_c.dir/rosidl_typesupport_fastrtps_c/neo_srvs2/srv/detail/relay_board_set_relay__type_support_c.cpp.o[0m
[3.680s] [ 71%] Built target neo_srvs2__rosidl_typesupport_introspection_c
[3.700s] [ 71%] [32mBuilding CXX object CMakeFiles/neo_srvs2__rosidl_typesupport_fastrtps_c.dir/rosidl_typesupport_fastrtps_c/neo_srvs2/srv/detail/io_board_set_dig_out__type_support_c.cpp.o[0m
[3.762s] [ 72%] [32mBuilding CXX object CMakeFiles/neo_srvs2__rosidl_typesupport_fastrtps_cpp.dir/rosidl_typesupport_fastrtps_cpp/neo_srvs2/srv/detail/dds_fastrtps/initialize_contour_matching__type_support.cpp.o[0m
[3.775s] [ 73%] [32mBuilding CXX object CMakeFiles/neo_srvs2__rosidl_typesupport_fastrtps_c.dir/rosidl_typesupport_fastrtps_c/neo_srvs2/srv/detail/relay_board_set_lcd_msg__type_support_c.cpp.o[0m
[3.786s] [ 74%] [32m[1mLinking CXX shared library libneo_srvs2__rosidl_typesupport_introspection_cpp.so[0m
[3.850s] [ 75%] [32mBuilding CXX object CMakeFiles/neo_srvs2__rosidl_typesupport_fastrtps_cpp.dir/rosidl_typesupport_fastrtps_cpp/neo_srvs2/srv/detail/dds_fastrtps/set_safety_field__type_support.cpp.o[0m
[3.907s] [ 76%] [32mBuilding CXX object CMakeFiles/neo_srvs2__rosidl_typesupport_fastrtps_c.dir/rosidl_typesupport_fastrtps_c/neo_srvs2/srv/detail/lock_platform__type_support_c.cpp.o[0m
[3.922s] [ 77%] [32mBuilding CXX object CMakeFiles/neo_srvs2__rosidl_typesupport_fastrtps_c.dir/rosidl_typesupport_fastrtps_c/neo_srvs2/srv/detail/unlock_platform__type_support_c.cpp.o[0m
[3.968s] [ 77%] Built target neo_srvs2__rosidl_typesupport_introspection_cpp
[3.972s] [ 77%] [32mBuilding CXX object CMakeFiles/neo_srvs2__rosidl_typesupport_fastrtps_c.dir/rosidl_typesupport_fastrtps_c/neo_srvs2/srv/detail/reset_omni_wheels__type_support_c.cpp.o[0m
[3.978s] [ 79%] [32mBuilding CXX object CMakeFiles/neo_srvs2__rosidl_typesupport_fastrtps_c.dir/rosidl_typesupport_fastrtps_c/neo_srvs2/srv/detail/relay_board_set_em_stop__type_support_c.cpp.o[0m
[3.979s] [ 79%] [32mBuilding CXX object CMakeFiles/neo_srvs2__rosidl_typesupport_fastrtps_c.dir/rosidl_typesupport_fastrtps_c/neo_srvs2/srv/detail/relay_board_set_safety_mode__type_support_c.cpp.o[0m
[3.992s] [ 80%] [32mBuilding CXX object CMakeFiles/neo_srvs2__rosidl_typesupport_fastrtps_c.dir/rosidl_typesupport_fastrtps_c/neo_srvs2/srv/detail/relay_board_un_set_em_stop__type_support_c.cpp.o[0m
[3.995s] [ 80%] [32mBuilding CXX object CMakeFiles/neo_srvs2__rosidl_typesupport_fastrtps_c.dir/rosidl_typesupport_fastrtps_c/neo_srvs2/srv/detail/relay_board_set_led__type_support_c.cpp.o[0m
[4.019s] [ 81%] [32mBuilding CXX object CMakeFiles/neo_srvs2__rosidl_typesupport_fastrtps_c.dir/rosidl_typesupport_fastrtps_c/neo_srvs2/srv/detail/us_board_toggle_sensor__type_support_c.cpp.o[0m
[4.034s] [ 82%] [32mBuilding CXX object CMakeFiles/neo_srvs2__rosidl_typesupport_fastrtps_c.dir/rosidl_typesupport_fastrtps_c/neo_srvs2/srv/detail/optimizer__type_support_c.cpp.o[0m
[4.051s] [ 83%] [32mBuilding CXX object CMakeFiles/neo_srvs2__rosidl_typesupport_fastrtps_c.dir/rosidl_typesupport_fastrtps_c/neo_srvs2/srv/detail/initialize_contour_matching__type_support_c.cpp.o[0m
[4.100s] [ 83%] [32mBuilding CXX object CMakeFiles/neo_srvs2__rosidl_typesupport_fastrtps_c.dir/rosidl_typesupport_fastrtps_c/neo_srvs2/srv/detail/set_safety_field__type_support_c.cpp.o[0m
[4.268s] [ 83%] [32m[1mLinking CXX shared library libneo_srvs2__rosidl_typesupport_fastrtps_cpp.so[0m
[4.341s] [ 83%] Built target neo_srvs2__rosidl_typesupport_fastrtps_cpp
[4.380s] [ 84%] [32m[1mLinking CXX shared library libneo_srvs2__rosidl_typesupport_fastrtps_c.so[0m
[4.436s] [ 84%] Built target neo_srvs2__rosidl_typesupport_fastrtps_c
[4.453s] [ 84%] Built target neo_srvs2
[4.471s] [ 85%] [34m[1mGenerating Python code for ROS interfaces[0m
[5.794s] [ 85%] Built target neo_srvs2__py
[5.810s] [ 86%] [32mBuilding C object CMakeFiles/neo_srvs2__rosidl_generator_py.dir/rosidl_generator_py/neo_srvs2/srv/_reset_omni_wheels_s.c.o[0m
[5.810s] [ 87%] [32mBuilding C object CMakeFiles/neo_srvs2__rosidl_generator_py.dir/rosidl_generator_py/neo_srvs2/srv/_relay_board_set_em_stop_s.c.o[0m
[5.811s] [ 89%] [32mBuilding C object CMakeFiles/neo_srvs2__rosidl_generator_py.dir/rosidl_generator_py/neo_srvs2/srv/_relay_board_set_relay_s.c.o[0m
[5.811s] [ 89%] [32mBuilding C object CMakeFiles/neo_srvs2__rosidl_generator_py.dir/rosidl_generator_py/neo_srvs2/srv/_lock_platform_s.c.o[0m
[5.811s] [ 90%] [32mBuilding C object CMakeFiles/neo_srvs2__rosidl_generator_py.dir/rosidl_generator_py/neo_srvs2/srv/_relay_board_set_lcd_msg_s.c.o[0m
[5.811s] [ 91%] [32mBuilding C object CMakeFiles/neo_srvs2__rosidl_generator_py.dir/rosidl_generator_py/neo_srvs2/srv/_relay_board_set_safety_mode_s.c.o[0m
[5.811s] [ 91%] [32mBuilding C object CMakeFiles/neo_srvs2__rosidl_generator_py.dir/rosidl_generator_py/neo_srvs2/srv/_unlock_platform_s.c.o[0m
[5.812s] [ 91%] [32mBuilding C object CMakeFiles/neo_srvs2__rosidl_generator_py.dir/rosidl_generator_py/neo_srvs2/srv/_relay_board_set_led_s.c.o[0m
[5.813s] [ 92%] [32mBuilding C object CMakeFiles/neo_srvs2__rosidl_generator_py.dir/rosidl_generator_py/neo_srvs2/srv/_optimizer_s.c.o[0m
[5.813s] [ 91%] [32mBuilding C object CMakeFiles/neo_srvs2__rosidl_generator_py.dir/rosidl_generator_py/neo_srvs2/srv/_io_board_set_dig_out_s.c.o[0m
[5.814s] [ 93%] [32mBuilding C object CMakeFiles/neo_srvs2__rosidl_generator_py.dir/rosidl_generator_py/neo_srvs2/srv/_relay_board_un_set_em_stop_s.c.o[0m
[5.814s] [ 93%] [32mBuilding C object CMakeFiles/neo_srvs2__rosidl_generator_py.dir/rosidl_generator_py/neo_srvs2/srv/_initialize_contour_matching_s.c.o[0m
[5.814s] [ 94%] [32mBuilding C object CMakeFiles/neo_srvs2__rosidl_generator_py.dir/rosidl_generator_py/neo_srvs2/srv/_us_board_toggle_sensor_s.c.o[0m
[5.818s] [ 95%] [32mBuilding C object CMakeFiles/neo_srvs2__rosidl_generator_py.dir/rosidl_generator_py/neo_srvs2/srv/_set_safety_field_s.c.o[0m
[5.940s] [ 96%] [32m[1mLinking C shared library rosidl_generator_py/neo_srvs2/libneo_srvs2__rosidl_generator_py.so[0m
[5.977s] [ 96%] Built target neo_srvs2__rosidl_generator_py
[5.992s] [ 97%] [32mBuilding C object CMakeFiles/neo_srvs2__rosidl_typesupport_c__pyext.dir/rosidl_generator_py/neo_srvs2/_neo_srvs2_s.ep.rosidl_typesupport_c.c.o[0m
[5.994s] [ 99%] [32mBuilding C object CMakeFiles/neo_srvs2__rosidl_typesupport_introspection_c__pyext.dir/rosidl_generator_py/neo_srvs2/_neo_srvs2_s.ep.rosidl_typesupport_introspection_c.c.o[0m
[5.994s] [ 99%] [32mBuilding C object CMakeFiles/neo_srvs2__rosidl_typesupport_fastrtps_c__pyext.dir/rosidl_generator_py/neo_srvs2/_neo_srvs2_s.ep.rosidl_typesupport_fastrtps_c.c.o[0m
[6.113s] [ 99%] [32m[1mLinking C shared library rosidl_generator_py/neo_srvs2/neo_srvs2_s__rosidl_typesupport_c.cpython-310-x86_64-linux-gnu.so[0m
[6.118s] [ 99%] [32m[1mLinking C shared library rosidl_generator_py/neo_srvs2/neo_srvs2_s__rosidl_typesupport_fastrtps_c.cpython-310-x86_64-linux-gnu.so[0m
[6.120s] [100%] [32m[1mLinking C shared library rosidl_generator_py/neo_srvs2/neo_srvs2_s__rosidl_typesupport_introspection_c.cpython-310-x86_64-linux-gnu.so[0m
[6.146s] [100%] Built target neo_srvs2__rosidl_typesupport_c__pyext
[6.153s] [100%] Built target neo_srvs2__rosidl_typesupport_fastrtps_c__pyext
[6.153s] [100%] Built target neo_srvs2__rosidl_typesupport_introspection_c__pyext
[6.162s] Invoked command in '/home/charbel/mpo500_ws/src/build/neo_srvs2' returned '0': AMENT_PREFIX_PATH=/home/charbel/mpo500_ws/src/install/neo_msgs2:${AMENT_PREFIX_PATH} CMAKE_PREFIX_PATH=/home/charbel/mpo500_ws/src/install/neo_msgs2:/home/charbel/mpo500_ws/install/topic_subscriber:/home/charbel/mpo500_ws/install/topic_publisher:/home/charbel/mpo500_ws/install/robot_controller:/home/charbel/mpo500_ws/install/neo_teleop2:/home/charbel/mpo500_ws/install/neo_relayboard_v2-2:/home/charbel/mpo500_ws/install/neo_srvs2:/home/charbel/mpo500_ws/install/neo_simulation2:/home/charbel/mpo500_ws/install/neo_mpo_500-2:/home/charbel/mpo500_ws/install/neo_nav2_bringup:/home/charbel/mpo500_ws/install/neo_msgs2:/home/charbel/mpo500_ws/install/neo_kinematics_mecanum2:/home/charbel/mpo500_ws/install/neo_common2:/opt/ros/humble LD_LIBRARY_PATH=/home/charbel/mpo500_ws/src/install/neo_msgs2/lib:${LD_LIBRARY_PATH} PYTHONPATH=/home/charbel/mpo500_ws/src/install/neo_msgs2/local/lib/python3.10/dist-packages:${PYTHONPATH} /usr/bin/cmake --build /home/charbel/mpo500_ws/src/build/neo_srvs2 -- -j16 -l16
[6.458s] Invoking command in '/home/charbel/mpo500_ws/src/build/neo_srvs2': AMENT_PREFIX_PATH=/home/charbel/mpo500_ws/src/install/neo_msgs2:${AMENT_PREFIX_PATH} CMAKE_PREFIX_PATH=/home/charbel/mpo500_ws/src/install/neo_msgs2:/home/charbel/mpo500_ws/install/topic_subscriber:/home/charbel/mpo500_ws/install/topic_publisher:/home/charbel/mpo500_ws/install/robot_controller:/home/charbel/mpo500_ws/install/neo_teleop2:/home/charbel/mpo500_ws/install/neo_relayboard_v2-2:/home/charbel/mpo500_ws/install/neo_srvs2:/home/charbel/mpo500_ws/install/neo_simulation2:/home/charbel/mpo500_ws/install/neo_mpo_500-2:/home/charbel/mpo500_ws/install/neo_nav2_bringup:/home/charbel/mpo500_ws/install/neo_msgs2:/home/charbel/mpo500_ws/install/neo_kinematics_mecanum2:/home/charbel/mpo500_ws/install/neo_common2:/opt/ros/humble LD_LIBRARY_PATH=/home/charbel/mpo500_ws/src/install/neo_msgs2/lib:${LD_LIBRARY_PATH} PYTHONPATH=/home/charbel/mpo500_ws/src/install/neo_msgs2/local/lib/python3.10/dist-packages:${PYTHONPATH} /usr/bin/cmake --install /home/charbel/mpo500_ws/src/build/neo_srvs2
[6.465s] -- Install configuration: ""
[6.465s] -- Installing: /home/charbel/mpo500_ws/src/install/neo_srvs2/share/ament_index/resource_index/rosidl_interfaces/neo_srvs2
[6.465s] -- Installing: /home/charbel/mpo500_ws/src/install/neo_srvs2/include/neo_srvs2/neo_srvs2
[6.465s] -- Installing: /home/charbel/mpo500_ws/src/install/neo_srvs2/include/neo_srvs2/neo_srvs2/srv
[6.465s] -- Installing: /home/charbel/mpo500_ws/src/install/neo_srvs2/include/neo_srvs2/neo_srvs2/srv/relay_board_set_relay.h
[6.465s] -- Installing: /home/charbel/mpo500_ws/src/install/neo_srvs2/include/neo_srvs2/neo_srvs2/srv/reset_omni_wheels.h
[6.465s] -- Installing: /home/charbel/mpo500_ws/src/install/neo_srvs2/include/neo_srvs2/neo_srvs2/srv/us_board_toggle_sensor.h
[6.465s] -- Installing: /home/charbel/mpo500_ws/src/install/neo_srvs2/include/neo_srvs2/neo_srvs2/srv/relay_board_set_safety_mode.h
[6.465s] -- Installing: /home/charbel/mpo500_ws/src/install/neo_srvs2/include/neo_srvs2/neo_srvs2/srv/optimizer.h
[6.465s] -- Installing: /home/charbel/mpo500_ws/src/install/neo_srvs2/include/neo_srvs2/neo_srvs2/srv/relay_board_set_em_stop.h
[6.465s] -- Installing: /home/charbel/mpo500_ws/src/install/neo_srvs2/include/neo_srvs2/neo_srvs2/srv/unlock_platform.h
[6.465s] -- Installing: /home/charbel/mpo500_ws/src/install/neo_srvs2/include/neo_srvs2/neo_srvs2/srv/set_safety_field.h
[6.465s] -- Installing: /home/charbel/mpo500_ws/src/install/neo_srvs2/include/neo_srvs2/neo_srvs2/srv/detail
[6.465s] -- Installing: /home/charbel/mpo500_ws/src/install/neo_srvs2/include/neo_srvs2/neo_srvs2/srv/detail/relay_board_set_led__type_support.h
[6.465s] -- Installing: /home/charbel/mpo500_ws/src/install/neo_srvs2/include/neo_srvs2/neo_srvs2/srv/detail/set_safety_field__functions.h
[6.465s] -- Installing: /home/charbel/mpo500_ws/src/install/neo_srvs2/include/neo_srvs2/neo_srvs2/srv/detail/relay_board_set_led__functions.h
[6.465s] -- Installing: /home/charbel/mpo500_ws/src/install/neo_srvs2/include/neo_srvs2/neo_srvs2/srv/detail/relay_board_set_safety_mode__type_support.h
[6.465s] -- Installing: /home/charbel/mpo500_ws/src/install/neo_srvs2/include/neo_srvs2/neo_srvs2/srv/detail/lock_platform__functions.h
[6.466s] -- Installing: /home/charbel/mpo500_ws/src/install/neo_srvs2/include/neo_srvs2/neo_srvs2/srv/detail/optimizer__functions.c
[6.466s] -- Installing: /home/charbel/mpo500_ws/src/install/neo_srvs2/include/neo_srvs2/neo_srvs2/srv/detail/initialize_contour_matching__functions.h
[6.466s] -- Installing: /home/charbel/mpo500_ws/src/install/neo_srvs2/include/neo_srvs2/neo_srvs2/srv/detail/reset_omni_wheels__struct.h
[6.466s] -- Installing: /home/charbel/mpo500_ws/src/install/neo_srvs2/include/neo_srvs2/neo_srvs2/srv/detail/relay_board_set_em_stop__functions.c
[6.466s] -- Installing: /home/charbel/mpo500_ws/src/install/neo_srvs2/include/neo_srvs2/neo_srvs2/srv/detail/io_board_set_dig_out__functions.c
[6.466s] -- Installing: /home/charbel/mpo500_ws/src/install/neo_srvs2/include/neo_srvs2/neo_srvs2/srv/detail/relay_board_set_lcd_msg__type_support.h
[6.466s] -- Installing: /home/charbel/mpo500_ws/src/install/neo_srvs2/include/neo_srvs2/neo_srvs2/srv/detail/relay_board_set_relay__functions.c
[6.466s] -- Installing: /home/charbel/mpo500_ws/src/install/neo_srvs2/include/neo_srvs2/neo_srvs2/srv/detail/relay_board_un_set_em_stop__functions.c
[6.466s] -- Installing: /home/charbel/mpo500_ws/src/install/neo_srvs2/include/neo_srvs2/neo_srvs2/srv/detail/io_board_set_dig_out__struct.h
[6.466s] -- Installing: /home/charbel/mpo500_ws/src/install/neo_srvs2/include/neo_srvs2/neo_srvs2/srv/detail/unlock_platform__functions.c
[6.466s] -- Installing: /home/charbel/mpo500_ws/src/install/neo_srvs2/include/neo_srvs2/neo_srvs2/srv/detail/us_board_toggle_sensor__struct.h
[6.466s] -- Installing: /home/charbel/mpo500_ws/src/install/neo_srvs2/include/neo_srvs2/neo_srvs2/srv/detail/optimizer__struct.h
[6.466s] -- Installing: /home/charbel/mpo500_ws/src/install/neo_srvs2/include/neo_srvs2/neo_srvs2/srv/detail/relay_board_set_em_stop__struct.h
[6.466s] -- Installing: /home/charbel/mpo500_ws/src/install/neo_srvs2/include/neo_srvs2/neo_srvs2/srv/detail/relay_board_set_relay__type_support.h
[6.466s] -- Installing: /home/charbel/mpo500_ws/src/install/neo_srvs2/include/neo_srvs2/neo_srvs2/srv/detail/lock_platform__struct.h
[6.466s] -- Installing: /home/charbel/mpo500_ws/src/install/neo_srvs2/include/neo_srvs2/neo_srvs2/srv/detail/relay_board_set_em_stop__functions.h
[6.466s] -- Installing: /home/charbel/mpo500_ws/src/install/neo_srvs2/include/neo_srvs2/neo_srvs2/srv/detail/relay_board_un_set_em_stop__type_support.h
[6.466s] -- Installing: /home/charbel/mpo500_ws/src/install/neo_srvs2/include/neo_srvs2/neo_srvs2/srv/detail/us_board_toggle_sensor__functions.h
[6.466s] -- Installing: /home/charbel/mpo500_ws/src/install/neo_srvs2/include/neo_srvs2/neo_srvs2/srv/detail/relay_board_set_safety_mode__functions.h
[6.466s] -- Installing: /home/charbel/mpo500_ws/src/install/neo_srvs2/include/neo_srvs2/neo_srvs2/srv/detail/io_board_set_dig_out__functions.h
[6.467s] -- Installing: /home/charbel/mpo500_ws/src/install/neo_srvs2/include/neo_srvs2/neo_srvs2/srv/detail/relay_board_un_set_em_stop__struct.h
[6.467s] -- Installing: /home/charbel/mpo500_ws/src/install/neo_srvs2/include/neo_srvs2/neo_srvs2/srv/detail/lock_platform__type_support.h
[6.467s] -- Installing: /home/charbel/mpo500_ws/src/install/neo_srvs2/include/neo_srvs2/neo_srvs2/srv/detail/set_safety_field__functions.c
[6.467s] -- Installing: /home/charbel/mpo500_ws/src/install/neo_srvs2/include/neo_srvs2/neo_srvs2/srv/detail/us_board_toggle_sensor__type_support.h
[6.467s] -- Installing: /home/charbel/mpo500_ws/src/install/neo_srvs2/include/neo_srvs2/neo_srvs2/srv/detail/relay_board_set_safety_mode__functions.c
[6.467s] -- Installing: /home/charbel/mpo500_ws/src/install/neo_srvs2/include/neo_srvs2/neo_srvs2/srv/detail/reset_omni_wheels__functions.h
[6.467s] -- Installing: /home/charbel/mpo500_ws/src/install/neo_srvs2/include/neo_srvs2/neo_srvs2/srv/detail/unlock_platform__functions.h
[6.467s] -- Installing: /home/charbel/mpo500_ws/src/install/neo_srvs2/include/neo_srvs2/neo_srvs2/srv/detail/relay_board_set_relay__struct.h
[6.467s] -- Installing: /home/charbel/mpo500_ws/src/install/neo_srvs2/include/neo_srvs2/neo_srvs2/srv/detail/optimizer__functions.h
[6.467s] -- Installing: /home/charbel/mpo500_ws/src/install/neo_srvs2/include/neo_srvs2/neo_srvs2/srv/detail/optimizer__type_support.h
[6.467s] -- Installing: /home/charbel/mpo500_ws/src/install/neo_srvs2/include/neo_srvs2/neo_srvs2/srv/detail/relay_board_set_led__struct.h
[6.467s] -- Installing: /home/charbel/mpo500_ws/src/install/neo_srvs2/include/neo_srvs2/neo_srvs2/srv/detail/reset_omni_wheels__functions.c
[6.467s] -- Installing: /home/charbel/mpo500_ws/src/install/neo_srvs2/include/neo_srvs2/neo_srvs2/srv/detail/relay_board_set_lcd_msg__struct.h
[6.467s] -- Installing: /home/charbel/mpo500_ws/src/install/neo_srvs2/include/neo_srvs2/neo_srvs2/srv/detail/unlock_platform__struct.h
[6.467s] -- Installing: /home/charbel/mpo500_ws/src/install/neo_srvs2/include/neo_srvs2/neo_srvs2/srv/detail/initialize_contour_matching__type_support.h
[6.467s] -- Installing: /home/charbel/mpo500_ws/src/install/neo_srvs2/include/neo_srvs2/neo_srvs2/srv/detail/io_board_set_dig_out__type_support.h
[6.467s] -- Installing: /home/charbel/mpo500_ws/src/install/neo_srvs2/include/neo_srvs2/neo_srvs2/srv/detail/reset_omni_wheels__type_support.h
[6.467s] -- Installing: /home/charbel/mpo500_ws/src/install/neo_srvs2/include/neo_srvs2/neo_srvs2/srv/detail/relay_board_set_lcd_msg__functions.c
[6.467s] -- Installing: /home/charbel/mpo500_ws/src/install/neo_srvs2/include/neo_srvs2/neo_srvs2/srv/detail/initialize_contour_matching__struct.h
[6.467s] -- Installing: /home/charbel/mpo500_ws/src/install/neo_srvs2/include/neo_srvs2/neo_srvs2/srv/detail/relay_board_set_led__functions.c
[6.467s] -- Installing: /home/charbel/mpo500_ws/src/install/neo_srvs2/include/neo_srvs2/neo_srvs2/srv/detail/unlock_platform__type_support.h
[6.467s] -- Installing: /home/charbel/mpo500_ws/src/install/neo_srvs2/include/neo_srvs2/neo_srvs2/srv/detail/us_board_toggle_sensor__functions.c
[6.468s] -- Installing: /home/charbel/mpo500_ws/src/install/neo_srvs2/include/neo_srvs2/neo_srvs2/srv/detail/relay_board_set_relay__functions.h
[6.468s] -- Installing: /home/charbel/mpo500_ws/src/install/neo_srvs2/include/neo_srvs2/neo_srvs2/srv/detail/initialize_contour_matching__functions.c
[6.468s] -- Installing: /home/charbel/mpo500_ws/src/install/neo_srvs2/include/neo_srvs2/neo_srvs2/srv/detail/relay_board_set_em_stop__type_support.h
[6.468s] -- Installing: /home/charbel/mpo500_ws/src/install/neo_srvs2/include/neo_srvs2/neo_srvs2/srv/detail/relay_board_set_safety_mode__struct.h
[6.468s] -- Installing: /home/charbel/mpo500_ws/src/install/neo_srvs2/include/neo_srvs2/neo_srvs2/srv/detail/set_safety_field__struct.h
[6.468s] -- Installing: /home/charbel/mpo500_ws/src/install/neo_srvs2/include/neo_srvs2/neo_srvs2/srv/detail/lock_platform__functions.c
[6.468s] -- Installing: /home/charbel/mpo500_ws/src/install/neo_srvs2/include/neo_srvs2/neo_srvs2/srv/detail/set_safety_field__type_support.h
[6.468s] -- Installing: /home/charbel/mpo500_ws/src/install/neo_srvs2/include/neo_srvs2/neo_srvs2/srv/detail/relay_board_set_lcd_msg__functions.h
[6.468s] -- Installing: /home/charbel/mpo500_ws/src/install/neo_srvs2/include/neo_srvs2/neo_srvs2/srv/detail/relay_board_un_set_em_stop__functions.h
[6.468s] -- Installing: /home/charbel/mpo500_ws/src/install/neo_srvs2/include/neo_srvs2/neo_srvs2/srv/relay_board_un_set_em_stop.h
[6.468s] -- Installing: /home/charbel/mpo500_ws/src/install/neo_srvs2/include/neo_srvs2/neo_srvs2/srv/lock_platform.h
[6.468s] -- Installing: /home/charbel/mpo500_ws/src/install/neo_srvs2/include/neo_srvs2/neo_srvs2/srv/io_board_set_dig_out.h
[6.468s] -- Installing: /home/charbel/mpo500_ws/src/install/neo_srvs2/include/neo_srvs2/neo_srvs2/srv/relay_board_set_lcd_msg.h
[6.468s] -- Installing: /home/charbel/mpo500_ws/src/install/neo_srvs2/include/neo_srvs2/neo_srvs2/srv/initialize_contour_matching.h
[6.468s] -- Installing: /home/charbel/mpo500_ws/src/install/neo_srvs2/include/neo_srvs2/neo_srvs2/srv/relay_board_set_led.h
[6.468s] -- Installing: /home/charbel/mpo500_ws/src/install/neo_srvs2/include/neo_srvs2/neo_srvs2/msg
[6.468s] -- Installing: /home/charbel/mpo500_ws/src/install/neo_srvs2/include/neo_srvs2/neo_srvs2/msg/rosidl_generator_c__visibility_control.h
[6.468s] -- Installing: /home/charbel/mpo500_ws/src/install/neo_srvs2/share/neo_srvs2/environment/library_path.sh
[6.468s] -- Installing: /home/charbel/mpo500_ws/src/install/neo_srvs2/share/neo_srvs2/environment/library_path.dsv
[6.468s] -- Installing: /home/charbel/mpo500_ws/src/install/neo_srvs2/lib/libneo_srvs2__rosidl_generator_c.so
[6.469s] -- Set runtime path of "/home/charbel/mpo500_ws/src/install/neo_srvs2/lib/libneo_srvs2__rosidl_generator_c.so" to ""
[6.469s] -- Up-to-date: /home/charbel/mpo500_ws/src/install/neo_srvs2/include/neo_srvs2/neo_srvs2
[6.469s] -- Up-to-date: /home/charbel/mpo500_ws/src/install/neo_srvs2/include/neo_srvs2/neo_srvs2/srv
[6.469s] -- Up-to-date: /home/charbel/mpo500_ws/src/install/neo_srvs2/include/neo_srvs2/neo_srvs2/srv/detail
[6.469s] -- Installing: /home/charbel/mpo500_ws/src/install/neo_srvs2/include/neo_srvs2/neo_srvs2/srv/detail/relay_board_set_lcd_msg__rosidl_typesupport_fastrtps_c.h
[6.469s] -- Installing: /home/charbel/mpo500_ws/src/install/neo_srvs2/include/neo_srvs2/neo_srvs2/srv/detail/relay_board_set_relay__rosidl_typesupport_fastrtps_c.h
[6.469s] -- Installing: /home/charbel/mpo500_ws/src/install/neo_srvs2/include/neo_srvs2/neo_srvs2/srv/detail/initialize_contour_matching__rosidl_typesupport_fastrtps_c.h
[6.469s] -- Installing: /home/charbel/mpo500_ws/src/install/neo_srvs2/include/neo_srvs2/neo_srvs2/srv/detail/relay_board_set_led__rosidl_typesupport_fastrtps_c.h
[6.469s] -- Installing: /home/charbel/mpo500_ws/src/install/neo_srvs2/include/neo_srvs2/neo_srvs2/srv/detail/reset_omni_wheels__rosidl_typesupport_fastrtps_c.h
[6.469s] -- Installing: /home/charbel/mpo500_ws/src/install/neo_srvs2/include/neo_srvs2/neo_srvs2/srv/detail/set_safety_field__rosidl_typesupport_fastrtps_c.h
[6.469s] -- Installing: /home/charbel/mpo500_ws/src/install/neo_srvs2/include/neo_srvs2/neo_srvs2/srv/detail/us_board_toggle_sensor__rosidl_typesupport_fastrtps_c.h
[6.469s] -- Installing: /home/charbel/mpo500_ws/src/install/neo_srvs2/include/neo_srvs2/neo_srvs2/srv/detail/relay_board_set_safety_mode__rosidl_typesupport_fastrtps_c.h
[6.469s] -- Installing: /home/charbel/mpo500_ws/src/install/neo_srvs2/include/neo_srvs2/neo_srvs2/srv/detail/io_board_set_dig_out__rosidl_typesupport_fastrtps_c.h
[6.469s] -- Installing: /home/charbel/mpo500_ws/src/install/neo_srvs2/include/neo_srvs2/neo_srvs2/srv/detail/relay_board_un_set_em_stop__rosidl_typesupport_fastrtps_c.h
[6.469s] -- Installing: /home/charbel/mpo500_ws/src/install/neo_srvs2/include/neo_srvs2/neo_srvs2/srv/detail/unlock_platform__rosidl_typesupport_fastrtps_c.h
[6.470s] -- Installing: /home/charbel/mpo500_ws/src/install/neo_srvs2/include/neo_srvs2/neo_srvs2/srv/detail/optimizer__rosidl_typesupport_fastrtps_c.h
[6.470s] -- Installing: /home/charbel/mpo500_ws/src/install/neo_srvs2/include/neo_srvs2/neo_srvs2/srv/detail/lock_platform__rosidl_typesupport_fastrtps_c.h
[6.470s] -- Installing: /home/charbel/mpo500_ws/src/install/neo_srvs2/include/neo_srvs2/neo_srvs2/srv/detail/relay_board_set_em_stop__rosidl_typesupport_fastrtps_c.h
[6.470s] -- Up-to-date: /home/charbel/mpo500_ws/src/install/neo_srvs2/include/neo_srvs2/neo_srvs2/msg
[6.470s] -- Installing: /home/charbel/mpo500_ws/src/install/neo_srvs2/include/neo_srvs2/neo_srvs2/msg/rosidl_typesupport_fastrtps_c__visibility_control.h
[6.470s] -- Installing: /home/charbel/mpo500_ws/src/install/neo_srvs2/lib/libneo_srvs2__rosidl_typesupport_fastrtps_c.so
[6.470s] -- Set runtime path of "/home/charbel/mpo500_ws/src/install/neo_srvs2/lib/libneo_srvs2__rosidl_typesupport_fastrtps_c.so" to ""
[6.470s] -- Up-to-date: /home/charbel/mpo500_ws/src/install/neo_srvs2/include/neo_srvs2/neo_srvs2
[6.470s] -- Up-to-date: /home/charbel/mpo500_ws/src/install/neo_srvs2/include/neo_srvs2/neo_srvs2/srv
[6.471s] -- Up-to-date: /home/charbel/mpo500_ws/src/install/neo_srvs2/include/neo_srvs2/neo_srvs2/srv/detail
[6.471s] -- Installing: /home/charbel/mpo500_ws/src/install/neo_srvs2/include/neo_srvs2/neo_srvs2/srv/detail/unlock_platform__type_support.c
[6.471s] -- Installing: /home/charbel/mpo500_ws/src/install/neo_srvs2/include/neo_srvs2/neo_srvs2/srv/detail/io_board_set_dig_out__type_support.c
[6.471s] -- Installing: /home/charbel/mpo500_ws/src/install/neo_srvs2/include/neo_srvs2/neo_srvs2/srv/detail/relay_board_set_relay__rosidl_typesupport_introspection_c.h
[6.472s] -- Installing: /home/charbel/mpo500_ws/src/install/neo_srvs2/include/neo_srvs2/neo_srvs2/srv/detail/relay_board_set_led__type_support.c
[6.472s] -- Installing: /home/charbel/mpo500_ws/src/install/neo_srvs2/include/neo_srvs2/neo_srvs2/srv/detail/relay_board_un_set_em_stop__rosidl_typesupport_introspection_c.h
[6.472s] -- Installing: /home/charbel/mpo500_ws/src/install/neo_srvs2/include/neo_srvs2/neo_srvs2/srv/detail/us_board_toggle_sensor__rosidl_typesupport_introspection_c.h
[6.472s] -- Installing: /home/charbel/mpo500_ws/src/install/neo_srvs2/include/neo_srvs2/neo_srvs2/srv/detail/lock_platform__type_support.c
[6.473s] -- Installing: /home/charbel/mpo500_ws/src/install/neo_srvs2/include/neo_srvs2/neo_srvs2/srv/detail/relay_board_set_lcd_msg__type_support.c
[6.473s] -- Installing: /home/charbel/mpo500_ws/src/install/neo_srvs2/include/neo_srvs2/neo_srvs2/srv/detail/reset_omni_wheels__rosidl_typesupport_introspection_c.h
[6.473s] -- Installing: /home/charbel/mpo500_ws/src/install/neo_srvs2/include/neo_srvs2/neo_srvs2/srv/detail/set_safety_field__rosidl_typesupport_introspection_c.h
[6.473s] -- Installing: /home/charbel/mpo500_ws/src/install/neo_srvs2/include/neo_srvs2/neo_srvs2/srv/detail/initialize_contour_matching__type_support.c
[6.473s] -- Installing: /home/charbel/mpo500_ws/src/install/neo_srvs2/include/neo_srvs2/neo_srvs2/srv/detail/relay_board_set_safety_mode__rosidl_typesupport_introspection_c.h
[6.473s] -- Installing: /home/charbel/mpo500_ws/src/install/neo_srvs2/include/neo_srvs2/neo_srvs2/srv/detail/us_board_toggle_sensor__type_support.c
[6.473s] -- Installing: /home/charbel/mpo500_ws/src/install/neo_srvs2/include/neo_srvs2/neo_srvs2/srv/detail/lock_platform__rosidl_typesupport_introspection_c.h
[6.473s] -- Installing: /home/charbel/mpo500_ws/src/install/neo_srvs2/include/neo_srvs2/neo_srvs2/srv/detail/optimizer__rosidl_typesupport_introspection_c.h
[6.474s] -- Installing: /home/charbel/mpo500_ws/src/install/neo_srvs2/include/neo_srvs2/neo_srvs2/srv/detail/unlock_platform__rosidl_typesupport_introspection_c.h
[6.474s] -- Installing: /home/charbel/mpo500_ws/src/install/neo_srvs2/include/neo_srvs2/neo_srvs2/srv/detail/initialize_contour_matching__rosidl_typesupport_introspection_c.h
[6.474s] -- Installing: /home/charbel/mpo500_ws/src/install/neo_srvs2/include/neo_srvs2/neo_srvs2/srv/detail/relay_board_un_set_em_stop__type_support.c
[6.474s] -- Installing: /home/charbel/mpo500_ws/src/install/neo_srvs2/include/neo_srvs2/neo_srvs2/srv/detail/relay_board_set_em_stop__rosidl_typesupport_introspection_c.h
[6.474s] -- Installing: /home/charbel/mpo500_ws/src/install/neo_srvs2/include/neo_srvs2/neo_srvs2/srv/detail/relay_board_set_em_stop__type_support.c
[6.474s] -- Installing: /home/charbel/mpo500_ws/src/install/neo_srvs2/include/neo_srvs2/neo_srvs2/srv/detail/relay_board_set_relay__type_support.c
[6.474s] -- Installing: /home/charbel/mpo500_ws/src/install/neo_srvs2/include/neo_srvs2/neo_srvs2/srv/detail/reset_omni_wheels__type_support.c
[6.474s] -- Installing: /home/charbel/mpo500_ws/src/install/neo_srvs2/include/neo_srvs2/neo_srvs2/srv/detail/optimizer__type_support.c
[6.474s] -- Installing: /home/charbel/mpo500_ws/src/install/neo_srvs2/include/neo_srvs2/neo_srvs2/srv/detail/relay_board_set_lcd_msg__rosidl_typesupport_introspection_c.h
[6.475s] -- Installing: /home/charbel/mpo500_ws/src/install/neo_srvs2/include/neo_srvs2/neo_srvs2/srv/detail/relay_board_set_led__rosidl_typesupport_introspection_c.h
[6.475s] -- Installing: /home/charbel/mpo500_ws/src/install/neo_srvs2/include/neo_srvs2/neo_srvs2/srv/detail/io_board_set_dig_out__rosidl_typesupport_introspection_c.h
[6.475s] -- Installing: /home/charbel/mpo500_ws/src/install/neo_srvs2/include/neo_srvs2/neo_srvs2/srv/detail/set_safety_field__type_support.c
[6.475s] -- Installing: /home/charbel/mpo500_ws/src/install/neo_srvs2/include/neo_srvs2/neo_srvs2/srv/detail/relay_board_set_safety_mode__type_support.c
[6.475s] -- Up-to-date: /home/charbel/mpo500_ws/src/install/neo_srvs2/include/neo_srvs2/neo_srvs2/msg
[6.475s] -- Installing: /home/charbel/mpo500_ws/src/install/neo_srvs2/include/neo_srvs2/neo_srvs2/msg/rosidl_typesupport_introspection_c__visibility_control.h
[6.475s] -- Installing: /home/charbel/mpo500_ws/src/install/neo_srvs2/lib/libneo_srvs2__rosidl_typesupport_introspection_c.so
[6.475s] -- Set runtime path of "/home/charbel/mpo500_ws/src/install/neo_srvs2/lib/libneo_srvs2__rosidl_typesupport_introspection_c.so" to ""
[6.475s] -- Installing: /home/charbel/mpo500_ws/src/install/neo_srvs2/lib/libneo_srvs2__rosidl_typesupport_c.so
[6.475s] -- Set runtime path of "/home/charbel/mpo500_ws/src/install/neo_srvs2/lib/libneo_srvs2__rosidl_typesupport_c.so" to ""
[6.476s] -- Up-to-date: /home/charbel/mpo500_ws/src/install/neo_srvs2/include/neo_srvs2/neo_srvs2
[6.476s] -- Up-to-date: /home/charbel/mpo500_ws/src/install/neo_srvs2/include/neo_srvs2/neo_srvs2/srv
[6.476s] -- Installing: /home/charbel/mpo500_ws/src/install/neo_srvs2/include/neo_srvs2/neo_srvs2/srv/io_board_set_dig_out.hpp
[6.476s] -- Installing: /home/charbel/mpo500_ws/src/install/neo_srvs2/include/neo_srvs2/neo_srvs2/srv/lock_platform.hpp
[6.476s] -- Installing: /home/charbel/mpo500_ws/src/install/neo_srvs2/include/neo_srvs2/neo_srvs2/srv/relay_board_set_led.hpp
[6.476s] -- Installing: /home/charbel/mpo500_ws/src/install/neo_srvs2/include/neo_srvs2/neo_srvs2/srv/unlock_platform.hpp
[6.476s] -- Installing: /home/charbel/mpo500_ws/src/install/neo_srvs2/include/neo_srvs2/neo_srvs2/srv/set_safety_field.hpp
[6.476s] -- Installing: /home/charbel/mpo500_ws/src/install/neo_srvs2/include/neo_srvs2/neo_srvs2/srv/relay_board_un_set_em_stop.hpp
[6.476s] -- Installing: /home/charbel/mpo500_ws/src/install/neo_srvs2/include/neo_srvs2/neo_srvs2/srv/relay_board_set_lcd_msg.hpp
[6.476s] -- Up-to-date: /home/charbel/mpo500_ws/src/install/neo_srvs2/include/neo_srvs2/neo_srvs2/srv/detail
[6.477s] -- Installing: /home/charbel/mpo500_ws/src/install/neo_srvs2/include/neo_srvs2/neo_srvs2/srv/detail/relay_board_set_relay__struct.hpp
[6.477s] -- Installing: /home/charbel/mpo500_ws/src/install/neo_srvs2/include/neo_srvs2/neo_srvs2/srv/detail/lock_platform__traits.hpp
[6.477s] -- Installing: /home/charbel/mpo500_ws/src/install/neo_srvs2/include/neo_srvs2/neo_srvs2/srv/detail/reset_omni_wheels__builder.hpp
[6.477s] -- Installing: /home/charbel/mpo500_ws/src/install/neo_srvs2/include/neo_srvs2/neo_srvs2/srv/detail/initialize_contour_matching__builder.hpp
[6.477s] -- Installing: /home/charbel/mpo500_ws/src/install/neo_srvs2/include/neo_srvs2/neo_srvs2/srv/detail/us_board_toggle_sensor__builder.hpp
[6.477s] -- Installing: /home/charbel/mpo500_ws/src/install/neo_srvs2/include/neo_srvs2/neo_srvs2/srv/detail/io_board_set_dig_out__struct.hpp
[6.477s] -- Installing: /home/charbel/mpo500_ws/src/install/neo_srvs2/include/neo_srvs2/neo_srvs2/srv/detail/relay_board_un_set_em_stop__builder.hpp
[6.477s] -- Installing: /home/charbel/mpo500_ws/src/install/neo_srvs2/include/neo_srvs2/neo_srvs2/srv/detail/optimizer__traits.hpp
[6.477s] -- Installing: /home/charbel/mpo500_ws/src/install/neo_srvs2/include/neo_srvs2/neo_srvs2/srv/detail/relay_board_set_lcd_msg__builder.hpp
[6.477s] -- Installing: /home/charbel/mpo500_ws/src/install/neo_srvs2/include/neo_srvs2/neo_srvs2/srv/detail/lock_platform__struct.hpp
[6.477s] -- Installing: /home/charbel/mpo500_ws/src/install/neo_srvs2/include/neo_srvs2/neo_srvs2/srv/detail/relay_board_un_set_em_stop__struct.hpp
[6.477s] -- Installing: /home/charbel/mpo500_ws/src/install/neo_srvs2/include/neo_srvs2/neo_srvs2/srv/detail/unlock_platform__traits.hpp
[6.477s] -- Installing: /home/charbel/mpo500_ws/src/install/neo_srvs2/include/neo_srvs2/neo_srvs2/srv/detail/us_board_toggle_sensor__traits.hpp
[6.477s] -- Installing: /home/charbel/mpo500_ws/src/install/neo_srvs2/include/neo_srvs2/neo_srvs2/srv/detail/optimizer__builder.hpp
[6.477s] -- Installing: /home/charbel/mpo500_ws/src/install/neo_srvs2/include/neo_srvs2/neo_srvs2/srv/detail/relay_board_un_set_em_stop__traits.hpp
[6.477s] -- Installing: /home/charbel/mpo500_ws/src/install/neo_srvs2/include/neo_srvs2/neo_srvs2/srv/detail/reset_omni_wheels__traits.hpp
[6.477s] -- Installing: /home/charbel/mpo500_ws/src/install/neo_srvs2/include/neo_srvs2/neo_srvs2/srv/detail/optimizer__struct.hpp
[6.478s] -- Installing: /home/charbel/mpo500_ws/src/install/neo_srvs2/include/neo_srvs2/neo_srvs2/srv/detail/initialize_contour_matching__struct.hpp
[6.478s] -- Installing: /home/charbel/mpo500_ws/src/install/neo_srvs2/include/neo_srvs2/neo_srvs2/srv/detail/lock_platform__builder.hpp
[6.478s] -- Installing: /home/charbel/mpo500_ws/src/install/neo_srvs2/include/neo_srvs2/neo_srvs2/srv/detail/relay_board_set_lcd_msg__traits.hpp
[6.478s] -- Installing: /home/charbel/mpo500_ws/src/install/neo_srvs2/include/neo_srvs2/neo_srvs2/srv/detail/relay_board_set_em_stop__builder.hpp
[6.478s] -- Installing: /home/charbel/mpo500_ws/src/install/neo_srvs2/include/neo_srvs2/neo_srvs2/srv/detail/us_board_toggle_sensor__struct.hpp
[6.478s] -- Installing: /home/charbel/mpo500_ws/src/install/neo_srvs2/include/neo_srvs2/neo_srvs2/srv/detail/relay_board_set_led__traits.hpp
[6.478s] -- Installing: /home/charbel/mpo500_ws/src/install/neo_srvs2/include/neo_srvs2/neo_srvs2/srv/detail/relay_board_set_em_stop__struct.hpp
[6.478s] -- Installing: /home/charbel/mpo500_ws/src/install/neo_srvs2/include/neo_srvs2/neo_srvs2/srv/detail/unlock_platform__builder.hpp
[6.478s] -- Installing: /home/charbel/mpo500_ws/src/install/neo_srvs2/include/neo_srvs2/neo_srvs2/srv/detail/relay_board_set_em_stop__traits.hpp
[6.478s] -- Installing: /home/charbel/mpo500_ws/src/install/neo_srvs2/include/neo_srvs2/neo_srvs2/srv/detail/relay_board_set_led__builder.hpp
[6.478s] -- Installing: /home/charbel/mpo500_ws/src/install/neo_srvs2/include/neo_srvs2/neo_srvs2/srv/detail/relay_board_set_relay__builder.hpp
[6.478s] -- Installing: /home/charbel/mpo500_ws/src/install/neo_srvs2/include/neo_srvs2/neo_srvs2/srv/detail/initialize_contour_matching__traits.hpp
[6.478s] -- Installing: /home/charbel/mpo500_ws/src/install/neo_srvs2/include/neo_srvs2/neo_srvs2/srv/detail/unlock_platform__struct.hpp
[6.478s] -- Installing: /home/charbel/mpo500_ws/src/install/neo_srvs2/include/neo_srvs2/neo_srvs2/srv/detail/relay_board_set_safety_mode__struct.hpp
[6.478s] -- Installing: /home/charbel/mpo500_ws/src/install/neo_srvs2/include/neo_srvs2/neo_srvs2/srv/detail/relay_board_set_relay__traits.hpp
[6.478s] -- Installing: /home/charbel/mpo500_ws/src/install/neo_srvs2/include/neo_srvs2/neo_srvs2/srv/detail/relay_board_set_safety_mode__builder.hpp
[6.478s] -- Installing: /home/charbel/mpo500_ws/src/install/neo_srvs2/include/neo_srvs2/neo_srvs2/srv/detail/relay_board_set_led__struct.hpp
[6.478s] -- Installing: /home/charbel/mpo500_ws/src/install/neo_srvs2/include/neo_srvs2/neo_srvs2/srv/detail/io_board_set_dig_out__traits.hpp
[6.478s] -- Installing: /home/charbel/mpo500_ws/src/install/neo_srvs2/include/neo_srvs2/neo_srvs2/srv/detail/set_safety_field__builder.hpp
[6.478s] -- Installing: /home/charbel/mpo500_ws/src/install/neo_srvs2/include/neo_srvs2/neo_srvs2/srv/detail/relay_board_set_safety_mode__traits.hpp
[6.478s] -- Installing: /home/charbel/mpo500_ws/src/install/neo_srvs2/include/neo_srvs2/neo_srvs2/srv/detail/set_safety_field__traits.hpp
[6.478s] -- Installing: /home/charbel/mpo500_ws/src/install/neo_srvs2/include/neo_srvs2/neo_srvs2/srv/detail/reset_omni_wheels__struct.hpp
[6.478s] -- Installing: /home/charbel/mpo500_ws/src/install/neo_srvs2/include/neo_srvs2/neo_srvs2/srv/detail/relay_board_set_lcd_msg__struct.hpp
[6.478s] -- Installing: /home/charbel/mpo500_ws/src/install/neo_srvs2/include/neo_srvs2/neo_srvs2/srv/detail/set_safety_field__struct.hpp
[6.478s] -- Installing: /home/charbel/mpo500_ws/src/install/neo_srvs2/include/neo_srvs2/neo_srvs2/srv/detail/io_board_set_dig_out__builder.hpp
[6.478s] -- Installing: /home/charbel/mpo500_ws/src/install/neo_srvs2/include/neo_srvs2/neo_srvs2/srv/initialize_contour_matching.hpp
[6.478s] -- Installing: /home/charbel/mpo500_ws/src/install/neo_srvs2/include/neo_srvs2/neo_srvs2/srv/reset_omni_wheels.hpp
[6.478s] -- Installing: /home/charbel/mpo500_ws/src/install/neo_srvs2/include/neo_srvs2/neo_srvs2/srv/relay_board_set_safety_mode.hpp
[6.478s] -- Installing: /home/charbel/mpo500_ws/src/install/neo_srvs2/include/neo_srvs2/neo_srvs2/srv/us_board_toggle_sensor.hpp
[6.478s] -- Installing: /home/charbel/mpo500_ws/src/install/neo_srvs2/include/neo_srvs2/neo_srvs2/srv/relay_board_set_relay.hpp
[6.478s] -- Installing: /home/charbel/mpo500_ws/src/install/neo_srvs2/include/neo_srvs2/neo_srvs2/srv/optimizer.hpp
[6.478s] -- Installing: /home/charbel/mpo500_ws/src/install/neo_srvs2/include/neo_srvs2/neo_srvs2/srv/relay_board_set_em_stop.hpp
[6.479s] -- Up-to-date: /home/charbel/mpo500_ws/src/install/neo_srvs2/include/neo_srvs2/neo_srvs2
[6.479s] -- Up-to-date: /home/charbel/mpo500_ws/src/install/neo_srvs2/include/neo_srvs2/neo_srvs2/srv
[6.479s] -- Up-to-date: /home/charbel/mpo500_ws/src/install/neo_srvs2/include/neo_srvs2/neo_srvs2/srv/detail
[6.479s] -- Installing: /home/charbel/mpo500_ws/src/install/neo_srvs2/include/neo_srvs2/neo_srvs2/srv/detail/relay_board_un_set_em_stop__rosidl_typesupport_fastrtps_cpp.hpp
[6.479s] -- Installing: /home/charbel/mpo500_ws/src/install/neo_srvs2/include/neo_srvs2/neo_srvs2/srv/detail/dds_fastrtps
[6.479s] -- Installing: /home/charbel/mpo500_ws/src/install/neo_srvs2/include/neo_srvs2/neo_srvs2/srv/detail/relay_board_set_em_stop__rosidl_typesupport_fastrtps_cpp.hpp
[6.479s] -- Installing: /home/charbel/mpo500_ws/src/install/neo_srvs2/include/neo_srvs2/neo_srvs2/srv/detail/relay_board_set_lcd_msg__rosidl_typesupport_fastrtps_cpp.hpp
[6.479s] -- Installing: /home/charbel/mpo500_ws/src/install/neo_srvs2/include/neo_srvs2/neo_srvs2/srv/detail/relay_board_set_safety_mode__rosidl_typesupport_fastrtps_cpp.hpp
[6.479s] -- Installing: /home/charbel/mpo500_ws/src/install/neo_srvs2/include/neo_srvs2/neo_srvs2/srv/detail/lock_platform__rosidl_typesupport_fastrtps_cpp.hpp
[6.479s] -- Installing: /home/charbel/mpo500_ws/src/install/neo_srvs2/include/neo_srvs2/neo_srvs2/srv/detail/us_board_toggle_sensor__rosidl_typesupport_fastrtps_cpp.hpp
[6.479s] -- Installing: /home/charbel/mpo500_ws/src/install/neo_srvs2/include/neo_srvs2/neo_srvs2/srv/detail/relay_board_set_relay__rosidl_typesupport_fastrtps_cpp.hpp
[6.479s] -- Installing: /home/charbel/mpo500_ws/src/install/neo_srvs2/include/neo_srvs2/neo_srvs2/srv/detail/initialize_contour_matching__rosidl_typesupport_fastrtps_cpp.hpp
[6.479s] -- Installing: /home/charbel/mpo500_ws/src/install/neo_srvs2/include/neo_srvs2/neo_srvs2/srv/detail/relay_board_set_led__rosidl_typesupport_fastrtps_cpp.hpp
[6.479s] -- Installing: /home/charbel/mpo500_ws/src/install/neo_srvs2/include/neo_srvs2/neo_srvs2/srv/detail/io_board_set_dig_out__rosidl_typesupport_fastrtps_cpp.hpp
[6.479s] -- Installing: /home/charbel/mpo500_ws/src/install/neo_srvs2/include/neo_srvs2/neo_srvs2/srv/detail/unlock_platform__rosidl_typesupport_fastrtps_cpp.hpp
[6.479s] -- Installing: /home/charbel/mpo500_ws/src/install/neo_srvs2/include/neo_srvs2/neo_srvs2/srv/detail/optimizer__rosidl_typesupport_fastrtps_cpp.hpp
[6.479s] -- Installing: /home/charbel/mpo500_ws/src/install/neo_srvs2/include/neo_srvs2/neo_srvs2/srv/detail/set_safety_field__rosidl_typesupport_fastrtps_cpp.hpp
[6.479s] -- Installing: /home/charbel/mpo500_ws/src/install/neo_srvs2/include/neo_srvs2/neo_srvs2/srv/detail/reset_omni_wheels__rosidl_typesupport_fastrtps_cpp.hpp
[6.479s] -- Up-to-date: /home/charbel/mpo500_ws/src/install/neo_srvs2/include/neo_srvs2/neo_srvs2/msg
[6.479s] -- Installing: /home/charbel/mpo500_ws/src/install/neo_srvs2/include/neo_srvs2/neo_srvs2/msg/rosidl_typesupport_fastrtps_cpp__visibility_control.h
[6.479s] -- Installing: /home/charbel/mpo500_ws/src/install/neo_srvs2/lib/libneo_srvs2__rosidl_typesupport_fastrtps_cpp.so
[6.479s] -- Set runtime path of "/home/charbel/mpo500_ws/src/install/neo_srvs2/lib/libneo_srvs2__rosidl_typesupport_fastrtps_cpp.so" to ""
[6.479s] -- Up-to-date: /home/charbel/mpo500_ws/src/install/neo_srvs2/include/neo_srvs2/neo_srvs2
[6.479s] -- Up-to-date: /home/charbel/mpo500_ws/src/install/neo_srvs2/include/neo_srvs2/neo_srvs2/srv
[6.479s] -- Up-to-date: /home/charbel/mpo500_ws/src/install/neo_srvs2/include/neo_srvs2/neo_srvs2/srv/detail
[6.479s] -- Installing: /home/charbel/mpo500_ws/src/install/neo_srvs2/include/neo_srvs2/neo_srvs2/srv/detail/initialize_contour_matching__type_support.cpp
[6.479s] -- Installing: /home/charbel/mpo500_ws/src/install/neo_srvs2/include/neo_srvs2/neo_srvs2/srv/detail/relay_board_set_relay__type_support.cpp
[6.479s] -- Installing: /home/charbel/mpo500_ws/src/install/neo_srvs2/include/neo_srvs2/neo_srvs2/srv/detail/initialize_contour_matching__rosidl_typesupport_introspection_cpp.hpp
[6.479s] -- Installing: /home/charbel/mpo500_ws/src/install/neo_srvs2/include/neo_srvs2/neo_srvs2/srv/detail/optimizer__type_support.cpp
[6.479s] -- Installing: /home/charbel/mpo500_ws/src/install/neo_srvs2/include/neo_srvs2/neo_srvs2/srv/detail/relay_board_un_set_em_stop__type_support.cpp
[6.479s] -- Installing: /home/charbel/mpo500_ws/src/install/neo_srvs2/include/neo_srvs2/neo_srvs2/srv/detail/relay_board_set_led__rosidl_typesupport_introspection_cpp.hpp
[6.479s] -- Installing: /home/charbel/mpo500_ws/src/install/neo_srvs2/include/neo_srvs2/neo_srvs2/srv/detail/relay_board_set_relay__rosidl_typesupport_introspection_cpp.hpp
[6.480s] -- Installing: /home/charbel/mpo500_ws/src/install/neo_srvs2/include/neo_srvs2/neo_srvs2/srv/detail/set_safety_field__type_support.cpp
[6.480s] -- Installing: /home/charbel/mpo500_ws/src/install/neo_srvs2/include/neo_srvs2/neo_srvs2/srv/detail/unlock_platform__rosidl_typesupport_introspection_cpp.hpp
[6.480s] -- Installing: /home/charbel/mpo500_ws/src/install/neo_srvs2/include/neo_srvs2/neo_srvs2/srv/detail/relay_board_un_set_em_stop__rosidl_typesupport_introspection_cpp.hpp
[6.480s] -- Installing: /home/charbel/mpo500_ws/src/install/neo_srvs2/include/neo_srvs2/neo_srvs2/srv/detail/reset_omni_wheels__rosidl_typesupport_introspection_cpp.hpp
[6.480s] -- Installing: /home/charbel/mpo500_ws/src/install/neo_srvs2/include/neo_srvs2/neo_srvs2/srv/detail/us_board_toggle_sensor__rosidl_typesupport_introspection_cpp.hpp
[6.480s] -- Installing: /home/charbel/mpo500_ws/src/install/neo_srvs2/include/neo_srvs2/neo_srvs2/srv/detail/relay_board_set_em_stop__rosidl_typesupport_introspection_cpp.hpp
[6.480s] -- Installing: /home/charbel/mpo500_ws/src/install/neo_srvs2/include/neo_srvs2/neo_srvs2/srv/detail/set_safety_field__rosidl_typesupport_introspection_cpp.hpp
[6.480s] -- Installing: /home/charbel/mpo500_ws/src/install/neo_srvs2/include/neo_srvs2/neo_srvs2/srv/detail/relay_board_set_lcd_msg__rosidl_typesupport_introspection_cpp.hpp
[6.480s] -- Installing: /home/charbel/mpo500_ws/src/install/neo_srvs2/include/neo_srvs2/neo_srvs2/srv/detail/optimizer__rosidl_typesupport_introspection_cpp.hpp
[6.480s] -- Installing: /home/charbel/mpo500_ws/src/install/neo_srvs2/include/neo_srvs2/neo_srvs2/srv/detail/lock_platform__rosidl_typesupport_introspection_cpp.hpp
[6.480s] -- Installing: /home/charbel/mpo500_ws/src/install/neo_srvs2/include/neo_srvs2/neo_srvs2/srv/detail/relay_board_set_lcd_msg__type_support.cpp
[6.480s] -- Installing: /home/charbel/mpo500_ws/src/install/neo_srvs2/include/neo_srvs2/neo_srvs2/srv/detail/io_board_set_dig_out__type_support.cpp
[6.480s] -- Installing: /home/charbel/mpo500_ws/src/install/neo_srvs2/include/neo_srvs2/neo_srvs2/srv/detail/relay_board_set_safety_mode__rosidl_typesupport_introspection_cpp.hpp
[6.480s] -- Installing: /home/charbel/mpo500_ws/src/install/neo_srvs2/include/neo_srvs2/neo_srvs2/srv/detail/relay_board_set_safety_mode__type_support.cpp
[6.480s] -- Installing: /home/charbel/mpo500_ws/src/install/neo_srvs2/include/neo_srvs2/neo_srvs2/srv/detail/reset_omni_wheels__type_support.cpp
[6.480s] -- Installing: /home/charbel/mpo500_ws/src/install/neo_srvs2/include/neo_srvs2/neo_srvs2/srv/detail/relay_board_set_led__type_support.cpp
[6.480s] -- Installing: /home/charbel/mpo500_ws/src/install/neo_srvs2/include/neo_srvs2/neo_srvs2/srv/detail/lock_platform__type_support.cpp
[6.480s] -- Installing: /home/charbel/mpo500_ws/src/install/neo_srvs2/include/neo_srvs2/neo_srvs2/srv/detail/io_board_set_dig_out__rosidl_typesupport_introspection_cpp.hpp
[6.480s] -- Installing: /home/charbel/mpo500_ws/src/install/neo_srvs2/include/neo_srvs2/neo_srvs2/srv/detail/relay_board_set_em_stop__type_support.cpp
[6.480s] -- Installing: /home/charbel/mpo500_ws/src/install/neo_srvs2/include/neo_srvs2/neo_srvs2/srv/detail/unlock_platform__type_support.cpp
[6.480s] -- Installing: /home/charbel/mpo500_ws/src/install/neo_srvs2/include/neo_srvs2/neo_srvs2/srv/detail/us_board_toggle_sensor__type_support.cpp
[6.480s] -- Installing: /home/charbel/mpo500_ws/src/install/neo_srvs2/lib/libneo_srvs2__rosidl_typesupport_introspection_cpp.so
[6.480s] -- Set runtime path of "/home/charbel/mpo500_ws/src/install/neo_srvs2/lib/libneo_srvs2__rosidl_typesupport_introspection_cpp.so" to ""
[6.480s] -- Installing: /home/charbel/mpo500_ws/src/install/neo_srvs2/lib/libneo_srvs2__rosidl_typesupport_cpp.so
[6.480s] -- Set runtime path of "/home/charbel/mpo500_ws/src/install/neo_srvs2/lib/libneo_srvs2__rosidl_typesupport_cpp.so" to ""
[6.480s] -- Installing: /home/charbel/mpo500_ws/src/install/neo_srvs2/share/neo_srvs2/environment/pythonpath.sh
[6.480s] -- Installing: /home/charbel/mpo500_ws/src/install/neo_srvs2/share/neo_srvs2/environment/pythonpath.dsv
[6.480s] -- Installing: /home/charbel/mpo500_ws/src/install/neo_srvs2/local/lib/python3.10/dist-packages/neo_srvs2-0.1.0-py3.10.egg-info
[6.480s] -- Installing: /home/charbel/mpo500_ws/src/install/neo_srvs2/local/lib/python3.10/dist-packages/neo_srvs2-0.1.0-py3.10.egg-info/SOURCES.txt
[6.480s] -- Installing: /home/charbel/mpo500_ws/src/install/neo_srvs2/local/lib/python3.10/dist-packages/neo_srvs2-0.1.0-py3.10.egg-info/PKG-INFO
[6.480s] -- Installing: /home/charbel/mpo500_ws/src/install/neo_srvs2/local/lib/python3.10/dist-packages/neo_srvs2-0.1.0-py3.10.egg-info/dependency_links.txt
[6.480s] -- Installing: /home/charbel/mpo500_ws/src/install/neo_srvs2/local/lib/python3.10/dist-packages/neo_srvs2-0.1.0-py3.10.egg-info/top_level.txt
[6.481s] -- Installing: /home/charbel/mpo500_ws/src/install/neo_srvs2/local/lib/python3.10/dist-packages/neo_srvs2
[6.481s] -- Installing: /home/charbel/mpo500_ws/src/install/neo_srvs2/local/lib/python3.10/dist-packages/neo_srvs2/neo_srvs2_s__rosidl_typesupport_c.cpython-310-x86_64-linux-gnu.so
[6.481s] -- Installing: /home/charbel/mpo500_ws/src/install/neo_srvs2/local/lib/python3.10/dist-packages/neo_srvs2/libneo_srvs2__rosidl_generator_py.so
[6.481s] -- Installing: /home/charbel/mpo500_ws/src/install/neo_srvs2/local/lib/python3.10/dist-packages/neo_srvs2/_neo_srvs2_s.ep.rosidl_typesupport_introspection_c.c
[6.481s] -- Installing: /home/charbel/mpo500_ws/src/install/neo_srvs2/local/lib/python3.10/dist-packages/neo_srvs2/srv
[6.481s] -- Installing: /home/charbel/mpo500_ws/src/install/neo_srvs2/local/lib/python3.10/dist-packages/neo_srvs2/srv/_relay_board_set_led_s.c
[6.481s] -- Installing: /home/charbel/mpo500_ws/src/install/neo_srvs2/local/lib/python3.10/dist-packages/neo_srvs2/srv/_io_board_set_dig_out.py
[6.481s] -- Installing: /home/charbel/mpo500_ws/src/install/neo_srvs2/local/lib/python3.10/dist-packages/neo_srvs2/srv/_optimizer_s.c
[6.481s] -- Installing: /home/charbel/mpo500_ws/src/install/neo_srvs2/local/lib/python3.10/dist-packages/neo_srvs2/srv/_relay_board_un_set_em_stop.py
[6.481s] -- Installing: /home/charbel/mpo500_ws/src/install/neo_srvs2/local/lib/python3.10/dist-packages/neo_srvs2/srv/_unlock_platform.py
[6.481s] -- Installing: /home/charbel/mpo500_ws/src/install/neo_srvs2/local/lib/python3.10/dist-packages/neo_srvs2/srv/_unlock_platform_s.c
[6.481s] -- Installing: /home/charbel/mpo500_ws/src/install/neo_srvs2/local/lib/python3.10/dist-packages/neo_srvs2/srv/_reset_omni_wheels_s.c
[6.481s] -- Installing: /home/charbel/mpo500_ws/src/install/neo_srvs2/local/lib/python3.10/dist-packages/neo_srvs2/srv/_reset_omni_wheels.py
[6.481s] -- Installing: /home/charbel/mpo500_ws/src/install/neo_srvs2/local/lib/python3.10/dist-packages/neo_srvs2/srv/_relay_board_set_safety_mode.py
[6.481s] -- Installing: /home/charbel/mpo500_ws/src/install/neo_srvs2/local/lib/python3.10/dist-packages/neo_srvs2/srv/_relay_board_set_em_stop_s.c
[6.481s] -- Installing: /home/charbel/mpo500_ws/src/install/neo_srvs2/local/lib/python3.10/dist-packages/neo_srvs2/srv/_relay_board_un_set_em_stop_s.c
[6.481s] -- Installing: /home/charbel/mpo500_ws/src/install/neo_srvs2/local/lib/python3.10/dist-packages/neo_srvs2/srv/_us_board_toggle_sensor.py
[6.481s] -- Installing: /home/charbel/mpo500_ws/src/install/neo_srvs2/local/lib/python3.10/dist-packages/neo_srvs2/srv/_io_board_set_dig_out_s.c
[6.481s] -- Installing: /home/charbel/mpo500_ws/src/install/neo_srvs2/local/lib/python3.10/dist-packages/neo_srvs2/srv/_lock_platform_s.c
[6.481s] -- Installing: /home/charbel/mpo500_ws/src/install/neo_srvs2/local/lib/python3.10/dist-packages/neo_srvs2/srv/_initialize_contour_matching_s.c
[6.481s] -- Installing: /home/charbel/mpo500_ws/src/install/neo_srvs2/local/lib/python3.10/dist-packages/neo_srvs2/srv/_set_safety_field_s.c
[6.481s] -- Installing: /home/charbel/mpo500_ws/src/install/neo_srvs2/local/lib/python3.10/dist-packages/neo_srvs2/srv/_initialize_contour_matching.py
[6.481s] -- Installing: /home/charbel/mpo500_ws/src/install/neo_srvs2/local/lib/python3.10/dist-packages/neo_srvs2/srv/_relay_board_set_lcd_msg.py
[6.481s] -- Installing: /home/charbel/mpo500_ws/src/install/neo_srvs2/local/lib/python3.10/dist-packages/neo_srvs2/srv/_relay_board_set_relay_s.c
[6.481s] -- Installing: /home/charbel/mpo500_ws/src/install/neo_srvs2/local/lib/python3.10/dist-packages/neo_srvs2/srv/_relay_board_set_em_stop.py
[6.481s] -- Installing: /home/charbel/mpo500_ws/src/install/neo_srvs2/local/lib/python3.10/dist-packages/neo_srvs2/srv/_us_board_toggle_sensor_s.c
[6.481s] -- Installing: /home/charbel/mpo500_ws/src/install/neo_srvs2/local/lib/python3.10/dist-packages/neo_srvs2/srv/_lock_platform.py
[6.481s] -- Installing: /home/charbel/mpo500_ws/src/install/neo_srvs2/local/lib/python3.10/dist-packages/neo_srvs2/srv/_optimizer.py
[6.481s] -- Installing: /home/charbel/mpo500_ws/src/install/neo_srvs2/local/lib/python3.10/dist-packages/neo_srvs2/srv/_relay_board_set_led.py
[6.481s] -- Installing: /home/charbel/mpo500_ws/src/install/neo_srvs2/local/lib/python3.10/dist-packages/neo_srvs2/srv/_set_safety_field.py
[6.481s] -- Installing: /home/charbel/mpo500_ws/src/install/neo_srvs2/local/lib/python3.10/dist-packages/neo_srvs2/srv/_relay_board_set_lcd_msg_s.c
[6.481s] -- Installing: /home/charbel/mpo500_ws/src/install/neo_srvs2/local/lib/python3.10/dist-packages/neo_srvs2/srv/_relay_board_set_safety_mode_s.c
[6.482s] -- Installing: /home/charbel/mpo500_ws/src/install/neo_srvs2/local/lib/python3.10/dist-packages/neo_srvs2/srv/_relay_board_set_relay.py
[6.482s] -- Installing: /home/charbel/mpo500_ws/src/install/neo_srvs2/local/lib/python3.10/dist-packages/neo_srvs2/srv/__init__.py
[6.482s] -- Installing: /home/charbel/mpo500_ws/src/install/neo_srvs2/local/lib/python3.10/dist-packages/neo_srvs2/_neo_srvs2_s.ep.rosidl_typesupport_c.c
[6.482s] -- Installing: /home/charbel/mpo500_ws/src/install/neo_srvs2/local/lib/python3.10/dist-packages/neo_srvs2/neo_srvs2_s__rosidl_typesupport_fastrtps_c.cpython-310-x86_64-linux-gnu.so
[6.482s] -- Installing: /home/charbel/mpo500_ws/src/install/neo_srvs2/local/lib/python3.10/dist-packages/neo_srvs2/neo_srvs2_s__rosidl_typesupport_introspection_c.cpython-310-x86_64-linux-gnu.so
[6.482s] -- Installing: /home/charbel/mpo500_ws/src/install/neo_srvs2/local/lib/python3.10/dist-packages/neo_srvs2/_neo_srvs2_s.ep.rosidl_typesupport_fastrtps_c.c
[6.482s] -- Installing: /home/charbel/mpo500_ws/src/install/neo_srvs2/local/lib/python3.10/dist-packages/neo_srvs2/__init__.py
[6.517s] Listing '/home/charbel/mpo500_ws/src/install/neo_srvs2/local/lib/python3.10/dist-packages/neo_srvs2'...
[6.517s] Compiling '/home/charbel/mpo500_ws/src/install/neo_srvs2/local/lib/python3.10/dist-packages/neo_srvs2/__init__.py'...
[6.517s] Listing '/home/charbel/mpo500_ws/src/install/neo_srvs2/local/lib/python3.10/dist-packages/neo_srvs2/srv'...
[6.517s] Compiling '/home/charbel/mpo500_ws/src/install/neo_srvs2/local/lib/python3.10/dist-packages/neo_srvs2/srv/__init__.py'...
[6.517s] Compiling '/home/charbel/mpo500_ws/src/install/neo_srvs2/local/lib/python3.10/dist-packages/neo_srvs2/srv/_initialize_contour_matching.py'...
[6.517s] Compiling '/home/charbel/mpo500_ws/src/install/neo_srvs2/local/lib/python3.10/dist-packages/neo_srvs2/srv/_io_board_set_dig_out.py'...
[6.517s] Compiling '/home/charbel/mpo500_ws/src/install/neo_srvs2/local/lib/python3.10/dist-packages/neo_srvs2/srv/_lock_platform.py'...
[6.517s] Compiling '/home/charbel/mpo500_ws/src/install/neo_srvs2/local/lib/python3.10/dist-packages/neo_srvs2/srv/_optimizer.py'...
[6.518s] Compiling '/home/charbel/mpo500_ws/src/install/neo_srvs2/local/lib/python3.10/dist-packages/neo_srvs2/srv/_relay_board_set_em_stop.py'...
[6.518s] Compiling '/home/charbel/mpo500_ws/src/install/neo_srvs2/local/lib/python3.10/dist-packages/neo_srvs2/srv/_relay_board_set_lcd_msg.py'...
[6.518s] Compiling '/home/charbel/mpo500_ws/src/install/neo_srvs2/local/lib/python3.10/dist-packages/neo_srvs2/srv/_relay_board_set_led.py'...
[6.518s] Compiling '/home/charbel/mpo500_ws/src/install/neo_srvs2/local/lib/python3.10/dist-packages/neo_srvs2/srv/_relay_board_set_relay.py'...
[6.518s] Compiling '/home/charbel/mpo500_ws/src/install/neo_srvs2/local/lib/python3.10/dist-packages/neo_srvs2/srv/_relay_board_set_safety_mode.py'...
[6.518s] Compiling '/home/charbel/mpo500_ws/src/install/neo_srvs2/local/lib/python3.10/dist-packages/neo_srvs2/srv/_relay_board_un_set_em_stop.py'...
[6.518s] Compiling '/home/charbel/mpo500_ws/src/install/neo_srvs2/local/lib/python3.10/dist-packages/neo_srvs2/srv/_reset_omni_wheels.py'...
[6.518s] Compiling '/home/charbel/mpo500_ws/src/install/neo_srvs2/local/lib/python3.10/dist-packages/neo_srvs2/srv/_set_safety_field.py'...
[6.518s] Compiling '/home/charbel/mpo500_ws/src/install/neo_srvs2/local/lib/python3.10/dist-packages/neo_srvs2/srv/_unlock_platform.py'...
[6.518s] Compiling '/home/charbel/mpo500_ws/src/install/neo_srvs2/local/lib/python3.10/dist-packages/neo_srvs2/srv/_us_board_toggle_sensor.py'...
[6.520s] -- Installing: /home/charbel/mpo500_ws/src/install/neo_srvs2/local/lib/python3.10/dist-packages/neo_srvs2/neo_srvs2_s__rosidl_typesupport_fastrtps_c.cpython-310-x86_64-linux-gnu.so
[6.521s] -- Set runtime path of "/home/charbel/mpo500_ws/src/install/neo_srvs2/local/lib/python3.10/dist-packages/neo_srvs2/neo_srvs2_s__rosidl_typesupport_fastrtps_c.cpython-310-x86_64-linux-gnu.so" to ""
[6.521s] -- Installing: /home/charbel/mpo500_ws/src/install/neo_srvs2/local/lib/python3.10/dist-packages/neo_srvs2/neo_srvs2_s__rosidl_typesupport_introspection_c.cpython-310-x86_64-linux-gnu.so
[6.521s] -- Set runtime path of "/home/charbel/mpo500_ws/src/install/neo_srvs2/local/lib/python3.10/dist-packages/neo_srvs2/neo_srvs2_s__rosidl_typesupport_introspection_c.cpython-310-x86_64-linux-gnu.so" to ""
[6.521s] -- Installing: /home/charbel/mpo500_ws/src/install/neo_srvs2/local/lib/python3.10/dist-packages/neo_srvs2/neo_srvs2_s__rosidl_typesupport_c.cpython-310-x86_64-linux-gnu.so
[6.521s] -- Set runtime path of "/home/charbel/mpo500_ws/src/install/neo_srvs2/local/lib/python3.10/dist-packages/neo_srvs2/neo_srvs2_s__rosidl_typesupport_c.cpython-310-x86_64-linux-gnu.so" to ""
[6.521s] -- Installing: /home/charbel/mpo500_ws/src/install/neo_srvs2/lib/libneo_srvs2__rosidl_generator_py.so
[6.521s] -- Set runtime path of "/home/charbel/mpo500_ws/src/install/neo_srvs2/lib/libneo_srvs2__rosidl_generator_py.so" to ""
[6.521s] -- Installing: /home/charbel/mpo500_ws/src/install/neo_srvs2/share/neo_srvs2/srv/RelayBoardSetRelay.idl
[6.521s] -- Installing: /home/charbel/mpo500_ws/src/install/neo_srvs2/share/neo_srvs2/srv/IOBoardSetDigOut.idl
[6.522s] -- Installing: /home/charbel/mpo500_ws/src/install/neo_srvs2/share/neo_srvs2/srv/RelayBoardSetLCDMsg.idl
[6.522s] -- Installing: /home/charbel/mpo500_ws/src/install/neo_srvs2/share/neo_srvs2/srv/LockPlatform.idl
[6.522s] -- Installing: /home/charbel/mpo500_ws/src/install/neo_srvs2/share/neo_srvs2/srv/UnlockPlatform.idl
[6.522s] -- Installing: /home/charbel/mpo500_ws/src/install/neo_srvs2/share/neo_srvs2/srv/ResetOmniWheels.idl
[6.522s] -- Installing: /home/charbel/mpo500_ws/src/install/neo_srvs2/share/neo_srvs2/srv/RelayBoardSetEMStop.idl
[6.522s] -- Installing: /home/charbel/mpo500_ws/src/install/neo_srvs2/share/neo_srvs2/srv/RelayBoardSetSafetyMode.idl
[6.522s] -- Installing: /home/charbel/mpo500_ws/src/install/neo_srvs2/share/neo_srvs2/srv/RelayBoardUnSetEMStop.idl
[6.522s] -- Installing: /home/charbel/mpo500_ws/src/install/neo_srvs2/share/neo_srvs2/srv/RelayBoardSetLED.idl
[6.522s] -- Installing: /home/charbel/mpo500_ws/src/install/neo_srvs2/share/neo_srvs2/srv/USBoardToggleSensor.idl
[6.522s] -- Installing: /home/charbel/mpo500_ws/src/install/neo_srvs2/share/neo_srvs2/srv/Optimizer.idl
[6.522s] -- Installing: /home/charbel/mpo500_ws/src/install/neo_srvs2/share/neo_srvs2/srv/InitializeContourMatching.idl
[6.522s] -- Installing: /home/charbel/mpo500_ws/src/install/neo_srvs2/share/neo_srvs2/srv/SetSafetyField.idl
[6.522s] -- Installing: /home/charbel/mpo500_ws/src/install/neo_srvs2/share/neo_srvs2/srv/RelayBoardSetRelay.srv
[6.522s] -- Installing: /home/charbel/mpo500_ws/src/install/neo_srvs2/share/neo_srvs2/srv/RelayBoardSetRelay_Request.msg
[6.522s] -- Installing: /home/charbel/mpo500_ws/src/install/neo_srvs2/share/neo_srvs2/srv/RelayBoardSetRelay_Response.msg
[6.522s] -- Installing: /home/charbel/mpo500_ws/src/install/neo_srvs2/share/neo_srvs2/srv/IOBoardSetDigOut.srv
[6.522s] -- Installing: /home/charbel/mpo500_ws/src/install/neo_srvs2/share/neo_srvs2/srv/IOBoardSetDigOut_Request.msg
[6.522s] -- Installing: /home/charbel/mpo500_ws/src/install/neo_srvs2/share/neo_srvs2/srv/IOBoardSetDigOut_Response.msg
[6.523s] -- Installing: /home/charbel/mpo500_ws/src/install/neo_srvs2/share/neo_srvs2/srv/RelayBoardSetLCDMsg.srv
[6.523s] -- Installing: /home/charbel/mpo500_ws/src/install/neo_srvs2/share/neo_srvs2/srv/RelayBoardSetLCDMsg_Request.msg
[6.523s] -- Installing: /home/charbel/mpo500_ws/src/install/neo_srvs2/share/neo_srvs2/srv/RelayBoardSetLCDMsg_Response.msg
[6.523s] -- Installing: /home/charbel/mpo500_ws/src/install/neo_srvs2/share/neo_srvs2/srv/LockPlatform.srv
[6.523s] -- Installing: /home/charbel/mpo500_ws/src/install/neo_srvs2/share/neo_srvs2/srv/LockPlatform_Request.msg
[6.523s] -- Installing: /home/charbel/mpo500_ws/src/install/neo_srvs2/share/neo_srvs2/srv/LockPlatform_Response.msg
[6.523s] -- Installing: /home/charbel/mpo500_ws/src/install/neo_srvs2/share/neo_srvs2/srv/UnlockPlatform.srv
[6.523s] -- Installing: /home/charbel/mpo500_ws/src/install/neo_srvs2/share/neo_srvs2/srv/UnlockPlatform_Request.msg
[6.523s] -- Installing: /home/charbel/mpo500_ws/src/install/neo_srvs2/share/neo_srvs2/srv/UnlockPlatform_Response.msg
[6.523s] -- Installing: /home/charbel/mpo500_ws/src/install/neo_srvs2/share/neo_srvs2/srv/ResetOmniWheels.srv
[6.523s] -- Installing: /home/charbel/mpo500_ws/src/install/neo_srvs2/share/neo_srvs2/srv/ResetOmniWheels_Request.msg
[6.523s] -- Installing: /home/charbel/mpo500_ws/src/install/neo_srvs2/share/neo_srvs2/srv/ResetOmniWheels_Response.msg
[6.523s] -- Installing: /home/charbel/mpo500_ws/src/install/neo_srvs2/share/neo_srvs2/srv/RelayBoardSetEMStop.srv
[6.523s] -- Installing: /home/charbel/mpo500_ws/src/install/neo_srvs2/share/neo_srvs2/srv/RelayBoardSetEMStop_Request.msg
[6.523s] -- Installing: /home/charbel/mpo500_ws/src/install/neo_srvs2/share/neo_srvs2/srv/RelayBoardSetEMStop_Response.msg
[6.523s] -- Installing: /home/charbel/mpo500_ws/src/install/neo_srvs2/share/neo_srvs2/srv/RelayBoardSetSafetyMode.srv
[6.523s] -- Installing: /home/charbel/mpo500_ws/src/install/neo_srvs2/share/neo_srvs2/srv/RelayBoardSetSafetyMode_Request.msg
[6.523s] -- Installing: /home/charbel/mpo500_ws/src/install/neo_srvs2/share/neo_srvs2/srv/RelayBoardSetSafetyMode_Response.msg
[6.523s] -- Installing: /home/charbel/mpo500_ws/src/install/neo_srvs2/share/neo_srvs2/srv/RelayBoardUnSetEMStop.srv
[6.524s] -- Installing: /home/charbel/mpo500_ws/src/install/neo_srvs2/share/neo_srvs2/srv/RelayBoardUnSetEMStop_Request.msg
[6.524s] -- Installing: /home/charbel/mpo500_ws/src/install/neo_srvs2/share/neo_srvs2/srv/RelayBoardUnSetEMStop_Response.msg
[6.524s] -- Installing: /home/charbel/mpo500_ws/src/install/neo_srvs2/share/neo_srvs2/srv/RelayBoardSetLED.srv
[6.524s] -- Installing: /home/charbel/mpo500_ws/src/install/neo_srvs2/share/neo_srvs2/srv/RelayBoardSetLED_Request.msg
[6.524s] -- Installing: /home/charbel/mpo500_ws/src/install/neo_srvs2/share/neo_srvs2/srv/RelayBoardSetLED_Response.msg
[6.524s] -- Installing: /home/charbel/mpo500_ws/src/install/neo_srvs2/share/neo_srvs2/srv/USBoardToggleSensor.srv
[6.524s] -- Installing: /home/charbel/mpo500_ws/src/install/neo_srvs2/share/neo_srvs2/srv/USBoardToggleSensor_Request.msg
[6.524s] -- Installing: /home/charbel/mpo500_ws/src/install/neo_srvs2/share/neo_srvs2/srv/USBoardToggleSensor_Response.msg
[6.524s] -- Installing: /home/charbel/mpo500_ws/src/install/neo_srvs2/share/neo_srvs2/srv/Optimizer.srv
[6.524s] -- Installing: /home/charbel/mpo500_ws/src/install/neo_srvs2/share/neo_srvs2/srv/Optimizer_Request.msg
[6.524s] -- Installing: /home/charbel/mpo500_ws/src/install/neo_srvs2/share/neo_srvs2/srv/Optimizer_Response.msg
[6.524s] -- Installing: /home/charbel/mpo500_ws/src/install/neo_srvs2/share/neo_srvs2/srv/InitializeContourMatching.srv
[6.524s] -- Installing: /home/charbel/mpo500_ws/src/install/neo_srvs2/share/neo_srvs2/srv/InitializeContourMatching_Request.msg
[6.524s] -- Installing: /home/charbel/mpo500_ws/src/install/neo_srvs2/share/neo_srvs2/srv/InitializeContourMatching_Response.msg
[6.524s] -- Installing: /home/charbel/mpo500_ws/src/install/neo_srvs2/share/neo_srvs2/srv/SetSafetyField.srv
[6.524s] -- Installing: /home/charbel/mpo500_ws/src/install/neo_srvs2/share/neo_srvs2/srv/SetSafetyField_Request.msg
[6.525s] -- Installing: /home/charbel/mpo500_ws/src/install/neo_srvs2/share/neo_srvs2/srv/SetSafetyField_Response.msg
[6.525s] -- Installing: /home/charbel/mpo500_ws/src/install/neo_srvs2/share/ament_index/resource_index/package_run_dependencies/neo_srvs2
[6.525s] -- Installing: /home/charbel/mpo500_ws/src/install/neo_srvs2/share/ament_index/resource_index/parent_prefix_path/neo_srvs2
[6.525s] -- Installing: /home/charbel/mpo500_ws/src/install/neo_srvs2/share/neo_srvs2/environment/ament_prefix_path.sh
[6.525s] -- Installing: /home/charbel/mpo500_ws/src/install/neo_srvs2/share/neo_srvs2/environment/ament_prefix_path.dsv
[6.525s] -- Installing: /home/charbel/mpo500_ws/src/install/neo_srvs2/share/neo_srvs2/environment/path.sh
[6.525s] -- Installing: /home/charbel/mpo500_ws/src/install/neo_srvs2/share/neo_srvs2/environment/path.dsv
[6.525s] -- Installing: /home/charbel/mpo500_ws/src/install/neo_srvs2/share/neo_srvs2/local_setup.bash
[6.525s] -- Installing: /home/charbel/mpo500_ws/src/install/neo_srvs2/share/neo_srvs2/local_setup.sh
[6.525s] -- Installing: /home/charbel/mpo500_ws/src/install/neo_srvs2/share/neo_srvs2/local_setup.zsh
[6.525s] -- Installing: /home/charbel/mpo500_ws/src/install/neo_srvs2/share/neo_srvs2/local_setup.dsv
[6.525s] -- Installing: /home/charbel/mpo500_ws/src/install/neo_srvs2/share/neo_srvs2/package.dsv
[6.525s] -- Installing: /home/charbel/mpo500_ws/src/install/neo_srvs2/share/ament_index/resource_index/packages/neo_srvs2
[6.525s] -- Installing: /home/charbel/mpo500_ws/src/install/neo_srvs2/share/neo_srvs2/cmake/export_neo_srvs2__rosidl_generator_cExport.cmake
[6.525s] -- Installing: /home/charbel/mpo500_ws/src/install/neo_srvs2/share/neo_srvs2/cmake/export_neo_srvs2__rosidl_generator_cExport-noconfig.cmake
[6.525s] -- Installing: /home/charbel/mpo500_ws/src/install/neo_srvs2/share/neo_srvs2/cmake/export_neo_srvs2__rosidl_typesupport_fastrtps_cExport.cmake
[6.525s] -- Installing: /home/charbel/mpo500_ws/src/install/neo_srvs2/share/neo_srvs2/cmake/export_neo_srvs2__rosidl_typesupport_fastrtps_cExport-noconfig.cmake
[6.525s] -- Installing: /home/charbel/mpo500_ws/src/install/neo_srvs2/share/neo_srvs2/cmake/neo_srvs2__rosidl_typesupport_introspection_cExport.cmake
[6.526s] -- Installing: /home/charbel/mpo500_ws/src/install/neo_srvs2/share/neo_srvs2/cmake/neo_srvs2__rosidl_typesupport_introspection_cExport-noconfig.cmake
[6.526s] -- Installing: /home/charbel/mpo500_ws/src/install/neo_srvs2/share/neo_srvs2/cmake/neo_srvs2__rosidl_typesupport_cExport.cmake
[6.526s] -- Installing: /home/charbel/mpo500_ws/src/install/neo_srvs2/share/neo_srvs2/cmake/neo_srvs2__rosidl_typesupport_cExport-noconfig.cmake
[6.526s] -- Installing: /home/charbel/mpo500_ws/src/install/neo_srvs2/share/neo_srvs2/cmake/export_neo_srvs2__rosidl_generator_cppExport.cmake
[6.526s] -- Installing: /home/charbel/mpo500_ws/src/install/neo_srvs2/share/neo_srvs2/cmake/export_neo_srvs2__rosidl_typesupport_fastrtps_cppExport.cmake
[6.526s] -- Installing: /home/charbel/mpo500_ws/src/install/neo_srvs2/share/neo_srvs2/cmake/export_neo_srvs2__rosidl_typesupport_fastrtps_cppExport-noconfig.cmake
[6.526s] -- Installing: /home/charbel/mpo500_ws/src/install/neo_srvs2/share/neo_srvs2/cmake/neo_srvs2__rosidl_typesupport_introspection_cppExport.cmake
[6.526s] -- Installing: /home/charbel/mpo500_ws/src/install/neo_srvs2/share/neo_srvs2/cmake/neo_srvs2__rosidl_typesupport_introspection_cppExport-noconfig.cmake
[6.526s] -- Installing: /home/charbel/mpo500_ws/src/install/neo_srvs2/share/neo_srvs2/cmake/neo_srvs2__rosidl_typesupport_cppExport.cmake
[6.526s] -- Installing: /home/charbel/mpo500_ws/src/install/neo_srvs2/share/neo_srvs2/cmake/neo_srvs2__rosidl_typesupport_cppExport-noconfig.cmake
[6.526s] -- Installing: /home/charbel/mpo500_ws/src/install/neo_srvs2/share/neo_srvs2/cmake/export_neo_srvs2__rosidl_generator_pyExport.cmake
[6.526s] -- Installing: /home/charbel/mpo500_ws/src/install/neo_srvs2/share/neo_srvs2/cmake/export_neo_srvs2__rosidl_generator_pyExport-noconfig.cmake
[6.526s] -- Installing: /home/charbel/mpo500_ws/src/install/neo_srvs2/share/neo_srvs2/cmake/rosidl_cmake-extras.cmake
[6.526s] -- Installing: /home/charbel/mpo500_ws/src/install/neo_srvs2/share/neo_srvs2/cmake/ament_cmake_export_dependencies-extras.cmake
[6.526s] -- Installing: /home/charbel/mpo500_ws/src/install/neo_srvs2/share/neo_srvs2/cmake/ament_cmake_export_include_directories-extras.cmake
[6.526s] -- Installing: /home/charbel/mpo500_ws/src/install/neo_srvs2/share/neo_srvs2/cmake/ament_cmake_export_libraries-extras.cmake
[6.527s] -- Installing: /home/charbel/mpo500_ws/src/install/neo_srvs2/share/neo_srvs2/cmake/ament_cmake_export_targets-extras.cmake
[6.527s] -- Installing: /home/charbel/mpo500_ws/src/install/neo_srvs2/share/neo_srvs2/cmake/rosidl_cmake_export_typesupport_targets-extras.cmake
[6.527s] -- Installing: /home/charbel/mpo500_ws/src/install/neo_srvs2/share/neo_srvs2/cmake/rosidl_cmake_export_typesupport_libraries-extras.cmake
[6.527s] -- Installing: /home/charbel/mpo500_ws/src/install/neo_srvs2/share/neo_srvs2/cmake/neo_srvs2Config.cmake
[6.527s] -- Installing: /home/charbel/mpo500_ws/src/install/neo_srvs2/share/neo_srvs2/cmake/neo_srvs2Config-version.cmake
[6.527s] -- Installing: /home/charbel/mpo500_ws/src/install/neo_srvs2/share/neo_srvs2/package.xml
[6.529s] Invoked command in '/home/charbel/mpo500_ws/src/build/neo_srvs2' returned '0': AMENT_PREFIX_PATH=/home/charbel/mpo500_ws/src/install/neo_msgs2:${AMENT_PREFIX_PATH} CMAKE_PREFIX_PATH=/home/charbel/mpo500_ws/src/install/neo_msgs2:/home/charbel/mpo500_ws/install/topic_subscriber:/home/charbel/mpo500_ws/install/topic_publisher:/home/charbel/mpo500_ws/install/robot_controller:/home/charbel/mpo500_ws/install/neo_teleop2:/home/charbel/mpo500_ws/install/neo_relayboard_v2-2:/home/charbel/mpo500_ws/install/neo_srvs2:/home/charbel/mpo500_ws/install/neo_simulation2:/home/charbel/mpo500_ws/install/neo_mpo_500-2:/home/charbel/mpo500_ws/install/neo_nav2_bringup:/home/charbel/mpo500_ws/install/neo_msgs2:/home/charbel/mpo500_ws/install/neo_kinematics_mecanum2:/home/charbel/mpo500_ws/install/neo_common2:/opt/ros/humble LD_LIBRARY_PATH=/home/charbel/mpo500_ws/src/install/neo_msgs2/lib:${LD_LIBRARY_PATH} PYTHONPATH=/home/charbel/mpo500_ws/src/install/neo_msgs2/local/lib/python3.10/dist-packages:${PYTHONPATH} /usr/bin/cmake --install /home/charbel/mpo500_ws/src/build/neo_srvs2
