[0.061s] DEBUG:colcon:Command line arguments: ['/usr/bin/colcon', 'build', '--packages-select', 'robot_controller']
[0.061s] DEBUG:colcon:Parsed command line arguments: Namespace(log_base=None, log_level=None, verb_name='build', build_base='build', install_base='install', merge_install=False, symlink_install=False, test_result_base=None, continue_on_error=False, executor='parallel', parallel_workers=16, event_handlers=None, ignore_user_meta=False, metas=['./colcon.meta'], base_paths=['.'], packages_ignore=None, packages_ignore_regex=None, paths=None, packages_up_to=None, packages_up_to_regex=None, packages_above=None, packages_above_and_dependencies=None, packages_above_depth=None, packages_select_by_dep=None, packages_skip_by_dep=None, packages_skip_up_to=None, packages_select_build_failed=False, packages_skip_build_finished=False, packages_select_test_failures=False, packages_skip_test_passed=False, packages_select=['robot_controller'], packages_skip=None, packages_select_regex=None, packages_skip_regex=None, packages_start=None, packages_end=None, allow_overriding=[], cmake_args=None, cmake_target=None, cmake_target_skip_unavailable=False, cmake_clean_cache=False, cmake_clean_first=False, cmake_force_configure=False, ament_cmake_args=None, catkin_cmake_args=None, catkin_skip_building_tests=False, verb_parser=<colcon_defaults.argument_parser.defaults.DefaultArgumentsDecorator object at 0x7d54a7d45210>, verb_extension=<colcon_core.verb.build.BuildVerb object at 0x7d54a7d44c10>, main=<bound method BuildVerb.main of <colcon_core.verb.build.BuildVerb object at 0x7d54a7d44c10>>)
[0.150s] Level 1:colcon.colcon_core.package_discovery:discover_packages(colcon_meta) check parameters
[0.150s] Level 1:colcon.colcon_core.package_discovery:discover_packages(recursive) check parameters
[0.150s] Level 1:colcon.colcon_core.package_discovery:discover_packages(ignore) check parameters
[0.150s] Level 1:colcon.colcon_core.package_discovery:discover_packages(path) check parameters
[0.150s] Level 1:colcon.colcon_core.package_discovery:discover_packages(colcon_meta) discover
[0.150s] Level 1:colcon.colcon_core.package_discovery:discover_packages(recursive) discover
[0.150s] INFO:colcon.colcon_core.package_discovery:Crawling recursively for packages in '/home/charbel/mpo500_ws/src'
[0.150s] Level 1:colcon.colcon_core.package_identification:_identify(.) by extensions ['ignore', 'ignore_ament_install']
[0.150s] Level 1:colcon.colcon_core.package_identification:_identify(.) by extension 'ignore'
[0.150s] Level 1:colcon.colcon_core.package_identification:_identify(.) by extension 'ignore_ament_install'
[0.150s] Level 1:colcon.colcon_core.package_identification:_identify(.) by extensions ['colcon_pkg']
[0.150s] Level 1:colcon.colcon_core.package_identification:_identify(.) by extension 'colcon_pkg'
[0.150s] Level 1:colcon.colcon_core.package_identification:_identify(.) by extensions ['colcon_meta']
[0.150s] Level 1:colcon.colcon_core.package_identification:_identify(.) by extension 'colcon_meta'
[0.150s] Level 1:colcon.colcon_core.package_identification:_identify(.) by extensions ['ros']
[0.150s] Level 1:colcon.colcon_core.package_identification:_identify(.) by extension 'ros'
[0.157s] Level 1:colcon.colcon_core.package_identification:_identify(.) by extensions ['cmake', 'python']
[0.158s] Level 1:colcon.colcon_core.package_identification:_identify(.) by extension 'cmake'
[0.158s] Level 1:colcon.colcon_core.package_identification:_identify(.) by extension 'python'
[0.158s] Level 1:colcon.colcon_core.package_identification:_identify(.) by extensions ['python_setup_py']
[0.158s] Level 1:colcon.colcon_core.package_identification:_identify(.) by extension 'python_setup_py'
[0.158s] Level 1:colcon.colcon_core.package_identification:_identify(build) by extensions ['ignore', 'ignore_ament_install']
[0.158s] Level 1:colcon.colcon_core.package_identification:_identify(build) by extension 'ignore'
[0.158s] Level 1:colcon.colcon_core.package_identification:_identify(build) ignored
[0.158s] Level 1:colcon.colcon_core.package_identification:_identify(install) by extensions ['ignore', 'ignore_ament_install']
[0.158s] Level 1:colcon.colcon_core.package_identification:_identify(install) by extension 'ignore'
[0.158s] Level 1:colcon.colcon_core.package_identification:_identify(install) ignored
[0.158s] Level 1:colcon.colcon_core.package_identification:_identify(log) by extensions ['ignore', 'ignore_ament_install']
[0.158s] Level 1:colcon.colcon_core.package_identification:_identify(log) by extension 'ignore'
[0.158s] Level 1:colcon.colcon_core.package_identification:_identify(log) ignored
[0.158s] Level 1:colcon.colcon_core.package_identification:_identify(neo_common2) by extensions ['ignore', 'ignore_ament_install']
[0.158s] Level 1:colcon.colcon_core.package_identification:_identify(neo_common2) by extension 'ignore'
[0.158s] Level 1:colcon.colcon_core.package_identification:_identify(neo_common2) by extension 'ignore_ament_install'
[0.158s] Level 1:colcon.colcon_core.package_identification:_identify(neo_common2) by extensions ['colcon_pkg']
[0.158s] Level 1:colcon.colcon_core.package_identification:_identify(neo_common2) by extension 'colcon_pkg'
[0.158s] Level 1:colcon.colcon_core.package_identification:_identify(neo_common2) by extensions ['colcon_meta']
[0.158s] Level 1:colcon.colcon_core.package_identification:_identify(neo_common2) by extension 'colcon_meta'
[0.158s] Level 1:colcon.colcon_core.package_identification:_identify(neo_common2) by extensions ['ros']
[0.158s] Level 1:colcon.colcon_core.package_identification:_identify(neo_common2) by extension 'ros'
[0.160s] DEBUG:colcon.colcon_core.package_identification:Package 'neo_common2' with type 'ros.ament_cmake' and name 'neo_common2'
[0.160s] Level 1:colcon.colcon_core.package_identification:_identify(neo_kinematics_mecanum2) by extensions ['ignore', 'ignore_ament_install']
[0.160s] Level 1:colcon.colcon_core.package_identification:_identify(neo_kinematics_mecanum2) by extension 'ignore'
[0.160s] Level 1:colcon.colcon_core.package_identification:_identify(neo_kinematics_mecanum2) by extension 'ignore_ament_install'
[0.160s] Level 1:colcon.colcon_core.package_identification:_identify(neo_kinematics_mecanum2) by extensions ['colcon_pkg']
[0.160s] Level 1:colcon.colcon_core.package_identification:_identify(neo_kinematics_mecanum2) by extension 'colcon_pkg'
[0.160s] Level 1:colcon.colcon_core.package_identification:_identify(neo_kinematics_mecanum2) by extensions ['colcon_meta']
[0.160s] Level 1:colcon.colcon_core.package_identification:_identify(neo_kinematics_mecanum2) by extension 'colcon_meta'
[0.160s] Level 1:colcon.colcon_core.package_identification:_identify(neo_kinematics_mecanum2) by extensions ['ros']
[0.160s] Level 1:colcon.colcon_core.package_identification:_identify(neo_kinematics_mecanum2) by extension 'ros'
[0.160s] DEBUG:colcon.colcon_core.package_identification:Package 'neo_kinematics_mecanum2' with type 'ros.ament_cmake' and name 'neo_kinematics_mecanum2'
[0.161s] Level 1:colcon.colcon_core.package_identification:_identify(neo_mpo_500-2) by extensions ['ignore', 'ignore_ament_install']
[0.161s] Level 1:colcon.colcon_core.package_identification:_identify(neo_mpo_500-2) by extension 'ignore'
[0.161s] Level 1:colcon.colcon_core.package_identification:_identify(neo_mpo_500-2) by extension 'ignore_ament_install'
[0.161s] Level 1:colcon.colcon_core.package_identification:_identify(neo_mpo_500-2) by extensions ['colcon_pkg']
[0.161s] Level 1:colcon.colcon_core.package_identification:_identify(neo_mpo_500-2) by extension 'colcon_pkg'
[0.161s] Level 1:colcon.colcon_core.package_identification:_identify(neo_mpo_500-2) by extensions ['colcon_meta']
[0.161s] Level 1:colcon.colcon_core.package_identification:_identify(neo_mpo_500-2) by extension 'colcon_meta'
[0.161s] Level 1:colcon.colcon_core.package_identification:_identify(neo_mpo_500-2) by extensions ['ros']
[0.161s] Level 1:colcon.colcon_core.package_identification:_identify(neo_mpo_500-2) by extension 'ros'
[0.161s] DEBUG:colcon.colcon_core.package_identification:Package 'neo_mpo_500-2' with type 'ros.ament_cmake' and name 'neo_mpo_500-2'
[0.161s] Level 1:colcon.colcon_core.package_identification:_identify(neo_msgs2) by extensions ['ignore', 'ignore_ament_install']
[0.161s] Level 1:colcon.colcon_core.package_identification:_identify(neo_msgs2) by extension 'ignore'
[0.161s] Level 1:colcon.colcon_core.package_identification:_identify(neo_msgs2) by extension 'ignore_ament_install'
[0.161s] Level 1:colcon.colcon_core.package_identification:_identify(neo_msgs2) by extensions ['colcon_pkg']
[0.161s] Level 1:colcon.colcon_core.package_identification:_identify(neo_msgs2) by extension 'colcon_pkg'
[0.161s] Level 1:colcon.colcon_core.package_identification:_identify(neo_msgs2) by extensions ['colcon_meta']
[0.161s] Level 1:colcon.colcon_core.package_identification:_identify(neo_msgs2) by extension 'colcon_meta'
[0.162s] Level 1:colcon.colcon_core.package_identification:_identify(neo_msgs2) by extensions ['ros']
[0.162s] Level 1:colcon.colcon_core.package_identification:_identify(neo_msgs2) by extension 'ros'
[0.162s] DEBUG:colcon.colcon_core.package_identification:Package 'neo_msgs2' with type 'ros.ament_cmake' and name 'neo_msgs2'
[0.162s] Level 1:colcon.colcon_core.package_identification:_identify(neo_nav2_bringup) by extensions ['ignore', 'ignore_ament_install']
[0.162s] Level 1:colcon.colcon_core.package_identification:_identify(neo_nav2_bringup) by extension 'ignore'
[0.162s] Level 1:colcon.colcon_core.package_identification:_identify(neo_nav2_bringup) by extension 'ignore_ament_install'
[0.162s] Level 1:colcon.colcon_core.package_identification:_identify(neo_nav2_bringup) by extensions ['colcon_pkg']
[0.162s] Level 1:colcon.colcon_core.package_identification:_identify(neo_nav2_bringup) by extension 'colcon_pkg'
[0.162s] Level 1:colcon.colcon_core.package_identification:_identify(neo_nav2_bringup) by extensions ['colcon_meta']
[0.162s] Level 1:colcon.colcon_core.package_identification:_identify(neo_nav2_bringup) by extension 'colcon_meta'
[0.162s] Level 1:colcon.colcon_core.package_identification:_identify(neo_nav2_bringup) by extensions ['ros']
[0.162s] Level 1:colcon.colcon_core.package_identification:_identify(neo_nav2_bringup) by extension 'ros'
[0.163s] DEBUG:colcon.colcon_core.package_identification:Package 'neo_nav2_bringup' with type 'ros.ament_cmake' and name 'neo_nav2_bringup'
[0.163s] Level 1:colcon.colcon_core.package_identification:_identify(neo_relayboard_v2-2) by extensions ['ignore', 'ignore_ament_install']
[0.163s] Level 1:colcon.colcon_core.package_identification:_identify(neo_relayboard_v2-2) by extension 'ignore'
[0.163s] Level 1:colcon.colcon_core.package_identification:_identify(neo_relayboard_v2-2) by extension 'ignore_ament_install'
[0.163s] Level 1:colcon.colcon_core.package_identification:_identify(neo_relayboard_v2-2) by extensions ['colcon_pkg']
[0.163s] Level 1:colcon.colcon_core.package_identification:_identify(neo_relayboard_v2-2) by extension 'colcon_pkg'
[0.163s] Level 1:colcon.colcon_core.package_identification:_identify(neo_relayboard_v2-2) by extensions ['colcon_meta']
[0.163s] Level 1:colcon.colcon_core.package_identification:_identify(neo_relayboard_v2-2) by extension 'colcon_meta'
[0.163s] Level 1:colcon.colcon_core.package_identification:_identify(neo_relayboard_v2-2) by extensions ['ros']
[0.163s] Level 1:colcon.colcon_core.package_identification:_identify(neo_relayboard_v2-2) by extension 'ros'
[0.163s] DEBUG:colcon.colcon_core.package_identification:Package 'neo_relayboard_v2-2' with type 'ros.ament_cmake' and name 'neo_relayboard_v2-2'
[0.163s] Level 1:colcon.colcon_core.package_identification:_identify(neo_simulation2) by extensions ['ignore', 'ignore_ament_install']
[0.163s] Level 1:colcon.colcon_core.package_identification:_identify(neo_simulation2) by extension 'ignore'
[0.163s] Level 1:colcon.colcon_core.package_identification:_identify(neo_simulation2) by extension 'ignore_ament_install'
[0.163s] Level 1:colcon.colcon_core.package_identification:_identify(neo_simulation2) by extensions ['colcon_pkg']
[0.163s] Level 1:colcon.colcon_core.package_identification:_identify(neo_simulation2) by extension 'colcon_pkg'
[0.163s] Level 1:colcon.colcon_core.package_identification:_identify(neo_simulation2) by extensions ['colcon_meta']
[0.163s] Level 1:colcon.colcon_core.package_identification:_identify(neo_simulation2) by extension 'colcon_meta'
[0.163s] Level 1:colcon.colcon_core.package_identification:_identify(neo_simulation2) by extensions ['ros']
[0.163s] Level 1:colcon.colcon_core.package_identification:_identify(neo_simulation2) by extension 'ros'
[0.164s] DEBUG:colcon.colcon_core.package_identification:Package 'neo_simulation2' with type 'ros.ament_cmake' and name 'neo_simulation2'
[0.164s] Level 1:colcon.colcon_core.package_identification:_identify(neo_srvs2) by extensions ['ignore', 'ignore_ament_install']
[0.164s] Level 1:colcon.colcon_core.package_identification:_identify(neo_srvs2) by extension 'ignore'
[0.164s] Level 1:colcon.colcon_core.package_identification:_identify(neo_srvs2) by extension 'ignore_ament_install'
[0.164s] Level 1:colcon.colcon_core.package_identification:_identify(neo_srvs2) by extensions ['colcon_pkg']
[0.164s] Level 1:colcon.colcon_core.package_identification:_identify(neo_srvs2) by extension 'colcon_pkg'
[0.164s] Level 1:colcon.colcon_core.package_identification:_identify(neo_srvs2) by extensions ['colcon_meta']
[0.164s] Level 1:colcon.colcon_core.package_identification:_identify(neo_srvs2) by extension 'colcon_meta'
[0.164s] Level 1:colcon.colcon_core.package_identification:_identify(neo_srvs2) by extensions ['ros']
[0.164s] Level 1:colcon.colcon_core.package_identification:_identify(neo_srvs2) by extension 'ros'
[0.165s] DEBUG:colcon.colcon_core.package_identification:Package 'neo_srvs2' with type 'ros.ament_cmake' and name 'neo_srvs2'
[0.165s] Level 1:colcon.colcon_core.package_identification:_identify(neo_teleop2) by extensions ['ignore', 'ignore_ament_install']
[0.165s] Level 1:colcon.colcon_core.package_identification:_identify(neo_teleop2) by extension 'ignore'
[0.165s] Level 1:colcon.colcon_core.package_identification:_identify(neo_teleop2) by extension 'ignore_ament_install'
[0.165s] Level 1:colcon.colcon_core.package_identification:_identify(neo_teleop2) by extensions ['colcon_pkg']
[0.165s] Level 1:colcon.colcon_core.package_identification:_identify(neo_teleop2) by extension 'colcon_pkg'
[0.165s] Level 1:colcon.colcon_core.package_identification:_identify(neo_teleop2) by extensions ['colcon_meta']
[0.165s] Level 1:colcon.colcon_core.package_identification:_identify(neo_teleop2) by extension 'colcon_meta'
[0.165s] Level 1:colcon.colcon_core.package_identification:_identify(neo_teleop2) by extensions ['ros']
[0.165s] Level 1:colcon.colcon_core.package_identification:_identify(neo_teleop2) by extension 'ros'
[0.165s] DEBUG:colcon.colcon_core.package_identification:Package 'neo_teleop2' with type 'ros.ament_cmake' and name 'neo_teleop2'
[0.165s] Level 1:colcon.colcon_core.package_identification:_identify(robot_controller) by extensions ['ignore', 'ignore_ament_install']
[0.165s] Level 1:colcon.colcon_core.package_identification:_identify(robot_controller) by extension 'ignore'
[0.165s] Level 1:colcon.colcon_core.package_identification:_identify(robot_controller) by extension 'ignore_ament_install'
[0.165s] Level 1:colcon.colcon_core.package_identification:_identify(robot_controller) by extensions ['colcon_pkg']
[0.165s] Level 1:colcon.colcon_core.package_identification:_identify(robot_controller) by extension 'colcon_pkg'
[0.165s] Level 1:colcon.colcon_core.package_identification:_identify(robot_controller) by extensions ['colcon_meta']
[0.165s] Level 1:colcon.colcon_core.package_identification:_identify(robot_controller) by extension 'colcon_meta'
[0.165s] Level 1:colcon.colcon_core.package_identification:_identify(robot_controller) by extensions ['ros']
[0.165s] Level 1:colcon.colcon_core.package_identification:_identify(robot_controller) by extension 'ros'
[0.166s] DEBUG:colcon.colcon_core.package_identification:Package 'robot_controller' with type 'ros.ament_cmake' and name 'robot_controller'
[0.166s] Level 1:colcon.colcon_core.package_identification:_identify(topic_publisher) by extensions ['ignore', 'ignore_ament_install']
[0.166s] Level 1:colcon.colcon_core.package_identification:_identify(topic_publisher) by extension 'ignore'
[0.166s] Level 1:colcon.colcon_core.package_identification:_identify(topic_publisher) by extension 'ignore_ament_install'
[0.166s] Level 1:colcon.colcon_core.package_identification:_identify(topic_publisher) by extensions ['colcon_pkg']
[0.166s] Level 1:colcon.colcon_core.package_identification:_identify(topic_publisher) by extension 'colcon_pkg'
[0.166s] Level 1:colcon.colcon_core.package_identification:_identify(topic_publisher) by extensions ['colcon_meta']
[0.166s] Level 1:colcon.colcon_core.package_identification:_identify(topic_publisher) by extension 'colcon_meta'
[0.166s] Level 1:colcon.colcon_core.package_identification:_identify(topic_publisher) by extensions ['ros']
[0.166s] Level 1:colcon.colcon_core.package_identification:_identify(topic_publisher) by extension 'ros'
[0.166s] DEBUG:colcon.colcon_core.package_identification:Package 'topic_publisher' with type 'ros.ament_cmake' and name 'topic_publisher'
[0.167s] Level 1:colcon.colcon_core.package_identification:_identify(topic_subscriber) by extensions ['ignore', 'ignore_ament_install']
[0.167s] Level 1:colcon.colcon_core.package_identification:_identify(topic_subscriber) by extension 'ignore'
[0.167s] Level 1:colcon.colcon_core.package_identification:_identify(topic_subscriber) by extension 'ignore_ament_install'
[0.167s] Level 1:colcon.colcon_core.package_identification:_identify(topic_subscriber) by extensions ['colcon_pkg']
[0.167s] Level 1:colcon.colcon_core.package_identification:_identify(topic_subscriber) by extension 'colcon_pkg'
[0.167s] Level 1:colcon.colcon_core.package_identification:_identify(topic_subscriber) by extensions ['colcon_meta']
[0.167s] Level 1:colcon.colcon_core.package_identification:_identify(topic_subscriber) by extension 'colcon_meta'
[0.167s] Level 1:colcon.colcon_core.package_identification:_identify(topic_subscriber) by extensions ['ros']
[0.167s] Level 1:colcon.colcon_core.package_identification:_identify(topic_subscriber) by extension 'ros'
[0.167s] DEBUG:colcon.colcon_core.package_identification:Package 'topic_subscriber' with type 'ros.ament_cmake' and name 'topic_subscriber'
[0.167s] Level 1:colcon.colcon_core.package_discovery:discover_packages(recursive) using defaults
[0.167s] Level 1:colcon.colcon_core.package_discovery:discover_packages(ignore) discover
[0.167s] Level 1:colcon.colcon_core.package_discovery:discover_packages(ignore) using defaults
[0.167s] Level 1:colcon.colcon_core.package_discovery:discover_packages(path) discover
[0.167s] Level 1:colcon.colcon_core.package_discovery:discover_packages(path) using defaults
[0.180s] INFO:colcon.colcon_core.package_selection:Skipping not selected package 'neo_common2' in 'neo_common2'
[0.180s] INFO:colcon.colcon_core.package_selection:Skipping not selected package 'neo_kinematics_mecanum2' in 'neo_kinematics_mecanum2'
[0.180s] INFO:colcon.colcon_core.package_selection:Skipping not selected package 'neo_msgs2' in 'neo_msgs2'
[0.180s] INFO:colcon.colcon_core.package_selection:Skipping not selected package 'neo_nav2_bringup' in 'neo_nav2_bringup'
[0.180s] INFO:colcon.colcon_core.package_selection:Skipping not selected package 'neo_teleop2' in 'neo_teleop2'
[0.180s] INFO:colcon.colcon_core.package_selection:Skipping not selected package 'topic_publisher' in 'topic_publisher'
[0.180s] INFO:colcon.colcon_core.package_selection:Skipping not selected package 'topic_subscriber' in 'topic_subscriber'
[0.180s] INFO:colcon.colcon_core.package_selection:Skipping not selected package 'neo_mpo_500-2' in 'neo_mpo_500-2'
[0.180s] INFO:colcon.colcon_core.package_selection:Skipping not selected package 'neo_simulation2' in 'neo_simulation2'
[0.180s] INFO:colcon.colcon_core.package_selection:Skipping not selected package 'neo_srvs2' in 'neo_srvs2'
[0.180s] INFO:colcon.colcon_core.package_selection:Skipping not selected package 'neo_relayboard_v2-2' in 'neo_relayboard_v2-2'
[0.181s] Level 1:colcon.colcon_core.package_discovery:discover_packages(prefix_path) check parameters
[0.181s] Level 1:colcon.colcon_core.package_discovery:discover_packages(prefix_path) discover
[0.181s] WARNING:colcon.colcon_core.prefix_path.colcon:The path '/home/charbel/mpo500_ws/install' in the environment variable COLCON_PREFIX_PATH doesn't exist
[0.181s] WARNING:colcon.colcon_ros.prefix_path.ament:The path '/home/charbel/mpo500_ws/install/topic_subscriber' in the environment variable AMENT_PREFIX_PATH doesn't exist
[0.181s] WARNING:colcon.colcon_ros.prefix_path.ament:The path '/home/charbel/mpo500_ws/install/topic_publisher' in the environment variable AMENT_PREFIX_PATH doesn't exist
[0.181s] WARNING:colcon.colcon_ros.prefix_path.ament:The path '/home/charbel/mpo500_ws/install/robot_controller' in the environment variable AMENT_PREFIX_PATH doesn't exist
[0.181s] WARNING:colcon.colcon_ros.prefix_path.ament:The path '/home/charbel/mpo500_ws/install/neo_teleop2' in the environment variable AMENT_PREFIX_PATH doesn't exist
[0.181s] WARNING:colcon.colcon_ros.prefix_path.ament:The path '/home/charbel/mpo500_ws/install/neo_relayboard_v2-2' in the environment variable AMENT_PREFIX_PATH doesn't exist
[0.181s] WARNING:colcon.colcon_ros.prefix_path.ament:The path '/home/charbel/mpo500_ws/install/neo_srvs2' in the environment variable AMENT_PREFIX_PATH doesn't exist
[0.181s] WARNING:colcon.colcon_ros.prefix_path.ament:The path '/home/charbel/mpo500_ws/install/neo_simulation2' in the environment variable AMENT_PREFIX_PATH doesn't exist
[0.181s] WARNING:colcon.colcon_ros.prefix_path.ament:The path '/home/charbel/mpo500_ws/install/neo_mpo_500-2' in the environment variable AMENT_PREFIX_PATH doesn't exist
[0.181s] WARNING:colcon.colcon_ros.prefix_path.ament:The path '/home/charbel/mpo500_ws/install/neo_nav2_bringup' in the environment variable AMENT_PREFIX_PATH doesn't exist
[0.181s] WARNING:colcon.colcon_ros.prefix_path.ament:The path '/home/charbel/mpo500_ws/install/neo_msgs2' in the environment variable AMENT_PREFIX_PATH doesn't exist
[0.181s] WARNING:colcon.colcon_ros.prefix_path.ament:The path '/home/charbel/mpo500_ws/install/neo_kinematics_mecanum2' in the environment variable AMENT_PREFIX_PATH doesn't exist
[0.181s] WARNING:colcon.colcon_ros.prefix_path.ament:The path '/home/charbel/mpo500_ws/install/neo_common2' in the environment variable AMENT_PREFIX_PATH doesn't exist
[0.181s] WARNING:colcon.colcon_ros.prefix_path.catkin:The path '/home/charbel/mpo500_ws/install/topic_subscriber' in the environment variable CMAKE_PREFIX_PATH doesn't exist
[0.182s] WARNING:colcon.colcon_ros.prefix_path.catkin:The path '/home/charbel/mpo500_ws/install/topic_publisher' in the environment variable CMAKE_PREFIX_PATH doesn't exist
[0.182s] WARNING:colcon.colcon_ros.prefix_path.catkin:The path '/home/charbel/mpo500_ws/install/robot_controller' in the environment variable CMAKE_PREFIX_PATH doesn't exist
[0.182s] WARNING:colcon.colcon_ros.prefix_path.catkin:The path '/home/charbel/mpo500_ws/install/neo_teleop2' in the environment variable CMAKE_PREFIX_PATH doesn't exist
[0.182s] WARNING:colcon.colcon_ros.prefix_path.catkin:The path '/home/charbel/mpo500_ws/install/neo_relayboard_v2-2' in the environment variable CMAKE_PREFIX_PATH doesn't exist
[0.182s] WARNING:colcon.colcon_ros.prefix_path.catkin:The path '/home/charbel/mpo500_ws/install/neo_srvs2' in the environment variable CMAKE_PREFIX_PATH doesn't exist
[0.182s] WARNING:colcon.colcon_ros.prefix_path.catkin:The path '/home/charbel/mpo500_ws/install/neo_simulation2' in the environment variable CMAKE_PREFIX_PATH doesn't exist
[0.182s] WARNING:colcon.colcon_ros.prefix_path.catkin:The path '/home/charbel/mpo500_ws/install/neo_mpo_500-2' in the environment variable CMAKE_PREFIX_PATH doesn't exist
[0.182s] WARNING:colcon.colcon_ros.prefix_path.catkin:The path '/home/charbel/mpo500_ws/install/neo_nav2_bringup' in the environment variable CMAKE_PREFIX_PATH doesn't exist
[0.182s] WARNING:colcon.colcon_ros.prefix_path.catkin:The path '/home/charbel/mpo500_ws/install/neo_msgs2' in the environment variable CMAKE_PREFIX_PATH doesn't exist
[0.182s] WARNING:colcon.colcon_ros.prefix_path.catkin:The path '/home/charbel/mpo500_ws/install/neo_kinematics_mecanum2' in the environment variable CMAKE_PREFIX_PATH doesn't exist
[0.182s] WARNING:colcon.colcon_ros.prefix_path.catkin:The path '/home/charbel/mpo500_ws/install/neo_common2' in the environment variable CMAKE_PREFIX_PATH doesn't exist
[0.183s] DEBUG:colcon.colcon_installed_package_information.package_discovery:Found 336 installed packages in /opt/ros/humble
[0.189s] Level 1:colcon.colcon_core.package_discovery:discover_packages(prefix_path) using defaults
[0.213s] Level 5:colcon.colcon_core.verb:set package 'robot_controller' build argument 'cmake_args' from command line to 'None'
[0.213s] Level 5:colcon.colcon_core.verb:set package 'robot_controller' build argument 'cmake_target' from command line to 'None'
[0.213s] Level 5:colcon.colcon_core.verb:set package 'robot_controller' build argument 'cmake_target_skip_unavailable' from command line to 'False'
[0.213s] Level 5:colcon.colcon_core.verb:set package 'robot_controller' build argument 'cmake_clean_cache' from command line to 'False'
[0.213s] Level 5:colcon.colcon_core.verb:set package 'robot_controller' build argument 'cmake_clean_first' from command line to 'False'
[0.213s] Level 5:colcon.colcon_core.verb:set package 'robot_controller' build argument 'cmake_force_configure' from command line to 'False'
[0.213s] Level 5:colcon.colcon_core.verb:set package 'robot_controller' build argument 'ament_cmake_args' from command line to 'None'
[0.213s] Level 5:colcon.colcon_core.verb:set package 'robot_controller' build argument 'catkin_cmake_args' from command line to 'None'
[0.213s] Level 5:colcon.colcon_core.verb:set package 'robot_controller' build argument 'catkin_skip_building_tests' from command line to 'False'
[0.213s] DEBUG:colcon.colcon_core.verb:Building package 'robot_controller' with the following arguments: {'ament_cmake_args': None, 'build_base': '/home/charbel/mpo500_ws/src/build/robot_controller', 'catkin_cmake_args': None, 'catkin_skip_building_tests': False, 'cmake_args': None, 'cmake_clean_cache': False, 'cmake_clean_first': False, 'cmake_force_configure': False, 'cmake_target': None, 'cmake_target_skip_unavailable': False, 'install_base': '/home/charbel/mpo500_ws/src/install/robot_controller', 'merge_install': False, 'path': '/home/charbel/mpo500_ws/src/robot_controller', 'symlink_install': False, 'test_result_base': None}
[0.213s] INFO:colcon.colcon_core.executor:Executing jobs using 'parallel' executor
[0.214s] DEBUG:colcon.colcon_parallel_executor.executor.parallel:run_until_complete
[0.214s] INFO:colcon.colcon_ros.task.ament_cmake.build:Building ROS package in '/home/charbel/mpo500_ws/src/robot_controller' with build type 'ament_cmake'
[0.214s] INFO:colcon.colcon_cmake.task.cmake.build:Building CMake package in '/home/charbel/mpo500_ws/src/robot_controller'
[0.216s] INFO:colcon.colcon_core.plugin_system:Skipping extension 'colcon_core.shell.bat': Not used on non-Windows systems
[0.216s] INFO:colcon.colcon_core.shell:Skip shell extension 'powershell' for command environment: Not usable outside of PowerShell
[0.216s] DEBUG:colcon.colcon_core.shell:Skip shell extension 'dsv' for command environment
[0.223s] DEBUG:colcon.colcon_core.event_handler.log_command:Invoking command in '/home/charbel/mpo500_ws/src/build/robot_controller': CMAKE_PREFIX_PATH=${CMAKE_PREFIX_PATH}:/opt/ros/humble /usr/bin/cmake --build /home/charbel/mpo500_ws/src/build/robot_controller -- -j16 -l16
[0.351s] DEBUG:colcon.colcon_core.event_handler.log_command:Invoked command in '/home/charbel/mpo500_ws/src/build/robot_controller' returned '0': CMAKE_PREFIX_PATH=${CMAKE_PREFIX_PATH}:/opt/ros/humble /usr/bin/cmake --build /home/charbel/mpo500_ws/src/build/robot_controller -- -j16 -l16
[0.455s] DEBUG:colcon.colcon_core.event_handler.log_command:Invoking command in '/home/charbel/mpo500_ws/src/build/robot_controller': CMAKE_PREFIX_PATH=${CMAKE_PREFIX_PATH}:/opt/ros/humble /usr/bin/cmake --install /home/charbel/mpo500_ws/src/build/robot_controller
[0.475s] Level 1:colcon.colcon_core.environment:create_environment_scripts_only(robot_controller)
[0.476s] DEBUG:colcon.colcon_core.event_handler.log_command:Invoked command in '/home/charbel/mpo500_ws/src/build/robot_controller' returned '0': CMAKE_PREFIX_PATH=${CMAKE_PREFIX_PATH}:/opt/ros/humble /usr/bin/cmake --install /home/charbel/mpo500_ws/src/build/robot_controller
[0.480s] Level 1:colcon.colcon_core.environment:checking '/home/charbel/mpo500_ws/src/install/robot_controller' for CMake module files
[0.481s] Level 1:colcon.colcon_core.environment:checking '/home/charbel/mpo500_ws/src/install/robot_controller' for CMake config files
[0.482s] Level 1:colcon.colcon_core.shell:create_environment_hook('robot_controller', 'cmake_prefix_path')
[0.482s] INFO:colcon.colcon_core.shell:Creating environment hook '/home/charbel/mpo500_ws/src/install/robot_controller/share/robot_controller/hook/cmake_prefix_path.ps1'
[0.484s] INFO:colcon.colcon_core.shell:Creating environment descriptor '/home/charbel/mpo500_ws/src/install/robot_controller/share/robot_controller/hook/cmake_prefix_path.dsv'
[0.484s] INFO:colcon.colcon_core.shell:Creating environment hook '/home/charbel/mpo500_ws/src/install/robot_controller/share/robot_controller/hook/cmake_prefix_path.sh'
[0.486s] Level 1:colcon.colcon_core.environment:checking '/home/charbel/mpo500_ws/src/install/robot_controller/lib'
[0.486s] Level 1:colcon.colcon_core.environment:checking '/home/charbel/mpo500_ws/src/install/robot_controller/bin'
[0.486s] Level 1:colcon.colcon_core.environment:checking '/home/charbel/mpo500_ws/src/install/robot_controller/lib/pkgconfig/robot_controller.pc'
[0.487s] Level 1:colcon.colcon_core.environment:checking '/home/charbel/mpo500_ws/src/install/robot_controller/lib/python3.10/site-packages'
[0.487s] Level 1:colcon.colcon_core.environment:checking '/home/charbel/mpo500_ws/src/install/robot_controller/bin'
[0.487s] INFO:colcon.colcon_core.shell:Creating package script '/home/charbel/mpo500_ws/src/install/robot_controller/share/robot_controller/package.ps1'
[0.488s] INFO:colcon.colcon_core.shell:Creating package descriptor '/home/charbel/mpo500_ws/src/install/robot_controller/share/robot_controller/package.dsv'
[0.489s] INFO:colcon.colcon_core.shell:Creating package script '/home/charbel/mpo500_ws/src/install/robot_controller/share/robot_controller/package.sh'
[0.490s] INFO:colcon.colcon_core.shell:Creating package script '/home/charbel/mpo500_ws/src/install/robot_controller/share/robot_controller/package.bash'
[0.490s] INFO:colcon.colcon_core.shell:Creating package script '/home/charbel/mpo500_ws/src/install/robot_controller/share/robot_controller/package.zsh'
[0.491s] Level 1:colcon.colcon_core.environment:create_file_with_runtime_dependencies(/home/charbel/mpo500_ws/src/install/robot_controller/share/colcon-core/packages/robot_controller)
[0.571s] Level 1:colcon.colcon_core.environment:create_environment_scripts_only(robot_controller)
[0.572s] Level 1:colcon.colcon_core.environment:checking '/home/charbel/mpo500_ws/src/install/robot_controller' for CMake module files
[0.574s] Level 1:colcon.colcon_core.environment:checking '/home/charbel/mpo500_ws/src/install/robot_controller' for CMake config files
[0.575s] Level 1:colcon.colcon_core.shell:create_environment_hook('robot_controller', 'cmake_prefix_path')
[0.576s] INFO:colcon.colcon_core.shell:Creating environment hook '/home/charbel/mpo500_ws/src/install/robot_controller/share/robot_controller/hook/cmake_prefix_path.ps1'
[0.577s] INFO:colcon.colcon_core.shell:Creating environment descriptor '/home/charbel/mpo500_ws/src/install/robot_controller/share/robot_controller/hook/cmake_prefix_path.dsv'
[0.578s] INFO:colcon.colcon_core.shell:Creating environment hook '/home/charbel/mpo500_ws/src/install/robot_controller/share/robot_controller/hook/cmake_prefix_path.sh'
[0.579s] Level 1:colcon.colcon_core.environment:checking '/home/charbel/mpo500_ws/src/install/robot_controller/lib'
[0.580s] Level 1:colcon.colcon_core.environment:checking '/home/charbel/mpo500_ws/src/install/robot_controller/bin'
[0.580s] Level 1:colcon.colcon_core.environment:checking '/home/charbel/mpo500_ws/src/install/robot_controller/lib/pkgconfig/robot_controller.pc'
[0.581s] Level 1:colcon.colcon_core.environment:checking '/home/charbel/mpo500_ws/src/install/robot_controller/lib/python3.10/site-packages'
[0.581s] Level 1:colcon.colcon_core.environment:checking '/home/charbel/mpo500_ws/src/install/robot_controller/bin'
[0.582s] INFO:colcon.colcon_core.shell:Creating package script '/home/charbel/mpo500_ws/src/install/robot_controller/share/robot_controller/package.ps1'
[0.583s] INFO:colcon.colcon_core.shell:Creating package descriptor '/home/charbel/mpo500_ws/src/install/robot_controller/share/robot_controller/package.dsv'
[0.583s] INFO:colcon.colcon_core.shell:Creating package script '/home/charbel/mpo500_ws/src/install/robot_controller/share/robot_controller/package.sh'
[0.584s] INFO:colcon.colcon_core.shell:Creating package script '/home/charbel/mpo500_ws/src/install/robot_controller/share/robot_controller/package.bash'
[0.585s] INFO:colcon.colcon_core.shell:Creating package script '/home/charbel/mpo500_ws/src/install/robot_controller/share/robot_controller/package.zsh'
[0.585s] Level 1:colcon.colcon_core.environment:create_file_with_runtime_dependencies(/home/charbel/mpo500_ws/src/install/robot_controller/share/colcon-core/packages/robot_controller)
[0.585s] DEBUG:colcon.colcon_parallel_executor.executor.parallel:closing loop
[0.586s] DEBUG:colcon.colcon_parallel_executor.executor.parallel:loop closed
[0.586s] DEBUG:colcon.colcon_parallel_executor.executor.parallel:run_until_complete finished with '0'
[0.586s] DEBUG:colcon.colcon_core.event_reactor:joining thread
[0.593s] INFO:colcon.colcon_core.plugin_system:Skipping extension 'colcon_notification.desktop_notification.terminal_notifier': Not used on non-Darwin systems
[0.593s] INFO:colcon.colcon_core.plugin_system:Skipping extension 'colcon_notification.desktop_notification.win32': Not used on non-Windows systems
[0.593s] INFO:colcon.colcon_notification.desktop_notification:Sending desktop notification using 'notify2'
[0.617s] DEBUG:colcon.colcon_core.event_reactor:joined thread
[0.618s] INFO:colcon.colcon_core.shell:Creating prefix script '/home/charbel/mpo500_ws/src/install/local_setup.ps1'
[0.619s] INFO:colcon.colcon_core.shell:Creating prefix util module '/home/charbel/mpo500_ws/src/install/_local_setup_util_ps1.py'
[0.620s] INFO:colcon.colcon_core.shell:Creating prefix chain script '/home/charbel/mpo500_ws/src/install/setup.ps1'
[0.621s] INFO:colcon.colcon_core.shell:Creating prefix script '/home/charbel/mpo500_ws/src/install/local_setup.sh'
[0.622s] INFO:colcon.colcon_core.shell:Creating prefix util module '/home/charbel/mpo500_ws/src/install/_local_setup_util_sh.py'
[0.622s] INFO:colcon.colcon_core.shell:Creating prefix chain script '/home/charbel/mpo500_ws/src/install/setup.sh'
[0.623s] INFO:colcon.colcon_core.shell:Creating prefix script '/home/charbel/mpo500_ws/src/install/local_setup.bash'
[0.624s] INFO:colcon.colcon_core.shell:Creating prefix chain script '/home/charbel/mpo500_ws/src/install/setup.bash'
[0.624s] INFO:colcon.colcon_core.shell:Creating prefix script '/home/charbel/mpo500_ws/src/install/local_setup.zsh'
[0.625s] INFO:colcon.colcon_core.shell:Creating prefix chain script '/home/charbel/mpo500_ws/src/install/setup.zsh'
