[35m[1mConsolidate compiler generated dependencies of target neo_kinematics_mecanum2[0m
[ 50%] Built target neo_kinematics_mecanum2
[35m[1mConsolidate compiler generated dependencies of target neo_mecanum_node[0m
[100%] Built target neo_mecanum_node
-- Install configuration: ""
-- Up-to-date: /home/charbel/mpo500_ws/src/install/neo_kinematics_mecanum2/share/neo_kinematics_mecanum2/environment/library_path.sh
-- Up-to-date: /home/charbel/mpo500_ws/src/install/neo_kinematics_mecanum2/share/neo_kinematics_mecanum2/environment/library_path.dsv
-- Up-to-date: /home/charbel/mpo500_ws/src/install/neo_kinematics_mecanum2/common/include/
-- Up-to-date: /home/charbel/mpo500_ws/src/install/neo_kinematics_mecanum2/common/include//Kinematics.h
-- Up-to-date: /home/charbel/mpo500_ws/src/install/neo_kinematics_mecanum2/common/include//MecanumKinematics.h
-- Up-to-date: /home/charbel/mpo500_ws/src/install/neo_kinematics_mecanum2/lib/neo_kinematics_mecanum2/neo_mecanum_node
-- Up-to-date: /home/charbel/mpo500_ws/src/install/neo_kinematics_mecanum2/share/neo_kinematics_mecanum2/launch
-- Up-to-date: /home/charbel/mpo500_ws/src/install/neo_kinematics_mecanum2/share/neo_kinematics_mecanum2/launch/test_setup.launch.py
-- Up-to-date: /home/charbel/mpo500_ws/src/install/neo_kinematics_mecanum2/share/neo_kinematics_mecanum2/launch/test_setup.yaml
-- Up-to-date: /home/charbel/mpo500_ws/src/install/neo_kinematics_mecanum2/share/ament_index/resource_index/package_run_dependencies/neo_kinematics_mecanum2
-- Up-to-date: /home/charbel/mpo500_ws/src/install/neo_kinematics_mecanum2/share/ament_index/resource_index/parent_prefix_path/neo_kinematics_mecanum2
-- Up-to-date: /home/charbel/mpo500_ws/src/install/neo_kinematics_mecanum2/share/neo_kinematics_mecanum2/environment/ament_prefix_path.sh
-- Up-to-date: /home/charbel/mpo500_ws/src/install/neo_kinematics_mecanum2/share/neo_kinematics_mecanum2/environment/ament_prefix_path.dsv
-- Up-to-date: /home/charbel/mpo500_ws/src/install/neo_kinematics_mecanum2/share/neo_kinematics_mecanum2/environment/path.sh
-- Up-to-date: /home/charbel/mpo500_ws/src/install/neo_kinematics_mecanum2/share/neo_kinematics_mecanum2/environment/path.dsv
-- Up-to-date: /home/charbel/mpo500_ws/src/install/neo_kinematics_mecanum2/share/neo_kinematics_mecanum2/local_setup.bash
-- Up-to-date: /home/charbel/mpo500_ws/src/install/neo_kinematics_mecanum2/share/neo_kinematics_mecanum2/local_setup.sh
-- Up-to-date: /home/charbel/mpo500_ws/src/install/neo_kinematics_mecanum2/share/neo_kinematics_mecanum2/local_setup.zsh
-- Up-to-date: /home/charbel/mpo500_ws/src/install/neo_kinematics_mecanum2/share/neo_kinematics_mecanum2/local_setup.dsv
-- Installing: /home/charbel/mpo500_ws/src/install/neo_kinematics_mecanum2/share/neo_kinematics_mecanum2/package.dsv
-- Up-to-date: /home/charbel/mpo500_ws/src/install/neo_kinematics_mecanum2/share/ament_index/resource_index/packages/neo_kinematics_mecanum2
-- Up-to-date: /home/charbel/mpo500_ws/src/install/neo_kinematics_mecanum2/share/neo_kinematics_mecanum2/cmake/ament_cmake_export_dependencies-extras.cmake
-- Up-to-date: /home/charbel/mpo500_ws/src/install/neo_kinematics_mecanum2/share/neo_kinematics_mecanum2/cmake/ament_cmake_export_include_directories-extras.cmake
-- Up-to-date: /home/charbel/mpo500_ws/src/install/neo_kinematics_mecanum2/share/neo_kinematics_mecanum2/cmake/ament_cmake_export_libraries-extras.cmake
-- Up-to-date: /home/charbel/mpo500_ws/src/install/neo_kinematics_mecanum2/share/neo_kinematics_mecanum2/cmake/neo_kinematics_mecanum2Config.cmake
-- Up-to-date: /home/charbel/mpo500_ws/src/install/neo_kinematics_mecanum2/share/neo_kinematics_mecanum2/cmake/neo_kinematics_mecanum2Config-version.cmake
-- Up-to-date: /home/charbel/mpo500_ws/src/install/neo_kinematics_mecanum2/share/neo_kinematics_mecanum2/package.xml
