[0.007s] Invoking command in '/home/charbel/mpo500_ws/build/robot_controller': CMAKE_PREFIX_PATH=${CMAKE_PREFIX_PATH}:/opt/ros/humble /usr/bin/cmake /home/charbel/mpo500_ws/src/robot_controller -DCMAKE_INSTALL_PREFIX=/home/charbel/mpo500_ws/install/robot_controller
[0.090s] -- The C compiler identification is GNU 11.4.0
[0.174s] -- The CXX compiler identification is GNU 11.4.0
[0.179s] -- Detecting C compiler ABI info
[0.296s] -- Detecting C compiler ABI info - done
[0.301s] -- Check for working C compiler: /usr/bin/cc - skipped
[0.301s] -- Detecting C compile features
[0.301s] -- Detecting C compile features - done
[0.303s] -- Detecting CXX compiler ABI info
[0.405s] -- Detecting CXX compiler ABI info - done
[0.410s] -- Check for working CXX compiler: /usr/bin/c++ - skipped
[0.411s] -- Detecting CXX compile features
[0.411s] -- Detecting CXX compile features - done
[0.413s] -- Found ament_cmake: 1.3.10 (/opt/ros/humble/share/ament_cmake/cmake)
[0.521s] -- Found Python3: /usr/bin/python3 (found version "3.10.12") found components: Interpreter 
[0.581s] -- Found rclcpp: 16.0.10 (/opt/ros/humble/share/rclcpp/cmake)
[0.606s] -- Found rosidl_generator_c: 3.1.5 (/opt/ros/humble/share/rosidl_generator_c/cmake)
[0.609s] -- Found rosidl_adapter: 3.1.5 (/opt/ros/humble/share/rosidl_adapter/cmake)
[0.614s] -- Found rosidl_generator_cpp: 3.1.5 (/opt/ros/humble/share/rosidl_generator_cpp/cmake)
[0.621s] -- Using all available rosidl_typesupport_c: rosidl_typesupport_fastrtps_c;rosidl_typesupport_introspection_c
[0.631s] -- Using all available rosidl_typesupport_cpp: rosidl_typesupport_fastrtps_cpp;rosidl_typesupport_introspection_cpp
[0.660s] -- Found rmw_implementation_cmake: 6.1.2 (/opt/ros/humble/share/rmw_implementation_cmake/cmake)
[0.661s] -- Found rmw_fastrtps_cpp: 6.2.7 (/opt/ros/humble/share/rmw_fastrtps_cpp/cmake)
[0.779s] -- Found OpenSSL: /usr/lib/x86_64-linux-gnu/libcrypto.so (found version "3.0.2")  
[0.815s] -- Found FastRTPS: /opt/ros/humble/include  
[0.846s] -- Using RMW implementation 'rmw_fastrtps_cpp' as default
[0.851s] -- Looking for pthread.h
[0.929s] -- Looking for pthread.h - found
[0.930s] -- Performing Test CMAKE_HAVE_LIBC_PTHREAD
[1.065s] -- Performing Test CMAKE_HAVE_LIBC_PTHREAD - Success
[1.066s] -- Found Threads: TRUE  
[1.110s] -- Found sensor_msgs: 4.2.4 (/opt/ros/humble/share/sensor_msgs/cmake)
[1.132s] -- Found ament_lint_auto: 0.12.11 (/opt/ros/humble/share/ament_lint_auto/cmake)
[1.183s] -- Added test 'cppcheck' to perform static code analysis on C / C++ code
[1.183s] -- Configured cppcheck include dirs: 
[1.183s] -- Configured cppcheck exclude dirs and/or files: 
[1.183s] -- Added test 'flake8' to check Python code syntax and style conventions
[1.183s] -- Added test 'lint_cmake' to check CMake code style
[1.184s] -- Added test 'pep257' to check Python code against some of the docstring style conventions in PEP 257
[1.184s] -- Added test 'uncrustify' to check C / C++ code style
[1.184s] -- Configured uncrustify additional arguments: 
[1.184s] -- Added test 'xmllint' to check XML markup files
[1.185s] -- Configuring done
[1.190s] -- Generating done
[1.191s] -- Build files have been written to: /home/charbel/mpo500_ws/build/robot_controller
[1.197s] Invoked command in '/home/charbel/mpo500_ws/build/robot_controller' returned '0': CMAKE_PREFIX_PATH=${CMAKE_PREFIX_PATH}:/opt/ros/humble /usr/bin/cmake /home/charbel/mpo500_ws/src/robot_controller -DCMAKE_INSTALL_PREFIX=/home/charbel/mpo500_ws/install/robot_controller
[1.198s] Invoking command in '/home/charbel/mpo500_ws/build/robot_controller': CMAKE_PREFIX_PATH=${CMAKE_PREFIX_PATH}:/opt/ros/humble /usr/bin/cmake --build /home/charbel/mpo500_ws/build/robot_controller -- -j16 -l16
[1.280s] [ 33%] [32mBuilding CXX object CMakeFiles/robot_controller_node.dir/src/main.cpp.o[0m
[1.282s] [ 66%] [32mBuilding CXX object CMakeFiles/robot_controller_node.dir/src/robot_controller.cpp.o[0m
[6.344s] [100%] [32m[1mLinking CXX executable robot_controller_node[0m
[6.603s] [100%] Built target robot_controller_node
[6.612s] Invoked command in '/home/charbel/mpo500_ws/build/robot_controller' returned '0': CMAKE_PREFIX_PATH=${CMAKE_PREFIX_PATH}:/opt/ros/humble /usr/bin/cmake --build /home/charbel/mpo500_ws/build/robot_controller -- -j16 -l16
[6.675s] Invoking command in '/home/charbel/mpo500_ws/build/robot_controller': CMAKE_PREFIX_PATH=${CMAKE_PREFIX_PATH}:/opt/ros/humble /usr/bin/cmake --install /home/charbel/mpo500_ws/build/robot_controller
[6.691s] -- Install configuration: ""
[6.691s] -- Installing: /home/charbel/mpo500_ws/install/robot_controller/lib/robot_controller/robot_controller_node
[6.694s] -- Set runtime path of "/home/charbel/mpo500_ws/install/robot_controller/lib/robot_controller/robot_controller_node" to ""
[6.694s] -- Installing: /home/charbel/mpo500_ws/install/robot_controller/share/robot_controller//launch
[6.694s] -- Installing: /home/charbel/mpo500_ws/install/robot_controller/share/robot_controller//launch/robot_controller.launch.py
[6.694s] -- Installing: /home/charbel/mpo500_ws/install/robot_controller/share/ament_index/resource_index/package_run_dependencies/robot_controller
[6.694s] -- Installing: /home/charbel/mpo500_ws/install/robot_controller/share/ament_index/resource_index/parent_prefix_path/robot_controller
[6.694s] -- Installing: /home/charbel/mpo500_ws/install/robot_controller/share/robot_controller/environment/ament_prefix_path.sh
[6.694s] -- Installing: /home/charbel/mpo500_ws/install/robot_controller/share/robot_controller/environment/ament_prefix_path.dsv
[6.694s] -- Installing: /home/charbel/mpo500_ws/install/robot_controller/share/robot_controller/environment/path.sh
[6.695s] -- Installing: /home/charbel/mpo500_ws/install/robot_controller/share/robot_controller/environment/path.dsv
[6.695s] -- Installing: /home/charbel/mpo500_ws/install/robot_controller/share/robot_controller/local_setup.bash
[6.695s] -- Installing: /home/charbel/mpo500_ws/install/robot_controller/share/robot_controller/local_setup.sh
[6.695s] -- Installing: /home/charbel/mpo500_ws/install/robot_controller/share/robot_controller/local_setup.zsh
[6.695s] -- Installing: /home/charbel/mpo500_ws/install/robot_controller/share/robot_controller/local_setup.dsv
[6.695s] -- Installing: /home/charbel/mpo500_ws/install/robot_controller/share/robot_controller/package.dsv
[6.695s] -- Installing: /home/charbel/mpo500_ws/install/robot_controller/share/ament_index/resource_index/packages/robot_controller
[6.695s] -- Installing: /home/charbel/mpo500_ws/install/robot_controller/share/robot_controller/cmake/robot_controllerConfig.cmake
[6.695s] -- Installing: /home/charbel/mpo500_ws/install/robot_controller/share/robot_controller/cmake/robot_controllerConfig-version.cmake
[6.695s] -- Installing: /home/charbel/mpo500_ws/install/robot_controller/share/robot_controller/package.xml
[6.696s] Invoked command in '/home/charbel/mpo500_ws/build/robot_controller' returned '0': CMAKE_PREFIX_PATH=${CMAKE_PREFIX_PATH}:/opt/ros/humble /usr/bin/cmake --install /home/charbel/mpo500_ws/build/robot_controller
