[0.016s] Invoking command in '/home/charbel/mpo500_ws/build/neo_common2': CMAKE_PREFIX_PATH=${CMAKE_PREFIX_PATH}:/opt/ros/humble /usr/bin/cmake /home/charbel/mpo500_ws/src/neo_common2 -DCMAKE_INSTALL_PREFIX=/home/charbel/mpo500_ws/install/neo_common2
[0.082s] -- The C compiler identification is GNU 11.4.0
[0.133s] -- The CXX compiler identification is GNU 11.4.0
[0.141s] -- Detecting C compiler ABI info
[0.182s] -- Detecting C compiler ABI info - done
[0.188s] -- Check for working C compiler: /usr/bin/cc - skipped
[0.188s] -- Detecting C compile features
[0.188s] -- Detecting C compile features - done
[0.192s] -- Detecting CXX compiler ABI info
[0.242s] -- Detecting CXX compiler ABI info - done
[0.247s] -- Check for working CXX compiler: /usr/bin/c++ - skipped
[0.247s] -- Detecting CXX compile features
[0.247s] -- Detecting CXX compile features - done
[0.249s] -- Found ament_cmake: 1.3.10 (/opt/ros/humble/share/ament_cmake/cmake)
[0.357s] -- Found Python3: /usr/bin/python3 (found version "3.10.12") found components: Interpreter 
[0.459s] -- Configuring done
[0.460s] -- Generating done
[0.460s] -- Build files have been written to: /home/charbel/mpo500_ws/build/neo_common2
[0.463s] Invoked command in '/home/charbel/mpo500_ws/build/neo_common2' returned '0': CMAKE_PREFIX_PATH=${CMAKE_PREFIX_PATH}:/opt/ros/humble /usr/bin/cmake /home/charbel/mpo500_ws/src/neo_common2 -DCMAKE_INSTALL_PREFIX=/home/charbel/mpo500_ws/install/neo_common2
[0.464s] Invoking command in '/home/charbel/mpo500_ws/build/neo_common2': CMAKE_PREFIX_PATH=${CMAKE_PREFIX_PATH}:/opt/ros/humble /usr/bin/cmake --build /home/charbel/mpo500_ws/build/neo_common2 -- -j16 -l16
[0.490s] Invoked command in '/home/charbel/mpo500_ws/build/neo_common2' returned '0': CMAKE_PREFIX_PATH=${CMAKE_PREFIX_PATH}:/opt/ros/humble /usr/bin/cmake --build /home/charbel/mpo500_ws/build/neo_common2 -- -j16 -l16
[0.509s] Invoking command in '/home/charbel/mpo500_ws/build/neo_common2': CMAKE_PREFIX_PATH=${CMAKE_PREFIX_PATH}:/opt/ros/humble /usr/bin/cmake --install /home/charbel/mpo500_ws/build/neo_common2
[0.516s] -- Install configuration: ""
[0.516s] -- Installing: /home/charbel/mpo500_ws/install/neo_common2/include
[0.516s] -- Installing: /home/charbel/mpo500_ws/install/neo_common2/include/neo_common2
[0.516s] -- Installing: /home/charbel/mpo500_ws/install/neo_common2/include/neo_common2/MatrixX.h
[0.517s] -- Installing: /home/charbel/mpo500_ws/install/neo_common2/include/neo_common2/Matrix.h
[0.517s] -- Installing: /home/charbel/mpo500_ws/install/neo_common2/share/ament_index/resource_index/package_run_dependencies/neo_common2
[0.517s] -- Installing: /home/charbel/mpo500_ws/install/neo_common2/share/ament_index/resource_index/parent_prefix_path/neo_common2
[0.517s] -- Installing: /home/charbel/mpo500_ws/install/neo_common2/share/neo_common2/environment/ament_prefix_path.sh
[0.517s] -- Installing: /home/charbel/mpo500_ws/install/neo_common2/share/neo_common2/environment/ament_prefix_path.dsv
[0.517s] -- Installing: /home/charbel/mpo500_ws/install/neo_common2/share/neo_common2/environment/path.sh
[0.517s] -- Installing: /home/charbel/mpo500_ws/install/neo_common2/share/neo_common2/environment/path.dsv
[0.517s] -- Installing: /home/charbel/mpo500_ws/install/neo_common2/share/neo_common2/local_setup.bash
[0.517s] -- Installing: /home/charbel/mpo500_ws/install/neo_common2/share/neo_common2/local_setup.sh
[0.517s] -- Installing: /home/charbel/mpo500_ws/install/neo_common2/share/neo_common2/local_setup.zsh
[0.517s] -- Installing: /home/charbel/mpo500_ws/install/neo_common2/share/neo_common2/local_setup.dsv
[0.517s] -- Installing: /home/charbel/mpo500_ws/install/neo_common2/share/neo_common2/package.dsv
[0.518s] -- Installing: /home/charbel/mpo500_ws/install/neo_common2/share/ament_index/resource_index/packages/neo_common2
[0.518s] -- Installing: /home/charbel/mpo500_ws/install/neo_common2/share/neo_common2/cmake/ament_cmake_export_include_directories-extras.cmake
[0.518s] -- Installing: /home/charbel/mpo500_ws/install/neo_common2/share/neo_common2/cmake/neo_common2Config.cmake
[0.518s] -- Installing: /home/charbel/mpo500_ws/install/neo_common2/share/neo_common2/cmake/neo_common2Config-version.cmake
[0.519s] -- Installing: /home/charbel/mpo500_ws/install/neo_common2/share/neo_common2/package.xml
[0.519s] Invoked command in '/home/charbel/mpo500_ws/build/neo_common2' returned '0': CMAKE_PREFIX_PATH=${CMAKE_PREFIX_PATH}:/opt/ros/humble /usr/bin/cmake --install /home/charbel/mpo500_ws/build/neo_common2
