[0.010s] Invoking command in '/home/charbel/mpo500_ws/src/build/neo_simulation2': AMENT_PREFIX_PATH=/home/charbel/mpo500_ws/src/install/neo_nav2_bringup:${AMENT_PREFIX_PATH} CMAKE_PREFIX_PATH=/home/charbel/mpo500_ws/src/install/neo_nav2_bringup:/home/charbel/mpo500_ws/install/topic_subscriber:/home/charbel/mpo500_ws/install/topic_publisher:/home/charbel/mpo500_ws/install/robot_controller:/home/charbel/mpo500_ws/install/neo_teleop2:/home/charbel/mpo500_ws/install/neo_relayboard_v2-2:/home/charbel/mpo500_ws/install/neo_srvs2:/home/charbel/mpo500_ws/install/neo_simulation2:/home/charbel/mpo500_ws/install/neo_mpo_500-2:/home/charbel/mpo500_ws/install/neo_nav2_bringup:/home/charbel/mpo500_ws/install/neo_msgs2:/home/charbel/mpo500_ws/install/neo_kinematics_mecanum2:/home/charbel/mpo500_ws/install/neo_common2:/opt/ros/humble /usr/bin/cmake /home/charbel/mpo500_ws/src/neo_simulation2 -DCMAKE_INSTALL_PREFIX=/home/charbel/mpo500_ws/src/install/neo_simulation2
[0.048s] -- The C compiler identification is GNU 11.4.0
[0.086s] -- The CXX compiler identification is GNU 11.4.0
[0.094s] -- Detecting C compiler ABI info
[0.150s] -- Detecting C compiler ABI info - done
[0.159s] -- Check for working C compiler: /usr/bin/cc - skipped
[0.159s] -- Detecting C compile features
[0.160s] -- Detecting C compile features - done
[0.163s] -- Detecting CXX compiler ABI info
[0.215s] -- Detecting CXX compiler ABI info - done
[0.224s] -- Check for working CXX compiler: /usr/bin/c++ - skipped
[0.225s] -- Detecting CXX compile features
[0.225s] -- Detecting CXX compile features - done
[0.229s] -- Found ament_cmake: 1.3.10 (/opt/ros/humble/share/ament_cmake/cmake)
[0.351s] -- Found Python3: /usr/bin/python3 (found version "3.10.12") found components: Interpreter 
[0.518s] -- Configuring done
[0.521s] -- Generating done
[0.521s] -- Build files have been written to: /home/charbel/mpo500_ws/src/build/neo_simulation2
[0.526s] Invoked command in '/home/charbel/mpo500_ws/src/build/neo_simulation2' returned '0': AMENT_PREFIX_PATH=/home/charbel/mpo500_ws/src/install/neo_nav2_bringup:${AMENT_PREFIX_PATH} CMAKE_PREFIX_PATH=/home/charbel/mpo500_ws/src/install/neo_nav2_bringup:/home/charbel/mpo500_ws/install/topic_subscriber:/home/charbel/mpo500_ws/install/topic_publisher:/home/charbel/mpo500_ws/install/robot_controller:/home/charbel/mpo500_ws/install/neo_teleop2:/home/charbel/mpo500_ws/install/neo_relayboard_v2-2:/home/charbel/mpo500_ws/install/neo_srvs2:/home/charbel/mpo500_ws/install/neo_simulation2:/home/charbel/mpo500_ws/install/neo_mpo_500-2:/home/charbel/mpo500_ws/install/neo_nav2_bringup:/home/charbel/mpo500_ws/install/neo_msgs2:/home/charbel/mpo500_ws/install/neo_kinematics_mecanum2:/home/charbel/mpo500_ws/install/neo_common2:/opt/ros/humble /usr/bin/cmake /home/charbel/mpo500_ws/src/neo_simulation2 -DCMAKE_INSTALL_PREFIX=/home/charbel/mpo500_ws/src/install/neo_simulation2
[0.527s] Invoking command in '/home/charbel/mpo500_ws/src/build/neo_simulation2': AMENT_PREFIX_PATH=/home/charbel/mpo500_ws/src/install/neo_nav2_bringup:${AMENT_PREFIX_PATH} CMAKE_PREFIX_PATH=/home/charbel/mpo500_ws/src/install/neo_nav2_bringup:/home/charbel/mpo500_ws/install/topic_subscriber:/home/charbel/mpo500_ws/install/topic_publisher:/home/charbel/mpo500_ws/install/robot_controller:/home/charbel/mpo500_ws/install/neo_teleop2:/home/charbel/mpo500_ws/install/neo_relayboard_v2-2:/home/charbel/mpo500_ws/install/neo_srvs2:/home/charbel/mpo500_ws/install/neo_simulation2:/home/charbel/mpo500_ws/install/neo_mpo_500-2:/home/charbel/mpo500_ws/install/neo_nav2_bringup:/home/charbel/mpo500_ws/install/neo_msgs2:/home/charbel/mpo500_ws/install/neo_kinematics_mecanum2:/home/charbel/mpo500_ws/install/neo_common2:/opt/ros/humble /usr/bin/cmake --build /home/charbel/mpo500_ws/src/build/neo_simulation2 -- -j16 -l16
[0.566s] Invoked command in '/home/charbel/mpo500_ws/src/build/neo_simulation2' returned '0': AMENT_PREFIX_PATH=/home/charbel/mpo500_ws/src/install/neo_nav2_bringup:${AMENT_PREFIX_PATH} CMAKE_PREFIX_PATH=/home/charbel/mpo500_ws/src/install/neo_nav2_bringup:/home/charbel/mpo500_ws/install/topic_subscriber:/home/charbel/mpo500_ws/install/topic_publisher:/home/charbel/mpo500_ws/install/robot_controller:/home/charbel/mpo500_ws/install/neo_teleop2:/home/charbel/mpo500_ws/install/neo_relayboard_v2-2:/home/charbel/mpo500_ws/install/neo_srvs2:/home/charbel/mpo500_ws/install/neo_simulation2:/home/charbel/mpo500_ws/install/neo_mpo_500-2:/home/charbel/mpo500_ws/install/neo_nav2_bringup:/home/charbel/mpo500_ws/install/neo_msgs2:/home/charbel/mpo500_ws/install/neo_kinematics_mecanum2:/home/charbel/mpo500_ws/install/neo_common2:/opt/ros/humble /usr/bin/cmake --build /home/charbel/mpo500_ws/src/build/neo_simulation2 -- -j16 -l16
[0.584s] Invoking command in '/home/charbel/mpo500_ws/src/build/neo_simulation2': AMENT_PREFIX_PATH=/home/charbel/mpo500_ws/src/install/neo_nav2_bringup:${AMENT_PREFIX_PATH} CMAKE_PREFIX_PATH=/home/charbel/mpo500_ws/src/install/neo_nav2_bringup:/home/charbel/mpo500_ws/install/topic_subscriber:/home/charbel/mpo500_ws/install/topic_publisher:/home/charbel/mpo500_ws/install/robot_controller:/home/charbel/mpo500_ws/install/neo_teleop2:/home/charbel/mpo500_ws/install/neo_relayboard_v2-2:/home/charbel/mpo500_ws/install/neo_srvs2:/home/charbel/mpo500_ws/install/neo_simulation2:/home/charbel/mpo500_ws/install/neo_mpo_500-2:/home/charbel/mpo500_ws/install/neo_nav2_bringup:/home/charbel/mpo500_ws/install/neo_msgs2:/home/charbel/mpo500_ws/install/neo_kinematics_mecanum2:/home/charbel/mpo500_ws/install/neo_common2:/opt/ros/humble /usr/bin/cmake --install /home/charbel/mpo500_ws/src/build/neo_simulation2
[0.591s] -- Install configuration: ""
[0.591s] -- Installing: /home/charbel/mpo500_ws/src/install/neo_simulation2/share/neo_simulation2/launch
[0.591s] -- Installing: /home/charbel/mpo500_ws/src/install/neo_simulation2/share/neo_simulation2/launch/mapping.launch.py
[0.592s] -- Installing: /home/charbel/mpo500_ws/src/install/neo_simulation2/share/neo_simulation2/launch/navigation.launch.py
[0.592s] -- Installing: /home/charbel/mpo500_ws/src/install/neo_simulation2/share/neo_simulation2/launch/simulation.launch.py
[0.592s] -- Installing: /home/charbel/mpo500_ws/src/install/neo_simulation2/share/neo_simulation2/configs
[0.592s] -- Installing: /home/charbel/mpo500_ws/src/install/neo_simulation2/share/neo_simulation2/configs/mpo_700
[0.593s] -- Installing: /home/charbel/mpo500_ws/src/install/neo_simulation2/share/neo_simulation2/configs/mpo_700/mapping.yaml
[0.593s] -- Installing: /home/charbel/mpo500_ws/src/install/neo_simulation2/share/neo_simulation2/configs/mpo_700/navigation.yaml
[0.593s] -- Installing: /home/charbel/mpo500_ws/src/install/neo_simulation2/share/neo_simulation2/configs/mp_500
[0.593s] -- Installing: /home/charbel/mpo500_ws/src/install/neo_simulation2/share/neo_simulation2/configs/mp_500/mapping.yaml
[0.593s] -- Installing: /home/charbel/mpo500_ws/src/install/neo_simulation2/share/neo_simulation2/configs/mp_500/navigation.yaml
[0.594s] -- Installing: /home/charbel/mpo500_ws/src/install/neo_simulation2/share/neo_simulation2/configs/mpo_500
[0.594s] -- Installing: /home/charbel/mpo500_ws/src/install/neo_simulation2/share/neo_simulation2/configs/mpo_500/mapping.yaml
[0.594s] -- Installing: /home/charbel/mpo500_ws/src/install/neo_simulation2/share/neo_simulation2/configs/mpo_500/navigation.yaml
[0.594s] -- Installing: /home/charbel/mpo500_ws/src/install/neo_simulation2/share/neo_simulation2/configs/mp_400
[0.594s] -- Installing: /home/charbel/mpo500_ws/src/install/neo_simulation2/share/neo_simulation2/configs/mp_400/mapping.yaml
[0.594s] -- Installing: /home/charbel/mpo500_ws/src/install/neo_simulation2/share/neo_simulation2/configs/mp_400/navigation.yaml
[0.594s] -- Installing: /home/charbel/mpo500_ws/src/install/neo_simulation2/share/neo_simulation2/maps
[0.594s] -- Installing: /home/charbel/mpo500_ws/src/install/neo_simulation2/share/neo_simulation2/maps/neo_workshop.pgm
[0.602s] -- Installing: /home/charbel/mpo500_ws/src/install/neo_simulation2/share/neo_simulation2/maps/neo_track1.yaml
[0.602s] -- Installing: /home/charbel/mpo500_ws/src/install/neo_simulation2/share/neo_simulation2/maps/neo_workshop.yaml
[0.602s] -- Installing: /home/charbel/mpo500_ws/src/install/neo_simulation2/share/neo_simulation2/maps/neo_track1.pgm
[0.610s] -- Installing: /home/charbel/mpo500_ws/src/install/neo_simulation2/share/neo_simulation2/worlds
[0.610s] -- Installing: /home/charbel/mpo500_ws/src/install/neo_simulation2/share/neo_simulation2/worlds/neo_track2.world
[0.610s] -- Installing: /home/charbel/mpo500_ws/src/install/neo_simulation2/share/neo_simulation2/worlds/neo_track1.world
[0.610s] -- Installing: /home/charbel/mpo500_ws/src/install/neo_simulation2/share/neo_simulation2/worlds/neo_workshop.world
[0.611s] -- Installing: /home/charbel/mpo500_ws/src/install/neo_simulation2/share/neo_simulation2/robots
[0.611s] -- Installing: /home/charbel/mpo500_ws/src/install/neo_simulation2/share/neo_simulation2/robots/mpo_700
[0.611s] -- Installing: /home/charbel/mpo500_ws/src/install/neo_simulation2/share/neo_simulation2/robots/mpo_700/mpo_700.urdf
[0.611s] -- Installing: /home/charbel/mpo500_ws/src/install/neo_simulation2/share/neo_simulation2/robots/mpo_700/meshes
[0.611s] -- Installing: /home/charbel/mpo500_ws/src/install/neo_simulation2/share/neo_simulation2/robots/mpo_700/meshes/MPO-700-BODY.dae
[0.611s] -- Installing: /home/charbel/mpo500_ws/src/install/neo_simulation2/share/neo_simulation2/robots/mpo_700/meshes/MPO-700-HEAD.dae
[0.611s] -- Installing: /home/charbel/mpo500_ws/src/install/neo_simulation2/share/neo_simulation2/robots/mpo_700/meshes/MPO-700-caster.dae
[0.611s] -- Installing: /home/charbel/mpo500_ws/src/install/neo_simulation2/share/neo_simulation2/robots/mpo_700/meshes/MPO-700-charge-port.dae
[0.611s] -- Installing: /home/charbel/mpo500_ws/src/install/neo_simulation2/share/neo_simulation2/robots/mpo_700/meshes/MPO-700-WHEEL.dae
[0.611s] -- Installing: /home/charbel/mpo500_ws/src/install/neo_simulation2/share/neo_simulation2/robots/mp_500
[0.611s] -- Installing: /home/charbel/mpo500_ws/src/install/neo_simulation2/share/neo_simulation2/robots/mp_500/mp_500.urdf
[0.611s] -- Installing: /home/charbel/mpo500_ws/src/install/neo_simulation2/share/neo_simulation2/robots/mp_500/meshes
[0.612s] -- Installing: /home/charbel/mpo500_ws/src/install/neo_simulation2/share/neo_simulation2/robots/mp_500/meshes/MP-500-BODY.dae
[0.612s] -- Installing: /home/charbel/mpo500_ws/src/install/neo_simulation2/share/neo_simulation2/robots/mp_500/meshes/MP-500-WHEEL.dae
[0.612s] -- Installing: /home/charbel/mpo500_ws/src/install/neo_simulation2/share/neo_simulation2/robots/mp_500/meshes/MP-500-WHEEL-LEFT.dae
[0.612s] -- Installing: /home/charbel/mpo500_ws/src/install/neo_simulation2/share/neo_simulation2/robots/mp_500/meshes/d435.dae
[0.630s] -- Installing: /home/charbel/mpo500_ws/src/install/neo_simulation2/share/neo_simulation2/robots/mp_500/meshes/MP-500-WHEEL-RIGHT.dae
[0.630s] -- Installing: /home/charbel/mpo500_ws/src/install/neo_simulation2/share/neo_simulation2/robots/mpo_500
[0.630s] -- Installing: /home/charbel/mpo500_ws/src/install/neo_simulation2/share/neo_simulation2/robots/mpo_500/mpo_500.urdf
[0.630s] -- Installing: /home/charbel/mpo500_ws/src/install/neo_simulation2/share/neo_simulation2/robots/mpo_500/meshes
[0.631s] -- Installing: /home/charbel/mpo500_ws/src/install/neo_simulation2/share/neo_simulation2/robots/mpo_500/meshes/MPO-500-BODY.dae
[0.632s] -- Installing: /home/charbel/mpo500_ws/src/install/neo_simulation2/share/neo_simulation2/robots/mpo_500/meshes/MPO-500-WHEEL.dae
[0.639s] -- Installing: /home/charbel/mpo500_ws/src/install/neo_simulation2/share/neo_simulation2/robots/mp_400
[0.640s] -- Installing: /home/charbel/mpo500_ws/src/install/neo_simulation2/share/neo_simulation2/robots/mp_400/mp_400.urdf
[0.640s] -- Installing: /home/charbel/mpo500_ws/src/install/neo_simulation2/share/neo_simulation2/robots/mp_400/meshes
[0.640s] -- Installing: /home/charbel/mpo500_ws/src/install/neo_simulation2/share/neo_simulation2/robots/mp_400/meshes/MP-400-FIXED-WHEEL-RIGHT.dae
[0.640s] -- Installing: /home/charbel/mpo500_ws/src/install/neo_simulation2/share/neo_simulation2/robots/mp_400/meshes/MP-400-FIXED-WHEEL-LEFT.dae
[0.640s] -- Installing: /home/charbel/mpo500_ws/src/install/neo_simulation2/share/neo_simulation2/robots/mp_400/meshes/MP-400-BODY.dae
[0.640s] -- Installing: /home/charbel/mpo500_ws/src/install/neo_simulation2/share/neo_simulation2/robots/mp_400/meshes/MP-400-CASTER-WHEEL.dae
[0.641s] -- Installing: /home/charbel/mpo500_ws/src/install/neo_simulation2/share/neo_simulation2/components
[0.641s] -- Installing: /home/charbel/mpo500_ws/src/install/neo_simulation2/share/neo_simulation2/components/sensors
[0.641s] -- Installing: /home/charbel/mpo500_ws/src/install/neo_simulation2/share/neo_simulation2/components/sensors/SICK-MICROSCAN3.dae
[0.644s] -- Installing: /home/charbel/mpo500_ws/src/install/neo_simulation2/share/neo_simulation2/components/sensors/SICK-S300.dae
[0.644s] -- Installing: /home/charbel/mpo500_ws/src/install/neo_simulation2/share/neo_simulation2/components/sensors/d435.dae
[0.655s] -- Installing: /home/charbel/mpo500_ws/src/install/neo_simulation2/share/neo_simulation2/models
[0.655s] -- Installing: /home/charbel/mpo500_ws/src/install/neo_simulation2/share/neo_simulation2/models/window
[0.655s] -- Installing: /home/charbel/mpo500_ws/src/install/neo_simulation2/share/neo_simulation2/models/window/model.config
[0.655s] -- Installing: /home/charbel/mpo500_ws/src/install/neo_simulation2/share/neo_simulation2/models/window/model.sdf
[0.655s] -- Installing: /home/charbel/mpo500_ws/src/install/neo_simulation2/share/neo_simulation2/models/neobotix_ground_plane
[0.655s] -- Installing: /home/charbel/mpo500_ws/src/install/neo_simulation2/share/neo_simulation2/models/neobotix_ground_plane/model.config
[0.655s] -- Installing: /home/charbel/mpo500_ws/src/install/neo_simulation2/share/neo_simulation2/models/neobotix_ground_plane/model.sdf
[0.655s] -- Installing: /home/charbel/mpo500_ws/src/install/neo_simulation2/share/neo_simulation2/models/neobotix_ground_plane/materials
[0.655s] -- Installing: /home/charbel/mpo500_ws/src/install/neo_simulation2/share/neo_simulation2/models/neobotix_ground_plane/materials/textures
[0.656s] -- Installing: /home/charbel/mpo500_ws/src/install/neo_simulation2/share/neo_simulation2/models/neobotix_ground_plane/materials/textures/GroundPlane.png
[0.656s] -- Installing: /home/charbel/mpo500_ws/src/install/neo_simulation2/share/neo_simulation2/models/neobotix_ground_plane/materials/scripts
[0.656s] -- Installing: /home/charbel/mpo500_ws/src/install/neo_simulation2/share/neo_simulation2/models/neobotix_ground_plane/materials/scripts/neobotix_ground_plane.material
[0.656s] -- Installing: /home/charbel/mpo500_ws/src/install/neo_simulation2/share/neo_simulation2/models/office_env_w 2
[0.656s] -- Installing: /home/charbel/mpo500_ws/src/install/neo_simulation2/share/neo_simulation2/models/office_env_w 2/model.config
[0.656s] -- Installing: /home/charbel/mpo500_ws/src/install/neo_simulation2/share/neo_simulation2/models/office_env_w 2/model.sdf
[0.656s] -- Installing: /home/charbel/mpo500_ws/src/install/neo_simulation2/share/neo_simulation2/models/office_env_w 2/materials
[0.656s] -- Installing: /home/charbel/mpo500_ws/src/install/neo_simulation2/share/neo_simulation2/models/office_env_w 2/materials/textures
[0.656s] -- Installing: /home/charbel/mpo500_ws/src/install/neo_simulation2/share/neo_simulation2/models/office_env_w 2/materials/textures/wall_color_white.jpg
[0.656s] -- Installing: /home/charbel/mpo500_ws/src/install/neo_simulation2/share/neo_simulation2/models/office_env_w 2/materials/scripts
[0.656s] -- Installing: /home/charbel/mpo500_ws/src/install/neo_simulation2/share/neo_simulation2/models/office_env_w 2/materials/scripts/wall_white.material
[0.656s] -- Installing: /home/charbel/mpo500_ws/src/install/neo_simulation2/share/neo_simulation2/models/Ar_tags_nr9
[0.656s] -- Installing: /home/charbel/mpo500_ws/src/install/neo_simulation2/share/neo_simulation2/models/Ar_tags_nr9/model.config
[0.656s] -- Installing: /home/charbel/mpo500_ws/src/install/neo_simulation2/share/neo_simulation2/models/Ar_tags_nr9/model.sdf
[0.656s] -- Installing: /home/charbel/mpo500_ws/src/install/neo_simulation2/share/neo_simulation2/models/Ar_tags_nr9/materials
[0.656s] -- Installing: /home/charbel/mpo500_ws/src/install/neo_simulation2/share/neo_simulation2/models/Ar_tags_nr9/materials/textures
[0.656s] -- Installing: /home/charbel/mpo500_ws/src/install/neo_simulation2/share/neo_simulation2/models/Ar_tags_nr9/materials/textures/MarkerData_2.png
[0.656s] -- Installing: /home/charbel/mpo500_ws/src/install/neo_simulation2/share/neo_simulation2/models/Ar_tags_nr9/materials/textures/qrcode.png
[0.657s] -- Installing: /home/charbel/mpo500_ws/src/install/neo_simulation2/share/neo_simulation2/models/Ar_tags_nr9/materials/textures/qrcode1.png
[0.657s] -- Installing: /home/charbel/mpo500_ws/src/install/neo_simulation2/share/neo_simulation2/models/Ar_tags_nr9/materials/textures/MarkerData_9.png
[0.657s] -- Installing: /home/charbel/mpo500_ws/src/install/neo_simulation2/share/neo_simulation2/models/Ar_tags_nr9/materials/textures/MarkerData_10.png
[0.657s] -- Installing: /home/charbel/mpo500_ws/src/install/neo_simulation2/share/neo_simulation2/models/Ar_tags_nr9/materials/scripts
[0.657s] -- Installing: /home/charbel/mpo500_ws/src/install/neo_simulation2/share/neo_simulation2/models/Ar_tags_nr9/materials/scripts/ar_tag.material
[0.657s] -- Installing: /home/charbel/mpo500_ws/src/install/neo_simulation2/share/neo_simulation2/models/Ar_tags_nr9/meshes
[0.657s] -- Installing: /home/charbel/mpo500_ws/src/install/neo_simulation2/share/neo_simulation2/models/Ar_tags_nr9/meshes/plate.blend
[0.657s] -- Installing: /home/charbel/mpo500_ws/src/install/neo_simulation2/share/neo_simulation2/models/Ar_tags_nr9/meshes/Ar_tag_nr9.dae
[0.657s] -- Installing: /home/charbel/mpo500_ws/src/install/neo_simulation2/share/neo_simulation2/models/Ar_tags_nr9/meshes/Ar_tag_nr2.dae
[0.657s] -- Installing: /home/charbel/mpo500_ws/src/install/neo_simulation2/share/neo_simulation2/models/neobotix_wall_stickers
[0.657s] -- Installing: /home/charbel/mpo500_ws/src/install/neo_simulation2/share/neo_simulation2/models/neobotix_wall_stickers/model.config
[0.657s] -- Installing: /home/charbel/mpo500_ws/src/install/neo_simulation2/share/neo_simulation2/models/neobotix_wall_stickers/model.sdf
[0.657s] -- Installing: /home/charbel/mpo500_ws/src/install/neo_simulation2/share/neo_simulation2/models/neobotix_wall_stickers/materials
[0.657s] -- Installing: /home/charbel/mpo500_ws/src/install/neo_simulation2/share/neo_simulation2/models/neobotix_wall_stickers/materials/textures
[0.657s] -- Installing: /home/charbel/mpo500_ws/src/install/neo_simulation2/share/neo_simulation2/models/neobotix_wall_stickers/materials/textures/WallSticker.png
[0.657s] -- Installing: /home/charbel/mpo500_ws/src/install/neo_simulation2/share/neo_simulation2/models/neobotix_wall_stickers/materials/scripts
[0.657s] -- Installing: /home/charbel/mpo500_ws/src/install/neo_simulation2/share/neo_simulation2/models/neobotix_wall_stickers/materials/scripts/neobotix_wall_stickers.material
[0.658s] -- Installing: /home/charbel/mpo500_ws/src/install/neo_simulation2/share/neo_simulation2/models/Ar_tags_nr2
[0.658s] -- Installing: /home/charbel/mpo500_ws/src/install/neo_simulation2/share/neo_simulation2/models/Ar_tags_nr2/model.config
[0.658s] -- Installing: /home/charbel/mpo500_ws/src/install/neo_simulation2/share/neo_simulation2/models/Ar_tags_nr2/model.sdf
[0.658s] -- Installing: /home/charbel/mpo500_ws/src/install/neo_simulation2/share/neo_simulation2/models/Ar_tags_nr2/materials
[0.658s] -- Installing: /home/charbel/mpo500_ws/src/install/neo_simulation2/share/neo_simulation2/models/Ar_tags_nr2/materials/textures
[0.658s] -- Installing: /home/charbel/mpo500_ws/src/install/neo_simulation2/share/neo_simulation2/models/Ar_tags_nr2/materials/textures/MarkerData_2.png
[0.658s] -- Installing: /home/charbel/mpo500_ws/src/install/neo_simulation2/share/neo_simulation2/models/Ar_tags_nr2/materials/textures/qrcode.png
[0.658s] -- Installing: /home/charbel/mpo500_ws/src/install/neo_simulation2/share/neo_simulation2/models/Ar_tags_nr2/materials/textures/qrcode1.png
[0.658s] -- Installing: /home/charbel/mpo500_ws/src/install/neo_simulation2/share/neo_simulation2/models/Ar_tags_nr2/materials/textures/MarkerData_10.png
[0.658s] -- Installing: /home/charbel/mpo500_ws/src/install/neo_simulation2/share/neo_simulation2/models/Ar_tags_nr2/materials/scripts
[0.658s] -- Installing: /home/charbel/mpo500_ws/src/install/neo_simulation2/share/neo_simulation2/models/Ar_tags_nr2/materials/scripts/ar_tag.material
[0.658s] -- Installing: /home/charbel/mpo500_ws/src/install/neo_simulation2/share/neo_simulation2/models/Ar_tags_nr2/meshes
[0.658s] -- Installing: /home/charbel/mpo500_ws/src/install/neo_simulation2/share/neo_simulation2/models/Ar_tags_nr2/meshes/plate.blend
[0.658s] -- Installing: /home/charbel/mpo500_ws/src/install/neo_simulation2/share/neo_simulation2/models/Ar_tags_nr2/meshes/Ar_tag.dae
[0.658s] -- Installing: /home/charbel/mpo500_ws/src/install/neo_simulation2/share/neo_simulation2/models/Ar_tags_nr2/meshes/Ar_tag_nr2.dae
[0.658s] -- Installing: /home/charbel/mpo500_ws/src/install/neo_simulation2/share/neo_simulation2/models/door
[0.658s] -- Installing: /home/charbel/mpo500_ws/src/install/neo_simulation2/share/neo_simulation2/models/door/model.config
[0.658s] -- Installing: /home/charbel/mpo500_ws/src/install/neo_simulation2/share/neo_simulation2/models/door/model.sdf
[0.659s] -- Installing: /home/charbel/mpo500_ws/src/install/neo_simulation2/share/neo_simulation2/models/door/materials
[0.659s] -- Installing: /home/charbel/mpo500_ws/src/install/neo_simulation2/share/neo_simulation2/models/door/materials/textures
[0.659s] -- Installing: /home/charbel/mpo500_ws/src/install/neo_simulation2/share/neo_simulation2/models/door/materials/textures/door.jpg
[0.659s] -- Installing: /home/charbel/mpo500_ws/src/install/neo_simulation2/share/neo_simulation2/models/door/materials/scripts
[0.659s] -- Installing: /home/charbel/mpo500_ws/src/install/neo_simulation2/share/neo_simulation2/models/door/materials/scripts/door.material
[0.659s] -- Installing: /home/charbel/mpo500_ws/src/install/neo_simulation2/share/neo_simulation2/models/Ar_tags_nr13
[0.659s] -- Installing: /home/charbel/mpo500_ws/src/install/neo_simulation2/share/neo_simulation2/models/Ar_tags_nr13/model.config
[0.659s] -- Installing: /home/charbel/mpo500_ws/src/install/neo_simulation2/share/neo_simulation2/models/Ar_tags_nr13/model.sdf
[0.659s] -- Installing: /home/charbel/mpo500_ws/src/install/neo_simulation2/share/neo_simulation2/models/Ar_tags_nr13/materials
[0.659s] -- Installing: /home/charbel/mpo500_ws/src/install/neo_simulation2/share/neo_simulation2/models/Ar_tags_nr13/materials/textures
[0.659s] -- Installing: /home/charbel/mpo500_ws/src/install/neo_simulation2/share/neo_simulation2/models/Ar_tags_nr13/materials/textures/MarkerData_13.png
[0.659s] -- Installing: /home/charbel/mpo500_ws/src/install/neo_simulation2/share/neo_simulation2/models/Ar_tags_nr13/materials/scripts
[0.659s] -- Installing: /home/charbel/mpo500_ws/src/install/neo_simulation2/share/neo_simulation2/models/Ar_tags_nr13/materials/scripts/ar_tag.material
[0.659s] -- Installing: /home/charbel/mpo500_ws/src/install/neo_simulation2/share/neo_simulation2/models/Ar_tags_nr13/meshes
[0.659s] -- Installing: /home/charbel/mpo500_ws/src/install/neo_simulation2/share/neo_simulation2/models/Ar_tags_nr13/meshes/plate.blend
[0.659s] -- Installing: /home/charbel/mpo500_ws/src/install/neo_simulation2/share/neo_simulation2/models/Ar_tags_nr13/meshes/Ar_tag_nr13.dae
[0.659s] -- Installing: /home/charbel/mpo500_ws/src/install/neo_simulation2/share/neo_simulation2/models/office_env_w
[0.659s] -- Installing: /home/charbel/mpo500_ws/src/install/neo_simulation2/share/neo_simulation2/models/office_env_w/model.config
[0.660s] -- Installing: /home/charbel/mpo500_ws/src/install/neo_simulation2/share/neo_simulation2/models/office_env_w/model.sdf
[0.660s] -- Installing: /home/charbel/mpo500_ws/src/install/neo_simulation2/share/neo_simulation2/models/office_env_w/materials
[0.660s] -- Installing: /home/charbel/mpo500_ws/src/install/neo_simulation2/share/neo_simulation2/models/office_env_w/materials/textures
[0.660s] -- Installing: /home/charbel/mpo500_ws/src/install/neo_simulation2/share/neo_simulation2/models/office_env_w/materials/textures/wall_color_white.jpg
[0.660s] -- Installing: /home/charbel/mpo500_ws/src/install/neo_simulation2/share/neo_simulation2/models/office_env_w/materials/scripts
[0.660s] -- Installing: /home/charbel/mpo500_ws/src/install/neo_simulation2/share/neo_simulation2/models/office_env_w/materials/scripts/wall_white.material
[0.660s] -- Installing: /home/charbel/mpo500_ws/src/install/neo_simulation2/share/neo_simulation2/models/Ar_tags_nr12
[0.660s] -- Installing: /home/charbel/mpo500_ws/src/install/neo_simulation2/share/neo_simulation2/models/Ar_tags_nr12/model.config
[0.660s] -- Installing: /home/charbel/mpo500_ws/src/install/neo_simulation2/share/neo_simulation2/models/Ar_tags_nr12/model.sdf
[0.660s] -- Installing: /home/charbel/mpo500_ws/src/install/neo_simulation2/share/neo_simulation2/models/Ar_tags_nr12/materials
[0.660s] -- Installing: /home/charbel/mpo500_ws/src/install/neo_simulation2/share/neo_simulation2/models/Ar_tags_nr12/materials/textures
[0.660s] -- Installing: /home/charbel/mpo500_ws/src/install/neo_simulation2/share/neo_simulation2/models/Ar_tags_nr12/materials/textures/MarkerData_12.png
[0.660s] -- Installing: /home/charbel/mpo500_ws/src/install/neo_simulation2/share/neo_simulation2/models/Ar_tags_nr12/materials/scripts
[0.661s] -- Installing: /home/charbel/mpo500_ws/src/install/neo_simulation2/share/neo_simulation2/models/Ar_tags_nr12/materials/scripts/ar_tag.material
[0.661s] -- Installing: /home/charbel/mpo500_ws/src/install/neo_simulation2/share/neo_simulation2/models/Ar_tags_nr12/meshes
[0.661s] -- Installing: /home/charbel/mpo500_ws/src/install/neo_simulation2/share/neo_simulation2/models/Ar_tags_nr12/meshes/plate.blend
[0.661s] -- Installing: /home/charbel/mpo500_ws/src/install/neo_simulation2/share/neo_simulation2/models/Ar_tags_nr12/meshes/Ar_tag_nr12.dae
[0.661s] -- Installing: /home/charbel/mpo500_ws/src/install/neo_simulation2/share/neo_simulation2/models/Ar_tag.dae
[0.661s] -- Installing: /home/charbel/mpo500_ws/src/install/neo_simulation2/share/neo_simulation2/models/construction_cone
[0.661s] -- Installing: /home/charbel/mpo500_ws/src/install/neo_simulation2/share/neo_simulation2/models/construction_cone/model.config
[0.661s] -- Installing: /home/charbel/mpo500_ws/src/install/neo_simulation2/share/neo_simulation2/models/construction_cone/model.sdf
[0.661s] -- Installing: /home/charbel/mpo500_ws/src/install/neo_simulation2/share/neo_simulation2/models/construction_cone/model-1_3.sdf
[0.661s] -- Installing: /home/charbel/mpo500_ws/src/install/neo_simulation2/share/neo_simulation2/models/construction_cone/materials
[0.661s] -- Installing: /home/charbel/mpo500_ws/src/install/neo_simulation2/share/neo_simulation2/models/construction_cone/materials/textures
[0.661s] -- Installing: /home/charbel/mpo500_ws/src/install/neo_simulation2/share/neo_simulation2/models/construction_cone/materials/textures/Construction_Cone_Diffuse.png
[0.661s] -- Installing: /home/charbel/mpo500_ws/src/install/neo_simulation2/share/neo_simulation2/models/construction_cone/meshes
[0.661s] -- Installing: /home/charbel/mpo500_ws/src/install/neo_simulation2/share/neo_simulation2/models/construction_cone/meshes/construction_cone.dae
[0.661s] -- Installing: /home/charbel/mpo500_ws/src/install/neo_simulation2/share/neo_simulation2/models/construction_cone/model-1_4.sdf
[0.661s] -- Installing: /home/charbel/mpo500_ws/src/install/neo_simulation2/share/neo_simulation2/models/drc_practice_straight
[0.662s] -- Installing: /home/charbel/mpo500_ws/src/install/neo_simulation2/share/neo_simulation2/models/drc_practice_straight/model.config
[0.662s] -- Installing: /home/charbel/mpo500_ws/src/install/neo_simulation2/share/neo_simulation2/models/drc_practice_straight/model.sdf
[0.662s] -- Installing: /home/charbel/mpo500_ws/src/install/neo_simulation2/share/neo_simulation2/models/office_env_w 1
[0.662s] -- Installing: /home/charbel/mpo500_ws/src/install/neo_simulation2/share/neo_simulation2/models/office_env_w 1/model.config
[0.662s] -- Installing: /home/charbel/mpo500_ws/src/install/neo_simulation2/share/neo_simulation2/models/office_env_w 1/model.sdf
[0.662s] -- Installing: /home/charbel/mpo500_ws/src/install/neo_simulation2/share/neo_simulation2/models/office_env_w 1/materials
[0.662s] -- Installing: /home/charbel/mpo500_ws/src/install/neo_simulation2/share/neo_simulation2/models/office_env_w 1/materials/textures
[0.662s] -- Installing: /home/charbel/mpo500_ws/src/install/neo_simulation2/share/neo_simulation2/models/office_env_w 1/materials/textures/wall_color_white.jpg
[0.662s] -- Installing: /home/charbel/mpo500_ws/src/install/neo_simulation2/share/neo_simulation2/models/office_env_w 1/materials/scripts
[0.662s] -- Installing: /home/charbel/mpo500_ws/src/install/neo_simulation2/share/neo_simulation2/models/office_env_w 1/materials/scripts/wall_white.material
[0.662s] -- Installing: /home/charbel/mpo500_ws/src/install/neo_simulation2/share/neo_simulation2/models/Ar_tags
[0.662s] -- Installing: /home/charbel/mpo500_ws/src/install/neo_simulation2/share/neo_simulation2/models/Ar_tags/model.config
[0.662s] -- Installing: /home/charbel/mpo500_ws/src/install/neo_simulation2/share/neo_simulation2/models/Ar_tags/model.sdf
[0.662s] -- Installing: /home/charbel/mpo500_ws/src/install/neo_simulation2/share/neo_simulation2/models/Ar_tags/materials
[0.662s] -- Installing: /home/charbel/mpo500_ws/src/install/neo_simulation2/share/neo_simulation2/models/Ar_tags/materials/textures
[0.662s] -- Installing: /home/charbel/mpo500_ws/src/install/neo_simulation2/share/neo_simulation2/models/Ar_tags/materials/textures/MarkerData_2.png
[0.662s] -- Installing: /home/charbel/mpo500_ws/src/install/neo_simulation2/share/neo_simulation2/models/Ar_tags/materials/scripts
[0.663s] -- Installing: /home/charbel/mpo500_ws/src/install/neo_simulation2/share/neo_simulation2/models/Ar_tags/materials/scripts/ar_tag.material
[0.663s] -- Installing: /home/charbel/mpo500_ws/src/install/neo_simulation2/share/neo_simulation2/models/Ar_tags/meshes
[0.663s] -- Installing: /home/charbel/mpo500_ws/src/install/neo_simulation2/share/neo_simulation2/models/Ar_tags/meshes/Ar_tag.dae
[0.663s] -- Installing: /home/charbel/mpo500_ws/src/install/neo_simulation2/share/neo_simulation2/models/yellow_bin
[0.663s] -- Installing: /home/charbel/mpo500_ws/src/install/neo_simulation2/share/neo_simulation2/models/yellow_bin/model.config
[0.663s] -- Installing: /home/charbel/mpo500_ws/src/install/neo_simulation2/share/neo_simulation2/models/yellow_bin/model.sdf
[0.663s] -- Installing: /home/charbel/mpo500_ws/src/install/neo_simulation2/share/neo_simulation2/models/yellow_bin/meshes
[0.663s] -- Installing: /home/charbel/mpo500_ws/src/install/neo_simulation2/share/neo_simulation2/models/yellow_bin/meshes/green_cylinder.stl
[0.663s] -- Installing: /home/charbel/mpo500_ws/src/install/neo_simulation2/share/neo_simulation2/models/Ar_tags_nr11
[0.663s] -- Installing: /home/charbel/mpo500_ws/src/install/neo_simulation2/share/neo_simulation2/models/Ar_tags_nr11/model.config
[0.663s] -- Installing: /home/charbel/mpo500_ws/src/install/neo_simulation2/share/neo_simulation2/models/Ar_tags_nr11/model.sdf
[0.663s] -- Installing: /home/charbel/mpo500_ws/src/install/neo_simulation2/share/neo_simulation2/models/Ar_tags_nr11/materials
[0.663s] -- Installing: /home/charbel/mpo500_ws/src/install/neo_simulation2/share/neo_simulation2/models/Ar_tags_nr11/materials/textures
[0.663s] -- Installing: /home/charbel/mpo500_ws/src/install/neo_simulation2/share/neo_simulation2/models/Ar_tags_nr11/materials/textures/MarkerData_11.png
[0.663s] -- Installing: /home/charbel/mpo500_ws/src/install/neo_simulation2/share/neo_simulation2/models/Ar_tags_nr11/materials/scripts
[0.663s] -- Installing: /home/charbel/mpo500_ws/src/install/neo_simulation2/share/neo_simulation2/models/Ar_tags_nr11/materials/scripts/ar_tag.material
[0.663s] -- Installing: /home/charbel/mpo500_ws/src/install/neo_simulation2/share/neo_simulation2/models/Ar_tags_nr11/meshes
[0.664s] -- Installing: /home/charbel/mpo500_ws/src/install/neo_simulation2/share/neo_simulation2/models/Ar_tags_nr11/meshes/plate.blend
[0.664s] -- Installing: /home/charbel/mpo500_ws/src/install/neo_simulation2/share/neo_simulation2/models/Ar_tags_nr11/meshes/Ar_tag_nr11.dae
[0.664s] -- Installing: /home/charbel/mpo500_ws/src/install/neo_simulation2/share/neo_simulation2/models/office_small
[0.664s] -- Installing: /home/charbel/mpo500_ws/src/install/neo_simulation2/share/neo_simulation2/models/office_small/model.config
[0.664s] -- Installing: /home/charbel/mpo500_ws/src/install/neo_simulation2/share/neo_simulation2/models/office_small/model.sdf
[0.664s] -- Installing: /home/charbel/mpo500_ws/src/install/neo_simulation2/share/neo_simulation2/models/office_small/materials
[0.664s] -- Installing: /home/charbel/mpo500_ws/src/install/neo_simulation2/share/neo_simulation2/models/office_small/materials/textures
[0.664s] -- Installing: /home/charbel/mpo500_ws/src/install/neo_simulation2/share/neo_simulation2/models/office_small/materials/textures/cp9.jpg
[0.664s] -- Installing: /home/charbel/mpo500_ws/src/install/neo_simulation2/share/neo_simulation2/models/office_small/materials/textures/hd2.gif
[0.664s] -- Installing: /home/charbel/mpo500_ws/src/install/neo_simulation2/share/neo_simulation2/models/office_small/materials/textures/cp11.jpg
[0.664s] -- Installing: /home/charbel/mpo500_ws/src/install/neo_simulation2/share/neo_simulation2/models/office_small/materials/textures/cp10.jpg
[0.664s] -- Installing: /home/charbel/mpo500_ws/src/install/neo_simulation2/share/neo_simulation2/models/office_small/materials/textures/cp2.jpg
[0.665s] -- Installing: /home/charbel/mpo500_ws/src/install/neo_simulation2/share/neo_simulation2/models/office_small/materials/textures/hd3.jpg
[0.665s] -- Installing: /home/charbel/mpo500_ws/src/install/neo_simulation2/share/neo_simulation2/models/office_small/materials/textures/cp3.jpg
[0.665s] -- Installing: /home/charbel/mpo500_ws/src/install/neo_simulation2/share/neo_simulation2/models/office_small/materials/textures/hd5.jpg
[0.665s] -- Installing: /home/charbel/mpo500_ws/src/install/neo_simulation2/share/neo_simulation2/models/office_small/materials/textures/cl4.jpg
[0.665s] -- Installing: /home/charbel/mpo500_ws/src/install/neo_simulation2/share/neo_simulation2/models/office_small/materials/textures/hd7.jpg
[0.665s] -- Installing: /home/charbel/mpo500_ws/src/install/neo_simulation2/share/neo_simulation2/models/office_small/materials/textures/cl3.jpg
[0.665s] -- Installing: /home/charbel/mpo500_ws/src/install/neo_simulation2/share/neo_simulation2/models/office_small/materials/textures/cl5.jpg
[0.665s] -- Installing: /home/charbel/mpo500_ws/src/install/neo_simulation2/share/neo_simulation2/models/office_small/materials/textures/cp8.jpg
[0.665s] -- Installing: /home/charbel/mpo500_ws/src/install/neo_simulation2/share/neo_simulation2/models/office_small/materials/textures/cl6.jpg
[0.665s] -- Installing: /home/charbel/mpo500_ws/src/install/neo_simulation2/share/neo_simulation2/models/office_small/materials/textures/cp4.jpg
[0.665s] -- Installing: /home/charbel/mpo500_ws/src/install/neo_simulation2/share/neo_simulation2/models/office_small/materials/textures/hd6.png
[0.666s] -- Installing: /home/charbel/mpo500_ws/src/install/neo_simulation2/share/neo_simulation2/models/office_small/materials/textures/cp12.jpg
[0.666s] -- Installing: /home/charbel/mpo500_ws/src/install/neo_simulation2/share/neo_simulation2/models/office_small/materials/textures/hd8.jpg
[0.666s] -- Installing: /home/charbel/mpo500_ws/src/install/neo_simulation2/share/neo_simulation2/models/office_small/materials/textures/cl2.jpg
[0.666s] -- Installing: /home/charbel/mpo500_ws/src/install/neo_simulation2/share/neo_simulation2/models/office_small/materials/textures/cp7.jpg
[0.666s] -- Installing: /home/charbel/mpo500_ws/src/install/neo_simulation2/share/neo_simulation2/models/office_small/materials/textures/wall_color_white.jpg
[0.666s] -- Installing: /home/charbel/mpo500_ws/src/install/neo_simulation2/share/neo_simulation2/models/office_small/materials/textures/cp1.jpg
[0.667s] -- Installing: /home/charbel/mpo500_ws/src/install/neo_simulation2/share/neo_simulation2/models/office_small/materials/textures/hd1.jpg
[0.667s] -- Installing: /home/charbel/mpo500_ws/src/install/neo_simulation2/share/neo_simulation2/models/office_small/materials/textures/cp5.png
[0.668s] -- Installing: /home/charbel/mpo500_ws/src/install/neo_simulation2/share/neo_simulation2/models/office_small/materials/textures/cp6.jpg
[0.668s] -- Installing: /home/charbel/mpo500_ws/src/install/neo_simulation2/share/neo_simulation2/models/office_small/materials/textures/hd4.jpg
[0.668s] -- Installing: /home/charbel/mpo500_ws/src/install/neo_simulation2/share/neo_simulation2/models/office_small/materials/textures/cl1.jpg
[0.668s] -- Installing: /home/charbel/mpo500_ws/src/install/neo_simulation2/share/neo_simulation2/models/office_small/materials/scripts
[0.668s] -- Installing: /home/charbel/mpo500_ws/src/install/neo_simulation2/share/neo_simulation2/models/office_small/materials/scripts/wall_white.material
[0.668s] -- Installing: /home/charbel/mpo500_ws/src/install/neo_simulation2/share/neo_simulation2/models/office_small/materials/scripts/Floor.material
[0.669s] -- Installing: /home/charbel/mpo500_ws/src/install/neo_simulation2/share/neo_simulation2/models/docking_station
[0.669s] -- Installing: /home/charbel/mpo500_ws/src/install/neo_simulation2/share/neo_simulation2/models/docking_station/model.config
[0.669s] -- Installing: /home/charbel/mpo500_ws/src/install/neo_simulation2/share/neo_simulation2/models/docking_station/model.sdf
[0.669s] -- Installing: /home/charbel/mpo500_ws/src/install/neo_simulation2/share/neo_simulation2/models/docking_station/materials
[0.669s] -- Installing: /home/charbel/mpo500_ws/src/install/neo_simulation2/share/neo_simulation2/models/docking_station/materials/textures
[0.669s] -- Installing: /home/charbel/mpo500_ws/src/install/neo_simulation2/share/neo_simulation2/models/docking_station/materials/textures/silver_door.jpg
[0.669s] -- Installing: /home/charbel/mpo500_ws/src/install/neo_simulation2/share/neo_simulation2/models/docking_station/materials/textures/door_3d.jpg
[0.669s] -- Installing: /home/charbel/mpo500_ws/src/install/neo_simulation2/share/neo_simulation2/models/docking_station/materials/scripts
[0.669s] -- Installing: /home/charbel/mpo500_ws/src/install/neo_simulation2/share/neo_simulation2/models/docking_station/materials/scripts/door_handle.material
[0.669s] -- Installing: /home/charbel/mpo500_ws/src/install/neo_simulation2/share/neo_simulation2/models/docking_station/materials/scripts/door_3d.material
[0.669s] -- Installing: /home/charbel/mpo500_ws/src/install/neo_simulation2/share/neo_simulation2/models/docking_station/meshes
[0.669s] -- Installing: /home/charbel/mpo500_ws/src/install/neo_simulation2/share/neo_simulation2/models/docking_station/meshes/d1_back1.dae
[0.669s] -- Installing: /home/charbel/mpo500_ws/src/install/neo_simulation2/share/neo_simulation2/models/docking_station/meshes/d1.stl
[0.669s] -- Installing: /home/charbel/mpo500_ws/src/install/neo_simulation2/share/neo_simulation2/models/docking_station/meshes/d1.dae
[0.669s] -- Installing: /home/charbel/mpo500_ws/src/install/neo_simulation2/share/neo_simulation2/models/office_env
[0.669s] -- Installing: /home/charbel/mpo500_ws/src/install/neo_simulation2/share/neo_simulation2/models/office_env/model.config
[0.670s] -- Installing: /home/charbel/mpo500_ws/src/install/neo_simulation2/share/neo_simulation2/models/office_env/model.sdf
[0.670s] -- Installing: /home/charbel/mpo500_ws/src/install/neo_simulation2/share/neo_simulation2/models/office_env/materials
[0.670s] -- Installing: /home/charbel/mpo500_ws/src/install/neo_simulation2/share/neo_simulation2/models/office_env/materials/textures
[0.670s] -- Installing: /home/charbel/mpo500_ws/src/install/neo_simulation2/share/neo_simulation2/models/office_env/materials/textures/wall_color.jpg
[0.670s] -- Installing: /home/charbel/mpo500_ws/src/install/neo_simulation2/share/neo_simulation2/models/office_env/materials/scripts
[0.670s] -- Installing: /home/charbel/mpo500_ws/src/install/neo_simulation2/share/neo_simulation2/models/office_env/materials/scripts/wall.material
[0.670s] -- Installing: /home/charbel/mpo500_ws/src/install/neo_simulation2/share/neo_simulation2/models/Ar_tags_nr8
[0.670s] -- Installing: /home/charbel/mpo500_ws/src/install/neo_simulation2/share/neo_simulation2/models/Ar_tags_nr8/model.config
[0.670s] -- Installing: /home/charbel/mpo500_ws/src/install/neo_simulation2/share/neo_simulation2/models/Ar_tags_nr8/model.sdf
[0.670s] -- Installing: /home/charbel/mpo500_ws/src/install/neo_simulation2/share/neo_simulation2/models/Ar_tags_nr8/materials
[0.670s] -- Installing: /home/charbel/mpo500_ws/src/install/neo_simulation2/share/neo_simulation2/models/Ar_tags_nr8/materials/textures
[0.670s] -- Installing: /home/charbel/mpo500_ws/src/install/neo_simulation2/share/neo_simulation2/models/Ar_tags_nr8/materials/textures/MarkerData_8.png
[0.670s] -- Installing: /home/charbel/mpo500_ws/src/install/neo_simulation2/share/neo_simulation2/models/Ar_tags_nr8/materials/scripts
[0.670s] -- Installing: /home/charbel/mpo500_ws/src/install/neo_simulation2/share/neo_simulation2/models/Ar_tags_nr8/materials/scripts/ar_tag.material
[0.670s] -- Installing: /home/charbel/mpo500_ws/src/install/neo_simulation2/share/neo_simulation2/models/Ar_tags_nr8/meshes
[0.670s] -- Installing: /home/charbel/mpo500_ws/src/install/neo_simulation2/share/neo_simulation2/models/Ar_tags_nr8/meshes/plate.blend
[0.671s] -- Installing: /home/charbel/mpo500_ws/src/install/neo_simulation2/share/neo_simulation2/models/Ar_tags_nr8/meshes/Ar_tag_nr8.dae
[0.671s] -- Installing: /home/charbel/mpo500_ws/src/install/neo_simulation2/share/neo_simulation2/models/door_3d
[0.671s] -- Installing: /home/charbel/mpo500_ws/src/install/neo_simulation2/share/neo_simulation2/models/door_3d/model.config
[0.671s] -- Installing: /home/charbel/mpo500_ws/src/install/neo_simulation2/share/neo_simulation2/models/door_3d/model.sdf
[0.671s] -- Installing: /home/charbel/mpo500_ws/src/install/neo_simulation2/share/neo_simulation2/models/door_3d/materials
[0.671s] -- Installing: /home/charbel/mpo500_ws/src/install/neo_simulation2/share/neo_simulation2/models/door_3d/materials/textures
[0.671s] -- Installing: /home/charbel/mpo500_ws/src/install/neo_simulation2/share/neo_simulation2/models/door_3d/materials/textures/silver_door.jpg
[0.671s] -- Installing: /home/charbel/mpo500_ws/src/install/neo_simulation2/share/neo_simulation2/models/door_3d/materials/textures/door_3d.jpg
[0.671s] -- Installing: /home/charbel/mpo500_ws/src/install/neo_simulation2/share/neo_simulation2/models/door_3d/materials/scripts
[0.671s] -- Installing: /home/charbel/mpo500_ws/src/install/neo_simulation2/share/neo_simulation2/models/door_3d/materials/scripts/door_handle.material
[0.671s] -- Installing: /home/charbel/mpo500_ws/src/install/neo_simulation2/share/neo_simulation2/models/door_3d/materials/scripts/door_3d.material
[0.671s] -- Installing: /home/charbel/mpo500_ws/src/install/neo_simulation2/share/neo_simulation2/models/door_3d/meshes
[0.671s] -- Installing: /home/charbel/mpo500_ws/src/install/neo_simulation2/share/neo_simulation2/models/door_3d/meshes/door.dae
[0.671s] -- Installing: /home/charbel/mpo500_ws/src/install/neo_simulation2/share/neo_simulation2/models/door_3d/meshes/door_v2_handle.dae
[0.671s] -- Installing: /home/charbel/mpo500_ws/src/install/neo_simulation2/share/neo_simulation2/models/door_3d/meshes/model.dae
[0.671s] -- Installing: /home/charbel/mpo500_ws/src/install/neo_simulation2/share/neo_simulation2/models/door_3d/meshes/door_v2.dae
[0.672s] -- Installing: /home/charbel/mpo500_ws/src/install/neo_simulation2/share/neo_simulation2/models/door_3d/meshes/door_v2_door.dae
[0.672s] -- Installing: /home/charbel/mpo500_ws/src/install/neo_simulation2/share/neo_simulation2/models/office_env_w_complete
[0.672s] -- Installing: /home/charbel/mpo500_ws/src/install/neo_simulation2/share/neo_simulation2/models/office_env_w_complete/model.config
[0.672s] -- Installing: /home/charbel/mpo500_ws/src/install/neo_simulation2/share/neo_simulation2/models/office_env_w_complete/model.sdf
[0.672s] -- Installing: /home/charbel/mpo500_ws/src/install/neo_simulation2/share/neo_simulation2/models/office_env_w_complete/materials
[0.672s] -- Installing: /home/charbel/mpo500_ws/src/install/neo_simulation2/share/neo_simulation2/models/office_env_w_complete/materials/textures
[0.672s] -- Installing: /home/charbel/mpo500_ws/src/install/neo_simulation2/share/neo_simulation2/models/office_env_w_complete/materials/textures/wall_color_white.jpg
[0.672s] -- Installing: /home/charbel/mpo500_ws/src/install/neo_simulation2/share/neo_simulation2/models/office_env_w_complete/materials/scripts
[0.672s] -- Installing: /home/charbel/mpo500_ws/src/install/neo_simulation2/share/neo_simulation2/models/office_env_w_complete/materials/scripts/wall_white.material
[0.672s] -- Installing: /home/charbel/mpo500_ws/src/install/neo_simulation2/share/ament_index/resource_index/package_run_dependencies/neo_simulation2
[0.672s] -- Installing: /home/charbel/mpo500_ws/src/install/neo_simulation2/share/ament_index/resource_index/parent_prefix_path/neo_simulation2
[0.672s] -- Installing: /home/charbel/mpo500_ws/src/install/neo_simulation2/share/neo_simulation2/environment/ament_prefix_path.sh
[0.672s] -- Installing: /home/charbel/mpo500_ws/src/install/neo_simulation2/share/neo_simulation2/environment/ament_prefix_path.dsv
[0.672s] -- Installing: /home/charbel/mpo500_ws/src/install/neo_simulation2/share/neo_simulation2/environment/path.sh
[0.672s] -- Installing: /home/charbel/mpo500_ws/src/install/neo_simulation2/share/neo_simulation2/environment/path.dsv
[0.672s] -- Installing: /home/charbel/mpo500_ws/src/install/neo_simulation2/share/neo_simulation2/local_setup.bash
[0.673s] -- Installing: /home/charbel/mpo500_ws/src/install/neo_simulation2/share/neo_simulation2/local_setup.sh
[0.673s] -- Installing: /home/charbel/mpo500_ws/src/install/neo_simulation2/share/neo_simulation2/local_setup.zsh
[0.673s] -- Installing: /home/charbel/mpo500_ws/src/install/neo_simulation2/share/neo_simulation2/local_setup.dsv
[0.673s] -- Installing: /home/charbel/mpo500_ws/src/install/neo_simulation2/share/neo_simulation2/package.dsv
[0.673s] -- Installing: /home/charbel/mpo500_ws/src/install/neo_simulation2/share/ament_index/resource_index/packages/neo_simulation2
[0.673s] -- Installing: /home/charbel/mpo500_ws/src/install/neo_simulation2/share/neo_simulation2/cmake/neo_simulation2Config.cmake
[0.673s] -- Installing: /home/charbel/mpo500_ws/src/install/neo_simulation2/share/neo_simulation2/cmake/neo_simulation2Config-version.cmake
[0.673s] -- Installing: /home/charbel/mpo500_ws/src/install/neo_simulation2/share/neo_simulation2/package.xml
[0.675s] Invoked command in '/home/charbel/mpo500_ws/src/build/neo_simulation2' returned '0': AMENT_PREFIX_PATH=/home/charbel/mpo500_ws/src/install/neo_nav2_bringup:${AMENT_PREFIX_PATH} CMAKE_PREFIX_PATH=/home/charbel/mpo500_ws/src/install/neo_nav2_bringup:/home/charbel/mpo500_ws/install/topic_subscriber:/home/charbel/mpo500_ws/install/topic_publisher:/home/charbel/mpo500_ws/install/robot_controller:/home/charbel/mpo500_ws/install/neo_teleop2:/home/charbel/mpo500_ws/install/neo_relayboard_v2-2:/home/charbel/mpo500_ws/install/neo_srvs2:/home/charbel/mpo500_ws/install/neo_simulation2:/home/charbel/mpo500_ws/install/neo_mpo_500-2:/home/charbel/mpo500_ws/install/neo_nav2_bringup:/home/charbel/mpo500_ws/install/neo_msgs2:/home/charbel/mpo500_ws/install/neo_kinematics_mecanum2:/home/charbel/mpo500_ws/install/neo_common2:/opt/ros/humble /usr/bin/cmake --install /home/charbel/mpo500_ws/src/build/neo_simulation2
