[35m[1mConsolidate compiler generated dependencies of target neo_teleop2_node[0m
[100%] Built target neo_teleop2_node
-- Install configuration: ""
-- Up-to-date: /home/charbel/mpo500_ws/src/install/neo_teleop2/lib/neo_teleop2/neo_teleop2_node
-- Up-to-date: /home/charbel/mpo500_ws/src/install/neo_teleop2/share/neo_teleop2/launch
-- Up-to-date: /home/charbel/mpo500_ws/src/install/neo_teleop2/share/neo_teleop2/launch/teleop.launch.py
-- Up-to-date: /home/charbel/mpo500_ws/src/install/neo_teleop2/share/neo_teleop2/launch/default.yaml
-- Up-to-date: /home/charbel/mpo500_ws/src/install/neo_teleop2/share/ament_index/resource_index/package_run_dependencies/neo_teleop2
-- Up-to-date: /home/charbel/mpo500_ws/src/install/neo_teleop2/share/ament_index/resource_index/parent_prefix_path/neo_teleop2
-- Up-to-date: /home/charbel/mpo500_ws/src/install/neo_teleop2/share/neo_teleop2/environment/ament_prefix_path.sh
-- Up-to-date: /home/charbel/mpo500_ws/src/install/neo_teleop2/share/neo_teleop2/environment/ament_prefix_path.dsv
-- Up-to-date: /home/charbel/mpo500_ws/src/install/neo_teleop2/share/neo_teleop2/environment/path.sh
-- Up-to-date: /home/charbel/mpo500_ws/src/install/neo_teleop2/share/neo_teleop2/environment/path.dsv
-- Up-to-date: /home/charbel/mpo500_ws/src/install/neo_teleop2/share/neo_teleop2/local_setup.bash
-- Up-to-date: /home/charbel/mpo500_ws/src/install/neo_teleop2/share/neo_teleop2/local_setup.sh
-- Up-to-date: /home/charbel/mpo500_ws/src/install/neo_teleop2/share/neo_teleop2/local_setup.zsh
-- Up-to-date: /home/charbel/mpo500_ws/src/install/neo_teleop2/share/neo_teleop2/local_setup.dsv
-- Installing: /home/charbel/mpo500_ws/src/install/neo_teleop2/share/neo_teleop2/package.dsv
-- Up-to-date: /home/charbel/mpo500_ws/src/install/neo_teleop2/share/ament_index/resource_index/packages/neo_teleop2
-- Up-to-date: /home/charbel/mpo500_ws/src/install/neo_teleop2/share/neo_teleop2/cmake/neo_teleop2Config.cmake
-- Up-to-date: /home/charbel/mpo500_ws/src/install/neo_teleop2/share/neo_teleop2/cmake/neo_teleop2Config-version.cmake
-- Up-to-date: /home/charbel/mpo500_ws/src/install/neo_teleop2/share/neo_teleop2/package.xml
