[0.025s] Invoking command in '/home/charbel/mpo500_ws/src/build/neo_msgs2': CMAKE_PREFIX_PATH=${CMAKE_PREFIX_PATH}:/opt/ros/humble /usr/bin/cmake /home/charbel/mpo500_ws/src/neo_msgs2 -DCMAKE_INSTALL_PREFIX=/home/charbel/mpo500_ws/src/install/neo_msgs2
[0.160s] -- The C compiler identification is GNU 11.4.0
[0.230s] -- The CXX compiler identification is GNU 11.4.0
[0.234s] -- Detecting C compiler ABI info
[0.278s] -- Detecting C compiler ABI info - done
[0.283s] -- Check for working C compiler: /usr/bin/cc - skipped
[0.283s] -- Detecting C compile features
[0.284s] -- Detecting C compile features - done
[0.286s] -- Detecting CXX compiler ABI info
[0.342s] -- Detecting CXX compiler ABI info - done
[0.351s] -- Check for working CXX compiler: /usr/bin/c++ - skipped
[0.351s] -- Detecting CXX compile features
[0.352s] -- Detecting CXX compile features - done
[0.355s] -- Found geometry_msgs: 4.2.4 (/opt/ros/humble/share/geometry_msgs/cmake)
[0.501s] -- Found Python3: /usr/bin/python3 (found version "3.10.12") found components: Interpreter 
[0.611s] -- Found rosidl_generator_c: 3.1.5 (/opt/ros/humble/share/rosidl_generator_c/cmake)
[0.615s] -- Found rosidl_adapter: 3.1.5 (/opt/ros/humble/share/rosidl_adapter/cmake)
[0.622s] -- Found rosidl_generator_cpp: 3.1.5 (/opt/ros/humble/share/rosidl_generator_cpp/cmake)
[0.630s] -- Using all available rosidl_typesupport_c: rosidl_typesupport_fastrtps_c;rosidl_typesupport_introspection_c
[0.643s] -- Using all available rosidl_typesupport_cpp: rosidl_typesupport_fastrtps_cpp;rosidl_typesupport_introspection_cpp
[0.675s] -- Found rosidl_default_generators: 1.2.0 (/opt/ros/humble/share/rosidl_default_generators/cmake)
[0.934s] -- Found ament_cmake_ros: 0.10.0 (/opt/ros/humble/share/ament_cmake_ros/cmake)
[1.259s] -- Using all available rosidl_typesupport_c: rosidl_typesupport_fastrtps_c;rosidl_typesupport_introspection_c
[1.425s] -- Using all available rosidl_typesupport_cpp: rosidl_typesupport_fastrtps_cpp;rosidl_typesupport_introspection_cpp
[1.446s] -- Found PythonInterp: /usr/bin/python3 (found suitable version "3.10.12", minimum required is "3.6") 
[1.449s] -- Found python_cmake_module: 0.10.0 (/opt/ros/humble/share/python_cmake_module/cmake)
[1.471s] -- Found PythonLibs: /usr/lib/x86_64-linux-gnu/libpython3.10.so (found suitable version "3.10.12", minimum required is "3.5") 
[1.471s] -- Using PYTHON_EXECUTABLE: /usr/bin/python3
[1.471s] -- Using PYTHON_INCLUDE_DIRS: /usr/include/python3.10
[1.471s] -- Using PYTHON_LIBRARIES: /usr/lib/x86_64-linux-gnu/libpython3.10.so
[1.486s] -- Found PythonExtra: .so  
[1.536s] -- Configuring done
[1.574s] -- Generating done
[1.577s] -- Build files have been written to: /home/charbel/mpo500_ws/src/build/neo_msgs2
[1.586s] Invoked command in '/home/charbel/mpo500_ws/src/build/neo_msgs2' returned '0': CMAKE_PREFIX_PATH=${CMAKE_PREFIX_PATH}:/opt/ros/humble /usr/bin/cmake /home/charbel/mpo500_ws/src/neo_msgs2 -DCMAKE_INSTALL_PREFIX=/home/charbel/mpo500_ws/src/install/neo_msgs2
[1.587s] Invoking command in '/home/charbel/mpo500_ws/src/build/neo_msgs2': CMAKE_PREFIX_PATH=${CMAKE_PREFIX_PATH}:/opt/ros/humble /usr/bin/cmake --build /home/charbel/mpo500_ws/src/build/neo_msgs2 -- -j16 -l16
[1.623s] [  1%] [34m[1mGenerating C code for ROS interfaces[0m
[1.625s] [  1%] [34m[1mGenerating C++ code for ROS interfaces[0m
[1.632s] [  1%] Built target ament_cmake_python_copy_neo_msgs2
[1.786s] running egg_info
[1.788s] creating neo_msgs2.egg-info
[1.788s] writing neo_msgs2.egg-info/PKG-INFO
[1.788s] writing dependency_links to neo_msgs2.egg-info/dependency_links.txt
[1.788s] writing top-level names to neo_msgs2.egg-info/top_level.txt
[1.788s] writing manifest file 'neo_msgs2.egg-info/SOURCES.txt'
[1.790s] reading manifest file 'neo_msgs2.egg-info/SOURCES.txt'
[1.790s] writing manifest file 'neo_msgs2.egg-info/SOURCES.txt'
[1.811s] [  1%] Built target ament_cmake_python_build_neo_msgs2_egg
[2.762s] [  2%] [32mBuilding C object CMakeFiles/neo_msgs2__rosidl_generator_c.dir/rosidl_generator_c/neo_msgs2/msg/detail/keypad__functions.c.o[0m
[2.762s] [  3%] [32mBuilding C object CMakeFiles/neo_msgs2__rosidl_generator_c.dir/rosidl_generator_c/neo_msgs2/msg/detail/relay_board_v2__functions.c.o[0m
[2.762s] [  4%] [32mBuilding C object CMakeFiles/neo_msgs2__rosidl_generator_c.dir/rosidl_generator_c/neo_msgs2/msg/detail/us_board_v2__functions.c.o[0m
[2.762s] [  4%] [32mBuilding C object CMakeFiles/neo_msgs2__rosidl_generator_c.dir/rosidl_generator_c/neo_msgs2/msg/detail/safety_mode__functions.c.o[0m
[2.762s] [  6%] [32mBuilding C object CMakeFiles/neo_msgs2__rosidl_generator_c.dir/rosidl_generator_c/neo_msgs2/msg/detail/io_board__functions.c.o[0m
[2.762s] [  6%] [32mBuilding C object CMakeFiles/neo_msgs2__rosidl_generator_c.dir/rosidl_generator_c/neo_msgs2/msg/detail/emergency_stop_state__functions.c.o[0m
[2.763s] [  7%] [32mBuilding C object CMakeFiles/neo_msgs2__rosidl_generator_c.dir/rosidl_generator_c/neo_msgs2/msg/detail/us_board__functions.c.o[0m
[2.766s] [  8%] [32mBuilding C object CMakeFiles/neo_msgs2__rosidl_generator_c.dir/rosidl_generator_c/neo_msgs2/msg/detail/safety_state__functions.c.o[0m
[2.766s] [  9%] [32mBuilding C object CMakeFiles/neo_msgs2__rosidl_generator_c.dir/rosidl_generator_c/neo_msgs2/msg/detail/lcd_output__functions.c.o[0m
[2.772s] [ 11%] [32mBuilding C object CMakeFiles/neo_msgs2__rosidl_generator_c.dir/rosidl_generator_c/neo_msgs2/msg/detail/kinematics_state__functions.c.o[0m
[2.776s] [ 11%] [32mBuilding C object CMakeFiles/neo_msgs2__rosidl_generator_c.dir/rosidl_generator_c/neo_msgs2/msg/detail/relay_board_v3__functions.c.o[0m
[2.836s] [ 12%] [32m[1mLinking C shared library libneo_msgs2__rosidl_generator_c.so[0m
[2.870s] [ 12%] Built target neo_msgs2__rosidl_generator_c
[2.879s] [ 13%] [34m[1mGenerating C type support for eProsima Fast-RTPS[0m
[2.883s] [ 15%] [34m[1mGenerating C type support dispatch for ROS interfaces[0m
[2.883s] [ 15%] [34m[1mGenerating C introspection for ROS interfaces[0m
[3.160s] [ 15%] Built target neo_msgs2__cpp
[3.168s] [ 15%] [34m[1mGenerating C++ type support for eProsima Fast-RTPS[0m
[3.170s] [ 16%] [34m[1mGenerating C++ type support dispatch for ROS interfaces[0m
[3.172s] [ 17%] [34m[1mGenerating C++ introspection for ROS interfaces[0m
[3.811s] [ 20%] [32mBuilding CXX object CMakeFiles/neo_msgs2__rosidl_typesupport_fastrtps_c.dir/rosidl_typesupport_fastrtps_c/neo_msgs2/msg/detail/relay_board_v2__type_support_c.cpp.o[0m
[3.812s] [ 20%] [32mBuilding CXX object CMakeFiles/neo_msgs2__rosidl_typesupport_fastrtps_c.dir/rosidl_typesupport_fastrtps_c/neo_msgs2/msg/detail/emergency_stop_state__type_support_c.cpp.o[0m
[3.812s] [ 20%] [32mBuilding CXX object CMakeFiles/neo_msgs2__rosidl_typesupport_fastrtps_c.dir/rosidl_typesupport_fastrtps_c/neo_msgs2/msg/detail/keypad__type_support_c.cpp.o[0m
[3.812s] [ 20%] [32mBuilding CXX object CMakeFiles/neo_msgs2__rosidl_typesupport_fastrtps_c.dir/rosidl_typesupport_fastrtps_c/neo_msgs2/msg/detail/us_board__type_support_c.cpp.o[0m
[3.812s] [ 21%] [32mBuilding CXX object CMakeFiles/neo_msgs2__rosidl_typesupport_fastrtps_c.dir/rosidl_typesupport_fastrtps_c/neo_msgs2/msg/detail/lcd_output__type_support_c.cpp.o[0m
[3.813s] [ 22%] [32mBuilding CXX object CMakeFiles/neo_msgs2__rosidl_typesupport_fastrtps_c.dir/rosidl_typesupport_fastrtps_c/neo_msgs2/msg/detail/io_board__type_support_c.cpp.o[0m
[3.815s] [ 23%] [32mBuilding CXX object CMakeFiles/neo_msgs2__rosidl_typesupport_fastrtps_c.dir/rosidl_typesupport_fastrtps_c/neo_msgs2/msg/detail/us_board_v2__type_support_c.cpp.o[0m
[3.820s] [ 24%] [32mBuilding CXX object CMakeFiles/neo_msgs2__rosidl_typesupport_fastrtps_c.dir/rosidl_typesupport_fastrtps_c/neo_msgs2/msg/detail/relay_board_v3__type_support_c.cpp.o[0m
[3.820s] [ 25%] [32mBuilding CXX object CMakeFiles/neo_msgs2__rosidl_typesupport_fastrtps_c.dir/rosidl_typesupport_fastrtps_c/neo_msgs2/msg/detail/safety_state__type_support_c.cpp.o[0m
[3.821s] [ 26%] [32mBuilding CXX object CMakeFiles/neo_msgs2__rosidl_typesupport_fastrtps_c.dir/rosidl_typesupport_fastrtps_c/neo_msgs2/msg/detail/kinematics_state__type_support_c.cpp.o[0m
[3.823s] [ 27%] [32mBuilding CXX object CMakeFiles/neo_msgs2__rosidl_typesupport_fastrtps_c.dir/rosidl_typesupport_fastrtps_c/neo_msgs2/msg/detail/safety_mode__type_support_c.cpp.o[0m
[4.164s] [ 28%] [32mBuilding C object CMakeFiles/neo_msgs2__rosidl_typesupport_introspection_c.dir/rosidl_typesupport_introspection_c/neo_msgs2/msg/detail/emergency_stop_state__type_support.c.o[0m
[4.175s] [ 29%] [32mBuilding C object CMakeFiles/neo_msgs2__rosidl_typesupport_introspection_c.dir/rosidl_typesupport_introspection_c/neo_msgs2/msg/detail/keypad__type_support.c.o[0m
[4.221s] [ 30%] [32mBuilding C object CMakeFiles/neo_msgs2__rosidl_typesupport_introspection_c.dir/rosidl_typesupport_introspection_c/neo_msgs2/msg/detail/lcd_output__type_support.c.o[0m
[4.236s] [ 31%] [32mBuilding C object CMakeFiles/neo_msgs2__rosidl_typesupport_introspection_c.dir/rosidl_typesupport_introspection_c/neo_msgs2/msg/detail/relay_board_v2__type_support.c.o[0m
[4.242s] [ 32%] [32mBuilding C object CMakeFiles/neo_msgs2__rosidl_typesupport_introspection_c.dir/rosidl_typesupport_introspection_c/neo_msgs2/msg/detail/us_board__type_support.c.o[0m
[4.248s] [ 33%] [32mBuilding C object CMakeFiles/neo_msgs2__rosidl_typesupport_introspection_c.dir/rosidl_typesupport_introspection_c/neo_msgs2/msg/detail/us_board_v2__type_support.c.o[0m
[4.252s] [ 33%] [32mBuilding C object CMakeFiles/neo_msgs2__rosidl_typesupport_introspection_c.dir/rosidl_typesupport_introspection_c/neo_msgs2/msg/detail/io_board__type_support.c.o[0m
[4.274s] [ 34%] [32mBuilding C object CMakeFiles/neo_msgs2__rosidl_typesupport_introspection_c.dir/rosidl_typesupport_introspection_c/neo_msgs2/msg/detail/safety_mode__type_support.c.o[0m
[4.281s] [ 35%] [32mBuilding C object CMakeFiles/neo_msgs2__rosidl_typesupport_introspection_c.dir/rosidl_typesupport_introspection_c/neo_msgs2/msg/detail/safety_state__type_support.c.o[0m
[4.284s] [ 36%] [32mBuilding C object CMakeFiles/neo_msgs2__rosidl_typesupport_introspection_c.dir/rosidl_typesupport_introspection_c/neo_msgs2/msg/detail/relay_board_v3__type_support.c.o[0m
[4.286s] [ 37%] [32mBuilding C object CMakeFiles/neo_msgs2__rosidl_typesupport_introspection_c.dir/rosidl_typesupport_introspection_c/neo_msgs2/msg/detail/kinematics_state__type_support.c.o[0m
[4.325s] [ 38%] [32m[1mLinking C shared library libneo_msgs2__rosidl_typesupport_introspection_c.so[0m
[4.350s] [ 39%] [32mBuilding CXX object CMakeFiles/neo_msgs2__rosidl_typesupport_c.dir/rosidl_typesupport_c/neo_msgs2/msg/emergency_stop_state__type_support.cpp.o[0m
[4.357s] [ 40%] [32mBuilding CXX object CMakeFiles/neo_msgs2__rosidl_typesupport_c.dir/rosidl_typesupport_c/neo_msgs2/msg/keypad__type_support.cpp.o[0m
[4.363s] [ 40%] [32mBuilding CXX object CMakeFiles/neo_msgs2__rosidl_typesupport_c.dir/rosidl_typesupport_c/neo_msgs2/msg/lcd_output__type_support.cpp.o[0m
[4.377s] [ 41%] [32mBuilding CXX object CMakeFiles/neo_msgs2__rosidl_typesupport_c.dir/rosidl_typesupport_c/neo_msgs2/msg/relay_board_v2__type_support.cpp.o[0m
[4.396s] [ 42%] [32mBuilding CXX object CMakeFiles/neo_msgs2__rosidl_typesupport_c.dir/rosidl_typesupport_c/neo_msgs2/msg/us_board__type_support.cpp.o[0m
[4.402s] [ 42%] Built target neo_msgs2__rosidl_typesupport_introspection_c
[4.402s] [ 43%] [32mBuilding CXX object CMakeFiles/neo_msgs2__rosidl_typesupport_c.dir/rosidl_typesupport_c/neo_msgs2/msg/us_board_v2__type_support.cpp.o[0m
[4.405s] [ 44%] [32mBuilding CXX object CMakeFiles/neo_msgs2__rosidl_typesupport_c.dir/rosidl_typesupport_c/neo_msgs2/msg/io_board__type_support.cpp.o[0m
[4.407s] [ 46%] [32mBuilding CXX object CMakeFiles/neo_msgs2__rosidl_typesupport_c.dir/rosidl_typesupport_c/neo_msgs2/msg/safety_state__type_support.cpp.o[0m
[4.407s] [ 46%] [32mBuilding CXX object CMakeFiles/neo_msgs2__rosidl_typesupport_c.dir/rosidl_typesupport_c/neo_msgs2/msg/safety_mode__type_support.cpp.o[0m
[4.409s] [ 47%] [32mBuilding CXX object CMakeFiles/neo_msgs2__rosidl_typesupport_c.dir/rosidl_typesupport_c/neo_msgs2/msg/relay_board_v3__type_support.cpp.o[0m
[4.420s] [ 48%] [32mBuilding CXX object CMakeFiles/neo_msgs2__rosidl_typesupport_c.dir/rosidl_typesupport_c/neo_msgs2/msg/kinematics_state__type_support.cpp.o[0m
[4.434s] [ 49%] [32mBuilding CXX object CMakeFiles/neo_msgs2__rosidl_typesupport_introspection_cpp.dir/rosidl_typesupport_introspection_cpp/neo_msgs2/msg/detail/keypad__type_support.cpp.o[0m
[4.434s] [ 51%] [32mBuilding CXX object CMakeFiles/neo_msgs2__rosidl_typesupport_introspection_cpp.dir/rosidl_typesupport_introspection_cpp/neo_msgs2/msg/detail/emergency_stop_state__type_support.cpp.o[0m
[4.434s] [ 51%] [32mBuilding CXX object CMakeFiles/neo_msgs2__rosidl_typesupport_introspection_cpp.dir/rosidl_typesupport_introspection_cpp/neo_msgs2/msg/detail/relay_board_v2__type_support.cpp.o[0m
[4.438s] [ 51%] [32mBuilding CXX object CMakeFiles/neo_msgs2__rosidl_typesupport_introspection_cpp.dir/rosidl_typesupport_introspection_cpp/neo_msgs2/msg/detail/lcd_output__type_support.cpp.o[0m
[4.438s] [ 52%] [32mBuilding CXX object CMakeFiles/neo_msgs2__rosidl_typesupport_introspection_cpp.dir/rosidl_typesupport_introspection_cpp/neo_msgs2/msg/detail/us_board_v2__type_support.cpp.o[0m
[4.438s] [ 53%] [32mBuilding CXX object CMakeFiles/neo_msgs2__rosidl_typesupport_introspection_cpp.dir/rosidl_typesupport_introspection_cpp/neo_msgs2/msg/detail/us_board__type_support.cpp.o[0m
[4.442s] [ 54%] [32mBuilding CXX object CMakeFiles/neo_msgs2__rosidl_typesupport_introspection_cpp.dir/rosidl_typesupport_introspection_cpp/neo_msgs2/msg/detail/io_board__type_support.cpp.o[0m
[4.443s] [ 55%] [32mBuilding CXX object CMakeFiles/neo_msgs2__rosidl_typesupport_introspection_cpp.dir/rosidl_typesupport_introspection_cpp/neo_msgs2/msg/detail/safety_mode__type_support.cpp.o[0m
[4.443s] [ 56%] [32mBuilding CXX object CMakeFiles/neo_msgs2__rosidl_typesupport_introspection_cpp.dir/rosidl_typesupport_introspection_cpp/neo_msgs2/msg/detail/safety_state__type_support.cpp.o[0m
[4.447s] [ 57%] [32mBuilding CXX object CMakeFiles/neo_msgs2__rosidl_typesupport_introspection_cpp.dir/rosidl_typesupport_introspection_cpp/neo_msgs2/msg/detail/relay_board_v3__type_support.cpp.o[0m
[4.449s] [ 58%] [32m[1mLinking CXX shared library libneo_msgs2__rosidl_typesupport_c.so[0m
[4.459s] [ 59%] [32mBuilding CXX object CMakeFiles/neo_msgs2__rosidl_typesupport_introspection_cpp.dir/rosidl_typesupport_introspection_cpp/neo_msgs2/msg/detail/kinematics_state__type_support.cpp.o[0m
[4.508s] [ 60%] [32m[1mLinking CXX shared library libneo_msgs2__rosidl_typesupport_fastrtps_c.so[0m
[4.535s] [ 60%] Built target neo_msgs2__rosidl_typesupport_c
[4.713s] [ 60%] Built target neo_msgs2__rosidl_typesupport_fastrtps_c
[4.729s] [ 61%] [32mBuilding CXX object CMakeFiles/neo_msgs2__rosidl_typesupport_cpp.dir/rosidl_typesupport_cpp/neo_msgs2/msg/emergency_stop_state__type_support.cpp.o[0m
[4.741s] [ 62%] [32mBuilding CXX object CMakeFiles/neo_msgs2__rosidl_typesupport_cpp.dir/rosidl_typesupport_cpp/neo_msgs2/msg/lcd_output__type_support.cpp.o[0m
[4.741s] [ 63%] [32mBuilding CXX object CMakeFiles/neo_msgs2__rosidl_typesupport_cpp.dir/rosidl_typesupport_cpp/neo_msgs2/msg/keypad__type_support.cpp.o[0m
[4.745s] [ 64%] [32mBuilding CXX object CMakeFiles/neo_msgs2__rosidl_typesupport_cpp.dir/rosidl_typesupport_cpp/neo_msgs2/msg/relay_board_v2__type_support.cpp.o[0m
[4.873s] [ 65%] [32mBuilding CXX object CMakeFiles/neo_msgs2__rosidl_typesupport_cpp.dir/rosidl_typesupport_cpp/neo_msgs2/msg/us_board__type_support.cpp.o[0m
[4.889s] [ 66%] [32mBuilding CXX object CMakeFiles/neo_msgs2__rosidl_typesupport_cpp.dir/rosidl_typesupport_cpp/neo_msgs2/msg/us_board_v2__type_support.cpp.o[0m
[4.903s] [ 67%] [32mBuilding CXX object CMakeFiles/neo_msgs2__rosidl_typesupport_cpp.dir/rosidl_typesupport_cpp/neo_msgs2/msg/io_board__type_support.cpp.o[0m
[4.912s] [ 67%] [32mBuilding CXX object CMakeFiles/neo_msgs2__rosidl_typesupport_cpp.dir/rosidl_typesupport_cpp/neo_msgs2/msg/safety_mode__type_support.cpp.o[0m
[4.941s] [ 69%] [32mBuilding CXX object CMakeFiles/neo_msgs2__rosidl_typesupport_cpp.dir/rosidl_typesupport_cpp/neo_msgs2/msg/safety_state__type_support.cpp.o[0m
[4.941s] [ 69%] [32mBuilding CXX object CMakeFiles/neo_msgs2__rosidl_typesupport_cpp.dir/rosidl_typesupport_cpp/neo_msgs2/msg/relay_board_v3__type_support.cpp.o[0m
[4.949s] [ 70%] [32mBuilding CXX object CMakeFiles/neo_msgs2__rosidl_typesupport_cpp.dir/rosidl_typesupport_cpp/neo_msgs2/msg/kinematics_state__type_support.cpp.o[0m
[5.062s] [ 71%] [32m[1mLinking CXX shared library libneo_msgs2__rosidl_typesupport_introspection_cpp.so[0m
[5.065s] [ 72%] [32mBuilding CXX object CMakeFiles/neo_msgs2__rosidl_typesupport_fastrtps_cpp.dir/rosidl_typesupport_fastrtps_cpp/neo_msgs2/msg/detail/dds_fastrtps/emergency_stop_state__type_support.cpp.o[0m
[5.066s] [ 73%] [32mBuilding CXX object CMakeFiles/neo_msgs2__rosidl_typesupport_fastrtps_cpp.dir/rosidl_typesupport_fastrtps_cpp/neo_msgs2/msg/detail/dds_fastrtps/lcd_output__type_support.cpp.o[0m
[5.069s] [ 74%] [32mBuilding CXX object CMakeFiles/neo_msgs2__rosidl_typesupport_fastrtps_cpp.dir/rosidl_typesupport_fastrtps_cpp/neo_msgs2/msg/detail/dds_fastrtps/keypad__type_support.cpp.o[0m
[5.070s] [ 75%] [32mBuilding CXX object CMakeFiles/neo_msgs2__rosidl_typesupport_fastrtps_cpp.dir/rosidl_typesupport_fastrtps_cpp/neo_msgs2/msg/detail/dds_fastrtps/relay_board_v2__type_support.cpp.o[0m
[5.104s] [ 76%] [32mBuilding CXX object CMakeFiles/neo_msgs2__rosidl_typesupport_fastrtps_cpp.dir/rosidl_typesupport_fastrtps_cpp/neo_msgs2/msg/detail/dds_fastrtps/us_board__type_support.cpp.o[0m
[5.108s] [ 77%] [32mBuilding CXX object CMakeFiles/neo_msgs2__rosidl_typesupport_fastrtps_cpp.dir/rosidl_typesupport_fastrtps_cpp/neo_msgs2/msg/detail/dds_fastrtps/us_board_v2__type_support.cpp.o[0m
[5.174s] [ 78%] [32mBuilding CXX object CMakeFiles/neo_msgs2__rosidl_typesupport_fastrtps_cpp.dir/rosidl_typesupport_fastrtps_cpp/neo_msgs2/msg/detail/dds_fastrtps/io_board__type_support.cpp.o[0m
[5.175s] [ 79%] [32mBuilding CXX object CMakeFiles/neo_msgs2__rosidl_typesupport_fastrtps_cpp.dir/rosidl_typesupport_fastrtps_cpp/neo_msgs2/msg/detail/dds_fastrtps/safety_mode__type_support.cpp.o[0m
[5.190s] [ 79%] Built target neo_msgs2__rosidl_typesupport_introspection_cpp
[5.199s] [ 80%] [32mBuilding CXX object CMakeFiles/neo_msgs2__rosidl_typesupport_fastrtps_cpp.dir/rosidl_typesupport_fastrtps_cpp/neo_msgs2/msg/detail/dds_fastrtps/safety_state__type_support.cpp.o[0m
[5.227s] [ 80%] [32mBuilding CXX object CMakeFiles/neo_msgs2__rosidl_typesupport_fastrtps_cpp.dir/rosidl_typesupport_fastrtps_cpp/neo_msgs2/msg/detail/dds_fastrtps/relay_board_v3__type_support.cpp.o[0m
[5.270s] [ 81%] [32mBuilding CXX object CMakeFiles/neo_msgs2__rosidl_typesupport_fastrtps_cpp.dir/rosidl_typesupport_fastrtps_cpp/neo_msgs2/msg/detail/dds_fastrtps/kinematics_state__type_support.cpp.o[0m
[5.390s] [ 82%] [32m[1mLinking CXX shared library libneo_msgs2__rosidl_typesupport_cpp.so[0m
[5.476s] [ 82%] Built target neo_msgs2__rosidl_typesupport_cpp
[5.697s] [ 83%] [32m[1mLinking CXX shared library libneo_msgs2__rosidl_typesupport_fastrtps_cpp.so[0m
[5.750s] [ 83%] Built target neo_msgs2__rosidl_typesupport_fastrtps_cpp
[5.771s] [ 83%] Built target neo_msgs2
[5.789s] [ 84%] [34m[1mGenerating Python code for ROS interfaces[0m
[7.450s] [ 84%] Built target neo_msgs2__py
[7.468s] [ 85%] [32mBuilding C object CMakeFiles/neo_msgs2__rosidl_generator_py.dir/rosidl_generator_py/neo_msgs2/msg/_relay_board_v2_s.c.o[0m
[7.468s] [ 86%] [32mBuilding C object CMakeFiles/neo_msgs2__rosidl_generator_py.dir/rosidl_generator_py/neo_msgs2/msg/_us_board_s.c.o[0m
[7.468s] [ 88%] [32mBuilding C object CMakeFiles/neo_msgs2__rosidl_generator_py.dir/rosidl_generator_py/neo_msgs2/msg/_keypad_s.c.o[0m
[7.468s] [ 88%] [32mBuilding C object CMakeFiles/neo_msgs2__rosidl_generator_py.dir/rosidl_generator_py/neo_msgs2/msg/_lcd_output_s.c.o[0m
[7.469s] [ 89%] [32mBuilding C object CMakeFiles/neo_msgs2__rosidl_generator_py.dir/rosidl_generator_py/neo_msgs2/msg/_io_board_s.c.o[0m
[7.470s] [ 90%] [32mBuilding C object CMakeFiles/neo_msgs2__rosidl_generator_py.dir/rosidl_generator_py/neo_msgs2/msg/_relay_board_v3_s.c.o[0m
[7.470s] [ 91%] [32mBuilding C object CMakeFiles/neo_msgs2__rosidl_generator_py.dir/rosidl_generator_py/neo_msgs2/msg/_kinematics_state_s.c.o[0m
[7.470s] [ 93%] [32mBuilding C object CMakeFiles/neo_msgs2__rosidl_generator_py.dir/rosidl_generator_py/neo_msgs2/msg/_safety_mode_s.c.o[0m
[7.470s] [ 93%] [32mBuilding C object CMakeFiles/neo_msgs2__rosidl_generator_py.dir/rosidl_generator_py/neo_msgs2/msg/_emergency_stop_state_s.c.o[0m
[7.471s] [ 93%] [32mBuilding C object CMakeFiles/neo_msgs2__rosidl_generator_py.dir/rosidl_generator_py/neo_msgs2/msg/_us_board_v2_s.c.o[0m
[7.472s] [ 94%] [32mBuilding C object CMakeFiles/neo_msgs2__rosidl_generator_py.dir/rosidl_generator_py/neo_msgs2/msg/_safety_state_s.c.o[0m
[7.597s] [ 95%] [32m[1mLinking C shared library rosidl_generator_py/neo_msgs2/libneo_msgs2__rosidl_generator_py.so[0m
[7.631s] [ 95%] Built target neo_msgs2__rosidl_generator_py
[7.644s] [ 96%] [32mBuilding C object CMakeFiles/neo_msgs2__rosidl_typesupport_introspection_c__pyext.dir/rosidl_generator_py/neo_msgs2/_neo_msgs2_s.ep.rosidl_typesupport_introspection_c.c.o[0m
[7.647s] [ 96%] [32mBuilding C object CMakeFiles/neo_msgs2__rosidl_typesupport_c__pyext.dir/rosidl_generator_py/neo_msgs2/_neo_msgs2_s.ep.rosidl_typesupport_c.c.o[0m
[7.651s] [ 97%] [32mBuilding C object CMakeFiles/neo_msgs2__rosidl_typesupport_fastrtps_c__pyext.dir/rosidl_generator_py/neo_msgs2/_neo_msgs2_s.ep.rosidl_typesupport_fastrtps_c.c.o[0m
[7.727s] [ 98%] [32m[1mLinking C shared library rosidl_generator_py/neo_msgs2/neo_msgs2_s__rosidl_typesupport_introspection_c.cpython-310-x86_64-linux-gnu.so[0m
[7.730s] [ 99%] [32m[1mLinking C shared library rosidl_generator_py/neo_msgs2/neo_msgs2_s__rosidl_typesupport_c.cpython-310-x86_64-linux-gnu.so[0m
[7.733s] [100%] [32m[1mLinking C shared library rosidl_generator_py/neo_msgs2/neo_msgs2_s__rosidl_typesupport_fastrtps_c.cpython-310-x86_64-linux-gnu.so[0m
[7.759s] [100%] Built target neo_msgs2__rosidl_typesupport_fastrtps_c__pyext
[7.768s] [100%] Built target neo_msgs2__rosidl_typesupport_introspection_c__pyext
[7.769s] [100%] Built target neo_msgs2__rosidl_typesupport_c__pyext
[7.779s] Invoked command in '/home/charbel/mpo500_ws/src/build/neo_msgs2' returned '0': CMAKE_PREFIX_PATH=${CMAKE_PREFIX_PATH}:/opt/ros/humble /usr/bin/cmake --build /home/charbel/mpo500_ws/src/build/neo_msgs2 -- -j16 -l16
[8.022s] Invoking command in '/home/charbel/mpo500_ws/src/build/neo_msgs2': CMAKE_PREFIX_PATH=${CMAKE_PREFIX_PATH}:/opt/ros/humble /usr/bin/cmake --install /home/charbel/mpo500_ws/src/build/neo_msgs2
[8.030s] -- Install configuration: ""
[8.030s] -- Installing: /home/charbel/mpo500_ws/src/install/neo_msgs2/share/ament_index/resource_index/rosidl_interfaces/neo_msgs2
[8.030s] -- Installing: /home/charbel/mpo500_ws/src/install/neo_msgs2/include/neo_msgs2/neo_msgs2
[8.030s] -- Installing: /home/charbel/mpo500_ws/src/install/neo_msgs2/include/neo_msgs2/neo_msgs2/msg
[8.030s] -- Installing: /home/charbel/mpo500_ws/src/install/neo_msgs2/include/neo_msgs2/neo_msgs2/msg/lcd_output.h
[8.030s] -- Installing: /home/charbel/mpo500_ws/src/install/neo_msgs2/include/neo_msgs2/neo_msgs2/msg/safety_mode.h
[8.030s] -- Installing: /home/charbel/mpo500_ws/src/install/neo_msgs2/include/neo_msgs2/neo_msgs2/msg/relay_board_v2.h
[8.030s] -- Installing: /home/charbel/mpo500_ws/src/install/neo_msgs2/include/neo_msgs2/neo_msgs2/msg/detail
[8.031s] -- Installing: /home/charbel/mpo500_ws/src/install/neo_msgs2/include/neo_msgs2/neo_msgs2/msg/detail/relay_board_v2__functions.c
[8.031s] -- Installing: /home/charbel/mpo500_ws/src/install/neo_msgs2/include/neo_msgs2/neo_msgs2/msg/detail/us_board__struct.h
[8.031s] -- Installing: /home/charbel/mpo500_ws/src/install/neo_msgs2/include/neo_msgs2/neo_msgs2/msg/detail/safety_state__struct.h
[8.031s] -- Installing: /home/charbel/mpo500_ws/src/install/neo_msgs2/include/neo_msgs2/neo_msgs2/msg/detail/relay_board_v3__functions.c
[8.031s] -- Installing: /home/charbel/mpo500_ws/src/install/neo_msgs2/include/neo_msgs2/neo_msgs2/msg/detail/keypad__functions.h
[8.031s] -- Installing: /home/charbel/mpo500_ws/src/install/neo_msgs2/include/neo_msgs2/neo_msgs2/msg/detail/us_board__functions.c
[8.031s] -- Installing: /home/charbel/mpo500_ws/src/install/neo_msgs2/include/neo_msgs2/neo_msgs2/msg/detail/relay_board_v3__type_support.h
[8.031s] -- Installing: /home/charbel/mpo500_ws/src/install/neo_msgs2/include/neo_msgs2/neo_msgs2/msg/detail/us_board_v2__type_support.h
[8.031s] -- Installing: /home/charbel/mpo500_ws/src/install/neo_msgs2/include/neo_msgs2/neo_msgs2/msg/detail/io_board__struct.h
[8.031s] -- Installing: /home/charbel/mpo500_ws/src/install/neo_msgs2/include/neo_msgs2/neo_msgs2/msg/detail/kinematics_state__struct.h
[8.031s] -- Installing: /home/charbel/mpo500_ws/src/install/neo_msgs2/include/neo_msgs2/neo_msgs2/msg/detail/us_board_v2__functions.h
[8.032s] -- Installing: /home/charbel/mpo500_ws/src/install/neo_msgs2/include/neo_msgs2/neo_msgs2/msg/detail/emergency_stop_state__type_support.h
[8.032s] -- Installing: /home/charbel/mpo500_ws/src/install/neo_msgs2/include/neo_msgs2/neo_msgs2/msg/detail/us_board__functions.h
[8.032s] -- Installing: /home/charbel/mpo500_ws/src/install/neo_msgs2/include/neo_msgs2/neo_msgs2/msg/detail/safety_state__functions.h
[8.032s] -- Installing: /home/charbel/mpo500_ws/src/install/neo_msgs2/include/neo_msgs2/neo_msgs2/msg/detail/kinematics_state__functions.c
[8.032s] -- Installing: /home/charbel/mpo500_ws/src/install/neo_msgs2/include/neo_msgs2/neo_msgs2/msg/detail/us_board_v2__functions.c
[8.032s] -- Installing: /home/charbel/mpo500_ws/src/install/neo_msgs2/include/neo_msgs2/neo_msgs2/msg/detail/io_board__functions.c
[8.032s] -- Installing: /home/charbel/mpo500_ws/src/install/neo_msgs2/include/neo_msgs2/neo_msgs2/msg/detail/lcd_output__type_support.h
[8.032s] -- Installing: /home/charbel/mpo500_ws/src/install/neo_msgs2/include/neo_msgs2/neo_msgs2/msg/detail/relay_board_v2__functions.h
[8.032s] -- Installing: /home/charbel/mpo500_ws/src/install/neo_msgs2/include/neo_msgs2/neo_msgs2/msg/detail/emergency_stop_state__functions.c
[8.032s] -- Installing: /home/charbel/mpo500_ws/src/install/neo_msgs2/include/neo_msgs2/neo_msgs2/msg/detail/safety_mode__struct.h
[8.032s] -- Installing: /home/charbel/mpo500_ws/src/install/neo_msgs2/include/neo_msgs2/neo_msgs2/msg/detail/kinematics_state__functions.h
[8.032s] -- Installing: /home/charbel/mpo500_ws/src/install/neo_msgs2/include/neo_msgs2/neo_msgs2/msg/detail/safety_mode__functions.c
[8.032s] -- Installing: /home/charbel/mpo500_ws/src/install/neo_msgs2/include/neo_msgs2/neo_msgs2/msg/detail/io_board__functions.h
[8.032s] -- Installing: /home/charbel/mpo500_ws/src/install/neo_msgs2/include/neo_msgs2/neo_msgs2/msg/detail/emergency_stop_state__struct.h
[8.032s] -- Installing: /home/charbel/mpo500_ws/src/install/neo_msgs2/include/neo_msgs2/neo_msgs2/msg/detail/safety_state__type_support.h
[8.032s] -- Installing: /home/charbel/mpo500_ws/src/install/neo_msgs2/include/neo_msgs2/neo_msgs2/msg/detail/io_board__type_support.h
[8.032s] -- Installing: /home/charbel/mpo500_ws/src/install/neo_msgs2/include/neo_msgs2/neo_msgs2/msg/detail/us_board__type_support.h
[8.032s] -- Installing: /home/charbel/mpo500_ws/src/install/neo_msgs2/include/neo_msgs2/neo_msgs2/msg/detail/lcd_output__functions.c
[8.032s] -- Installing: /home/charbel/mpo500_ws/src/install/neo_msgs2/include/neo_msgs2/neo_msgs2/msg/detail/keypad__functions.c
[8.032s] -- Installing: /home/charbel/mpo500_ws/src/install/neo_msgs2/include/neo_msgs2/neo_msgs2/msg/detail/relay_board_v2__struct.h
[8.032s] -- Installing: /home/charbel/mpo500_ws/src/install/neo_msgs2/include/neo_msgs2/neo_msgs2/msg/detail/safety_mode__type_support.h
[8.032s] -- Installing: /home/charbel/mpo500_ws/src/install/neo_msgs2/include/neo_msgs2/neo_msgs2/msg/detail/keypad__struct.h
[8.032s] -- Installing: /home/charbel/mpo500_ws/src/install/neo_msgs2/include/neo_msgs2/neo_msgs2/msg/detail/lcd_output__functions.h
[8.032s] -- Installing: /home/charbel/mpo500_ws/src/install/neo_msgs2/include/neo_msgs2/neo_msgs2/msg/detail/keypad__type_support.h
[8.032s] -- Installing: /home/charbel/mpo500_ws/src/install/neo_msgs2/include/neo_msgs2/neo_msgs2/msg/detail/safety_state__functions.c
[8.032s] -- Installing: /home/charbel/mpo500_ws/src/install/neo_msgs2/include/neo_msgs2/neo_msgs2/msg/detail/lcd_output__struct.h
[8.032s] -- Installing: /home/charbel/mpo500_ws/src/install/neo_msgs2/include/neo_msgs2/neo_msgs2/msg/detail/safety_mode__functions.h
[8.032s] -- Installing: /home/charbel/mpo500_ws/src/install/neo_msgs2/include/neo_msgs2/neo_msgs2/msg/detail/emergency_stop_state__functions.h
[8.032s] -- Installing: /home/charbel/mpo500_ws/src/install/neo_msgs2/include/neo_msgs2/neo_msgs2/msg/detail/us_board_v2__struct.h
[8.033s] -- Installing: /home/charbel/mpo500_ws/src/install/neo_msgs2/include/neo_msgs2/neo_msgs2/msg/detail/kinematics_state__type_support.h
[8.033s] -- Installing: /home/charbel/mpo500_ws/src/install/neo_msgs2/include/neo_msgs2/neo_msgs2/msg/detail/relay_board_v2__type_support.h
[8.033s] -- Installing: /home/charbel/mpo500_ws/src/install/neo_msgs2/include/neo_msgs2/neo_msgs2/msg/detail/relay_board_v3__functions.h
[8.033s] -- Installing: /home/charbel/mpo500_ws/src/install/neo_msgs2/include/neo_msgs2/neo_msgs2/msg/detail/relay_board_v3__struct.h
[8.033s] -- Installing: /home/charbel/mpo500_ws/src/install/neo_msgs2/include/neo_msgs2/neo_msgs2/msg/us_board_v2.h
[8.033s] -- Installing: /home/charbel/mpo500_ws/src/install/neo_msgs2/include/neo_msgs2/neo_msgs2/msg/io_board.h
[8.033s] -- Installing: /home/charbel/mpo500_ws/src/install/neo_msgs2/include/neo_msgs2/neo_msgs2/msg/keypad.h
[8.033s] -- Installing: /home/charbel/mpo500_ws/src/install/neo_msgs2/include/neo_msgs2/neo_msgs2/msg/us_board.h
[8.033s] -- Installing: /home/charbel/mpo500_ws/src/install/neo_msgs2/include/neo_msgs2/neo_msgs2/msg/safety_state.h
[8.033s] -- Installing: /home/charbel/mpo500_ws/src/install/neo_msgs2/include/neo_msgs2/neo_msgs2/msg/relay_board_v3.h
[8.033s] -- Installing: /home/charbel/mpo500_ws/src/install/neo_msgs2/include/neo_msgs2/neo_msgs2/msg/kinematics_state.h
[8.033s] -- Installing: /home/charbel/mpo500_ws/src/install/neo_msgs2/include/neo_msgs2/neo_msgs2/msg/rosidl_generator_c__visibility_control.h
[8.033s] -- Installing: /home/charbel/mpo500_ws/src/install/neo_msgs2/include/neo_msgs2/neo_msgs2/msg/emergency_stop_state.h
[8.033s] -- Installing: /home/charbel/mpo500_ws/src/install/neo_msgs2/share/neo_msgs2/environment/library_path.sh
[8.033s] -- Installing: /home/charbel/mpo500_ws/src/install/neo_msgs2/share/neo_msgs2/environment/library_path.dsv
[8.033s] -- Installing: /home/charbel/mpo500_ws/src/install/neo_msgs2/lib/libneo_msgs2__rosidl_generator_c.so
[8.033s] -- Set runtime path of "/home/charbel/mpo500_ws/src/install/neo_msgs2/lib/libneo_msgs2__rosidl_generator_c.so" to ""
[8.033s] -- Up-to-date: /home/charbel/mpo500_ws/src/install/neo_msgs2/include/neo_msgs2/neo_msgs2
[8.033s] -- Up-to-date: /home/charbel/mpo500_ws/src/install/neo_msgs2/include/neo_msgs2/neo_msgs2/msg
[8.033s] -- Up-to-date: /home/charbel/mpo500_ws/src/install/neo_msgs2/include/neo_msgs2/neo_msgs2/msg/detail
[8.033s] -- Installing: /home/charbel/mpo500_ws/src/install/neo_msgs2/include/neo_msgs2/neo_msgs2/msg/detail/lcd_output__rosidl_typesupport_fastrtps_c.h
[8.033s] -- Installing: /home/charbel/mpo500_ws/src/install/neo_msgs2/include/neo_msgs2/neo_msgs2/msg/detail/emergency_stop_state__rosidl_typesupport_fastrtps_c.h
[8.033s] -- Installing: /home/charbel/mpo500_ws/src/install/neo_msgs2/include/neo_msgs2/neo_msgs2/msg/detail/relay_board_v3__rosidl_typesupport_fastrtps_c.h
[8.033s] -- Installing: /home/charbel/mpo500_ws/src/install/neo_msgs2/include/neo_msgs2/neo_msgs2/msg/detail/us_board__rosidl_typesupport_fastrtps_c.h
[8.033s] -- Installing: /home/charbel/mpo500_ws/src/install/neo_msgs2/include/neo_msgs2/neo_msgs2/msg/detail/relay_board_v2__rosidl_typesupport_fastrtps_c.h
[8.033s] -- Installing: /home/charbel/mpo500_ws/src/install/neo_msgs2/include/neo_msgs2/neo_msgs2/msg/detail/keypad__rosidl_typesupport_fastrtps_c.h
[8.033s] -- Installing: /home/charbel/mpo500_ws/src/install/neo_msgs2/include/neo_msgs2/neo_msgs2/msg/detail/io_board__rosidl_typesupport_fastrtps_c.h
[8.033s] -- Installing: /home/charbel/mpo500_ws/src/install/neo_msgs2/include/neo_msgs2/neo_msgs2/msg/detail/kinematics_state__rosidl_typesupport_fastrtps_c.h
[8.033s] -- Installing: /home/charbel/mpo500_ws/src/install/neo_msgs2/include/neo_msgs2/neo_msgs2/msg/detail/safety_state__rosidl_typesupport_fastrtps_c.h
[8.033s] -- Installing: /home/charbel/mpo500_ws/src/install/neo_msgs2/include/neo_msgs2/neo_msgs2/msg/detail/safety_mode__rosidl_typesupport_fastrtps_c.h
[8.033s] -- Installing: /home/charbel/mpo500_ws/src/install/neo_msgs2/include/neo_msgs2/neo_msgs2/msg/detail/us_board_v2__rosidl_typesupport_fastrtps_c.h
[8.034s] -- Installing: /home/charbel/mpo500_ws/src/install/neo_msgs2/include/neo_msgs2/neo_msgs2/msg/rosidl_typesupport_fastrtps_c__visibility_control.h
[8.034s] -- Installing: /home/charbel/mpo500_ws/src/install/neo_msgs2/lib/libneo_msgs2__rosidl_typesupport_fastrtps_c.so
[8.034s] -- Set runtime path of "/home/charbel/mpo500_ws/src/install/neo_msgs2/lib/libneo_msgs2__rosidl_typesupport_fastrtps_c.so" to ""
[8.034s] -- Up-to-date: /home/charbel/mpo500_ws/src/install/neo_msgs2/include/neo_msgs2/neo_msgs2
[8.034s] -- Up-to-date: /home/charbel/mpo500_ws/src/install/neo_msgs2/include/neo_msgs2/neo_msgs2/msg
[8.034s] -- Installing: /home/charbel/mpo500_ws/src/install/neo_msgs2/include/neo_msgs2/neo_msgs2/msg/safety_state.hpp
[8.034s] -- Installing: /home/charbel/mpo500_ws/src/install/neo_msgs2/include/neo_msgs2/neo_msgs2/msg/keypad.hpp
[8.034s] -- Installing: /home/charbel/mpo500_ws/src/install/neo_msgs2/include/neo_msgs2/neo_msgs2/msg/lcd_output.hpp
[8.034s] -- Installing: /home/charbel/mpo500_ws/src/install/neo_msgs2/include/neo_msgs2/neo_msgs2/msg/relay_board_v3.hpp
[8.034s] -- Installing: /home/charbel/mpo500_ws/src/install/neo_msgs2/include/neo_msgs2/neo_msgs2/msg/emergency_stop_state.hpp
[8.034s] -- Installing: /home/charbel/mpo500_ws/src/install/neo_msgs2/include/neo_msgs2/neo_msgs2/msg/io_board.hpp
[8.034s] -- Up-to-date: /home/charbel/mpo500_ws/src/install/neo_msgs2/include/neo_msgs2/neo_msgs2/msg/detail
[8.034s] -- Installing: /home/charbel/mpo500_ws/src/install/neo_msgs2/include/neo_msgs2/neo_msgs2/msg/detail/lcd_output__struct.hpp
[8.034s] -- Installing: /home/charbel/mpo500_ws/src/install/neo_msgs2/include/neo_msgs2/neo_msgs2/msg/detail/relay_board_v3__builder.hpp
[8.034s] -- Installing: /home/charbel/mpo500_ws/src/install/neo_msgs2/include/neo_msgs2/neo_msgs2/msg/detail/lcd_output__builder.hpp
[8.034s] -- Installing: /home/charbel/mpo500_ws/src/install/neo_msgs2/include/neo_msgs2/neo_msgs2/msg/detail/relay_board_v2__struct.hpp
[8.034s] -- Installing: /home/charbel/mpo500_ws/src/install/neo_msgs2/include/neo_msgs2/neo_msgs2/msg/detail/safety_mode__traits.hpp
[8.034s] -- Installing: /home/charbel/mpo500_ws/src/install/neo_msgs2/include/neo_msgs2/neo_msgs2/msg/detail/us_board_v2__builder.hpp
[8.034s] -- Installing: /home/charbel/mpo500_ws/src/install/neo_msgs2/include/neo_msgs2/neo_msgs2/msg/detail/relay_board_v3__traits.hpp
[8.034s] -- Installing: /home/charbel/mpo500_ws/src/install/neo_msgs2/include/neo_msgs2/neo_msgs2/msg/detail/keypad__builder.hpp
[8.034s] -- Installing: /home/charbel/mpo500_ws/src/install/neo_msgs2/include/neo_msgs2/neo_msgs2/msg/detail/us_board_v2__traits.hpp
[8.034s] -- Installing: /home/charbel/mpo500_ws/src/install/neo_msgs2/include/neo_msgs2/neo_msgs2/msg/detail/io_board__traits.hpp
[8.034s] -- Installing: /home/charbel/mpo500_ws/src/install/neo_msgs2/include/neo_msgs2/neo_msgs2/msg/detail/keypad__traits.hpp
[8.034s] -- Installing: /home/charbel/mpo500_ws/src/install/neo_msgs2/include/neo_msgs2/neo_msgs2/msg/detail/us_board__traits.hpp
[8.034s] -- Installing: /home/charbel/mpo500_ws/src/install/neo_msgs2/include/neo_msgs2/neo_msgs2/msg/detail/emergency_stop_state__struct.hpp
[8.034s] -- Installing: /home/charbel/mpo500_ws/src/install/neo_msgs2/include/neo_msgs2/neo_msgs2/msg/detail/relay_board_v3__struct.hpp
[8.035s] -- Installing: /home/charbel/mpo500_ws/src/install/neo_msgs2/include/neo_msgs2/neo_msgs2/msg/detail/us_board__struct.hpp
[8.035s] -- Installing: /home/charbel/mpo500_ws/src/install/neo_msgs2/include/neo_msgs2/neo_msgs2/msg/detail/us_board_v2__struct.hpp
[8.035s] -- Installing: /home/charbel/mpo500_ws/src/install/neo_msgs2/include/neo_msgs2/neo_msgs2/msg/detail/safety_mode__struct.hpp
[8.035s] -- Installing: /home/charbel/mpo500_ws/src/install/neo_msgs2/include/neo_msgs2/neo_msgs2/msg/detail/kinematics_state__traits.hpp
[8.035s] -- Installing: /home/charbel/mpo500_ws/src/install/neo_msgs2/include/neo_msgs2/neo_msgs2/msg/detail/relay_board_v2__builder.hpp
[8.035s] -- Installing: /home/charbel/mpo500_ws/src/install/neo_msgs2/include/neo_msgs2/neo_msgs2/msg/detail/relay_board_v2__traits.hpp
[8.035s] -- Installing: /home/charbel/mpo500_ws/src/install/neo_msgs2/include/neo_msgs2/neo_msgs2/msg/detail/safety_state__struct.hpp
[8.035s] -- Installing: /home/charbel/mpo500_ws/src/install/neo_msgs2/include/neo_msgs2/neo_msgs2/msg/detail/safety_mode__builder.hpp
[8.035s] -- Installing: /home/charbel/mpo500_ws/src/install/neo_msgs2/include/neo_msgs2/neo_msgs2/msg/detail/io_board__struct.hpp
[8.035s] -- Installing: /home/charbel/mpo500_ws/src/install/neo_msgs2/include/neo_msgs2/neo_msgs2/msg/detail/lcd_output__traits.hpp
[8.035s] -- Installing: /home/charbel/mpo500_ws/src/install/neo_msgs2/include/neo_msgs2/neo_msgs2/msg/detail/us_board__builder.hpp
[8.035s] -- Installing: /home/charbel/mpo500_ws/src/install/neo_msgs2/include/neo_msgs2/neo_msgs2/msg/detail/io_board__builder.hpp
[8.035s] -- Installing: /home/charbel/mpo500_ws/src/install/neo_msgs2/include/neo_msgs2/neo_msgs2/msg/detail/keypad__struct.hpp
[8.035s] -- Installing: /home/charbel/mpo500_ws/src/install/neo_msgs2/include/neo_msgs2/neo_msgs2/msg/detail/emergency_stop_state__traits.hpp
[8.035s] -- Installing: /home/charbel/mpo500_ws/src/install/neo_msgs2/include/neo_msgs2/neo_msgs2/msg/detail/safety_state__traits.hpp
[8.035s] -- Installing: /home/charbel/mpo500_ws/src/install/neo_msgs2/include/neo_msgs2/neo_msgs2/msg/detail/kinematics_state__builder.hpp
[8.035s] -- Installing: /home/charbel/mpo500_ws/src/install/neo_msgs2/include/neo_msgs2/neo_msgs2/msg/detail/emergency_stop_state__builder.hpp
[8.035s] -- Installing: /home/charbel/mpo500_ws/src/install/neo_msgs2/include/neo_msgs2/neo_msgs2/msg/detail/kinematics_state__struct.hpp
[8.035s] -- Installing: /home/charbel/mpo500_ws/src/install/neo_msgs2/include/neo_msgs2/neo_msgs2/msg/detail/safety_state__builder.hpp
[8.035s] -- Installing: /home/charbel/mpo500_ws/src/install/neo_msgs2/include/neo_msgs2/neo_msgs2/msg/relay_board_v2.hpp
[8.035s] -- Installing: /home/charbel/mpo500_ws/src/install/neo_msgs2/include/neo_msgs2/neo_msgs2/msg/us_board_v2.hpp
[8.035s] -- Installing: /home/charbel/mpo500_ws/src/install/neo_msgs2/include/neo_msgs2/neo_msgs2/msg/safety_mode.hpp
[8.035s] -- Installing: /home/charbel/mpo500_ws/src/install/neo_msgs2/include/neo_msgs2/neo_msgs2/msg/us_board.hpp
[8.035s] -- Installing: /home/charbel/mpo500_ws/src/install/neo_msgs2/include/neo_msgs2/neo_msgs2/msg/kinematics_state.hpp
[8.035s] -- Up-to-date: /home/charbel/mpo500_ws/src/install/neo_msgs2/include/neo_msgs2/neo_msgs2
[8.036s] -- Up-to-date: /home/charbel/mpo500_ws/src/install/neo_msgs2/include/neo_msgs2/neo_msgs2/msg
[8.036s] -- Installing: /home/charbel/mpo500_ws/src/install/neo_msgs2/include/neo_msgs2/neo_msgs2/msg/rosidl_typesupport_fastrtps_cpp__visibility_control.h
[8.036s] -- Up-to-date: /home/charbel/mpo500_ws/src/install/neo_msgs2/include/neo_msgs2/neo_msgs2/msg/detail
[8.036s] -- Installing: /home/charbel/mpo500_ws/src/install/neo_msgs2/include/neo_msgs2/neo_msgs2/msg/detail/safety_state__rosidl_typesupport_fastrtps_cpp.hpp
[8.036s] -- Installing: /home/charbel/mpo500_ws/src/install/neo_msgs2/include/neo_msgs2/neo_msgs2/msg/detail/relay_board_v2__rosidl_typesupport_fastrtps_cpp.hpp
[8.036s] -- Installing: /home/charbel/mpo500_ws/src/install/neo_msgs2/include/neo_msgs2/neo_msgs2/msg/detail/relay_board_v3__rosidl_typesupport_fastrtps_cpp.hpp
[8.036s] -- Installing: /home/charbel/mpo500_ws/src/install/neo_msgs2/include/neo_msgs2/neo_msgs2/msg/detail/io_board__rosidl_typesupport_fastrtps_cpp.hpp
[8.036s] -- Installing: /home/charbel/mpo500_ws/src/install/neo_msgs2/include/neo_msgs2/neo_msgs2/msg/detail/dds_fastrtps
[8.036s] -- Installing: /home/charbel/mpo500_ws/src/install/neo_msgs2/include/neo_msgs2/neo_msgs2/msg/detail/us_board__rosidl_typesupport_fastrtps_cpp.hpp
[8.036s] -- Installing: /home/charbel/mpo500_ws/src/install/neo_msgs2/include/neo_msgs2/neo_msgs2/msg/detail/keypad__rosidl_typesupport_fastrtps_cpp.hpp
[8.036s] -- Installing: /home/charbel/mpo500_ws/src/install/neo_msgs2/include/neo_msgs2/neo_msgs2/msg/detail/us_board_v2__rosidl_typesupport_fastrtps_cpp.hpp
[8.036s] -- Installing: /home/charbel/mpo500_ws/src/install/neo_msgs2/include/neo_msgs2/neo_msgs2/msg/detail/safety_mode__rosidl_typesupport_fastrtps_cpp.hpp
[8.036s] -- Installing: /home/charbel/mpo500_ws/src/install/neo_msgs2/include/neo_msgs2/neo_msgs2/msg/detail/lcd_output__rosidl_typesupport_fastrtps_cpp.hpp
[8.036s] -- Installing: /home/charbel/mpo500_ws/src/install/neo_msgs2/include/neo_msgs2/neo_msgs2/msg/detail/kinematics_state__rosidl_typesupport_fastrtps_cpp.hpp
[8.036s] -- Installing: /home/charbel/mpo500_ws/src/install/neo_msgs2/include/neo_msgs2/neo_msgs2/msg/detail/emergency_stop_state__rosidl_typesupport_fastrtps_cpp.hpp
[8.036s] -- Installing: /home/charbel/mpo500_ws/src/install/neo_msgs2/lib/libneo_msgs2__rosidl_typesupport_fastrtps_cpp.so
[8.036s] -- Set runtime path of "/home/charbel/mpo500_ws/src/install/neo_msgs2/lib/libneo_msgs2__rosidl_typesupport_fastrtps_cpp.so" to ""
[8.036s] -- Up-to-date: /home/charbel/mpo500_ws/src/install/neo_msgs2/include/neo_msgs2/neo_msgs2
[8.036s] -- Up-to-date: /home/charbel/mpo500_ws/src/install/neo_msgs2/include/neo_msgs2/neo_msgs2/msg
[8.036s] -- Up-to-date: /home/charbel/mpo500_ws/src/install/neo_msgs2/include/neo_msgs2/neo_msgs2/msg/detail
[8.036s] -- Installing: /home/charbel/mpo500_ws/src/install/neo_msgs2/include/neo_msgs2/neo_msgs2/msg/detail/safety_mode__rosidl_typesupport_introspection_c.h
[8.036s] -- Installing: /home/charbel/mpo500_ws/src/install/neo_msgs2/include/neo_msgs2/neo_msgs2/msg/detail/safety_mode__type_support.c
[8.036s] -- Installing: /home/charbel/mpo500_ws/src/install/neo_msgs2/include/neo_msgs2/neo_msgs2/msg/detail/emergency_stop_state__type_support.c
[8.037s] -- Installing: /home/charbel/mpo500_ws/src/install/neo_msgs2/include/neo_msgs2/neo_msgs2/msg/detail/relay_board_v2__type_support.c
[8.037s] -- Installing: /home/charbel/mpo500_ws/src/install/neo_msgs2/include/neo_msgs2/neo_msgs2/msg/detail/lcd_output__rosidl_typesupport_introspection_c.h
[8.037s] -- Installing: /home/charbel/mpo500_ws/src/install/neo_msgs2/include/neo_msgs2/neo_msgs2/msg/detail/keypad__type_support.c
[8.037s] -- Installing: /home/charbel/mpo500_ws/src/install/neo_msgs2/include/neo_msgs2/neo_msgs2/msg/detail/emergency_stop_state__rosidl_typesupport_introspection_c.h
[8.037s] -- Installing: /home/charbel/mpo500_ws/src/install/neo_msgs2/include/neo_msgs2/neo_msgs2/msg/detail/us_board__rosidl_typesupport_introspection_c.h
[8.037s] -- Installing: /home/charbel/mpo500_ws/src/install/neo_msgs2/include/neo_msgs2/neo_msgs2/msg/detail/kinematics_state__rosidl_typesupport_introspection_c.h
[8.037s] -- Installing: /home/charbel/mpo500_ws/src/install/neo_msgs2/include/neo_msgs2/neo_msgs2/msg/detail/us_board_v2__type_support.c
[8.037s] -- Installing: /home/charbel/mpo500_ws/src/install/neo_msgs2/include/neo_msgs2/neo_msgs2/msg/detail/relay_board_v3__rosidl_typesupport_introspection_c.h
[8.037s] -- Installing: /home/charbel/mpo500_ws/src/install/neo_msgs2/include/neo_msgs2/neo_msgs2/msg/detail/kinematics_state__type_support.c
[8.037s] -- Installing: /home/charbel/mpo500_ws/src/install/neo_msgs2/include/neo_msgs2/neo_msgs2/msg/detail/lcd_output__type_support.c
[8.037s] -- Installing: /home/charbel/mpo500_ws/src/install/neo_msgs2/include/neo_msgs2/neo_msgs2/msg/detail/us_board__type_support.c
[8.037s] -- Installing: /home/charbel/mpo500_ws/src/install/neo_msgs2/include/neo_msgs2/neo_msgs2/msg/detail/io_board__type_support.c
[8.037s] -- Installing: /home/charbel/mpo500_ws/src/install/neo_msgs2/include/neo_msgs2/neo_msgs2/msg/detail/safety_state__type_support.c
[8.037s] -- Installing: /home/charbel/mpo500_ws/src/install/neo_msgs2/include/neo_msgs2/neo_msgs2/msg/detail/safety_state__rosidl_typesupport_introspection_c.h
[8.037s] -- Installing: /home/charbel/mpo500_ws/src/install/neo_msgs2/include/neo_msgs2/neo_msgs2/msg/detail/us_board_v2__rosidl_typesupport_introspection_c.h
[8.037s] -- Installing: /home/charbel/mpo500_ws/src/install/neo_msgs2/include/neo_msgs2/neo_msgs2/msg/detail/keypad__rosidl_typesupport_introspection_c.h
[8.037s] -- Installing: /home/charbel/mpo500_ws/src/install/neo_msgs2/include/neo_msgs2/neo_msgs2/msg/detail/io_board__rosidl_typesupport_introspection_c.h
[8.037s] -- Installing: /home/charbel/mpo500_ws/src/install/neo_msgs2/include/neo_msgs2/neo_msgs2/msg/detail/relay_board_v2__rosidl_typesupport_introspection_c.h
[8.037s] -- Installing: /home/charbel/mpo500_ws/src/install/neo_msgs2/include/neo_msgs2/neo_msgs2/msg/detail/relay_board_v3__type_support.c
[8.037s] -- Installing: /home/charbel/mpo500_ws/src/install/neo_msgs2/include/neo_msgs2/neo_msgs2/msg/rosidl_typesupport_introspection_c__visibility_control.h
[8.037s] -- Installing: /home/charbel/mpo500_ws/src/install/neo_msgs2/lib/libneo_msgs2__rosidl_typesupport_introspection_c.so
[8.038s] -- Set runtime path of "/home/charbel/mpo500_ws/src/install/neo_msgs2/lib/libneo_msgs2__rosidl_typesupport_introspection_c.so" to ""
[8.038s] -- Installing: /home/charbel/mpo500_ws/src/install/neo_msgs2/lib/libneo_msgs2__rosidl_typesupport_c.so
[8.038s] -- Set runtime path of "/home/charbel/mpo500_ws/src/install/neo_msgs2/lib/libneo_msgs2__rosidl_typesupport_c.so" to ""
[8.038s] -- Up-to-date: /home/charbel/mpo500_ws/src/install/neo_msgs2/include/neo_msgs2/neo_msgs2
[8.038s] -- Up-to-date: /home/charbel/mpo500_ws/src/install/neo_msgs2/include/neo_msgs2/neo_msgs2/msg
[8.038s] -- Up-to-date: /home/charbel/mpo500_ws/src/install/neo_msgs2/include/neo_msgs2/neo_msgs2/msg/detail
[8.038s] -- Installing: /home/charbel/mpo500_ws/src/install/neo_msgs2/include/neo_msgs2/neo_msgs2/msg/detail/relay_board_v2__rosidl_typesupport_introspection_cpp.hpp
[8.038s] -- Installing: /home/charbel/mpo500_ws/src/install/neo_msgs2/include/neo_msgs2/neo_msgs2/msg/detail/lcd_output__rosidl_typesupport_introspection_cpp.hpp
[8.038s] -- Installing: /home/charbel/mpo500_ws/src/install/neo_msgs2/include/neo_msgs2/neo_msgs2/msg/detail/safety_state__rosidl_typesupport_introspection_cpp.hpp
[8.038s] -- Installing: /home/charbel/mpo500_ws/src/install/neo_msgs2/include/neo_msgs2/neo_msgs2/msg/detail/us_board_v2__rosidl_typesupport_introspection_cpp.hpp
[8.038s] -- Installing: /home/charbel/mpo500_ws/src/install/neo_msgs2/include/neo_msgs2/neo_msgs2/msg/detail/kinematics_state__rosidl_typesupport_introspection_cpp.hpp
[8.038s] -- Installing: /home/charbel/mpo500_ws/src/install/neo_msgs2/include/neo_msgs2/neo_msgs2/msg/detail/safety_mode__type_support.cpp
[8.038s] -- Installing: /home/charbel/mpo500_ws/src/install/neo_msgs2/include/neo_msgs2/neo_msgs2/msg/detail/relay_board_v3__rosidl_typesupport_introspection_cpp.hpp
[8.038s] -- Installing: /home/charbel/mpo500_ws/src/install/neo_msgs2/include/neo_msgs2/neo_msgs2/msg/detail/io_board__rosidl_typesupport_introspection_cpp.hpp
[8.038s] -- Installing: /home/charbel/mpo500_ws/src/install/neo_msgs2/include/neo_msgs2/neo_msgs2/msg/detail/lcd_output__type_support.cpp
[8.038s] -- Installing: /home/charbel/mpo500_ws/src/install/neo_msgs2/include/neo_msgs2/neo_msgs2/msg/detail/io_board__type_support.cpp
[8.038s] -- Installing: /home/charbel/mpo500_ws/src/install/neo_msgs2/include/neo_msgs2/neo_msgs2/msg/detail/kinematics_state__type_support.cpp
[8.039s] -- Installing: /home/charbel/mpo500_ws/src/install/neo_msgs2/include/neo_msgs2/neo_msgs2/msg/detail/emergency_stop_state__type_support.cpp
[8.039s] -- Installing: /home/charbel/mpo500_ws/src/install/neo_msgs2/include/neo_msgs2/neo_msgs2/msg/detail/keypad__rosidl_typesupport_introspection_cpp.hpp
[8.039s] -- Installing: /home/charbel/mpo500_ws/src/install/neo_msgs2/include/neo_msgs2/neo_msgs2/msg/detail/us_board__rosidl_typesupport_introspection_cpp.hpp
[8.039s] -- Installing: /home/charbel/mpo500_ws/src/install/neo_msgs2/include/neo_msgs2/neo_msgs2/msg/detail/safety_mode__rosidl_typesupport_introspection_cpp.hpp
[8.039s] -- Installing: /home/charbel/mpo500_ws/src/install/neo_msgs2/include/neo_msgs2/neo_msgs2/msg/detail/relay_board_v3__type_support.cpp
[8.039s] -- Installing: /home/charbel/mpo500_ws/src/install/neo_msgs2/include/neo_msgs2/neo_msgs2/msg/detail/relay_board_v2__type_support.cpp
[8.039s] -- Installing: /home/charbel/mpo500_ws/src/install/neo_msgs2/include/neo_msgs2/neo_msgs2/msg/detail/us_board_v2__type_support.cpp
[8.039s] -- Installing: /home/charbel/mpo500_ws/src/install/neo_msgs2/include/neo_msgs2/neo_msgs2/msg/detail/us_board__type_support.cpp
[8.039s] -- Installing: /home/charbel/mpo500_ws/src/install/neo_msgs2/include/neo_msgs2/neo_msgs2/msg/detail/emergency_stop_state__rosidl_typesupport_introspection_cpp.hpp
[8.039s] -- Installing: /home/charbel/mpo500_ws/src/install/neo_msgs2/include/neo_msgs2/neo_msgs2/msg/detail/safety_state__type_support.cpp
[8.039s] -- Installing: /home/charbel/mpo500_ws/src/install/neo_msgs2/include/neo_msgs2/neo_msgs2/msg/detail/keypad__type_support.cpp
[8.039s] -- Installing: /home/charbel/mpo500_ws/src/install/neo_msgs2/lib/libneo_msgs2__rosidl_typesupport_introspection_cpp.so
[8.039s] -- Set runtime path of "/home/charbel/mpo500_ws/src/install/neo_msgs2/lib/libneo_msgs2__rosidl_typesupport_introspection_cpp.so" to ""
[8.039s] -- Installing: /home/charbel/mpo500_ws/src/install/neo_msgs2/lib/libneo_msgs2__rosidl_typesupport_cpp.so
[8.039s] -- Set runtime path of "/home/charbel/mpo500_ws/src/install/neo_msgs2/lib/libneo_msgs2__rosidl_typesupport_cpp.so" to ""
[8.039s] -- Installing: /home/charbel/mpo500_ws/src/install/neo_msgs2/share/neo_msgs2/environment/pythonpath.sh
[8.039s] -- Installing: /home/charbel/mpo500_ws/src/install/neo_msgs2/share/neo_msgs2/environment/pythonpath.dsv
[8.040s] -- Installing: /home/charbel/mpo500_ws/src/install/neo_msgs2/local/lib/python3.10/dist-packages/neo_msgs2-0.1.0-py3.10.egg-info
[8.040s] -- Installing: /home/charbel/mpo500_ws/src/install/neo_msgs2/local/lib/python3.10/dist-packages/neo_msgs2-0.1.0-py3.10.egg-info/SOURCES.txt
[8.040s] -- Installing: /home/charbel/mpo500_ws/src/install/neo_msgs2/local/lib/python3.10/dist-packages/neo_msgs2-0.1.0-py3.10.egg-info/PKG-INFO
[8.040s] -- Installing: /home/charbel/mpo500_ws/src/install/neo_msgs2/local/lib/python3.10/dist-packages/neo_msgs2-0.1.0-py3.10.egg-info/dependency_links.txt
[8.040s] -- Installing: /home/charbel/mpo500_ws/src/install/neo_msgs2/local/lib/python3.10/dist-packages/neo_msgs2-0.1.0-py3.10.egg-info/top_level.txt
[8.040s] -- Installing: /home/charbel/mpo500_ws/src/install/neo_msgs2/local/lib/python3.10/dist-packages/neo_msgs2
[8.040s] -- Installing: /home/charbel/mpo500_ws/src/install/neo_msgs2/local/lib/python3.10/dist-packages/neo_msgs2/neo_msgs2_s__rosidl_typesupport_introspection_c.cpython-310-x86_64-linux-gnu.so
[8.040s] -- Installing: /home/charbel/mpo500_ws/src/install/neo_msgs2/local/lib/python3.10/dist-packages/neo_msgs2/_neo_msgs2_s.ep.rosidl_typesupport_introspection_c.c
[8.040s] -- Installing: /home/charbel/mpo500_ws/src/install/neo_msgs2/local/lib/python3.10/dist-packages/neo_msgs2/_neo_msgs2_s.ep.rosidl_typesupport_c.c
[8.040s] -- Installing: /home/charbel/mpo500_ws/src/install/neo_msgs2/local/lib/python3.10/dist-packages/neo_msgs2/neo_msgs2_s__rosidl_typesupport_fastrtps_c.cpython-310-x86_64-linux-gnu.so
[8.040s] -- Installing: /home/charbel/mpo500_ws/src/install/neo_msgs2/local/lib/python3.10/dist-packages/neo_msgs2/neo_msgs2_s__rosidl_typesupport_c.cpython-310-x86_64-linux-gnu.so
[8.040s] -- Installing: /home/charbel/mpo500_ws/src/install/neo_msgs2/local/lib/python3.10/dist-packages/neo_msgs2/libneo_msgs2__rosidl_generator_py.so
[8.040s] -- Installing: /home/charbel/mpo500_ws/src/install/neo_msgs2/local/lib/python3.10/dist-packages/neo_msgs2/msg
[8.040s] -- Installing: /home/charbel/mpo500_ws/src/install/neo_msgs2/local/lib/python3.10/dist-packages/neo_msgs2/msg/_relay_board_v3_s.c
[8.040s] -- Installing: /home/charbel/mpo500_ws/src/install/neo_msgs2/local/lib/python3.10/dist-packages/neo_msgs2/msg/_us_board.py
[8.040s] -- Installing: /home/charbel/mpo500_ws/src/install/neo_msgs2/local/lib/python3.10/dist-packages/neo_msgs2/msg/_us_board_s.c
[8.040s] -- Installing: /home/charbel/mpo500_ws/src/install/neo_msgs2/local/lib/python3.10/dist-packages/neo_msgs2/msg/_relay_board_v2.py
[8.040s] -- Installing: /home/charbel/mpo500_ws/src/install/neo_msgs2/local/lib/python3.10/dist-packages/neo_msgs2/msg/_emergency_stop_state.py
[8.041s] -- Installing: /home/charbel/mpo500_ws/src/install/neo_msgs2/local/lib/python3.10/dist-packages/neo_msgs2/msg/_lcd_output_s.c
[8.041s] -- Installing: /home/charbel/mpo500_ws/src/install/neo_msgs2/local/lib/python3.10/dist-packages/neo_msgs2/msg/_safety_state.py
[8.041s] -- Installing: /home/charbel/mpo500_ws/src/install/neo_msgs2/local/lib/python3.10/dist-packages/neo_msgs2/msg/_kinematics_state_s.c
[8.041s] -- Installing: /home/charbel/mpo500_ws/src/install/neo_msgs2/local/lib/python3.10/dist-packages/neo_msgs2/msg/_io_board_s.c
[8.041s] -- Installing: /home/charbel/mpo500_ws/src/install/neo_msgs2/local/lib/python3.10/dist-packages/neo_msgs2/msg/_us_board_v2_s.c
[8.041s] -- Installing: /home/charbel/mpo500_ws/src/install/neo_msgs2/local/lib/python3.10/dist-packages/neo_msgs2/msg/_us_board_v2.py
[8.041s] -- Installing: /home/charbel/mpo500_ws/src/install/neo_msgs2/local/lib/python3.10/dist-packages/neo_msgs2/msg/_lcd_output.py
[8.041s] -- Installing: /home/charbel/mpo500_ws/src/install/neo_msgs2/local/lib/python3.10/dist-packages/neo_msgs2/msg/_safety_mode_s.c
[8.041s] -- Installing: /home/charbel/mpo500_ws/src/install/neo_msgs2/local/lib/python3.10/dist-packages/neo_msgs2/msg/_kinematics_state.py
[8.041s] -- Installing: /home/charbel/mpo500_ws/src/install/neo_msgs2/local/lib/python3.10/dist-packages/neo_msgs2/msg/_io_board.py
[8.041s] -- Installing: /home/charbel/mpo500_ws/src/install/neo_msgs2/local/lib/python3.10/dist-packages/neo_msgs2/msg/_safety_state_s.c
[8.041s] -- Installing: /home/charbel/mpo500_ws/src/install/neo_msgs2/local/lib/python3.10/dist-packages/neo_msgs2/msg/_relay_board_v2_s.c
[8.041s] -- Installing: /home/charbel/mpo500_ws/src/install/neo_msgs2/local/lib/python3.10/dist-packages/neo_msgs2/msg/_emergency_stop_state_s.c
[8.041s] -- Installing: /home/charbel/mpo500_ws/src/install/neo_msgs2/local/lib/python3.10/dist-packages/neo_msgs2/msg/_keypad.py
[8.041s] -- Installing: /home/charbel/mpo500_ws/src/install/neo_msgs2/local/lib/python3.10/dist-packages/neo_msgs2/msg/_keypad_s.c
[8.041s] -- Installing: /home/charbel/mpo500_ws/src/install/neo_msgs2/local/lib/python3.10/dist-packages/neo_msgs2/msg/_relay_board_v3.py
[8.041s] -- Installing: /home/charbel/mpo500_ws/src/install/neo_msgs2/local/lib/python3.10/dist-packages/neo_msgs2/msg/_safety_mode.py
[8.041s] -- Installing: /home/charbel/mpo500_ws/src/install/neo_msgs2/local/lib/python3.10/dist-packages/neo_msgs2/msg/__init__.py
[8.041s] -- Installing: /home/charbel/mpo500_ws/src/install/neo_msgs2/local/lib/python3.10/dist-packages/neo_msgs2/_neo_msgs2_s.ep.rosidl_typesupport_fastrtps_c.c
[8.041s] -- Installing: /home/charbel/mpo500_ws/src/install/neo_msgs2/local/lib/python3.10/dist-packages/neo_msgs2/__init__.py
[8.074s] Listing '/home/charbel/mpo500_ws/src/install/neo_msgs2/local/lib/python3.10/dist-packages/neo_msgs2'...
[8.074s] Compiling '/home/charbel/mpo500_ws/src/install/neo_msgs2/local/lib/python3.10/dist-packages/neo_msgs2/__init__.py'...
[8.074s] Listing '/home/charbel/mpo500_ws/src/install/neo_msgs2/local/lib/python3.10/dist-packages/neo_msgs2/msg'...
[8.074s] Compiling '/home/charbel/mpo500_ws/src/install/neo_msgs2/local/lib/python3.10/dist-packages/neo_msgs2/msg/__init__.py'...
[8.074s] Compiling '/home/charbel/mpo500_ws/src/install/neo_msgs2/local/lib/python3.10/dist-packages/neo_msgs2/msg/_emergency_stop_state.py'...
[8.074s] Compiling '/home/charbel/mpo500_ws/src/install/neo_msgs2/local/lib/python3.10/dist-packages/neo_msgs2/msg/_io_board.py'...
[8.074s] Compiling '/home/charbel/mpo500_ws/src/install/neo_msgs2/local/lib/python3.10/dist-packages/neo_msgs2/msg/_keypad.py'...
[8.074s] Compiling '/home/charbel/mpo500_ws/src/install/neo_msgs2/local/lib/python3.10/dist-packages/neo_msgs2/msg/_kinematics_state.py'...
[8.074s] Compiling '/home/charbel/mpo500_ws/src/install/neo_msgs2/local/lib/python3.10/dist-packages/neo_msgs2/msg/_lcd_output.py'...
[8.074s] Compiling '/home/charbel/mpo500_ws/src/install/neo_msgs2/local/lib/python3.10/dist-packages/neo_msgs2/msg/_relay_board_v2.py'...
[8.074s] Compiling '/home/charbel/mpo500_ws/src/install/neo_msgs2/local/lib/python3.10/dist-packages/neo_msgs2/msg/_relay_board_v3.py'...
[8.075s] Compiling '/home/charbel/mpo500_ws/src/install/neo_msgs2/local/lib/python3.10/dist-packages/neo_msgs2/msg/_safety_mode.py'...
[8.075s] Compiling '/home/charbel/mpo500_ws/src/install/neo_msgs2/local/lib/python3.10/dist-packages/neo_msgs2/msg/_safety_state.py'...
[8.075s] Compiling '/home/charbel/mpo500_ws/src/install/neo_msgs2/local/lib/python3.10/dist-packages/neo_msgs2/msg/_us_board.py'...
[8.075s] Compiling '/home/charbel/mpo500_ws/src/install/neo_msgs2/local/lib/python3.10/dist-packages/neo_msgs2/msg/_us_board_v2.py'...
[8.077s] -- Installing: /home/charbel/mpo500_ws/src/install/neo_msgs2/local/lib/python3.10/dist-packages/neo_msgs2/neo_msgs2_s__rosidl_typesupport_fastrtps_c.cpython-310-x86_64-linux-gnu.so
[8.078s] -- Set runtime path of "/home/charbel/mpo500_ws/src/install/neo_msgs2/local/lib/python3.10/dist-packages/neo_msgs2/neo_msgs2_s__rosidl_typesupport_fastrtps_c.cpython-310-x86_64-linux-gnu.so" to ""
[8.078s] -- Installing: /home/charbel/mpo500_ws/src/install/neo_msgs2/local/lib/python3.10/dist-packages/neo_msgs2/neo_msgs2_s__rosidl_typesupport_introspection_c.cpython-310-x86_64-linux-gnu.so
[8.078s] -- Set runtime path of "/home/charbel/mpo500_ws/src/install/neo_msgs2/local/lib/python3.10/dist-packages/neo_msgs2/neo_msgs2_s__rosidl_typesupport_introspection_c.cpython-310-x86_64-linux-gnu.so" to ""
[8.078s] -- Installing: /home/charbel/mpo500_ws/src/install/neo_msgs2/local/lib/python3.10/dist-packages/neo_msgs2/neo_msgs2_s__rosidl_typesupport_c.cpython-310-x86_64-linux-gnu.so
[8.078s] -- Set runtime path of "/home/charbel/mpo500_ws/src/install/neo_msgs2/local/lib/python3.10/dist-packages/neo_msgs2/neo_msgs2_s__rosidl_typesupport_c.cpython-310-x86_64-linux-gnu.so" to ""
[8.079s] -- Installing: /home/charbel/mpo500_ws/src/install/neo_msgs2/lib/libneo_msgs2__rosidl_generator_py.so
[8.079s] -- Set runtime path of "/home/charbel/mpo500_ws/src/install/neo_msgs2/lib/libneo_msgs2__rosidl_generator_py.so" to ""
[8.079s] -- Installing: /home/charbel/mpo500_ws/src/install/neo_msgs2/share/neo_msgs2/msg/EmergencyStopState.idl
[8.079s] -- Installing: /home/charbel/mpo500_ws/src/install/neo_msgs2/share/neo_msgs2/msg/Keypad.idl
[8.079s] -- Installing: /home/charbel/mpo500_ws/src/install/neo_msgs2/share/neo_msgs2/msg/LCDOutput.idl
[8.079s] -- Installing: /home/charbel/mpo500_ws/src/install/neo_msgs2/share/neo_msgs2/msg/RelayBoardV2.idl
[8.079s] -- Installing: /home/charbel/mpo500_ws/src/install/neo_msgs2/share/neo_msgs2/msg/USBoard.idl
[8.079s] -- Installing: /home/charbel/mpo500_ws/src/install/neo_msgs2/share/neo_msgs2/msg/USBoardV2.idl
[8.079s] -- Installing: /home/charbel/mpo500_ws/src/install/neo_msgs2/share/neo_msgs2/msg/IOBoard.idl
[8.079s] -- Installing: /home/charbel/mpo500_ws/src/install/neo_msgs2/share/neo_msgs2/msg/SafetyMode.idl
[8.080s] -- Installing: /home/charbel/mpo500_ws/src/install/neo_msgs2/share/neo_msgs2/msg/SafetyState.idl
[8.080s] -- Installing: /home/charbel/mpo500_ws/src/install/neo_msgs2/share/neo_msgs2/msg/RelayBoardV3.idl
[8.080s] -- Installing: /home/charbel/mpo500_ws/src/install/neo_msgs2/share/neo_msgs2/msg/KinematicsState.idl
[8.080s] -- Installing: /home/charbel/mpo500_ws/src/install/neo_msgs2/share/neo_msgs2/msg/EmergencyStopState.msg
[8.080s] -- Installing: /home/charbel/mpo500_ws/src/install/neo_msgs2/share/neo_msgs2/msg/Keypad.msg
[8.080s] -- Installing: /home/charbel/mpo500_ws/src/install/neo_msgs2/share/neo_msgs2/msg/LCDOutput.msg
[8.080s] -- Installing: /home/charbel/mpo500_ws/src/install/neo_msgs2/share/neo_msgs2/msg/RelayBoardV2.msg
[8.080s] -- Installing: /home/charbel/mpo500_ws/src/install/neo_msgs2/share/neo_msgs2/msg/USBoard.msg
[8.080s] -- Installing: /home/charbel/mpo500_ws/src/install/neo_msgs2/share/neo_msgs2/msg/USBoardV2.msg
[8.081s] -- Installing: /home/charbel/mpo500_ws/src/install/neo_msgs2/share/neo_msgs2/msg/IOBoard.msg
[8.081s] -- Installing: /home/charbel/mpo500_ws/src/install/neo_msgs2/share/neo_msgs2/msg/SafetyMode.msg
[8.081s] -- Installing: /home/charbel/mpo500_ws/src/install/neo_msgs2/share/neo_msgs2/msg/SafetyState.msg
[8.081s] -- Installing: /home/charbel/mpo500_ws/src/install/neo_msgs2/share/neo_msgs2/msg/RelayBoardV3.msg
[8.081s] -- Installing: /home/charbel/mpo500_ws/src/install/neo_msgs2/share/neo_msgs2/msg/KinematicsState.msg
[8.081s] -- Installing: /home/charbel/mpo500_ws/src/install/neo_msgs2/share/ament_index/resource_index/package_run_dependencies/neo_msgs2
[8.081s] -- Installing: /home/charbel/mpo500_ws/src/install/neo_msgs2/share/ament_index/resource_index/parent_prefix_path/neo_msgs2
[8.081s] -- Installing: /home/charbel/mpo500_ws/src/install/neo_msgs2/share/neo_msgs2/environment/ament_prefix_path.sh
[8.081s] -- Installing: /home/charbel/mpo500_ws/src/install/neo_msgs2/share/neo_msgs2/environment/ament_prefix_path.dsv
[8.081s] -- Installing: /home/charbel/mpo500_ws/src/install/neo_msgs2/share/neo_msgs2/environment/path.sh
[8.082s] -- Installing: /home/charbel/mpo500_ws/src/install/neo_msgs2/share/neo_msgs2/environment/path.dsv
[8.082s] -- Installing: /home/charbel/mpo500_ws/src/install/neo_msgs2/share/neo_msgs2/local_setup.bash
[8.082s] -- Installing: /home/charbel/mpo500_ws/src/install/neo_msgs2/share/neo_msgs2/local_setup.sh
[8.082s] -- Installing: /home/charbel/mpo500_ws/src/install/neo_msgs2/share/neo_msgs2/local_setup.zsh
[8.082s] -- Installing: /home/charbel/mpo500_ws/src/install/neo_msgs2/share/neo_msgs2/local_setup.dsv
[8.082s] -- Installing: /home/charbel/mpo500_ws/src/install/neo_msgs2/share/neo_msgs2/package.dsv
[8.082s] -- Installing: /home/charbel/mpo500_ws/src/install/neo_msgs2/share/ament_index/resource_index/packages/neo_msgs2
[8.082s] -- Installing: /home/charbel/mpo500_ws/src/install/neo_msgs2/share/neo_msgs2/cmake/export_neo_msgs2__rosidl_generator_cExport.cmake
[8.082s] -- Installing: /home/charbel/mpo500_ws/src/install/neo_msgs2/share/neo_msgs2/cmake/export_neo_msgs2__rosidl_generator_cExport-noconfig.cmake
[8.082s] -- Installing: /home/charbel/mpo500_ws/src/install/neo_msgs2/share/neo_msgs2/cmake/export_neo_msgs2__rosidl_typesupport_fastrtps_cExport.cmake
[8.083s] -- Installing: /home/charbel/mpo500_ws/src/install/neo_msgs2/share/neo_msgs2/cmake/export_neo_msgs2__rosidl_typesupport_fastrtps_cExport-noconfig.cmake
[8.083s] -- Installing: /home/charbel/mpo500_ws/src/install/neo_msgs2/share/neo_msgs2/cmake/export_neo_msgs2__rosidl_generator_cppExport.cmake
[8.084s] -- Installing: /home/charbel/mpo500_ws/src/install/neo_msgs2/share/neo_msgs2/cmake/export_neo_msgs2__rosidl_typesupport_fastrtps_cppExport.cmake
[8.084s] -- Installing: /home/charbel/mpo500_ws/src/install/neo_msgs2/share/neo_msgs2/cmake/export_neo_msgs2__rosidl_typesupport_fastrtps_cppExport-noconfig.cmake
[8.084s] -- Installing: /home/charbel/mpo500_ws/src/install/neo_msgs2/share/neo_msgs2/cmake/neo_msgs2__rosidl_typesupport_introspection_cExport.cmake
[8.084s] -- Installing: /home/charbel/mpo500_ws/src/install/neo_msgs2/share/neo_msgs2/cmake/neo_msgs2__rosidl_typesupport_introspection_cExport-noconfig.cmake
[8.084s] -- Installing: /home/charbel/mpo500_ws/src/install/neo_msgs2/share/neo_msgs2/cmake/neo_msgs2__rosidl_typesupport_cExport.cmake
[8.084s] -- Installing: /home/charbel/mpo500_ws/src/install/neo_msgs2/share/neo_msgs2/cmake/neo_msgs2__rosidl_typesupport_cExport-noconfig.cmake
[8.084s] -- Installing: /home/charbel/mpo500_ws/src/install/neo_msgs2/share/neo_msgs2/cmake/neo_msgs2__rosidl_typesupport_introspection_cppExport.cmake
[8.085s] -- Installing: /home/charbel/mpo500_ws/src/install/neo_msgs2/share/neo_msgs2/cmake/neo_msgs2__rosidl_typesupport_introspection_cppExport-noconfig.cmake
[8.085s] -- Installing: /home/charbel/mpo500_ws/src/install/neo_msgs2/share/neo_msgs2/cmake/neo_msgs2__rosidl_typesupport_cppExport.cmake
[8.085s] -- Installing: /home/charbel/mpo500_ws/src/install/neo_msgs2/share/neo_msgs2/cmake/neo_msgs2__rosidl_typesupport_cppExport-noconfig.cmake
[8.085s] -- Installing: /home/charbel/mpo500_ws/src/install/neo_msgs2/share/neo_msgs2/cmake/export_neo_msgs2__rosidl_generator_pyExport.cmake
[8.085s] -- Installing: /home/charbel/mpo500_ws/src/install/neo_msgs2/share/neo_msgs2/cmake/export_neo_msgs2__rosidl_generator_pyExport-noconfig.cmake
[8.085s] -- Installing: /home/charbel/mpo500_ws/src/install/neo_msgs2/share/neo_msgs2/cmake/rosidl_cmake-extras.cmake
[8.085s] -- Installing: /home/charbel/mpo500_ws/src/install/neo_msgs2/share/neo_msgs2/cmake/ament_cmake_export_dependencies-extras.cmake
[8.085s] -- Installing: /home/charbel/mpo500_ws/src/install/neo_msgs2/share/neo_msgs2/cmake/ament_cmake_export_include_directories-extras.cmake
[8.085s] -- Installing: /home/charbel/mpo500_ws/src/install/neo_msgs2/share/neo_msgs2/cmake/ament_cmake_export_libraries-extras.cmake
[8.086s] -- Installing: /home/charbel/mpo500_ws/src/install/neo_msgs2/share/neo_msgs2/cmake/ament_cmake_export_targets-extras.cmake
[8.086s] -- Installing: /home/charbel/mpo500_ws/src/install/neo_msgs2/share/neo_msgs2/cmake/rosidl_cmake_export_typesupport_targets-extras.cmake
[8.086s] -- Installing: /home/charbel/mpo500_ws/src/install/neo_msgs2/share/neo_msgs2/cmake/rosidl_cmake_export_typesupport_libraries-extras.cmake
[8.086s] -- Installing: /home/charbel/mpo500_ws/src/install/neo_msgs2/share/neo_msgs2/cmake/neo_msgs2Config.cmake
[8.086s] -- Installing: /home/charbel/mpo500_ws/src/install/neo_msgs2/share/neo_msgs2/cmake/neo_msgs2Config-version.cmake
[8.086s] -- Installing: /home/charbel/mpo500_ws/src/install/neo_msgs2/share/neo_msgs2/package.xml
[8.087s] Invoked command in '/home/charbel/mpo500_ws/src/build/neo_msgs2' returned '0': CMAKE_PREFIX_PATH=${CMAKE_PREFIX_PATH}:/opt/ros/humble /usr/bin/cmake --install /home/charbel/mpo500_ws/src/build/neo_msgs2
