[0.020s] Invoking command in '/home/charbel/mpo500_ws/src/build/robot_controller': CMAKE_PREFIX_PATH=${CMAKE_PREFIX_PATH}:/opt/ros/humble /usr/bin/cmake --build /home/charbel/mpo500_ws/src/build/robot_controller -- -j16 -l16
[0.052s] [35m[1mConsolidate compiler generated dependencies of target robot_controller_node[0m
[0.073s] [ 33%] [32mBuilding CXX object CMakeFiles/robot_controller_node.dir/src/main.cpp.o[0m
[1.873s] [ 66%] [32m[1mLinking CXX executable robot_controller_node[0m
[2.129s] [100%] Built target robot_controller_node
[2.139s] Invoked command in '/home/charbel/mpo500_ws/src/build/robot_controller' returned '0': CMAKE_PREFIX_PATH=${CMAKE_PREFIX_PATH}:/opt/ros/humble /usr/bin/cmake --build /home/charbel/mpo500_ws/src/build/robot_controller -- -j16 -l16
[2.196s] Invoking command in '/home/charbel/mpo500_ws/src/build/robot_controller': CMAKE_PREFIX_PATH=${CMAKE_PREFIX_PATH}:/opt/ros/humble /usr/bin/cmake --install /home/charbel/mpo500_ws/src/build/robot_controller
[2.212s] -- Install configuration: ""
[2.212s] -- Installing: /home/charbel/mpo500_ws/src/install/robot_controller/lib/robot_controller/robot_controller_node
[2.215s] -- Set runtime path of "/home/charbel/mpo500_ws/src/install/robot_controller/lib/robot_controller/robot_controller_node" to ""
[2.215s] -- Up-to-date: /home/charbel/mpo500_ws/src/install/robot_controller/share/robot_controller//launch
[2.215s] -- Up-to-date: /home/charbel/mpo500_ws/src/install/robot_controller/share/robot_controller//launch/robot_controller.launch.py
[2.215s] -- Up-to-date: /home/charbel/mpo500_ws/src/install/robot_controller/share/ament_index/resource_index/package_run_dependencies/robot_controller
[2.215s] -- Up-to-date: /home/charbel/mpo500_ws/src/install/robot_controller/share/ament_index/resource_index/parent_prefix_path/robot_controller
[2.215s] -- Up-to-date: /home/charbel/mpo500_ws/src/install/robot_controller/share/robot_controller/environment/ament_prefix_path.sh
[2.215s] -- Up-to-date: /home/charbel/mpo500_ws/src/install/robot_controller/share/robot_controller/environment/ament_prefix_path.dsv
[2.215s] -- Up-to-date: /home/charbel/mpo500_ws/src/install/robot_controller/share/robot_controller/environment/path.sh
[2.215s] -- Up-to-date: /home/charbel/mpo500_ws/src/install/robot_controller/share/robot_controller/environment/path.dsv
[2.215s] -- Up-to-date: /home/charbel/mpo500_ws/src/install/robot_controller/share/robot_controller/local_setup.bash
[2.215s] -- Up-to-date: /home/charbel/mpo500_ws/src/install/robot_controller/share/robot_controller/local_setup.sh
[2.215s] -- Up-to-date: /home/charbel/mpo500_ws/src/install/robot_controller/share/robot_controller/local_setup.zsh
[2.215s] -- Up-to-date: /home/charbel/mpo500_ws/src/install/robot_controller/share/robot_controller/local_setup.dsv
[2.215s] -- Installing: /home/charbel/mpo500_ws/src/install/robot_controller/share/robot_controller/package.dsv
[2.215s] -- Up-to-date: /home/charbel/mpo500_ws/src/install/robot_controller/share/ament_index/resource_index/packages/robot_controller
[2.215s] -- Up-to-date: /home/charbel/mpo500_ws/src/install/robot_controller/share/robot_controller/cmake/robot_controllerConfig.cmake
[2.215s] -- Up-to-date: /home/charbel/mpo500_ws/src/install/robot_controller/share/robot_controller/cmake/robot_controllerConfig-version.cmake
[2.215s] -- Up-to-date: /home/charbel/mpo500_ws/src/install/robot_controller/share/robot_controller/package.xml
[2.216s] Invoked command in '/home/charbel/mpo500_ws/src/build/robot_controller' returned '0': CMAKE_PREFIX_PATH=${CMAKE_PREFIX_PATH}:/opt/ros/humble /usr/bin/cmake --install /home/charbel/mpo500_ws/src/build/robot_controller
