[0.018s] Invoking command in '/home/charbel/mpo500_ws/build/neo_kinematics_mecanum2': CMAKE_PREFIX_PATH=${CMAKE_PREFIX_PATH}:/opt/ros/humble /usr/bin/cmake /home/charbel/mpo500_ws/src/neo_kinematics_mecanum2 -DCMAKE_INSTALL_PREFIX=/home/charbel/mpo500_ws/install/neo_kinematics_mecanum2
[0.080s] -- The C compiler identification is GNU 11.4.0
[0.147s] -- The CXX compiler identification is GNU 11.4.0
[0.153s] -- Detecting C compiler ABI info
[0.201s] -- Detecting C compiler ABI info - done
[0.210s] -- Check for working C compiler: /usr/bin/cc - skipped
[0.211s] -- Detecting C compile features
[0.211s] -- Detecting C compile features - done
[0.214s] -- Detecting CXX compiler ABI info
[0.270s] -- Detecting CXX compiler ABI info - done
[0.279s] -- Check for working CXX compiler: /usr/bin/c++ - skipped
[0.279s] -- Detecting CXX compile features
[0.280s] -- Detecting CXX compile features - done
[0.282s] -- Found ament_cmake: 1.3.10 (/opt/ros/humble/share/ament_cmake/cmake)
[0.419s] -- Found Python3: /usr/bin/python3 (found version "3.10.12") found components: Interpreter 
[0.489s] -- Found rclcpp: 16.0.10 (/opt/ros/humble/share/rclcpp/cmake)
[0.515s] -- Found rosidl_generator_c: 3.1.5 (/opt/ros/humble/share/rosidl_generator_c/cmake)
[0.518s] -- Found rosidl_adapter: 3.1.5 (/opt/ros/humble/share/rosidl_adapter/cmake)
[0.523s] -- Found rosidl_generator_cpp: 3.1.5 (/opt/ros/humble/share/rosidl_generator_cpp/cmake)
[0.531s] -- Using all available rosidl_typesupport_c: rosidl_typesupport_fastrtps_c;rosidl_typesupport_introspection_c
[0.542s] -- Using all available rosidl_typesupport_cpp: rosidl_typesupport_fastrtps_cpp;rosidl_typesupport_introspection_cpp
[0.569s] -- Found rmw_implementation_cmake: 6.1.2 (/opt/ros/humble/share/rmw_implementation_cmake/cmake)
[0.571s] -- Found rmw_fastrtps_cpp: 6.2.7 (/opt/ros/humble/share/rmw_fastrtps_cpp/cmake)
[0.632s] -- Found OpenSSL: /usr/lib/x86_64-linux-gnu/libcrypto.so (found version "3.0.2")  
[0.657s] -- Found FastRTPS: /opt/ros/humble/include  
[0.683s] -- Using RMW implementation 'rmw_fastrtps_cpp' as default
[0.688s] -- Looking for pthread.h
[0.733s] -- Looking for pthread.h - found
[0.734s] -- Performing Test CMAKE_HAVE_LIBC_PTHREAD
[0.802s] -- Performing Test CMAKE_HAVE_LIBC_PTHREAD - Success
[0.803s] -- Found Threads: TRUE  
[0.838s] -- Found nav_msgs: 4.2.4 (/opt/ros/humble/share/nav_msgs/cmake)
[0.858s] -- Found sensor_msgs: 4.2.4 (/opt/ros/humble/share/sensor_msgs/cmake)
[0.869s] -- Found trajectory_msgs: 4.2.4 (/opt/ros/humble/share/trajectory_msgs/cmake)
[0.881s] -- Found tf2_ros: 0.25.8 (/opt/ros/humble/share/tf2_ros/cmake)
[0.945s] -- Found tf2_geometry_msgs: 0.25.8 (/opt/ros/humble/share/tf2_geometry_msgs/cmake)
[0.953s] -- Found eigen3_cmake_module: 0.1.1 (/opt/ros/humble/share/eigen3_cmake_module/cmake)
[0.954s] -- Found Eigen3: TRUE (found version "3.4.0") 
[0.954s] -- Ensuring Eigen3 include directory is part of orocos-kdl CMake target
[1.023s] -- Configuring done
[1.033s] -- Generating done
[1.033s] -- Build files have been written to: /home/charbel/mpo500_ws/build/neo_kinematics_mecanum2
[1.040s] Invoked command in '/home/charbel/mpo500_ws/build/neo_kinematics_mecanum2' returned '0': CMAKE_PREFIX_PATH=${CMAKE_PREFIX_PATH}:/opt/ros/humble /usr/bin/cmake /home/charbel/mpo500_ws/src/neo_kinematics_mecanum2 -DCMAKE_INSTALL_PREFIX=/home/charbel/mpo500_ws/install/neo_kinematics_mecanum2
[1.042s] Invoking command in '/home/charbel/mpo500_ws/build/neo_kinematics_mecanum2': CMAKE_PREFIX_PATH=${CMAKE_PREFIX_PATH}:/opt/ros/humble /usr/bin/cmake --build /home/charbel/mpo500_ws/build/neo_kinematics_mecanum2 -- -j16 -l16
[1.088s] [ 25%] [32mBuilding CXX object CMakeFiles/neo_kinematics_mecanum2.dir/common/src/Mecanum4WKinematics.cpp.o[0m
[3.124s] [ 50%] [32m[1mLinking CXX static library libneo_kinematics_mecanum2.a[0m
[3.143s] [ 50%] Built target neo_kinematics_mecanum2
[3.155s] [ 75%] [32mBuilding CXX object CMakeFiles/neo_mecanum_node.dir/ros/src/neo_kinematics_mecanum_node.cpp.o[0m
[12.128s] [100%] [32m[1mLinking CXX executable neo_mecanum_node[0m
[12.549s] [100%] Built target neo_mecanum_node
[12.560s] Invoked command in '/home/charbel/mpo500_ws/build/neo_kinematics_mecanum2' returned '0': CMAKE_PREFIX_PATH=${CMAKE_PREFIX_PATH}:/opt/ros/humble /usr/bin/cmake --build /home/charbel/mpo500_ws/build/neo_kinematics_mecanum2 -- -j16 -l16
[12.587s] Invoking command in '/home/charbel/mpo500_ws/build/neo_kinematics_mecanum2': CMAKE_PREFIX_PATH=${CMAKE_PREFIX_PATH}:/opt/ros/humble /usr/bin/cmake --install /home/charbel/mpo500_ws/build/neo_kinematics_mecanum2
[12.591s] -- Install configuration: ""
[12.591s] -- Installing: /home/charbel/mpo500_ws/install/neo_kinematics_mecanum2/share/neo_kinematics_mecanum2/environment/library_path.sh
[12.591s] -- Installing: /home/charbel/mpo500_ws/install/neo_kinematics_mecanum2/share/neo_kinematics_mecanum2/environment/library_path.dsv
[12.591s] -- Installing: /home/charbel/mpo500_ws/install/neo_kinematics_mecanum2/common/include/
[12.592s] -- Installing: /home/charbel/mpo500_ws/install/neo_kinematics_mecanum2/common/include//Kinematics.h
[12.592s] -- Installing: /home/charbel/mpo500_ws/install/neo_kinematics_mecanum2/common/include//MecanumKinematics.h
[12.592s] -- Installing: /home/charbel/mpo500_ws/install/neo_kinematics_mecanum2/lib/neo_kinematics_mecanum2/neo_mecanum_node
[12.594s] -- Set runtime path of "/home/charbel/mpo500_ws/install/neo_kinematics_mecanum2/lib/neo_kinematics_mecanum2/neo_mecanum_node" to ""
[12.594s] -- Installing: /home/charbel/mpo500_ws/install/neo_kinematics_mecanum2/share/neo_kinematics_mecanum2/launch
[12.594s] -- Installing: /home/charbel/mpo500_ws/install/neo_kinematics_mecanum2/share/neo_kinematics_mecanum2/launch/test_setup.launch.py
[12.594s] -- Installing: /home/charbel/mpo500_ws/install/neo_kinematics_mecanum2/share/neo_kinematics_mecanum2/launch/test_setup.yaml
[12.594s] -- Installing: /home/charbel/mpo500_ws/install/neo_kinematics_mecanum2/share/ament_index/resource_index/package_run_dependencies/neo_kinematics_mecanum2
[12.594s] -- Installing: /home/charbel/mpo500_ws/install/neo_kinematics_mecanum2/share/ament_index/resource_index/parent_prefix_path/neo_kinematics_mecanum2
[12.595s] -- Installing: /home/charbel/mpo500_ws/install/neo_kinematics_mecanum2/share/neo_kinematics_mecanum2/environment/ament_prefix_path.sh
[12.595s] -- Installing: /home/charbel/mpo500_ws/install/neo_kinematics_mecanum2/share/neo_kinematics_mecanum2/environment/ament_prefix_path.dsv
[12.595s] -- Installing: /home/charbel/mpo500_ws/install/neo_kinematics_mecanum2/share/neo_kinematics_mecanum2/environment/path.sh
[12.595s] -- Installing: /home/charbel/mpo500_ws/install/neo_kinematics_mecanum2/share/neo_kinematics_mecanum2/environment/path.dsv
[12.595s] -- Installing: /home/charbel/mpo500_ws/install/neo_kinematics_mecanum2/share/neo_kinematics_mecanum2/local_setup.bash
[12.595s] -- Installing: /home/charbel/mpo500_ws/install/neo_kinematics_mecanum2/share/neo_kinematics_mecanum2/local_setup.sh
[12.595s] -- Installing: /home/charbel/mpo500_ws/install/neo_kinematics_mecanum2/share/neo_kinematics_mecanum2/local_setup.zsh
[12.595s] -- Installing: /home/charbel/mpo500_ws/install/neo_kinematics_mecanum2/share/neo_kinematics_mecanum2/local_setup.dsv
[12.595s] -- Installing: /home/charbel/mpo500_ws/install/neo_kinematics_mecanum2/share/neo_kinematics_mecanum2/package.dsv
[12.595s] -- Installing: /home/charbel/mpo500_ws/install/neo_kinematics_mecanum2/share/ament_index/resource_index/packages/neo_kinematics_mecanum2
[12.595s] -- Installing: /home/charbel/mpo500_ws/install/neo_kinematics_mecanum2/share/neo_kinematics_mecanum2/cmake/ament_cmake_export_dependencies-extras.cmake
[12.595s] -- Installing: /home/charbel/mpo500_ws/install/neo_kinematics_mecanum2/share/neo_kinematics_mecanum2/cmake/ament_cmake_export_include_directories-extras.cmake
[12.595s] -- Installing: /home/charbel/mpo500_ws/install/neo_kinematics_mecanum2/share/neo_kinematics_mecanum2/cmake/ament_cmake_export_libraries-extras.cmake
[12.596s] -- Installing: /home/charbel/mpo500_ws/install/neo_kinematics_mecanum2/share/neo_kinematics_mecanum2/cmake/neo_kinematics_mecanum2Config.cmake
[12.596s] -- Installing: /home/charbel/mpo500_ws/install/neo_kinematics_mecanum2/share/neo_kinematics_mecanum2/cmake/neo_kinematics_mecanum2Config-version.cmake
[12.596s] -- Installing: /home/charbel/mpo500_ws/install/neo_kinematics_mecanum2/share/neo_kinematics_mecanum2/package.xml
[12.597s] Invoked command in '/home/charbel/mpo500_ws/build/neo_kinematics_mecanum2' returned '0': CMAKE_PREFIX_PATH=${CMAKE_PREFIX_PATH}:/opt/ros/humble /usr/bin/cmake --install /home/charbel/mpo500_ws/build/neo_kinematics_mecanum2
