[0.018s] Invoking command in '/home/charbel/mpo500_ws/src/build/robot_controller': CMAKE_PREFIX_PATH=${CMAKE_PREFIX_PATH}:/opt/ros/humble /usr/bin/cmake /home/charbel/mpo500_ws/src/robot_controller -DCMAKE_INSTALL_PREFIX=/home/charbel/mpo500_ws/src/install/robot_controller
[0.140s] -- The C compiler identification is GNU 11.4.0
[0.217s] -- The CXX compiler identification is GNU 11.4.0
[0.222s] -- Detecting C compiler ABI info
[0.267s] -- Detecting C compiler ABI info - done
[0.272s] -- Check for working C compiler: /usr/bin/cc - skipped
[0.272s] -- Detecting C compile features
[0.272s] -- Detecting C compile features - done
[0.274s] -- Detecting CXX compiler ABI info
[0.324s] -- Detecting CXX compiler ABI info - done
[0.333s] -- Check for working CXX compiler: /usr/bin/c++ - skipped
[0.333s] -- Detecting CXX compile features
[0.334s] -- Detecting CXX compile features - done
[0.338s] -- Found ament_cmake: 1.3.10 (/opt/ros/humble/share/ament_cmake/cmake)
[0.459s] -- Found Python3: /usr/bin/python3 (found version "3.10.12") found components: Interpreter 
[0.527s] -- Found rclcpp: 16.0.10 (/opt/ros/humble/share/rclcpp/cmake)
[0.584s] -- Found rosidl_generator_c: 3.1.5 (/opt/ros/humble/share/rosidl_generator_c/cmake)
[0.591s] -- Found rosidl_adapter: 3.1.5 (/opt/ros/humble/share/rosidl_adapter/cmake)
[0.602s] -- Found rosidl_generator_cpp: 3.1.5 (/opt/ros/humble/share/rosidl_generator_cpp/cmake)
[0.618s] -- Using all available rosidl_typesupport_c: rosidl_typesupport_fastrtps_c;rosidl_typesupport_introspection_c
[0.638s] -- Using all available rosidl_typesupport_cpp: rosidl_typesupport_fastrtps_cpp;rosidl_typesupport_introspection_cpp
[0.671s] -- Found rmw_implementation_cmake: 6.1.2 (/opt/ros/humble/share/rmw_implementation_cmake/cmake)
[0.673s] -- Found rmw_fastrtps_cpp: 6.2.7 (/opt/ros/humble/share/rmw_fastrtps_cpp/cmake)
[0.729s] -- Found OpenSSL: /usr/lib/x86_64-linux-gnu/libcrypto.so (found version "3.0.2")  
[0.747s] -- Found FastRTPS: /opt/ros/humble/include  
[0.784s] -- Using RMW implementation 'rmw_fastrtps_cpp' as default
[0.793s] -- Looking for pthread.h
[0.844s] -- Looking for pthread.h - found
[0.844s] -- Performing Test CMAKE_HAVE_LIBC_PTHREAD
[0.891s] -- Performing Test CMAKE_HAVE_LIBC_PTHREAD - Success
[0.892s] -- Found Threads: TRUE  
[0.927s] -- Found sensor_msgs: 4.2.4 (/opt/ros/humble/share/sensor_msgs/cmake)
[0.950s] -- Found ament_lint_auto: 0.12.11 (/opt/ros/humble/share/ament_lint_auto/cmake)
[1.036s] -- Added test 'cppcheck' to perform static code analysis on C / C++ code
[1.036s] -- Configured cppcheck include dirs: 
[1.037s] -- Configured cppcheck exclude dirs and/or files: 
[1.037s] -- Added test 'flake8' to check Python code syntax and style conventions
[1.037s] -- Added test 'lint_cmake' to check CMake code style
[1.038s] -- Added test 'pep257' to check Python code against some of the docstring style conventions in PEP 257
[1.038s] -- Added test 'uncrustify' to check C / C++ code style
[1.038s] -- Configured uncrustify additional arguments: 
[1.039s] -- Added test 'xmllint' to check XML markup files
[1.040s] -- Configuring done
[1.045s] -- Generating done
[1.046s] -- Build files have been written to: /home/charbel/mpo500_ws/src/build/robot_controller
[1.052s] Invoked command in '/home/charbel/mpo500_ws/src/build/robot_controller' returned '0': CMAKE_PREFIX_PATH=${CMAKE_PREFIX_PATH}:/opt/ros/humble /usr/bin/cmake /home/charbel/mpo500_ws/src/robot_controller -DCMAKE_INSTALL_PREFIX=/home/charbel/mpo500_ws/src/install/robot_controller
[1.053s] Invoking command in '/home/charbel/mpo500_ws/src/build/robot_controller': CMAKE_PREFIX_PATH=${CMAKE_PREFIX_PATH}:/opt/ros/humble /usr/bin/cmake --build /home/charbel/mpo500_ws/src/build/robot_controller -- -j16 -l16
[1.093s] [ 33%] [32mBuilding CXX object CMakeFiles/robot_controller_node.dir/src/robot_controller.cpp.o[0m
[1.093s] [ 66%] [32mBuilding CXX object CMakeFiles/robot_controller_node.dir/src/main.cpp.o[0m
[7.802s] [100%] [32m[1mLinking CXX executable robot_controller_node[0m
[8.081s] [100%] Built target robot_controller_node
[8.092s] Invoked command in '/home/charbel/mpo500_ws/src/build/robot_controller' returned '0': CMAKE_PREFIX_PATH=${CMAKE_PREFIX_PATH}:/opt/ros/humble /usr/bin/cmake --build /home/charbel/mpo500_ws/src/build/robot_controller -- -j16 -l16
[8.116s] Invoking command in '/home/charbel/mpo500_ws/src/build/robot_controller': CMAKE_PREFIX_PATH=${CMAKE_PREFIX_PATH}:/opt/ros/humble /usr/bin/cmake --install /home/charbel/mpo500_ws/src/build/robot_controller
[8.121s] -- Install configuration: ""
[8.121s] -- Installing: /home/charbel/mpo500_ws/src/install/robot_controller/lib/robot_controller/robot_controller_node
[8.123s] -- Set runtime path of "/home/charbel/mpo500_ws/src/install/robot_controller/lib/robot_controller/robot_controller_node" to ""
[8.123s] -- Installing: /home/charbel/mpo500_ws/src/install/robot_controller/share/robot_controller//launch
[8.123s] -- Installing: /home/charbel/mpo500_ws/src/install/robot_controller/share/robot_controller//launch/robot_controller.launch.py
[8.123s] -- Installing: /home/charbel/mpo500_ws/src/install/robot_controller/share/ament_index/resource_index/package_run_dependencies/robot_controller
[8.123s] -- Installing: /home/charbel/mpo500_ws/src/install/robot_controller/share/ament_index/resource_index/parent_prefix_path/robot_controller
[8.123s] -- Installing: /home/charbel/mpo500_ws/src/install/robot_controller/share/robot_controller/environment/ament_prefix_path.sh
[8.124s] -- Installing: /home/charbel/mpo500_ws/src/install/robot_controller/share/robot_controller/environment/ament_prefix_path.dsv
[8.124s] -- Installing: /home/charbel/mpo500_ws/src/install/robot_controller/share/robot_controller/environment/path.sh
[8.124s] -- Installing: /home/charbel/mpo500_ws/src/install/robot_controller/share/robot_controller/environment/path.dsv
[8.124s] -- Installing: /home/charbel/mpo500_ws/src/install/robot_controller/share/robot_controller/local_setup.bash
[8.124s] -- Installing: /home/charbel/mpo500_ws/src/install/robot_controller/share/robot_controller/local_setup.sh
[8.124s] -- Installing: /home/charbel/mpo500_ws/src/install/robot_controller/share/robot_controller/local_setup.zsh
[8.124s] -- Installing: /home/charbel/mpo500_ws/src/install/robot_controller/share/robot_controller/local_setup.dsv
[8.124s] -- Installing: /home/charbel/mpo500_ws/src/install/robot_controller/share/robot_controller/package.dsv
[8.124s] -- Installing: /home/charbel/mpo500_ws/src/install/robot_controller/share/ament_index/resource_index/packages/robot_controller
[8.125s] -- Installing: /home/charbel/mpo500_ws/src/install/robot_controller/share/robot_controller/cmake/robot_controllerConfig.cmake
[8.125s] -- Installing: /home/charbel/mpo500_ws/src/install/robot_controller/share/robot_controller/cmake/robot_controllerConfig-version.cmake
[8.125s] -- Installing: /home/charbel/mpo500_ws/src/install/robot_controller/share/robot_controller/package.xml
[8.126s] Invoked command in '/home/charbel/mpo500_ws/src/build/robot_controller' returned '0': CMAKE_PREFIX_PATH=${CMAKE_PREFIX_PATH}:/opt/ros/humble /usr/bin/cmake --install /home/charbel/mpo500_ws/src/build/robot_controller
