[0.026s] Invoking command in '/home/charbel/mpo500_ws/src/build/neo_teleop2': CMAKE_PREFIX_PATH=${CMAKE_PREFIX_PATH}:/opt/ros/humble /usr/bin/cmake --build /home/charbel/mpo500_ws/src/build/neo_teleop2 -- -j16 -l16
[0.075s] [100%] Built target neo_teleop2_node
[0.089s] Invoked command in '/home/charbel/mpo500_ws/src/build/neo_teleop2' returned '0': CMAKE_PREFIX_PATH=${CMAKE_PREFIX_PATH}:/opt/ros/humble /usr/bin/cmake --build /home/charbel/mpo500_ws/src/build/neo_teleop2 -- -j16 -l16
[0.117s] Invoking command in '/home/charbel/mpo500_ws/src/build/neo_teleop2': CMAKE_PREFIX_PATH=${CMAKE_PREFIX_PATH}:/opt/ros/humble /usr/bin/cmake --install /home/charbel/mpo500_ws/src/build/neo_teleop2
[0.126s] -- Install configuration: ""
[0.126s] -- Up-to-date: /home/charbel/mpo500_ws/src/install/neo_teleop2/lib/neo_teleop2/neo_teleop2_node
[0.126s] -- Up-to-date: /home/charbel/mpo500_ws/src/install/neo_teleop2/share/neo_teleop2/launch
[0.126s] -- Up-to-date: /home/charbel/mpo500_ws/src/install/neo_teleop2/share/neo_teleop2/launch/teleop.launch.py
[0.126s] -- Up-to-date: /home/charbel/mpo500_ws/src/install/neo_teleop2/share/neo_teleop2/launch/default.yaml
[0.126s] -- Up-to-date: /home/charbel/mpo500_ws/src/install/neo_teleop2/share/ament_index/resource_index/package_run_dependencies/neo_teleop2
[0.126s] -- Up-to-date: /home/charbel/mpo500_ws/src/install/neo_teleop2/share/ament_index/resource_index/parent_prefix_path/neo_teleop2
[0.126s] -- Up-to-date: /home/charbel/mpo500_ws/src/install/neo_teleop2/share/neo_teleop2/environment/ament_prefix_path.sh
[0.126s] -- Up-to-date: /home/charbel/mpo500_ws/src/install/neo_teleop2/share/neo_teleop2/environment/ament_prefix_path.dsv
[0.126s] -- Up-to-date: /home/charbel/mpo500_ws/src/install/neo_teleop2/share/neo_teleop2/environment/path.sh
[0.126s] -- Up-to-date: /home/charbel/mpo500_ws/src/install/neo_teleop2/share/neo_teleop2/environment/path.dsv
[0.127s] -- Up-to-date: /home/charbel/mpo500_ws/src/install/neo_teleop2/share/neo_teleop2/local_setup.bash
[0.127s] -- Up-to-date: /home/charbel/mpo500_ws/src/install/neo_teleop2/share/neo_teleop2/local_setup.sh
[0.127s] -- Up-to-date: /home/charbel/mpo500_ws/src/install/neo_teleop2/share/neo_teleop2/local_setup.zsh
[0.127s] -- Up-to-date: /home/charbel/mpo500_ws/src/install/neo_teleop2/share/neo_teleop2/local_setup.dsv
[0.127s] -- Installing: /home/charbel/mpo500_ws/src/install/neo_teleop2/share/neo_teleop2/package.dsv
[0.127s] -- Up-to-date: /home/charbel/mpo500_ws/src/install/neo_teleop2/share/ament_index/resource_index/packages/neo_teleop2
[0.127s] -- Up-to-date: /home/charbel/mpo500_ws/src/install/neo_teleop2/share/neo_teleop2/cmake/neo_teleop2Config.cmake
[0.127s] -- Up-to-date: /home/charbel/mpo500_ws/src/install/neo_teleop2/share/neo_teleop2/cmake/neo_teleop2Config-version.cmake
[0.127s] -- Up-to-date: /home/charbel/mpo500_ws/src/install/neo_teleop2/share/neo_teleop2/package.xml
[0.139s] Invoked command in '/home/charbel/mpo500_ws/src/build/neo_teleop2' returned '0': CMAKE_PREFIX_PATH=${CMAKE_PREFIX_PATH}:/opt/ros/humble /usr/bin/cmake --install /home/charbel/mpo500_ws/src/build/neo_teleop2
