-- The C compiler identification is GNU 11.4.0
-- The CXX compiler identification is GNU 11.4.0
-- Detecting C compiler ABI info
-- Detecting C compiler ABI info - done
-- Check for working C compiler: /usr/bin/cc - skipped
-- Detecting C compile features
-- Detecting C compile features - done
-- Detecting CXX compiler ABI info
-- Detecting CXX compiler ABI info - done
-- Check for working CXX compiler: /usr/bin/c++ - skipped
-- Detecting CXX compile features
-- Detecting CXX compile features - done
-- Found ament_cmake: 1.3.10 (/opt/ros/humble/share/ament_cmake/cmake)
-- Found Python3: /usr/bin/python3 (found version "3.10.12") found components: Interpreter 
-- Found navigation2: 1.1.16 (/opt/ros/humble/share/navigation2/cmake)
-- Found nav2_map_server: 1.1.16 (/opt/ros/humble/share/nav2_map_server/cmake)
-- Found rosidl_generator_c: 3.1.5 (/opt/ros/humble/share/rosidl_generator_c/cmake)
-- Found rosidl_adapter: 3.1.5 (/opt/ros/humble/share/rosidl_adapter/cmake)
-- Found rosidl_generator_cpp: 3.1.5 (/opt/ros/humble/share/rosidl_generator_cpp/cmake)
-- Using all available rosidl_typesupport_c: rosidl_typesupport_fastrtps_c;rosidl_typesupport_introspection_c
-- Using all available rosidl_typesupport_cpp: rosidl_typesupport_fastrtps_cpp;rosidl_typesupport_introspection_cpp
-- Found rmw_implementation_cmake: 6.1.2 (/opt/ros/humble/share/rmw_implementation_cmake/cmake)
-- Found rmw_fastrtps_cpp: 6.2.7 (/opt/ros/humble/share/rmw_fastrtps_cpp/cmake)
-- Found OpenSSL: /usr/lib/x86_64-linux-gnu/libcrypto.so (found version "3.0.2")  
-- Found FastRTPS: /opt/ros/humble/include  
-- Using RMW implementation 'rmw_fastrtps_cpp' as default
-- Looking for pthread.h
-- Looking for pthread.h - found
-- Performing Test CMAKE_HAVE_LIBC_PTHREAD
-- Performing Test CMAKE_HAVE_LIBC_PTHREAD - Success
-- Found Threads: TRUE  
-- Found eigen3_cmake_module: 0.1.1 (/opt/ros/humble/share/eigen3_cmake_module/cmake)
-- Found Eigen3: TRUE (found version "3.4.0") 
-- Ensuring Eigen3 include directory is part of orocos-kdl CMake target
-- Found nav2_amcl: 1.1.16 (/opt/ros/humble/share/nav2_amcl/cmake)
-- Found nav2_controller: 1.1.16 (/opt/ros/humble/share/nav2_controller/cmake)
-- Found nav2_planner: 1.1.16 (/opt/ros/humble/share/nav2_planner/cmake)
-- Found nav2_behaviors: 1.1.16 (/opt/ros/humble/share/nav2_behaviors/cmake)
-- Found nav2_bt_navigator: 1.1.16 (/opt/ros/humble/share/nav2_bt_navigator/cmake)
-- Found nav2_waypoint_follower: 1.1.16 (/opt/ros/humble/share/nav2_waypoint_follower/cmake)
-- Found nav2_lifecycle_manager: 1.1.16 (/opt/ros/humble/share/nav2_lifecycle_manager/cmake)
-- Configuring done
-- Generating done
-- Build files have been written to: /home/charbel/mpo500_ws/src/build/neo_nav2_bringup
-- Install configuration: ""
-- Installing: /home/charbel/mpo500_ws/src/install/neo_nav2_bringup/share/neo_nav2_bringup/launch
-- Installing: /home/charbel/mpo500_ws/src/install/neo_nav2_bringup/share/neo_nav2_bringup/launch/mapping.launch.py
-- Installing: /home/charbel/mpo500_ws/src/install/neo_nav2_bringup/share/neo_nav2_bringup/launch/localization_neo.launch.py
-- Installing: /home/charbel/mpo500_ws/src/install/neo_nav2_bringup/share/neo_nav2_bringup/launch/rviz_launch.py
-- Installing: /home/charbel/mpo500_ws/src/install/neo_nav2_bringup/share/neo_nav2_bringup/launch/navigation_neo.launch.py
-- Installing: /home/charbel/mpo500_ws/src/install/neo_nav2_bringup/share/neo_nav2_bringup/launch/localization_amcl.launch.py
-- Installing: /home/charbel/mpo500_ws/src/install/neo_nav2_bringup/share/neo_nav2_bringup/config
-- Installing: /home/charbel/mpo500_ws/src/install/neo_nav2_bringup/share/neo_nav2_bringup/config/mapping.yaml
-- Installing: /home/charbel/mpo500_ws/src/install/neo_nav2_bringup/share/neo_nav2_bringup/config/navigation.yaml
-- Installing: /home/charbel/mpo500_ws/src/install/neo_nav2_bringup/share/neo_nav2_bringup/rviz
-- Installing: /home/charbel/mpo500_ws/src/install/neo_nav2_bringup/share/neo_nav2_bringup/rviz/single_robot.rviz
-- Installing: /home/charbel/mpo500_ws/src/install/neo_nav2_bringup/share/neo_nav2_bringup/rviz/multi_robot.rviz
-- Installing: /home/charbel/mpo500_ws/src/install/neo_nav2_bringup/share/ament_index/resource_index/package_run_dependencies/neo_nav2_bringup
-- Installing: /home/charbel/mpo500_ws/src/install/neo_nav2_bringup/share/ament_index/resource_index/parent_prefix_path/neo_nav2_bringup
-- Installing: /home/charbel/mpo500_ws/src/install/neo_nav2_bringup/share/neo_nav2_bringup/environment/ament_prefix_path.sh
-- Installing: /home/charbel/mpo500_ws/src/install/neo_nav2_bringup/share/neo_nav2_bringup/environment/ament_prefix_path.dsv
-- Installing: /home/charbel/mpo500_ws/src/install/neo_nav2_bringup/share/neo_nav2_bringup/environment/path.sh
-- Installing: /home/charbel/mpo500_ws/src/install/neo_nav2_bringup/share/neo_nav2_bringup/environment/path.dsv
-- Installing: /home/charbel/mpo500_ws/src/install/neo_nav2_bringup/share/neo_nav2_bringup/local_setup.bash
-- Installing: /home/charbel/mpo500_ws/src/install/neo_nav2_bringup/share/neo_nav2_bringup/local_setup.sh
-- Installing: /home/charbel/mpo500_ws/src/install/neo_nav2_bringup/share/neo_nav2_bringup/local_setup.zsh
-- Installing: /home/charbel/mpo500_ws/src/install/neo_nav2_bringup/share/neo_nav2_bringup/local_setup.dsv
-- Installing: /home/charbel/mpo500_ws/src/install/neo_nav2_bringup/share/neo_nav2_bringup/package.dsv
-- Installing: /home/charbel/mpo500_ws/src/install/neo_nav2_bringup/share/ament_index/resource_index/packages/neo_nav2_bringup
-- Installing: /home/charbel/mpo500_ws/src/install/neo_nav2_bringup/share/neo_nav2_bringup/cmake/neo_nav2_bringupConfig.cmake
-- Installing: /home/charbel/mpo500_ws/src/install/neo_nav2_bringup/share/neo_nav2_bringup/cmake/neo_nav2_bringupConfig-version.cmake
-- Installing: /home/charbel/mpo500_ws/src/install/neo_nav2_bringup/share/neo_nav2_bringup/package.xml
