[0.019s] Invoking command in '/home/charbel/mpo500_ws/src/build/neo_kinematics_mecanum2': CMAKE_PREFIX_PATH=${CMAKE_PREFIX_PATH}:/opt/ros/humble /usr/bin/cmake /home/charbel/mpo500_ws/src/neo_kinematics_mecanum2 -DCMAKE_INSTALL_PREFIX=/home/charbel/mpo500_ws/src/install/neo_kinematics_mecanum2
[0.144s] -- The C compiler identification is GNU 11.4.0
[0.217s] -- The CXX compiler identification is GNU 11.4.0
[0.223s] -- Detecting C compiler ABI info
[0.272s] -- Detecting C compiler ABI info - done
[0.280s] -- Check for working C compiler: /usr/bin/cc - skipped
[0.280s] -- Detecting C compile features
[0.281s] -- Detecting C compile features - done
[0.283s] -- Detecting CXX compiler ABI info
[0.337s] -- Detecting CXX compiler ABI info - done
[0.343s] -- Check for working CXX compiler: /usr/bin/c++ - skipped
[0.343s] -- Detecting CXX compile features
[0.343s] -- Detecting CXX compile features - done
[0.345s] -- Found ament_cmake: 1.3.10 (/opt/ros/humble/share/ament_cmake/cmake)
[0.466s] -- Found Python3: /usr/bin/python3 (found version "3.10.12") found components: Interpreter 
[0.535s] -- Found rclcpp: 16.0.10 (/opt/ros/humble/share/rclcpp/cmake)
[0.567s] -- Found rosidl_generator_c: 3.1.5 (/opt/ros/humble/share/rosidl_generator_c/cmake)
[0.571s] -- Found rosidl_adapter: 3.1.5 (/opt/ros/humble/share/rosidl_adapter/cmake)
[0.577s] -- Found rosidl_generator_cpp: 3.1.5 (/opt/ros/humble/share/rosidl_generator_cpp/cmake)
[0.587s] -- Using all available rosidl_typesupport_c: rosidl_typesupport_fastrtps_c;rosidl_typesupport_introspection_c
[0.599s] -- Using all available rosidl_typesupport_cpp: rosidl_typesupport_fastrtps_cpp;rosidl_typesupport_introspection_cpp
[0.637s] -- Found rmw_implementation_cmake: 6.1.2 (/opt/ros/humble/share/rmw_implementation_cmake/cmake)
[0.639s] -- Found rmw_fastrtps_cpp: 6.2.7 (/opt/ros/humble/share/rmw_fastrtps_cpp/cmake)
[0.705s] -- Found OpenSSL: /usr/lib/x86_64-linux-gnu/libcrypto.so (found version "3.0.2")  
[0.728s] -- Found FastRTPS: /opt/ros/humble/include  
[0.763s] -- Using RMW implementation 'rmw_fastrtps_cpp' as default
[0.770s] -- Looking for pthread.h
[0.822s] -- Looking for pthread.h - found
[0.822s] -- Performing Test CMAKE_HAVE_LIBC_PTHREAD
[0.871s] -- Performing Test CMAKE_HAVE_LIBC_PTHREAD - Success
[0.872s] -- Found Threads: TRUE  
[0.931s] -- Found nav_msgs: 4.2.4 (/opt/ros/humble/share/nav_msgs/cmake)
[0.955s] -- Found sensor_msgs: 4.2.4 (/opt/ros/humble/share/sensor_msgs/cmake)
[0.969s] -- Found trajectory_msgs: 4.2.4 (/opt/ros/humble/share/trajectory_msgs/cmake)
[0.983s] -- Found tf2_ros: 0.25.8 (/opt/ros/humble/share/tf2_ros/cmake)
[1.071s] -- Found tf2_geometry_msgs: 0.25.8 (/opt/ros/humble/share/tf2_geometry_msgs/cmake)
[1.087s] -- Found eigen3_cmake_module: 0.1.1 (/opt/ros/humble/share/eigen3_cmake_module/cmake)
[1.088s] -- Found Eigen3: TRUE (found version "3.4.0") 
[1.088s] -- Ensuring Eigen3 include directory is part of orocos-kdl CMake target
[1.143s] -- Configuring done
[1.162s] -- Generating done
[1.164s] -- Build files have been written to: /home/charbel/mpo500_ws/src/build/neo_kinematics_mecanum2
[1.174s] Invoked command in '/home/charbel/mpo500_ws/src/build/neo_kinematics_mecanum2' returned '0': CMAKE_PREFIX_PATH=${CMAKE_PREFIX_PATH}:/opt/ros/humble /usr/bin/cmake /home/charbel/mpo500_ws/src/neo_kinematics_mecanum2 -DCMAKE_INSTALL_PREFIX=/home/charbel/mpo500_ws/src/install/neo_kinematics_mecanum2
[1.175s] Invoking command in '/home/charbel/mpo500_ws/src/build/neo_kinematics_mecanum2': CMAKE_PREFIX_PATH=${CMAKE_PREFIX_PATH}:/opt/ros/humble /usr/bin/cmake --build /home/charbel/mpo500_ws/src/build/neo_kinematics_mecanum2 -- -j16 -l16
[1.222s] [ 25%] [32mBuilding CXX object CMakeFiles/neo_kinematics_mecanum2.dir/common/src/Mecanum4WKinematics.cpp.o[0m
[4.776s] [ 50%] [32m[1mLinking CXX static library libneo_kinematics_mecanum2.a[0m
[4.848s] [ 50%] Built target neo_kinematics_mecanum2
[4.892s] [ 75%] [32mBuilding CXX object CMakeFiles/neo_mecanum_node.dir/ros/src/neo_kinematics_mecanum_node.cpp.o[0m
[14.003s] [100%] [32m[1mLinking CXX executable neo_mecanum_node[0m
[14.516s] [100%] Built target neo_mecanum_node
[14.525s] Invoked command in '/home/charbel/mpo500_ws/src/build/neo_kinematics_mecanum2' returned '0': CMAKE_PREFIX_PATH=${CMAKE_PREFIX_PATH}:/opt/ros/humble /usr/bin/cmake --build /home/charbel/mpo500_ws/src/build/neo_kinematics_mecanum2 -- -j16 -l16
[14.544s] Invoking command in '/home/charbel/mpo500_ws/src/build/neo_kinematics_mecanum2': CMAKE_PREFIX_PATH=${CMAKE_PREFIX_PATH}:/opt/ros/humble /usr/bin/cmake --install /home/charbel/mpo500_ws/src/build/neo_kinematics_mecanum2
[14.550s] -- Install configuration: ""
[14.550s] -- Installing: /home/charbel/mpo500_ws/src/install/neo_kinematics_mecanum2/share/neo_kinematics_mecanum2/environment/library_path.sh
[14.550s] -- Installing: /home/charbel/mpo500_ws/src/install/neo_kinematics_mecanum2/share/neo_kinematics_mecanum2/environment/library_path.dsv
[14.550s] -- Installing: /home/charbel/mpo500_ws/src/install/neo_kinematics_mecanum2/common/include/
[14.551s] -- Installing: /home/charbel/mpo500_ws/src/install/neo_kinematics_mecanum2/common/include//Kinematics.h
[14.551s] -- Installing: /home/charbel/mpo500_ws/src/install/neo_kinematics_mecanum2/common/include//MecanumKinematics.h
[14.551s] -- Installing: /home/charbel/mpo500_ws/src/install/neo_kinematics_mecanum2/lib/neo_kinematics_mecanum2/neo_mecanum_node
[14.555s] -- Set runtime path of "/home/charbel/mpo500_ws/src/install/neo_kinematics_mecanum2/lib/neo_kinematics_mecanum2/neo_mecanum_node" to ""
[14.555s] -- Installing: /home/charbel/mpo500_ws/src/install/neo_kinematics_mecanum2/share/neo_kinematics_mecanum2/launch
[14.555s] -- Installing: /home/charbel/mpo500_ws/src/install/neo_kinematics_mecanum2/share/neo_kinematics_mecanum2/launch/test_setup.launch.py
[14.555s] -- Installing: /home/charbel/mpo500_ws/src/install/neo_kinematics_mecanum2/share/neo_kinematics_mecanum2/launch/test_setup.yaml
[14.556s] -- Installing: /home/charbel/mpo500_ws/src/install/neo_kinematics_mecanum2/share/ament_index/resource_index/package_run_dependencies/neo_kinematics_mecanum2
[14.556s] -- Installing: /home/charbel/mpo500_ws/src/install/neo_kinematics_mecanum2/share/ament_index/resource_index/parent_prefix_path/neo_kinematics_mecanum2
[14.556s] -- Installing: /home/charbel/mpo500_ws/src/install/neo_kinematics_mecanum2/share/neo_kinematics_mecanum2/environment/ament_prefix_path.sh
[14.556s] -- Installing: /home/charbel/mpo500_ws/src/install/neo_kinematics_mecanum2/share/neo_kinematics_mecanum2/environment/ament_prefix_path.dsv
[14.556s] -- Installing: /home/charbel/mpo500_ws/src/install/neo_kinematics_mecanum2/share/neo_kinematics_mecanum2/environment/path.sh
[14.556s] -- Installing: /home/charbel/mpo500_ws/src/install/neo_kinematics_mecanum2/share/neo_kinematics_mecanum2/environment/path.dsv
[14.556s] -- Installing: /home/charbel/mpo500_ws/src/install/neo_kinematics_mecanum2/share/neo_kinematics_mecanum2/local_setup.bash
[14.557s] -- Installing: /home/charbel/mpo500_ws/src/install/neo_kinematics_mecanum2/share/neo_kinematics_mecanum2/local_setup.sh
[14.557s] -- Installing: /home/charbel/mpo500_ws/src/install/neo_kinematics_mecanum2/share/neo_kinematics_mecanum2/local_setup.zsh
[14.557s] -- Installing: /home/charbel/mpo500_ws/src/install/neo_kinematics_mecanum2/share/neo_kinematics_mecanum2/local_setup.dsv
[14.557s] -- Installing: /home/charbel/mpo500_ws/src/install/neo_kinematics_mecanum2/share/neo_kinematics_mecanum2/package.dsv
[14.557s] -- Installing: /home/charbel/mpo500_ws/src/install/neo_kinematics_mecanum2/share/ament_index/resource_index/packages/neo_kinematics_mecanum2
[14.558s] -- Installing: /home/charbel/mpo500_ws/src/install/neo_kinematics_mecanum2/share/neo_kinematics_mecanum2/cmake/ament_cmake_export_dependencies-extras.cmake
[14.558s] -- Installing: /home/charbel/mpo500_ws/src/install/neo_kinematics_mecanum2/share/neo_kinematics_mecanum2/cmake/ament_cmake_export_include_directories-extras.cmake
[14.558s] -- Installing: /home/charbel/mpo500_ws/src/install/neo_kinematics_mecanum2/share/neo_kinematics_mecanum2/cmake/ament_cmake_export_libraries-extras.cmake
[14.558s] -- Installing: /home/charbel/mpo500_ws/src/install/neo_kinematics_mecanum2/share/neo_kinematics_mecanum2/cmake/neo_kinematics_mecanum2Config.cmake
[14.559s] -- Installing: /home/charbel/mpo500_ws/src/install/neo_kinematics_mecanum2/share/neo_kinematics_mecanum2/cmake/neo_kinematics_mecanum2Config-version.cmake
[14.559s] -- Installing: /home/charbel/mpo500_ws/src/install/neo_kinematics_mecanum2/share/neo_kinematics_mecanum2/package.xml
[14.561s] Invoked command in '/home/charbel/mpo500_ws/src/build/neo_kinematics_mecanum2' returned '0': CMAKE_PREFIX_PATH=${CMAKE_PREFIX_PATH}:/opt/ros/humble /usr/bin/cmake --install /home/charbel/mpo500_ws/src/build/neo_kinematics_mecanum2
