[0.019s] Invoking command in '/home/charbel/mpo500_ws/build/neo_teleop2': CMAKE_PREFIX_PATH=${CMAKE_PREFIX_PATH}:/opt/ros/humble /usr/bin/cmake /home/charbel/mpo500_ws/src/neo_teleop2 -DCMAKE_INSTALL_PREFIX=/home/charbel/mpo500_ws/install/neo_teleop2
[0.079s] -- The C compiler identification is GNU 11.4.0
[0.131s] -- The CXX compiler identification is GNU 11.4.0
[0.137s] -- Detecting C compiler ABI info
[0.178s] -- Detecting C compiler ABI info - done
[0.184s] -- Check for working C compiler: /usr/bin/cc - skipped
[0.184s] -- Detecting C compile features
[0.185s] -- Detecting C compile features - done
[0.188s] -- Detecting CXX compiler ABI info
[0.238s] -- Detecting CXX compiler ABI info - done
[0.246s] -- Check for working CXX compiler: /usr/bin/c++ - skipped
[0.247s] -- Detecting CXX compile features
[0.247s] -- Detecting CXX compile features - done
[0.248s] -- Found ament_cmake: 1.3.10 (/opt/ros/humble/share/ament_cmake/cmake)
[0.349s] -- Found Python3: /usr/bin/python3 (found version "3.10.12") found components: Interpreter 
[0.406s] -- Found rclcpp: 16.0.10 (/opt/ros/humble/share/rclcpp/cmake)
[0.433s] -- Found rosidl_generator_c: 3.1.5 (/opt/ros/humble/share/rosidl_generator_c/cmake)
[0.436s] -- Found rosidl_adapter: 3.1.5 (/opt/ros/humble/share/rosidl_adapter/cmake)
[0.441s] -- Found rosidl_generator_cpp: 3.1.5 (/opt/ros/humble/share/rosidl_generator_cpp/cmake)
[0.449s] -- Using all available rosidl_typesupport_c: rosidl_typesupport_fastrtps_c;rosidl_typesupport_introspection_c
[0.461s] -- Using all available rosidl_typesupport_cpp: rosidl_typesupport_fastrtps_cpp;rosidl_typesupport_introspection_cpp
[0.489s] -- Found rmw_implementation_cmake: 6.1.2 (/opt/ros/humble/share/rmw_implementation_cmake/cmake)
[0.491s] -- Found rmw_fastrtps_cpp: 6.2.7 (/opt/ros/humble/share/rmw_fastrtps_cpp/cmake)
[0.547s] -- Found OpenSSL: /usr/lib/x86_64-linux-gnu/libcrypto.so (found version "3.0.2")  
[0.566s] -- Found FastRTPS: /opt/ros/humble/include  
[0.593s] -- Using RMW implementation 'rmw_fastrtps_cpp' as default
[0.598s] -- Looking for pthread.h
[0.647s] -- Looking for pthread.h - found
[0.647s] -- Performing Test CMAKE_HAVE_LIBC_PTHREAD
[0.697s] -- Performing Test CMAKE_HAVE_LIBC_PTHREAD - Success
[0.698s] -- Found Threads: TRUE  
[0.738s] -- Found rclcpp_action: 16.0.10 (/opt/ros/humble/share/rclcpp_action/cmake)
[0.760s] -- Found rclcpp_lifecycle: 16.0.10 (/opt/ros/humble/share/rclcpp_lifecycle/cmake)
[0.773s] -- Found sensor_msgs: 4.2.4 (/opt/ros/humble/share/sensor_msgs/cmake)
[0.793s] -- Found trajectory_msgs: 4.2.4 (/opt/ros/humble/share/trajectory_msgs/cmake)
[0.852s] -- Configuring done
[0.858s] -- Generating done
[0.859s] -- Build files have been written to: /home/charbel/mpo500_ws/build/neo_teleop2
[0.865s] Invoked command in '/home/charbel/mpo500_ws/build/neo_teleop2' returned '0': CMAKE_PREFIX_PATH=${CMAKE_PREFIX_PATH}:/opt/ros/humble /usr/bin/cmake /home/charbel/mpo500_ws/src/neo_teleop2 -DCMAKE_INSTALL_PREFIX=/home/charbel/mpo500_ws/install/neo_teleop2
[0.867s] Invoking command in '/home/charbel/mpo500_ws/build/neo_teleop2': CMAKE_PREFIX_PATH=${CMAKE_PREFIX_PATH}:/opt/ros/humble /usr/bin/cmake --build /home/charbel/mpo500_ws/build/neo_teleop2 -- -j16 -l16
[0.900s] [ 50%] [32mBuilding CXX object CMakeFiles/neo_teleop2_node.dir/src/neo_teleop.cpp.o[0m
[7.143s] [100%] [32m[1mLinking CXX executable neo_teleop2_node[0m
[7.403s] [100%] Built target neo_teleop2_node
[7.414s] Invoked command in '/home/charbel/mpo500_ws/build/neo_teleop2' returned '0': CMAKE_PREFIX_PATH=${CMAKE_PREFIX_PATH}:/opt/ros/humble /usr/bin/cmake --build /home/charbel/mpo500_ws/build/neo_teleop2 -- -j16 -l16
[7.436s] Invoking command in '/home/charbel/mpo500_ws/build/neo_teleop2': CMAKE_PREFIX_PATH=${CMAKE_PREFIX_PATH}:/opt/ros/humble /usr/bin/cmake --install /home/charbel/mpo500_ws/build/neo_teleop2
[7.442s] -- Install configuration: ""
[7.442s] -- Installing: /home/charbel/mpo500_ws/install/neo_teleop2/lib/neo_teleop2/neo_teleop2_node
[7.444s] -- Set runtime path of "/home/charbel/mpo500_ws/install/neo_teleop2/lib/neo_teleop2/neo_teleop2_node" to ""
[7.444s] -- Installing: /home/charbel/mpo500_ws/install/neo_teleop2/share/neo_teleop2/launch
[7.444s] -- Installing: /home/charbel/mpo500_ws/install/neo_teleop2/share/neo_teleop2/launch/teleop.launch.py
[7.444s] -- Installing: /home/charbel/mpo500_ws/install/neo_teleop2/share/neo_teleop2/launch/default.yaml
[7.444s] -- Installing: /home/charbel/mpo500_ws/install/neo_teleop2/share/ament_index/resource_index/package_run_dependencies/neo_teleop2
[7.444s] -- Installing: /home/charbel/mpo500_ws/install/neo_teleop2/share/ament_index/resource_index/parent_prefix_path/neo_teleop2
[7.444s] -- Installing: /home/charbel/mpo500_ws/install/neo_teleop2/share/neo_teleop2/environment/ament_prefix_path.sh
[7.444s] -- Installing: /home/charbel/mpo500_ws/install/neo_teleop2/share/neo_teleop2/environment/ament_prefix_path.dsv
[7.444s] -- Installing: /home/charbel/mpo500_ws/install/neo_teleop2/share/neo_teleop2/environment/path.sh
[7.444s] -- Installing: /home/charbel/mpo500_ws/install/neo_teleop2/share/neo_teleop2/environment/path.dsv
[7.444s] -- Installing: /home/charbel/mpo500_ws/install/neo_teleop2/share/neo_teleop2/local_setup.bash
[7.444s] -- Installing: /home/charbel/mpo500_ws/install/neo_teleop2/share/neo_teleop2/local_setup.sh
[7.444s] -- Installing: /home/charbel/mpo500_ws/install/neo_teleop2/share/neo_teleop2/local_setup.zsh
[7.444s] -- Installing: /home/charbel/mpo500_ws/install/neo_teleop2/share/neo_teleop2/local_setup.dsv
[7.445s] -- Installing: /home/charbel/mpo500_ws/install/neo_teleop2/share/neo_teleop2/package.dsv
[7.445s] -- Installing: /home/charbel/mpo500_ws/install/neo_teleop2/share/ament_index/resource_index/packages/neo_teleop2
[7.445s] -- Installing: /home/charbel/mpo500_ws/install/neo_teleop2/share/neo_teleop2/cmake/neo_teleop2Config.cmake
[7.445s] -- Installing: /home/charbel/mpo500_ws/install/neo_teleop2/share/neo_teleop2/cmake/neo_teleop2Config-version.cmake
[7.445s] -- Installing: /home/charbel/mpo500_ws/install/neo_teleop2/share/neo_teleop2/package.xml
[7.446s] Invoked command in '/home/charbel/mpo500_ws/build/neo_teleop2' returned '0': CMAKE_PREFIX_PATH=${CMAKE_PREFIX_PATH}:/opt/ros/humble /usr/bin/cmake --install /home/charbel/mpo500_ws/build/neo_teleop2
