[0.013s] Invoking command in '/home/charbel/mpo500_ws/build/neo_relayboard_v2-2': CMAKE_PREFIX_PATH=/home/charbel/mpo500_ws/install/neo_srvs2:/home/charbel/mpo500_ws/install/neo_msgs2:/home/charbel/mpo500_ws/install/neo_common2:/home/charbel/mpo500_ws/install/topic_subscriber:/home/charbel/mpo500_ws/install/topic_publisher:/home/charbel/mpo500_ws/install/robot_controller:/home/charbel/mpo500_ws/install/neo_teleop2:/home/charbel/mpo500_ws/install/neo_relayboard_v2-2:/home/charbel/mpo500_ws/install/neo_simulation2:/home/charbel/mpo500_ws/install/neo_mpo_500-2:/home/charbel/mpo500_ws/install/neo_nav2_bringup:/home/charbel/mpo500_ws/install/neo_kinematics_mecanum2:/opt/ros/humble LD_LIBRARY_PATH=/home/charbel/mpo500_ws/install/neo_srvs2/lib:/home/charbel/mpo500_ws/install/neo_msgs2/lib:/home/charbel/mpo500_ws/install/neo_relayboard_v2-2/lib:/home/charbel/mpo500_ws/install/neo_kinematics_mecanum2/lib:/usr/lib/x86_64-linux-gnu/gazebo-11/plugins:/opt/ros/humble/opt/rviz_ogre_vendor/lib:/opt/ros/humble/lib/x86_64-linux-gnu:/opt/ros/humble/lib /usr/bin/cmake /home/charbel/mpo500_ws/src/neo_relayboard_v2-2 -DCMAKE_INSTALL_PREFIX=/home/charbel/mpo500_ws/install/neo_relayboard_v2-2
[0.087s] -- The C compiler identification is GNU 11.4.0
[0.185s] -- The CXX compiler identification is GNU 11.4.0
[0.192s] -- Detecting C compiler ABI info
[0.301s] -- Detecting C compiler ABI info - done
[0.312s] -- Check for working C compiler: /usr/bin/cc - skipped
[0.313s] -- Detecting C compile features
[0.313s] -- Detecting C compile features - done
[0.317s] -- Detecting CXX compiler ABI info
[0.407s] -- Detecting CXX compiler ABI info - done
[0.413s] -- Check for working CXX compiler: /usr/bin/c++ - skipped
[0.413s] -- Detecting CXX compile features
[0.413s] -- Detecting CXX compile features - done
[0.416s] -- Found ament_cmake: 1.3.10 (/opt/ros/humble/share/ament_cmake/cmake)
[0.554s] -- Found Python3: /usr/bin/python3 (found version "3.10.12") found components: Interpreter 
[0.628s] -- Found rclcpp: 16.0.10 (/opt/ros/humble/share/rclcpp/cmake)
[0.658s] -- Found rosidl_generator_c: 3.1.5 (/opt/ros/humble/share/rosidl_generator_c/cmake)
[0.661s] -- Found rosidl_adapter: 3.1.5 (/opt/ros/humble/share/rosidl_adapter/cmake)
[0.668s] -- Found rosidl_generator_cpp: 3.1.5 (/opt/ros/humble/share/rosidl_generator_cpp/cmake)
[0.676s] -- Using all available rosidl_typesupport_c: rosidl_typesupport_fastrtps_c;rosidl_typesupport_introspection_c
[0.687s] -- Using all available rosidl_typesupport_cpp: rosidl_typesupport_fastrtps_cpp;rosidl_typesupport_introspection_cpp
[0.718s] -- Found rmw_implementation_cmake: 6.1.2 (/opt/ros/humble/share/rmw_implementation_cmake/cmake)
[0.720s] -- Found rmw_fastrtps_cpp: 6.2.7 (/opt/ros/humble/share/rmw_fastrtps_cpp/cmake)
[0.877s] -- Found OpenSSL: /usr/lib/x86_64-linux-gnu/libcrypto.so (found version "3.0.2")  
[0.909s] -- Found FastRTPS: /opt/ros/humble/include  
[0.938s] -- Using RMW implementation 'rmw_fastrtps_cpp' as default
[0.945s] -- Looking for pthread.h
[1.076s] -- Looking for pthread.h - found
[1.077s] -- Performing Test CMAKE_HAVE_LIBC_PTHREAD
[1.275s] -- Performing Test CMAKE_HAVE_LIBC_PTHREAD - Success
[1.276s] -- Found Threads: TRUE  
[1.327s] -- Found rclcpp_action: 16.0.10 (/opt/ros/humble/share/rclcpp_action/cmake)
[1.351s] -- Found rclcpp_lifecycle: 16.0.10 (/opt/ros/humble/share/rclcpp_lifecycle/cmake)
[1.365s] -- Found sensor_msgs: 4.2.4 (/opt/ros/humble/share/sensor_msgs/cmake)
[1.385s] -- Found trajectory_msgs: 4.2.4 (/opt/ros/humble/share/trajectory_msgs/cmake)
[1.395s] -- Found neo_srvs2: 0.1.0 (/home/charbel/mpo500_ws/install/neo_srvs2/share/neo_srvs2/cmake)
[1.416s] -- Found std_srvs: 4.2.4 (/opt/ros/humble/share/std_srvs/cmake)
[1.470s] -- Configuring done
[1.480s] -- Generating done
[1.480s] -- Build files have been written to: /home/charbel/mpo500_ws/build/neo_relayboard_v2-2
[1.488s] Invoked command in '/home/charbel/mpo500_ws/build/neo_relayboard_v2-2' returned '0': CMAKE_PREFIX_PATH=/home/charbel/mpo500_ws/install/neo_srvs2:/home/charbel/mpo500_ws/install/neo_msgs2:/home/charbel/mpo500_ws/install/neo_common2:/home/charbel/mpo500_ws/install/topic_subscriber:/home/charbel/mpo500_ws/install/topic_publisher:/home/charbel/mpo500_ws/install/robot_controller:/home/charbel/mpo500_ws/install/neo_teleop2:/home/charbel/mpo500_ws/install/neo_relayboard_v2-2:/home/charbel/mpo500_ws/install/neo_simulation2:/home/charbel/mpo500_ws/install/neo_mpo_500-2:/home/charbel/mpo500_ws/install/neo_nav2_bringup:/home/charbel/mpo500_ws/install/neo_kinematics_mecanum2:/opt/ros/humble LD_LIBRARY_PATH=/home/charbel/mpo500_ws/install/neo_srvs2/lib:/home/charbel/mpo500_ws/install/neo_msgs2/lib:/home/charbel/mpo500_ws/install/neo_relayboard_v2-2/lib:/home/charbel/mpo500_ws/install/neo_kinematics_mecanum2/lib:/usr/lib/x86_64-linux-gnu/gazebo-11/plugins:/opt/ros/humble/opt/rviz_ogre_vendor/lib:/opt/ros/humble/lib/x86_64-linux-gnu:/opt/ros/humble/lib /usr/bin/cmake /home/charbel/mpo500_ws/src/neo_relayboard_v2-2 -DCMAKE_INSTALL_PREFIX=/home/charbel/mpo500_ws/install/neo_relayboard_v2-2
[1.488s] Invoking command in '/home/charbel/mpo500_ws/build/neo_relayboard_v2-2': CMAKE_PREFIX_PATH=/home/charbel/mpo500_ws/install/neo_srvs2:/home/charbel/mpo500_ws/install/neo_msgs2:/home/charbel/mpo500_ws/install/neo_common2:/home/charbel/mpo500_ws/install/topic_subscriber:/home/charbel/mpo500_ws/install/topic_publisher:/home/charbel/mpo500_ws/install/robot_controller:/home/charbel/mpo500_ws/install/neo_teleop2:/home/charbel/mpo500_ws/install/neo_relayboard_v2-2:/home/charbel/mpo500_ws/install/neo_simulation2:/home/charbel/mpo500_ws/install/neo_mpo_500-2:/home/charbel/mpo500_ws/install/neo_nav2_bringup:/home/charbel/mpo500_ws/install/neo_kinematics_mecanum2:/opt/ros/humble LD_LIBRARY_PATH=/home/charbel/mpo500_ws/install/neo_srvs2/lib:/home/charbel/mpo500_ws/install/neo_msgs2/lib:/home/charbel/mpo500_ws/install/neo_relayboard_v2-2/lib:/home/charbel/mpo500_ws/install/neo_kinematics_mecanum2/lib:/usr/lib/x86_64-linux-gnu/gazebo-11/plugins:/opt/ros/humble/opt/rviz_ogre_vendor/lib:/opt/ros/humble/lib/x86_64-linux-gnu:/opt/ros/humble/lib /usr/bin/cmake --build /home/charbel/mpo500_ws/build/neo_relayboard_v2-2 -- -j16 -l16
[1.571s] [ 14%] [32mBuilding CXX object CMakeFiles/neo_relayboard_v2-2.dir/common/src/NeoRelayBoardNode.cpp.o[0m
[1.572s] [ 28%] [32mBuilding CXX object CMakeFiles/neo_relayboard_v2-2.dir/common/src/SerialIO.cpp.o[0m
[1.579s] [ 42%] [32mBuilding CXX object CMakeFiles/neo_relayboard_v2-2.dir/common/src/StrUtil.cpp.o[0m
[1.582s] [ 57%] [32mBuilding CXX object CMakeFiles/neo_relayboard_v2-2.dir/common/src/RelayBoardClient.cpp.o[0m
[1.806s] [01m[K/home/charbel/mpo500_ws/src/neo_relayboard_v2-2/common/src/SerialIO.cpp:[m[K In member function ‘[01m[Kint SerialIO::openIO()[m[K’:
[1.806s] [01m[K/home/charbel/mpo500_ws/src/neo_relayboard_v2-2/common/src/SerialIO.cpp:231:39:[m[K [01;35m[Kwarning: [m[Kthis statement may fall through [[01;35m[K]8;;https://gcc.gnu.org/onlinedocs/gcc/Warning-Options.html#index-Wimplicit-fallthrough=-Wimplicit-fallthrough=]8;;[m[K]
[1.806s]   231 |                         m_tio.c_cflag [01;35m[K|[m[K= PARODD;
[1.806s]       |                                       [01;35m[K^[m[K
[1.806s] [01m[K/home/charbel/mpo500_ws/src/neo_relayboard_v2-2/common/src/SerialIO.cpp:234:17:[m[K [01;36m[Knote: [m[Khere
[1.806s]   234 |                 [01;36m[Kcase[m[K PA_EVEN:
[1.806s]       |                 [01;36m[K^~~~[m[K
[2.958s] [01m[K/home/charbel/mpo500_ws/src/neo_relayboard_v2-2/common/src/RelayBoardClient.cpp:[m[K In member function ‘[01m[Kvoid RelayBoardClient::writeLCD(const string&)[m[K’:
[2.958s] [01m[K/home/charbel/mpo500_ws/src/neo_relayboard_v2-2/common/src/RelayBoardClient.cpp:763:23:[m[K [01;35m[Kwarning: [m[Kcomparison of integer expressions of different signedness: ‘[01m[Kint[m[K’ and ‘[01m[Kstd::__cxx11::basic_string<char>::size_type[m[K’ {aka ‘[01m[Klong unsigned int[m[K’} [[01;35m[K]8;;https://gcc.gnu.org/onlinedocs/gcc/Warning-Options.html#index-Wsign-compare-Wsign-compare]8;;[m[K]
[2.958s]   763 |                 if ([01;35m[Ki < sText.size()[m[K)
[2.958s]       |                     [01;35m[K~~^~~~~~~~~~~~~~[m[K
[10.547s] [ 71%] [32m[1mLinking CXX static library libneo_relayboard_v2-2.a[0m
[10.701s] [ 71%] Built target neo_relayboard_v2-2
[10.725s] [ 85%] [32mBuilding CXX object CMakeFiles/neo_relayboard_node.dir/src/neo_relayboard_v2_node.cpp.o[0m
[12.581s] [100%] [32m[1mLinking CXX executable neo_relayboard_node[0m
[13.048s] [100%] Built target neo_relayboard_node
[13.057s] Invoked command in '/home/charbel/mpo500_ws/build/neo_relayboard_v2-2' returned '0': CMAKE_PREFIX_PATH=/home/charbel/mpo500_ws/install/neo_srvs2:/home/charbel/mpo500_ws/install/neo_msgs2:/home/charbel/mpo500_ws/install/neo_common2:/home/charbel/mpo500_ws/install/topic_subscriber:/home/charbel/mpo500_ws/install/topic_publisher:/home/charbel/mpo500_ws/install/robot_controller:/home/charbel/mpo500_ws/install/neo_teleop2:/home/charbel/mpo500_ws/install/neo_relayboard_v2-2:/home/charbel/mpo500_ws/install/neo_simulation2:/home/charbel/mpo500_ws/install/neo_mpo_500-2:/home/charbel/mpo500_ws/install/neo_nav2_bringup:/home/charbel/mpo500_ws/install/neo_kinematics_mecanum2:/opt/ros/humble LD_LIBRARY_PATH=/home/charbel/mpo500_ws/install/neo_srvs2/lib:/home/charbel/mpo500_ws/install/neo_msgs2/lib:/home/charbel/mpo500_ws/install/neo_relayboard_v2-2/lib:/home/charbel/mpo500_ws/install/neo_kinematics_mecanum2/lib:/usr/lib/x86_64-linux-gnu/gazebo-11/plugins:/opt/ros/humble/opt/rviz_ogre_vendor/lib:/opt/ros/humble/lib/x86_64-linux-gnu:/opt/ros/humble/lib /usr/bin/cmake --build /home/charbel/mpo500_ws/build/neo_relayboard_v2-2 -- -j16 -l16
[13.104s] Invoking command in '/home/charbel/mpo500_ws/build/neo_relayboard_v2-2': CMAKE_PREFIX_PATH=/home/charbel/mpo500_ws/install/neo_srvs2:/home/charbel/mpo500_ws/install/neo_msgs2:/home/charbel/mpo500_ws/install/neo_common2:/home/charbel/mpo500_ws/install/topic_subscriber:/home/charbel/mpo500_ws/install/topic_publisher:/home/charbel/mpo500_ws/install/robot_controller:/home/charbel/mpo500_ws/install/neo_teleop2:/home/charbel/mpo500_ws/install/neo_relayboard_v2-2:/home/charbel/mpo500_ws/install/neo_simulation2:/home/charbel/mpo500_ws/install/neo_mpo_500-2:/home/charbel/mpo500_ws/install/neo_nav2_bringup:/home/charbel/mpo500_ws/install/neo_kinematics_mecanum2:/opt/ros/humble LD_LIBRARY_PATH=/home/charbel/mpo500_ws/install/neo_srvs2/lib:/home/charbel/mpo500_ws/install/neo_msgs2/lib:/home/charbel/mpo500_ws/install/neo_relayboard_v2-2/lib:/home/charbel/mpo500_ws/install/neo_kinematics_mecanum2/lib:/usr/lib/x86_64-linux-gnu/gazebo-11/plugins:/opt/ros/humble/opt/rviz_ogre_vendor/lib:/opt/ros/humble/lib/x86_64-linux-gnu:/opt/ros/humble/lib /usr/bin/cmake --install /home/charbel/mpo500_ws/build/neo_relayboard_v2-2
[13.110s] -- Install configuration: ""
[13.110s] -- Installing: /home/charbel/mpo500_ws/install/neo_relayboard_v2-2/share/neo_relayboard_v2-2/environment/library_path.sh
[13.110s] -- Installing: /home/charbel/mpo500_ws/install/neo_relayboard_v2-2/share/neo_relayboard_v2-2/environment/library_path.dsv
[13.110s] -- Installing: /home/charbel/mpo500_ws/install/neo_relayboard_v2-2/common/include/
[13.110s] -- Installing: /home/charbel/mpo500_ws/install/neo_relayboard_v2-2/common/include//Mutex.h
[13.110s] -- Installing: /home/charbel/mpo500_ws/install/neo_relayboard_v2-2/common/include//RelayBoardClient.h
[13.110s] -- Installing: /home/charbel/mpo500_ws/install/neo_relayboard_v2-2/common/include//SerialIO.h
[13.110s] -- Installing: /home/charbel/mpo500_ws/install/neo_relayboard_v2-2/common/include//NeoRelayBoardNode.h
[13.110s] -- Installing: /home/charbel/mpo500_ws/install/neo_relayboard_v2-2/common/include//DriveParam.h
[13.110s] -- Installing: /home/charbel/mpo500_ws/install/neo_relayboard_v2-2/common/include//StrUtil.h
[13.110s] -- Installing: /home/charbel/mpo500_ws/install/neo_relayboard_v2-2/lib/neo_relayboard_v2-2/neo_relayboard_node
[13.115s] -- Set runtime path of "/home/charbel/mpo500_ws/install/neo_relayboard_v2-2/lib/neo_relayboard_v2-2/neo_relayboard_node" to ""
[13.115s] -- Installing: /home/charbel/mpo500_ws/install/neo_relayboard_v2-2/share/neo_relayboard_v2-2/launch
[13.115s] -- Installing: /home/charbel/mpo500_ws/install/neo_relayboard_v2-2/share/neo_relayboard_v2-2/launch/neo_relayboard_v2.launch.py
[13.115s] -- Installing: /home/charbel/mpo500_ws/install/neo_relayboard_v2-2/share/neo_relayboard_v2-2/launch/neo_relayboard_v2.yaml
[13.115s] -- Installing: /home/charbel/mpo500_ws/install/neo_relayboard_v2-2/share/ament_index/resource_index/package_run_dependencies/neo_relayboard_v2-2
[13.115s] -- Installing: /home/charbel/mpo500_ws/install/neo_relayboard_v2-2/share/ament_index/resource_index/parent_prefix_path/neo_relayboard_v2-2
[13.115s] -- Installing: /home/charbel/mpo500_ws/install/neo_relayboard_v2-2/share/neo_relayboard_v2-2/environment/ament_prefix_path.sh
[13.115s] -- Installing: /home/charbel/mpo500_ws/install/neo_relayboard_v2-2/share/neo_relayboard_v2-2/environment/ament_prefix_path.dsv
[13.116s] -- Installing: /home/charbel/mpo500_ws/install/neo_relayboard_v2-2/share/neo_relayboard_v2-2/environment/path.sh
[13.116s] -- Installing: /home/charbel/mpo500_ws/install/neo_relayboard_v2-2/share/neo_relayboard_v2-2/environment/path.dsv
[13.116s] -- Installing: /home/charbel/mpo500_ws/install/neo_relayboard_v2-2/share/neo_relayboard_v2-2/local_setup.bash
[13.116s] -- Installing: /home/charbel/mpo500_ws/install/neo_relayboard_v2-2/share/neo_relayboard_v2-2/local_setup.sh
[13.116s] -- Installing: /home/charbel/mpo500_ws/install/neo_relayboard_v2-2/share/neo_relayboard_v2-2/local_setup.zsh
[13.116s] -- Installing: /home/charbel/mpo500_ws/install/neo_relayboard_v2-2/share/neo_relayboard_v2-2/local_setup.dsv
[13.116s] -- Installing: /home/charbel/mpo500_ws/install/neo_relayboard_v2-2/share/neo_relayboard_v2-2/package.dsv
[13.116s] -- Installing: /home/charbel/mpo500_ws/install/neo_relayboard_v2-2/share/ament_index/resource_index/packages/neo_relayboard_v2-2
[13.116s] -- Installing: /home/charbel/mpo500_ws/install/neo_relayboard_v2-2/share/neo_relayboard_v2-2/cmake/ament_cmake_export_dependencies-extras.cmake
[13.116s] -- Installing: /home/charbel/mpo500_ws/install/neo_relayboard_v2-2/share/neo_relayboard_v2-2/cmake/ament_cmake_export_include_directories-extras.cmake
[13.116s] -- Installing: /home/charbel/mpo500_ws/install/neo_relayboard_v2-2/share/neo_relayboard_v2-2/cmake/ament_cmake_export_libraries-extras.cmake
[13.116s] -- Installing: /home/charbel/mpo500_ws/install/neo_relayboard_v2-2/share/neo_relayboard_v2-2/cmake/neo_relayboard_v2-2Config.cmake
[13.116s] -- Installing: /home/charbel/mpo500_ws/install/neo_relayboard_v2-2/share/neo_relayboard_v2-2/cmake/neo_relayboard_v2-2Config-version.cmake
[13.116s] -- Installing: /home/charbel/mpo500_ws/install/neo_relayboard_v2-2/share/neo_relayboard_v2-2/package.xml
[13.119s] Invoked command in '/home/charbel/mpo500_ws/build/neo_relayboard_v2-2' returned '0': CMAKE_PREFIX_PATH=/home/charbel/mpo500_ws/install/neo_srvs2:/home/charbel/mpo500_ws/install/neo_msgs2:/home/charbel/mpo500_ws/install/neo_common2:/home/charbel/mpo500_ws/install/topic_subscriber:/home/charbel/mpo500_ws/install/topic_publisher:/home/charbel/mpo500_ws/install/robot_controller:/home/charbel/mpo500_ws/install/neo_teleop2:/home/charbel/mpo500_ws/install/neo_relayboard_v2-2:/home/charbel/mpo500_ws/install/neo_simulation2:/home/charbel/mpo500_ws/install/neo_mpo_500-2:/home/charbel/mpo500_ws/install/neo_nav2_bringup:/home/charbel/mpo500_ws/install/neo_kinematics_mecanum2:/opt/ros/humble LD_LIBRARY_PATH=/home/charbel/mpo500_ws/install/neo_srvs2/lib:/home/charbel/mpo500_ws/install/neo_msgs2/lib:/home/charbel/mpo500_ws/install/neo_relayboard_v2-2/lib:/home/charbel/mpo500_ws/install/neo_kinematics_mecanum2/lib:/usr/lib/x86_64-linux-gnu/gazebo-11/plugins:/opt/ros/humble/opt/rviz_ogre_vendor/lib:/opt/ros/humble/lib/x86_64-linux-gnu:/opt/ros/humble/lib /usr/bin/cmake --install /home/charbel/mpo500_ws/build/neo_relayboard_v2-2
