[100%] Built target move_robot_node
-- Install configuration: ""
-- Up-to-date: /home/charbel/mpo500_ws/src/install/topic_publisher/lib/topic_publisher/move_robot_node
-- Up-to-date: /home/charbel/mpo500_ws/src/install/topic_publisher/share/topic_publisher//launch
-- Up-to-date: /home/charbel/mpo500_ws/src/install/topic_publisher/share/topic_publisher//launch/move_robot.launch.py
-- Up-to-date: /home/charbel/mpo500_ws/src/install/topic_publisher/share/ament_index/resource_index/package_run_dependencies/topic_publisher
-- Up-to-date: /home/charbel/mpo500_ws/src/install/topic_publisher/share/ament_index/resource_index/parent_prefix_path/topic_publisher
-- Up-to-date: /home/charbel/mpo500_ws/src/install/topic_publisher/share/topic_publisher/environment/ament_prefix_path.sh
-- Up-to-date: /home/charbel/mpo500_ws/src/install/topic_publisher/share/topic_publisher/environment/ament_prefix_path.dsv
-- Up-to-date: /home/charbel/mpo500_ws/src/install/topic_publisher/share/topic_publisher/environment/path.sh
-- Up-to-date: /home/charbel/mpo500_ws/src/install/topic_publisher/share/topic_publisher/environment/path.dsv
-- Up-to-date: /home/charbel/mpo500_ws/src/install/topic_publisher/share/topic_publisher/local_setup.bash
-- Up-to-date: /home/charbel/mpo500_ws/src/install/topic_publisher/share/topic_publisher/local_setup.sh
-- Up-to-date: /home/charbel/mpo500_ws/src/install/topic_publisher/share/topic_publisher/local_setup.zsh
-- Up-to-date: /home/charbel/mpo500_ws/src/install/topic_publisher/share/topic_publisher/local_setup.dsv
-- Installing: /home/charbel/mpo500_ws/src/install/topic_publisher/share/topic_publisher/package.dsv
-- Up-to-date: /home/charbel/mpo500_ws/src/install/topic_publisher/share/ament_index/resource_index/packages/topic_publisher
-- Up-to-date: /home/charbel/mpo500_ws/src/install/topic_publisher/share/topic_publisher/cmake/topic_publisherConfig.cmake
-- Up-to-date: /home/charbel/mpo500_ws/src/install/topic_publisher/share/topic_publisher/cmake/topic_publisherConfig-version.cmake
-- Up-to-date: /home/charbel/mpo500_ws/src/install/topic_publisher/share/topic_publisher/package.xml
