-- Install configuration: ""
-- Up-to-date: /home/charbel/mpo500_ws/install/neo_mpo_500-2/share/neo_mpo_500-2/launch
-- Up-to-date: /home/charbel/mpo500_ws/install/neo_mpo_500-2/share/neo_mpo_500-2/launch/mapping.launch.py
-- Up-to-date: /home/charbel/mpo500_ws/install/neo_mpo_500-2/share/neo_mpo_500-2/launch/navigation.launch.py
-- Up-to-date: /home/charbel/mpo500_ws/install/neo_mpo_500-2/share/neo_mpo_500-2/launch/rviz.launch.py
-- Up-to-date: /home/charbel/mpo500_ws/install/neo_mpo_500-2/share/neo_mpo_500-2/launch/bringup.launch.py
-- Up-to-date: /home/charbel/mpo500_ws/install/neo_mpo_500-2/share/neo_mpo_500-2/configs
-- Up-to-date: /home/charbel/mpo500_ws/install/neo_mpo_500-2/share/neo_mpo_500-2/configs/teleop
-- Up-to-date: /home/charbel/mpo500_ws/install/neo_mpo_500-2/share/neo_mpo_500-2/configs/teleop/teleop.launch.py
-- Up-to-date: /home/charbel/mpo500_ws/install/neo_mpo_500-2/share/neo_mpo_500-2/configs/teleop/teleop.yaml
-- Up-to-date: /home/charbel/mpo500_ws/install/neo_mpo_500-2/share/neo_mpo_500-2/configs/navigation
-- Up-to-date: /home/charbel/mpo500_ws/install/neo_mpo_500-2/share/neo_mpo_500-2/configs/navigation/multi_robot_navigation.yaml
-- Up-to-date: /home/charbel/mpo500_ws/install/neo_mpo_500-2/share/neo_mpo_500-2/configs/navigation/maps
-- Up-to-date: /home/charbel/mpo500_ws/install/neo_mpo_500-2/share/neo_mpo_500-2/configs/navigation/maps/test.yaml
-- Up-to-date: /home/charbel/mpo500_ws/install/neo_mpo_500-2/share/neo_mpo_500-2/configs/navigation/maps/test1.yaml
-- Up-to-date: /home/charbel/mpo500_ws/install/neo_mpo_500-2/share/neo_mpo_500-2/configs/navigation/maps/test.pgm
-- Up-to-date: /home/charbel/mpo500_ws/install/neo_mpo_500-2/share/neo_mpo_500-2/configs/navigation/maps/test1.pgm
-- Up-to-date: /home/charbel/mpo500_ws/install/neo_mpo_500-2/share/neo_mpo_500-2/configs/navigation/behavior_trees
-- Up-to-date: /home/charbel/mpo500_ws/install/neo_mpo_500-2/share/neo_mpo_500-2/configs/navigation/behavior_trees/navigate_to_pose_w_replanning_and_recovery.xml
-- Up-to-date: /home/charbel/mpo500_ws/install/neo_mpo_500-2/share/neo_mpo_500-2/configs/navigation/behavior_trees/navigate_through_poses_w_replanning_and_recovery.xml
-- Up-to-date: /home/charbel/mpo500_ws/install/neo_mpo_500-2/share/neo_mpo_500-2/configs/navigation/mapping.yaml
-- Up-to-date: /home/charbel/mpo500_ws/install/neo_mpo_500-2/share/neo_mpo_500-2/configs/navigation/navigation.yaml
-- Up-to-date: /home/charbel/mpo500_ws/install/neo_mpo_500-2/share/neo_mpo_500-2/configs/relayboard_v2
-- Up-to-date: /home/charbel/mpo500_ws/install/neo_mpo_500-2/share/neo_mpo_500-2/configs/relayboard_v2/relayboard_v2.launch.py
-- Up-to-date: /home/charbel/mpo500_ws/install/neo_mpo_500-2/share/neo_mpo_500-2/configs/relayboard_v2/relayboard_v2.yaml
-- Up-to-date: /home/charbel/mpo500_ws/install/neo_mpo_500-2/share/neo_mpo_500-2/configs/kinematics
-- Up-to-date: /home/charbel/mpo500_ws/install/neo_mpo_500-2/share/neo_mpo_500-2/configs/kinematics/kinematics.yaml
-- Up-to-date: /home/charbel/mpo500_ws/install/neo_mpo_500-2/share/neo_mpo_500-2/configs/kinematics/kinematics.launch.py
-- Up-to-date: /home/charbel/mpo500_ws/install/neo_mpo_500-2/share/neo_mpo_500-2/configs/rviz
-- Up-to-date: /home/charbel/mpo500_ws/install/neo_mpo_500-2/share/neo_mpo_500-2/configs/rviz/test_rviz.rviz
-- Up-to-date: /home/charbel/mpo500_ws/install/neo_mpo_500-2/share/neo_mpo_500-2/configs/phidget_imu
-- Up-to-date: /home/charbel/mpo500_ws/install/neo_mpo_500-2/share/neo_mpo_500-2/configs/phidget_imu/imu.yaml
-- Up-to-date: /home/charbel/mpo500_ws/install/neo_mpo_500-2/share/neo_mpo_500-2/configs/phidget_imu/imu_launch.py
-- Up-to-date: /home/charbel/mpo500_ws/install/neo_mpo_500-2/share/neo_mpo_500-2/configs/ur
-- Up-to-date: /home/charbel/mpo500_ws/install/neo_mpo_500-2/share/neo_mpo_500-2/configs/ur/ur_control.launch.py
-- Up-to-date: /home/charbel/mpo500_ws/install/neo_mpo_500-2/share/neo_mpo_500-2/configs/lidar
-- Up-to-date: /home/charbel/mpo500_ws/install/neo_mpo_500-2/share/neo_mpo_500-2/configs/lidar/sick
-- Up-to-date: /home/charbel/mpo500_ws/install/neo_mpo_500-2/share/neo_mpo_500-2/configs/lidar/sick/microscan3
-- Up-to-date: /home/charbel/mpo500_ws/install/neo_mpo_500-2/share/neo_mpo_500-2/configs/lidar/sick/microscan3/microscan3_2.yaml
-- Up-to-date: /home/charbel/mpo500_ws/install/neo_mpo_500-2/share/neo_mpo_500-2/configs/lidar/sick/microscan3/microscan3_1.yaml
-- Up-to-date: /home/charbel/mpo500_ws/install/neo_mpo_500-2/share/neo_mpo_500-2/configs/lidar/sick/microscan3/sick_microscan3.launch
-- Up-to-date: /home/charbel/mpo500_ws/install/neo_mpo_500-2/share/neo_mpo_500-2/configs/lidar/sick/s300
-- Up-to-date: /home/charbel/mpo500_ws/install/neo_mpo_500-2/share/neo_mpo_500-2/configs/lidar/sick/s300/s300_1.yaml
-- Up-to-date: /home/charbel/mpo500_ws/install/neo_mpo_500-2/share/neo_mpo_500-2/configs/lidar/sick/s300/sick_s300.launch.py
-- Up-to-date: /home/charbel/mpo500_ws/install/neo_mpo_500-2/share/neo_mpo_500-2/configs/lidar/sick/s300/s300_filter_1.yaml
-- Up-to-date: /home/charbel/mpo500_ws/install/neo_mpo_500-2/share/neo_mpo_500-2/configs/lidar/sick/s300/s300_2.yaml
-- Up-to-date: /home/charbel/mpo500_ws/install/neo_mpo_500-2/share/neo_mpo_500-2/configs/lidar/sick/s300/s300_filter_2.yaml
-- Up-to-date: /home/charbel/mpo500_ws/install/neo_mpo_500-2/share/neo_mpo_500-2/configs/realsense
-- Up-to-date: /home/charbel/mpo500_ws/install/neo_mpo_500-2/share/neo_mpo_500-2/configs/realsense/rs_launch.py
-- Up-to-date: /home/charbel/mpo500_ws/install/neo_mpo_500-2/share/neo_mpo_500-2/robot_model
-- Up-to-date: /home/charbel/mpo500_ws/install/neo_mpo_500-2/share/neo_mpo_500-2/robot_model/mpo_500
-- Up-to-date: /home/charbel/mpo500_ws/install/neo_mpo_500-2/share/neo_mpo_500-2/robot_model/mpo_500/meshes
-- Up-to-date: /home/charbel/mpo500_ws/install/neo_mpo_500-2/share/neo_mpo_500-2/robot_model/mpo_500/meshes/SICK-MICROSCAN3.dae
-- Up-to-date: /home/charbel/mpo500_ws/install/neo_mpo_500-2/share/neo_mpo_500-2/robot_model/mpo_500/meshes/SICK-S300.dae
-- Up-to-date: /home/charbel/mpo500_ws/install/neo_mpo_500-2/share/neo_mpo_500-2/robot_model/mpo_500/meshes/MPO-500-BODY.dae
-- Up-to-date: /home/charbel/mpo500_ws/install/neo_mpo_500-2/share/neo_mpo_500-2/robot_model/mpo_500/meshes/cabin.dae
-- Up-to-date: /home/charbel/mpo500_ws/install/neo_mpo_500-2/share/neo_mpo_500-2/robot_model/mpo_500/meshes/MPO-500-WHEEL.dae
-- Up-to-date: /home/charbel/mpo500_ws/install/neo_mpo_500-2/share/neo_mpo_500-2/robot_model/mpo_500/mpo_500.urdf.xacro
-- Up-to-date: /home/charbel/mpo500_ws/install/neo_mpo_500-2/share/ament_index/resource_index/package_run_dependencies/neo_mpo_500-2
-- Up-to-date: /home/charbel/mpo500_ws/install/neo_mpo_500-2/share/ament_index/resource_index/parent_prefix_path/neo_mpo_500-2
-- Up-to-date: /home/charbel/mpo500_ws/install/neo_mpo_500-2/share/neo_mpo_500-2/environment/ament_prefix_path.sh
-- Up-to-date: /home/charbel/mpo500_ws/install/neo_mpo_500-2/share/neo_mpo_500-2/environment/ament_prefix_path.dsv
-- Up-to-date: /home/charbel/mpo500_ws/install/neo_mpo_500-2/share/neo_mpo_500-2/environment/path.sh
-- Up-to-date: /home/charbel/mpo500_ws/install/neo_mpo_500-2/share/neo_mpo_500-2/environment/path.dsv
-- Up-to-date: /home/charbel/mpo500_ws/install/neo_mpo_500-2/share/neo_mpo_500-2/local_setup.bash
-- Up-to-date: /home/charbel/mpo500_ws/install/neo_mpo_500-2/share/neo_mpo_500-2/local_setup.sh
-- Up-to-date: /home/charbel/mpo500_ws/install/neo_mpo_500-2/share/neo_mpo_500-2/local_setup.zsh
-- Up-to-date: /home/charbel/mpo500_ws/install/neo_mpo_500-2/share/neo_mpo_500-2/local_setup.dsv
-- Up-to-date: /home/charbel/mpo500_ws/install/neo_mpo_500-2/share/neo_mpo_500-2/package.dsv
-- Up-to-date: /home/charbel/mpo500_ws/install/neo_mpo_500-2/share/ament_index/resource_index/packages/neo_mpo_500-2
-- Up-to-date: /home/charbel/mpo500_ws/install/neo_mpo_500-2/share/neo_mpo_500-2/cmake/neo_mpo_500-2Config.cmake
-- Up-to-date: /home/charbel/mpo500_ws/install/neo_mpo_500-2/share/neo_mpo_500-2/cmake/neo_mpo_500-2Config-version.cmake
-- Up-to-date: /home/charbel/mpo500_ws/install/neo_mpo_500-2/share/neo_mpo_500-2/package.xml
