[35m[1mConsolidate compiler generated dependencies of target neo_relayboard_v2-2[0m
[ 71%] Built target neo_relayboard_v2-2
[35m[1mConsolidate compiler generated dependencies of target neo_relayboard_node[0m
[100%] Built target neo_relayboard_node
-- Install configuration: ""
-- Up-to-date: /home/charbel/mpo500_ws/install/neo_relayboard_v2-2/share/neo_relayboard_v2-2/environment/library_path.sh
-- Up-to-date: /home/charbel/mpo500_ws/install/neo_relayboard_v2-2/share/neo_relayboard_v2-2/environment/library_path.dsv
-- Up-to-date: /home/charbel/mpo500_ws/install/neo_relayboard_v2-2/common/include/
-- Up-to-date: /home/charbel/mpo500_ws/install/neo_relayboard_v2-2/common/include//Mutex.h
-- Up-to-date: /home/charbel/mpo500_ws/install/neo_relayboard_v2-2/common/include//RelayBoardClient.h
-- Up-to-date: /home/charbel/mpo500_ws/install/neo_relayboard_v2-2/common/include//SerialIO.h
-- Up-to-date: /home/charbel/mpo500_ws/install/neo_relayboard_v2-2/common/include//NeoRelayBoardNode.h
-- Up-to-date: /home/charbel/mpo500_ws/install/neo_relayboard_v2-2/common/include//DriveParam.h
-- Up-to-date: /home/charbel/mpo500_ws/install/neo_relayboard_v2-2/common/include//StrUtil.h
-- Up-to-date: /home/charbel/mpo500_ws/install/neo_relayboard_v2-2/lib/neo_relayboard_v2-2/neo_relayboard_node
-- Up-to-date: /home/charbel/mpo500_ws/install/neo_relayboard_v2-2/share/neo_relayboard_v2-2/launch
-- Up-to-date: /home/charbel/mpo500_ws/install/neo_relayboard_v2-2/share/neo_relayboard_v2-2/launch/neo_relayboard_v2.launch.py
-- Up-to-date: /home/charbel/mpo500_ws/install/neo_relayboard_v2-2/share/neo_relayboard_v2-2/launch/neo_relayboard_v2.yaml
-- Up-to-date: /home/charbel/mpo500_ws/install/neo_relayboard_v2-2/share/ament_index/resource_index/package_run_dependencies/neo_relayboard_v2-2
-- Up-to-date: /home/charbel/mpo500_ws/install/neo_relayboard_v2-2/share/ament_index/resource_index/parent_prefix_path/neo_relayboard_v2-2
-- Up-to-date: /home/charbel/mpo500_ws/install/neo_relayboard_v2-2/share/neo_relayboard_v2-2/environment/ament_prefix_path.sh
-- Up-to-date: /home/charbel/mpo500_ws/install/neo_relayboard_v2-2/share/neo_relayboard_v2-2/environment/ament_prefix_path.dsv
-- Up-to-date: /home/charbel/mpo500_ws/install/neo_relayboard_v2-2/share/neo_relayboard_v2-2/environment/path.sh
-- Up-to-date: /home/charbel/mpo500_ws/install/neo_relayboard_v2-2/share/neo_relayboard_v2-2/environment/path.dsv
-- Up-to-date: /home/charbel/mpo500_ws/install/neo_relayboard_v2-2/share/neo_relayboard_v2-2/local_setup.bash
-- Up-to-date: /home/charbel/mpo500_ws/install/neo_relayboard_v2-2/share/neo_relayboard_v2-2/local_setup.sh
-- Up-to-date: /home/charbel/mpo500_ws/install/neo_relayboard_v2-2/share/neo_relayboard_v2-2/local_setup.zsh
-- Up-to-date: /home/charbel/mpo500_ws/install/neo_relayboard_v2-2/share/neo_relayboard_v2-2/local_setup.dsv
-- Installing: /home/charbel/mpo500_ws/install/neo_relayboard_v2-2/share/neo_relayboard_v2-2/package.dsv
-- Up-to-date: /home/charbel/mpo500_ws/install/neo_relayboard_v2-2/share/ament_index/resource_index/packages/neo_relayboard_v2-2
-- Up-to-date: /home/charbel/mpo500_ws/install/neo_relayboard_v2-2/share/neo_relayboard_v2-2/cmake/ament_cmake_export_dependencies-extras.cmake
-- Up-to-date: /home/charbel/mpo500_ws/install/neo_relayboard_v2-2/share/neo_relayboard_v2-2/cmake/ament_cmake_export_include_directories-extras.cmake
-- Up-to-date: /home/charbel/mpo500_ws/install/neo_relayboard_v2-2/share/neo_relayboard_v2-2/cmake/ament_cmake_export_libraries-extras.cmake
-- Up-to-date: /home/charbel/mpo500_ws/install/neo_relayboard_v2-2/share/neo_relayboard_v2-2/cmake/neo_relayboard_v2-2Config.cmake
-- Up-to-date: /home/charbel/mpo500_ws/install/neo_relayboard_v2-2/share/neo_relayboard_v2-2/cmake/neo_relayboard_v2-2Config-version.cmake
-- Up-to-date: /home/charbel/mpo500_ws/install/neo_relayboard_v2-2/share/neo_relayboard_v2-2/package.xml
