[0.020s] Invoking command in '/home/charbel/mpo500_ws/build/robot_controller': CMAKE_PREFIX_PATH=${CMAKE_PREFIX_PATH}:/opt/ros/humble /usr/bin/cmake --build /home/charbel/mpo500_ws/build/robot_controller -- -j16 -l16
[0.044s] [35m[1mConsolidate compiler generated dependencies of target robot_controller_node[0m
[0.059s] [100%] Built target robot_controller_node
[0.069s] Invoked command in '/home/charbel/mpo500_ws/build/robot_controller' returned '0': CMAKE_PREFIX_PATH=${CMAKE_PREFIX_PATH}:/opt/ros/humble /usr/bin/cmake --build /home/charbel/mpo500_ws/build/robot_controller -- -j16 -l16
[0.095s] Invoking command in '/home/charbel/mpo500_ws/build/robot_controller': CMAKE_PREFIX_PATH=${CMAKE_PREFIX_PATH}:/opt/ros/humble /usr/bin/cmake --install /home/charbel/mpo500_ws/build/robot_controller
[0.103s] -- Install configuration: ""
[0.103s] -- Up-to-date: /home/charbel/mpo500_ws/install/robot_controller/lib/robot_controller/robot_controller_node
[0.103s] -- Up-to-date: /home/charbel/mpo500_ws/install/robot_controller/share/robot_controller//launch
[0.103s] -- Up-to-date: /home/charbel/mpo500_ws/install/robot_controller/share/robot_controller//launch/robot_controller.launch.py
[0.103s] -- Up-to-date: /home/charbel/mpo500_ws/install/robot_controller/share/ament_index/resource_index/package_run_dependencies/robot_controller
[0.103s] -- Up-to-date: /home/charbel/mpo500_ws/install/robot_controller/share/ament_index/resource_index/parent_prefix_path/robot_controller
[0.103s] -- Up-to-date: /home/charbel/mpo500_ws/install/robot_controller/share/robot_controller/environment/ament_prefix_path.sh
[0.104s] -- Up-to-date: /home/charbel/mpo500_ws/install/robot_controller/share/robot_controller/environment/ament_prefix_path.dsv
[0.105s] -- Up-to-date: /home/charbel/mpo500_ws/install/robot_controller/share/robot_controller/environment/path.sh
[0.105s] -- Up-to-date: /home/charbel/mpo500_ws/install/robot_controller/share/robot_controller/environment/path.dsv
[0.105s] -- Up-to-date: /home/charbel/mpo500_ws/install/robot_controller/share/robot_controller/local_setup.bash
[0.105s] -- Up-to-date: /home/charbel/mpo500_ws/install/robot_controller/share/robot_controller/local_setup.sh
[0.105s] -- Up-to-date: /home/charbel/mpo500_ws/install/robot_controller/share/robot_controller/local_setup.zsh
[0.105s] -- Up-to-date: /home/charbel/mpo500_ws/install/robot_controller/share/robot_controller/local_setup.dsv
[0.105s] -- Installing: /home/charbel/mpo500_ws/install/robot_controller/share/robot_controller/package.dsv
[0.106s] -- Up-to-date: /home/charbel/mpo500_ws/install/robot_controller/share/ament_index/resource_index/packages/robot_controller
[0.106s] -- Up-to-date: /home/charbel/mpo500_ws/install/robot_controller/share/robot_controller/cmake/robot_controllerConfig.cmake
[0.106s] -- Up-to-date: /home/charbel/mpo500_ws/install/robot_controller/share/robot_controller/cmake/robot_controllerConfig-version.cmake
[0.106s] -- Up-to-date: /home/charbel/mpo500_ws/install/robot_controller/share/robot_controller/package.xml
[0.113s] Invoked command in '/home/charbel/mpo500_ws/build/robot_controller' returned '0': CMAKE_PREFIX_PATH=${CMAKE_PREFIX_PATH}:/opt/ros/humble /usr/bin/cmake --install /home/charbel/mpo500_ws/build/robot_controller
